[ 2016-08-11T16:38:50+08:00 ] 127.0.0.1 /
INFO: [ app_init ] --START--
INFO: Run Behavior\BuildLiteBehavior [ RunTime:0.000000s ]
INFO: [ app_init ] --END-- [ RunTime:0.001000s ]
INFO: [ app_begin ] --START--
INFO: Run Behavior\ReadHtmlCacheBehavior [ RunTime:0.001000s ]
INFO: Run Behavior\CheckLangBehavior [ RunTime:0.002000s ]
INFO: [ app_begin ] --END-- [ RunTime:0.003000s ]
NOTIC: [2048] Declaration of Admin\Controller\IndexController::index() should be compatible with Admin\Controller\BaseController::index($model = '') D:\wamp\www\hjyxlqlgm\web\App\Admin\Controller\IndexController.class.php 第 4 行.
INFO: [ action_begin ] --START--
NOTIC: [8] Undefined index: admin D:\wamp\www\hjyxlqlgm\web\App\Common\Behavior\AccessBehavior.class.php 第 13 行.
NOTIC: [8192] mysql_connect(): The mysql extension is deprecated and will be removed in the future: use mysqli or PDO instead D:\wamp\www\hjyxlqlgm\web\Core\Library\Think\Db\Driver\Mysql.class.php 第 52 行.
NOTIC: [2] mysql_connect(): Access denied for user 'game_user'@'localhost' (using password: YES) D:\wamp\www\hjyxlqlgm\web\Core\Library\Think\Db\Driver\Mysql.class.php 第 52 行.
ERR: Access denied for user 'game_user'@'localhost' (using password: YES)

[ 2016-08-11T16:40:56+08:00 ] 127.0.0.1 /
INFO: [ app_init ] --START--
INFO: Run Behavior\BuildLiteBehavior [ RunTime:0.000000s ]
INFO: [ app_init ] --END-- [ RunTime:0.000000s ]
INFO: [ app_begin ] --START--
INFO: Run Behavior\ReadHtmlCacheBehavior [ RunTime:0.001000s ]
INFO: Run Behavior\CheckLangBehavior [ RunTime:0.001000s ]
INFO: [ app_begin ] --END-- [ RunTime:0.002000s ]
NOTIC: [2048] Declaration of Admin\Controller\IndexController::index() should be compatible with Admin\Controller\BaseController::index($model = '') D:\wamp\www\hjyxlqlgm\web\App\Admin\Controller\IndexController.class.php 第 4 行.
INFO: [ action_begin ] --START--
NOTIC: [8] Undefined index: admin D:\wamp\www\hjyxlqlgm\web\App\Common\Behavior\AccessBehavior.class.php 第 13 行.
NOTIC: [8192] mysql_connect(): The mysql extension is deprecated and will be removed in the future: use mysqli or PDO instead D:\wamp\www\hjyxlqlgm\web\Core\Library\Think\Db\Driver\Mysql.class.php 第 52 行.
SQL: SHOW COLUMNS FROM `admin_access_log` [ RunTime:0.003001s ]
SQL: INSERT INTO `admin_access_log` (`username`,`module`,`controller`,`action`,`act_time`,`ip`,`params`) VALUES (null,'Admin','Index','index',1470904856,'127.0.0.1','[]') [ RunTime:0.009000s ]
ERR: 1048:Column 'username' cannot be null
 [ SQL语句 ] : INSERT INTO `admin_access_log` (`username`,`module`,`controller`,`action`,`act_time`,`ip`,`params`) VALUES (null,'Admin','Index','index',1470904856,'127.0.0.1','[]')
INFO: Run Common\Behavior\AccessBehavior [ RunTime:0.020001s ]
INFO: [ action_begin ] --END-- [ RunTime:0.021001s ]

[ 2016-08-11T16:40:56+08:00 ] 127.0.0.1 /index.php?m=&c=Login&a=index
INFO: [ app_init ] --START--
INFO: Run Behavior\BuildLiteBehavior [ RunTime:0.000000s ]
INFO: [ app_init ] --END-- [ RunTime:0.001000s ]
INFO: [ app_begin ] --START--
INFO: Run Behavior\ReadHtmlCacheBehavior [ RunTime:0.001000s ]
INFO: Run Behavior\CheckLangBehavior [ RunTime:0.003000s ]
INFO: [ app_begin ] --END-- [ RunTime:0.004000s ]
INFO: [ action_begin ] --START--
NOTIC: [8] Undefined index: admin D:\wamp\www\hjyxlqlgm\web\App\Common\Behavior\AccessBehavior.class.php 第 13 行.
NOTIC: [8192] mysql_connect(): The mysql extension is deprecated and will be removed in the future: use mysqli or PDO instead D:\wamp\www\hjyxlqlgm\web\Core\Library\Think\Db\Driver\Mysql.class.php 第 52 行.
SQL: SHOW COLUMNS FROM `admin_access_log` [ RunTime:0.004001s ]
SQL: INSERT INTO `admin_access_log` (`username`,`module`,`controller`,`action`,`act_time`,`ip`,`params`) VALUES (null,'Admin','Login','index',1470904856,'127.0.0.1','[]') [ RunTime:0.000000s ]
ERR: 1048:Column 'username' cannot be null
 [ SQL语句 ] : INSERT INTO `admin_access_log` (`username`,`module`,`controller`,`action`,`act_time`,`ip`,`params`) VALUES (null,'Admin','Login','index',1470904856,'127.0.0.1','[]')
INFO: Run Common\Behavior\AccessBehavior [ RunTime:0.032002s ]
INFO: [ action_begin ] --END-- [ RunTime:0.032002s ]
INFO: [ view_parse ] --START--
INFO: [ template_filter ] --START--
INFO: Run Behavior\ContentReplaceBehavior [ RunTime:0.000000s ]
INFO: [ template_filter ] --END-- [ RunTime:0.000000s ]
INFO: Run Behavior\ParseTemplateBehavior [ RunTime:0.021001s ]
INFO: [ view_parse ] --END-- [ RunTime:0.021001s ]
INFO: [ view_filter ] --START--
INFO: Run Behavior\WriteHtmlCacheBehavior [ RunTime:0.004000s ]
INFO: [ view_filter ] --END-- [ RunTime:0.004000s ]
INFO: [ app_end ] --START--
INFO: Run Behavior\ShowPageTraceBehavior [ RunTime:0.008001s ]
INFO: [ app_end ] --END-- [ RunTime:0.008001s ]

[ 2016-08-11T16:40:56+08:00 ] 127.0.0.1 /index.php?m=&c=Public&a=verify_code&t=1470904856
INFO: [ app_init ] --START--
INFO: Run Behavior\BuildLiteBehavior [ RunTime:0.000000s ]
INFO: [ app_init ] --END-- [ RunTime:0.000000s ]
INFO: [ app_begin ] --START--
INFO: Run Behavior\ReadHtmlCacheBehavior [ RunTime:0.000000s ]
INFO: Run Behavior\CheckLangBehavior [ RunTime:0.002000s ]
INFO: [ app_begin ] --END-- [ RunTime:0.003000s ]
INFO: [ action_begin ] --START--
NOTIC: [8] Undefined index: admin D:\wamp\www\hjyxlqlgm\web\App\Common\Behavior\AccessBehavior.class.php 第 13 行.
NOTIC: [8192] mysql_connect(): The mysql extension is deprecated and will be removed in the future: use mysqli or PDO instead D:\wamp\www\hjyxlqlgm\web\Core\Library\Think\Db\Driver\Mysql.class.php 第 52 行.
SQL: SHOW COLUMNS FROM `admin_access_log` [ RunTime:0.003001s ]
SQL: INSERT INTO `admin_access_log` (`username`,`module`,`controller`,`action`,`act_time`,`ip`,`params`) VALUES (null,'Admin','Public','verify_code',1470904856,'127.0.0.1','{\"t\":\"1470904856\"}') [ RunTime:0.000000s ]
ERR: 1048:Column 'username' cannot be null
 [ SQL语句 ] : INSERT INTO `admin_access_log` (`username`,`module`,`controller`,`action`,`act_time`,`ip`,`params`) VALUES (null,'Admin','Public','verify_code',1470904856,'127.0.0.1','{\"t\":\"1470904856\"}')
INFO: Run Common\Behavior\AccessBehavior [ RunTime:0.019002s ]
INFO: [ action_begin ] --END-- [ RunTime:0.020002s ]
INFO: [ app_end ] --START--
INFO: Run Behavior\ShowPageTraceBehavior [ RunTime:0.001000s ]
INFO: [ app_end ] --END-- [ RunTime:0.001000s ]

[ 2016-08-11T16:41:03+08:00 ] 127.0.0.1 /index.php?m=&c=Login&a=dologin
INFO: [ app_init ] --START--
INFO: Run Behavior\BuildLiteBehavior [ RunTime:0.000000s ]
INFO: [ app_init ] --END-- [ RunTime:0.001001s ]
INFO: [ app_begin ] --START--
INFO: Run Behavior\ReadHtmlCacheBehavior [ RunTime:0.000000s ]
INFO: Run Behavior\CheckLangBehavior [ RunTime:0.002000s ]
INFO: [ app_begin ] --END-- [ RunTime:0.002000s ]
INFO: [ action_begin ] --START--
NOTIC: [8] Undefined index: admin D:\wamp\www\hjyxlqlgm\web\App\Common\Behavior\AccessBehavior.class.php 第 13 行.
NOTIC: [8192] mysql_connect(): The mysql extension is deprecated and will be removed in the future: use mysqli or PDO instead D:\wamp\www\hjyxlqlgm\web\Core\Library\Think\Db\Driver\Mysql.class.php 第 52 行.
SQL: SHOW COLUMNS FROM `admin_access_log` [ RunTime:0.002000s ]
SQL: INSERT INTO `admin_access_log` (`username`,`module`,`controller`,`action`,`act_time`,`ip`,`params`) VALUES (null,'Admin','Login','dologin',1470904863,'127.0.0.1','{\"username\":\"admin\",\"password\":\"admin123\",\"verify\":\"8001\"}') [ RunTime:0.001000s ]
ERR: 1048:Column 'username' cannot be null
 [ SQL语句 ] : INSERT INTO `admin_access_log` (`username`,`module`,`controller`,`action`,`act_time`,`ip`,`params`) VALUES (null,'Admin','Login','dologin',1470904863,'127.0.0.1','{\"username\":\"admin\",\"password\":\"admin123\",\"verify\":\"8001\"}')
INFO: Run Common\Behavior\AccessBehavior [ RunTime:0.011000s ]
INFO: [ action_begin ] --END-- [ RunTime:0.011000s ]
SQL: SHOW COLUMNS FROM `admin` [ RunTime:0.003001s ]
SQL: SELECT * FROM `admin` WHERE ( `username` = 'admin' ) AND ( `status` = 1 ) LIMIT 1   [ RunTime:0.000000s ]
SQL: UPDATE `admin` SET `last_time`=1470904863,`last_ip`='127.0.0.1',`login_count`=login_count+1 WHERE ( `id` = 1 ) [ RunTime:0.223012s ]

[ 2016-08-11T16:41:03+08:00 ] 127.0.0.1 /index.php?m=&c=Index&a=index
INFO: [ app_init ] --START--
INFO: Run Behavior\BuildLiteBehavior [ RunTime:0.000000s ]
INFO: [ app_init ] --END-- [ RunTime:0.000000s ]
INFO: [ app_begin ] --START--
INFO: Run Behavior\ReadHtmlCacheBehavior [ RunTime:0.001000s ]
INFO: Run Behavior\CheckLangBehavior [ RunTime:0.002000s ]
INFO: [ app_begin ] --END-- [ RunTime:0.003000s ]
NOTIC: [2048] Declaration of Admin\Controller\IndexController::index() should be compatible with Admin\Controller\BaseController::index($model = '') D:\wamp\www\hjyxlqlgm\web\App\Admin\Controller\IndexController.class.php 第 4 行.
INFO: [ action_begin ] --START--
NOTIC: [8192] mysql_connect(): The mysql extension is deprecated and will be removed in the future: use mysqli or PDO instead D:\wamp\www\hjyxlqlgm\web\Core\Library\Think\Db\Driver\Mysql.class.php 第 52 行.
SQL: SHOW COLUMNS FROM `admin_access_log` [ RunTime:0.003000s ]
SQL: INSERT INTO `admin_access_log` (`username`,`module`,`controller`,`action`,`act_time`,`ip`,`params`) VALUES ('admin','Admin','Index','index',1470904863,'127.0.0.1','[]') [ RunTime:0.021001s ]
INFO: Run Common\Behavior\AccessBehavior [ RunTime:0.042002s ]
INFO: [ action_begin ] --END-- [ RunTime:0.043002s ]
SQL: SHOW COLUMNS FROM `menu` [ RunTime:0.003000s ]
SQL: SHOW COLUMNS FROM `menu` [ RunTime:0.003000s ]
SQL: SELECT * FROM `menu` WHERE ( `iframe` <> 1 ) AND (  ( `pid` = 0 ) ) AND ( `display` = 1 ) ORDER BY ordid  [ RunTime:0.021002s ]
SQL: SHOW COLUMNS FROM `admin_auth` [ RunTime:0.004000s ]
SQL: SELECT * FROM `admin_auth` WHERE ( role_id=1 )  [ RunTime:0.001000s ]
NOTIC: [8] Undefined index: role_name D:\wamp\www\hjyxlqlgm\web\App\Admin\Controller\IndexController.class.php 第 13 行.
INFO: [ view_parse ] --START--
INFO: [ template_filter ] --START--
INFO: Run Behavior\ContentReplaceBehavior [ RunTime:0.000000s ]
INFO: [ template_filter ] --END-- [ RunTime:0.000000s ]
INFO: Run Behavior\ParseTemplateBehavior [ RunTime:0.011001s ]
INFO: [ view_parse ] --END-- [ RunTime:0.011001s ]
INFO: [ view_filter ] --START--
INFO: Run Behavior\WriteHtmlCacheBehavior [ RunTime:0.000000s ]
INFO: [ view_filter ] --END-- [ RunTime:0.000000s ]
INFO: [ app_end ] --START--
INFO: Run Behavior\ShowPageTraceBehavior [ RunTime:0.000000s ]
INFO: [ app_end ] --END-- [ RunTime:0.000000s ]

[ 2016-08-11T16:41:04+08:00 ] 127.0.0.1 /index.php?m=&c=index&a=panel
INFO: [ app_init ] --START--
INFO: Run Behavior\BuildLiteBehavior [ RunTime:0.000000s ]
INFO: [ app_init ] --END-- [ RunTime:0.001000s ]
INFO: [ app_begin ] --START--
INFO: Run Behavior\ReadHtmlCacheBehavior [ RunTime:0.001000s ]
INFO: Run Behavior\CheckLangBehavior [ RunTime:0.002001s ]
INFO: [ app_begin ] --END-- [ RunTime:0.003001s ]
NOTIC: [2048] Declaration of Admin\Controller\IndexController::index() should be compatible with Admin\Controller\BaseController::index($model = '') D:\wamp\www\hjyxlqlgm\web\App\Admin\Controller\IndexController.class.php 第 4 行.
INFO: [ action_begin ] --START--
NOTIC: [8192] mysql_connect(): The mysql extension is deprecated and will be removed in the future: use mysqli or PDO instead D:\wamp\www\hjyxlqlgm\web\Core\Library\Think\Db\Driver\Mysql.class.php 第 52 行.
SQL: SHOW COLUMNS FROM `admin_access_log` [ RunTime:0.004000s ]
SQL: INSERT INTO `admin_access_log` (`username`,`module`,`controller`,`action`,`act_time`,`ip`,`params`) VALUES ('admin','Admin','Index','panel',1470904864,'127.0.0.1','[]') [ RunTime:0.001000s ]
INFO: Run Common\Behavior\AccessBehavior [ RunTime:0.015001s ]
INFO: [ action_begin ] --END-- [ RunTime:0.016001s ]
SQL: SHOW COLUMNS FROM `menu` [ RunTime:0.004000s ]
INFO: [ view_parse ] --START--
INFO: [ template_filter ] --START--
INFO: Run Behavior\ContentReplaceBehavior [ RunTime:0.000000s ]
INFO: [ template_filter ] --END-- [ RunTime:0.000000s ]
NOTIC: [8] Undefined variable: sub_menu D:\wamp\www\hjyxlqlgm\web\Cache\Cache\Admin\362c0c7a407ab260ee4d2bc810362462.php 第 25 行.
NOTIC: [8] Undefined variable: big_menu D:\wamp\www\hjyxlqlgm\web\Cache\Cache\Admin\362c0c7a407ab260ee4d2bc810362462.php 第 25 行.
INFO: Run Behavior\ParseTemplateBehavior [ RunTime:0.024001s ]
INFO: [ view_parse ] --END-- [ RunTime:0.024001s ]
INFO: [ view_filter ] --START--
INFO: Run Behavior\WriteHtmlCacheBehavior [ RunTime:0.001000s ]
INFO: [ view_filter ] --END-- [ RunTime:0.001000s ]
INFO: [ app_end ] --START--
INFO: Run Behavior\ShowPageTraceBehavior [ RunTime:0.001000s ]
INFO: [ app_end ] --END-- [ RunTime:0.001000s ]

[ 2016-08-11T16:41:04+08:00 ] 127.0.0.1 /index.php?m=&c=Index&a=left
INFO: [ app_init ] --START--
INFO: Run Behavior\BuildLiteBehavior [ RunTime:0.000000s ]
INFO: [ app_init ] --END-- [ RunTime:0.001000s ]
INFO: [ app_begin ] --START--
INFO: Run Behavior\ReadHtmlCacheBehavior [ RunTime:0.000000s ]
INFO: Run Behavior\CheckLangBehavior [ RunTime:0.002000s ]
INFO: [ app_begin ] --END-- [ RunTime:0.002000s ]
NOTIC: [2048] Declaration of Admin\Controller\IndexController::index() should be compatible with Admin\Controller\BaseController::index($model = '') D:\wamp\www\hjyxlqlgm\web\App\Admin\Controller\IndexController.class.php 第 4 行.
INFO: [ action_begin ] --START--
NOTIC: [8192] mysql_connect(): The mysql extension is deprecated and will be removed in the future: use mysqli or PDO instead D:\wamp\www\hjyxlqlgm\web\Core\Library\Think\Db\Driver\Mysql.class.php 第 52 行.
SQL: SHOW COLUMNS FROM `admin_access_log` [ RunTime:0.004000s ]
SQL: INSERT INTO `admin_access_log` (`username`,`module`,`controller`,`action`,`act_time`,`ip`,`params`) VALUES ('admin','Admin','Index','left',1470904864,'127.0.0.1','[]') [ RunTime:0.001000s ]
INFO: Run Common\Behavior\AccessBehavior [ RunTime:0.015001s ]
INFO: [ action_begin ] --END-- [ RunTime:0.015001s ]
SQL: SHOW COLUMNS FROM `menu` [ RunTime:0.004001s ]
SQL: SELECT * FROM `menu` WHERE ( `often` = 1 )  [ RunTime:0.001000s ]
INFO: [ view_parse ] --START--
INFO: [ template_filter ] --START--
INFO: Run Behavior\ContentReplaceBehavior [ RunTime:0.000000s ]
INFO: [ template_filter ] --END-- [ RunTime:0.000000s ]
NOTIC: [8] Undefined index: data D:\wamp\www\hjyxlqlgm\web\Cache\Cache\Admin\6a50c6d503dcfec33a87262cae7a0f6e.php 第 3 行.
INFO: Run Behavior\ParseTemplateBehavior [ RunTime:0.016001s ]
INFO: [ view_parse ] --END-- [ RunTime:0.016001s ]
INFO: [ view_filter ] --START--
INFO: Run Behavior\WriteHtmlCacheBehavior [ RunTime:0.001000s ]
INFO: [ view_filter ] --END-- [ RunTime:0.001000s ]
INFO: [ app_end ] --START--
INFO: Run Behavior\ShowPageTraceBehavior [ RunTime:0.001000s ]
INFO: [ app_end ] --END-- [ RunTime:0.001000s ]

[ 2016-08-11T16:41:06+08:00 ] 127.0.0.1 /index.php?m=&c=Index&a=left
INFO: [ app_init ] --START--
INFO: Run Behavior\BuildLiteBehavior [ RunTime:0.000000s ]
INFO: [ app_init ] --END-- [ RunTime:0.000000s ]
INFO: [ app_begin ] --START--
INFO: Run Behavior\ReadHtmlCacheBehavior [ RunTime:0.001000s ]
INFO: Run Behavior\CheckLangBehavior [ RunTime:0.001000s ]
INFO: [ app_begin ] --END-- [ RunTime:0.002000s ]
NOTIC: [2048] Declaration of Admin\Controller\IndexController::index() should be compatible with Admin\Controller\BaseController::index($model = '') D:\wamp\www\hjyxlqlgm\web\App\Admin\Controller\IndexController.class.php 第 4 行.
INFO: [ action_begin ] --START--
NOTIC: [8192] mysql_connect(): The mysql extension is deprecated and will be removed in the future: use mysqli or PDO instead D:\wamp\www\hjyxlqlgm\web\Core\Library\Think\Db\Driver\Mysql.class.php 第 52 行.
SQL: SHOW COLUMNS FROM `admin_access_log` [ RunTime:0.003000s ]
SQL: INSERT INTO `admin_access_log` (`username`,`module`,`controller`,`action`,`act_time`,`ip`,`params`) VALUES ('admin','Admin','Index','left',1470904866,'127.0.0.1','{\"menuid\":\"14\"}') [ RunTime:0.000000s ]
INFO: Run Common\Behavior\AccessBehavior [ RunTime:0.021001s ]
INFO: [ action_begin ] --END-- [ RunTime:0.021001s ]
SQL: SHOW COLUMNS FROM `menu` [ RunTime:0.003000s ]
SQL: SHOW COLUMNS FROM `menu` [ RunTime:0.003000s ]
SQL: SELECT * FROM `menu` WHERE ( `iframe` <> 1 ) AND (  ( `pid` = 14 ) ) AND ( `display` = 1 ) ORDER BY ordid  [ RunTime:0.001000s ]
SQL: SHOW COLUMNS FROM `admin_auth` [ RunTime:0.003000s ]
SQL: SELECT * FROM `admin_auth` WHERE ( role_id=1 )  [ RunTime:0.000000s ]
SQL: SELECT * FROM `menu` WHERE ( `iframe` = 1 ) AND (  ( `pid` = 14 ) ) AND ( `display` = 1 ) ORDER BY ordid  [ RunTime:0.001000s ]
SQL: SELECT * FROM `admin_auth` WHERE ( role_id=1 )  [ RunTime:0.000000s ]
SQL: SELECT * FROM `menu` WHERE ( `iframe` <> 1 ) AND (  ( `pid` = 14 ) ) AND ( `display` = 1 ) ORDER BY ordid  [ RunTime:0.000000s ]
SQL: SELECT * FROM `admin_auth` WHERE ( role_id=1 )  [ RunTime:0.000000s ]
SQL: SELECT * FROM `menu` WHERE ( `iframe` <> 1 ) AND (  ( `pid` = 15 ) ) AND ( `display` = 1 ) ORDER BY ordid  [ RunTime:0.001000s ]
SQL: SELECT * FROM `admin_auth` WHERE ( role_id=1 )  [ RunTime:0.000000s ]
SQL: SELECT * FROM `menu` WHERE ( `iframe` <> 1 ) AND (  ( `pid` = 21 ) ) AND ( `display` = 1 ) ORDER BY ordid  [ RunTime:0.000000s ]
SQL: SELECT * FROM `admin_auth` WHERE ( role_id=1 )  [ RunTime:0.000000s ]
SQL: SELECT * FROM `menu` WHERE ( `iframe` <> 1 ) AND (  ( `pid` = 23 ) ) AND ( `display` = 1 ) ORDER BY ordid  [ RunTime:0.000000s ]
SQL: SELECT * FROM `admin_auth` WHERE ( role_id=1 )  [ RunTime:0.000000s ]
SQL: SELECT * FROM `menu` WHERE ( `iframe` <> 1 ) AND (  ( `pid` = 26 ) ) AND ( `display` = 1 ) ORDER BY ordid  [ RunTime:0.001000s ]
SQL: SELECT * FROM `admin_auth` WHERE ( role_id=1 )  [ RunTime:0.000000s ]
SQL: SELECT * FROM `menu` WHERE ( `iframe` <> 1 ) AND (  ( `pid` = 30 ) ) AND ( `display` = 1 ) ORDER BY ordid  [ RunTime:0.000000s ]
SQL: SELECT * FROM `admin_auth` WHERE ( role_id=1 )  [ RunTime:0.000000s ]
SQL: SELECT * FROM `menu` WHERE ( `iframe` <> 1 ) AND (  ( `pid` = 34 ) ) AND ( `display` = 1 ) ORDER BY ordid  [ RunTime:0.000000s ]
SQL: SELECT * FROM `admin_auth` WHERE ( role_id=1 )  [ RunTime:0.000000s ]
SQL: SELECT * FROM `menu` WHERE ( `iframe` <> 1 ) AND (  ( `pid` = 39 ) ) AND ( `display` = 1 ) ORDER BY ordid  [ RunTime:0.001000s ]
SQL: SELECT * FROM `admin_auth` WHERE ( role_id=1 )  [ RunTime:0.000000s ]
INFO: [ view_parse ] --START--
INFO: [ template_filter ] --START--
INFO: Run Behavior\ContentReplaceBehavior [ RunTime:0.000000s ]
INFO: [ template_filter ] --END-- [ RunTime:0.000000s ]
INFO: Run Behavior\ParseTemplateBehavior [ RunTime:0.014000s ]
INFO: [ view_parse ] --END-- [ RunTime:0.014000s ]
INFO: [ view_filter ] --START--
INFO: Run Behavior\WriteHtmlCacheBehavior [ RunTime:0.001001s ]
INFO: [ view_filter ] --END-- [ RunTime:0.001001s ]
INFO: [ app_end ] --START--
INFO: Run Behavior\ShowPageTraceBehavior [ RunTime:0.001000s ]
INFO: [ app_end ] --END-- [ RunTime:0.001000s ]

[ 2016-08-11T16:42:44+08:00 ] 127.0.0.1 /index.php?m=&c=Index&a=cache
INFO: [ app_init ] --START--
INFO: Run Behavior\BuildLiteBehavior [ RunTime:0.000000s ]
INFO: [ app_init ] --END-- [ RunTime:0.001000s ]
INFO: [ app_begin ] --START--
INFO: Run Behavior\ReadHtmlCacheBehavior [ RunTime:0.001000s ]
INFO: Run Behavior\CheckLangBehavior [ RunTime:0.002000s ]
INFO: [ app_begin ] --END-- [ RunTime:0.004000s ]
NOTIC: [2048] Declaration of Admin\Controller\IndexController::index() should be compatible with Admin\Controller\BaseController::index($model = '') D:\wamp\www\hjyxlqlgm\web\App\Admin\Controller\IndexController.class.php 第 4 行.
INFO: [ action_begin ] --START--
NOTIC: [8192] mysql_connect(): The mysql extension is deprecated and will be removed in the future: use mysqli or PDO instead D:\wamp\www\hjyxlqlgm\web\Core\Library\Think\Db\Driver\Mysql.class.php 第 52 行.
SQL: SHOW COLUMNS FROM `admin_access_log` [ RunTime:0.003000s ]
SQL: INSERT INTO `admin_access_log` (`username`,`module`,`controller`,`action`,`act_time`,`ip`,`params`) VALUES ('admin','Admin','Index','cache',1470904962,'127.0.0.1','[]') [ RunTime:0.000000s ]
INFO: Run Common\Behavior\AccessBehavior [ RunTime:0.013001s ]
INFO: [ action_begin ] --END-- [ RunTime:0.013001s ]
SQL: SHOW COLUMNS FROM `menu` [ RunTime:0.004000s ]
NOTIC: [2] Illegal offset type D:\wamp\www\hjyxlqlgm\web\App\Admin\Common\function.php 第 134 行.
NOTIC: [2] Illegal offset type D:\wamp\www\hjyxlqlgm\web\App\Admin\Common\function.php 第 134 行.
NOTIC: [2] Illegal offset type D:\wamp\www\hjyxlqlgm\web\App\Admin\Common\function.php 第 134 行.

[ 2016-08-11T16:42:56+08:00 ] 127.0.0.1 /index.php?m=&c=Index&a=cache
INFO: [ app_init ] --START--
INFO: Run Behavior\BuildLiteBehavior [ RunTime:0.000000s ]
INFO: [ app_init ] --END-- [ RunTime:0.000000s ]
INFO: [ app_begin ] --START--
INFO: Run Behavior\ReadHtmlCacheBehavior [ RunTime:0.001000s ]
INFO: Run Behavior\CheckLangBehavior [ RunTime:0.002001s ]
INFO: [ app_begin ] --END-- [ RunTime:0.003001s ]
NOTIC: [2048] Declaration of Admin\Controller\IndexController::index() should be compatible with Admin\Controller\BaseController::index($model = '') D:\wamp\www\hjyxlqlgm\web\App\Admin\Controller\IndexController.class.php 第 4 行.
INFO: [ action_begin ] --START--
NOTIC: [8192] mysql_connect(): The mysql extension is deprecated and will be removed in the future: use mysqli or PDO instead D:\wamp\www\hjyxlqlgm\web\Core\Library\Think\Db\Driver\Mysql.class.php 第 52 行.
SQL: SHOW COLUMNS FROM `admin_access_log` [ RunTime:0.004000s ]
SQL: INSERT INTO `admin_access_log` (`username`,`module`,`controller`,`action`,`act_time`,`ip`,`params`) VALUES ('admin','Admin','Index','cache',1470904975,'127.0.0.1','[]') [ RunTime:0.001000s ]
INFO: Run Common\Behavior\AccessBehavior [ RunTime:0.023001s ]
INFO: [ action_begin ] --END-- [ RunTime:0.023001s ]
SQL: SHOW COLUMNS FROM `menu` [ RunTime:0.003000s ]
NOTIC: [2] Illegal offset type D:\wamp\www\hjyxlqlgm\web\App\Admin\Common\function.php 第 134 行.
NOTIC: [2] Illegal offset type D:\wamp\www\hjyxlqlgm\web\App\Admin\Common\function.php 第 134 行.
NOTIC: [2] Illegal offset type D:\wamp\www\hjyxlqlgm\web\App\Admin\Common\function.php 第 134 行.

[ 2016-08-11T16:43:08+08:00 ] 127.0.0.1 /index.php?m=&c=Index&a=cache
INFO: [ app_init ] --START--
INFO: Run Behavior\BuildLiteBehavior [ RunTime:0.000000s ]
INFO: [ app_init ] --END-- [ RunTime:0.000000s ]
INFO: [ app_begin ] --START--
INFO: Run Behavior\ReadHtmlCacheBehavior [ RunTime:0.001000s ]
INFO: Run Behavior\CheckLangBehavior [ RunTime:0.001000s ]
INFO: [ app_begin ] --END-- [ RunTime:0.002000s ]
NOTIC: [2048] Declaration of Admin\Controller\IndexController::index() should be compatible with Admin\Controller\BaseController::index($model = '') D:\wamp\www\hjyxlqlgm\web\App\Admin\Controller\IndexController.class.php 第 4 行.
INFO: [ action_begin ] --START--
NOTIC: [8192] mysql_connect(): The mysql extension is deprecated and will be removed in the future: use mysqli or PDO instead D:\wamp\www\hjyxlqlgm\web\Core\Library\Think\Db\Driver\Mysql.class.php 第 52 行.
SQL: SHOW COLUMNS FROM `admin_access_log` [ RunTime:0.004001s ]
SQL: INSERT INTO `admin_access_log` (`username`,`module`,`controller`,`action`,`act_time`,`ip`,`params`) VALUES ('admin','Admin','Index','cache',1470904987,'127.0.0.1','[]') [ RunTime:0.000000s ]
INFO: Run Common\Behavior\AccessBehavior [ RunTime:0.021002s ]
INFO: [ action_begin ] --END-- [ RunTime:0.021002s ]
SQL: SHOW COLUMNS FROM `menu` [ RunTime:0.003000s ]
NOTIC: [2] Illegal offset type D:\wamp\www\hjyxlqlgm\web\App\Admin\Common\function.php 第 134 行.
NOTIC: [2] Illegal offset type D:\wamp\www\hjyxlqlgm\web\App\Admin\Common\function.php 第 134 行.
NOTIC: [2] Illegal offset type D:\wamp\www\hjyxlqlgm\web\App\Admin\Common\function.php 第 134 行.

[ 2016-08-11T16:44:24+08:00 ] 127.0.0.1 /index.php?m=&c=Index&a=cache
INFO: [ app_init ] --START--
INFO: Run Behavior\BuildLiteBehavior [ RunTime:0.000000s ]
INFO: [ app_init ] --END-- [ RunTime:0.001000s ]
INFO: [ app_begin ] --START--
INFO: Run Behavior\ReadHtmlCacheBehavior [ RunTime:0.000000s ]
INFO: Run Behavior\CheckLangBehavior [ RunTime:0.001000s ]
INFO: [ app_begin ] --END-- [ RunTime:0.002000s ]
NOTIC: [2048] Declaration of Admin\Controller\IndexController::index() should be compatible with Admin\Controller\BaseController::index($model = '') D:\wamp\www\hjyxlqlgm\web\App\Admin\Controller\IndexController.class.php 第 4 行.
INFO: [ action_begin ] --START--
NOTIC: [8192] mysql_connect(): The mysql extension is deprecated and will be removed in the future: use mysqli or PDO instead D:\wamp\www\hjyxlqlgm\web\Core\Library\Think\Db\Driver\Mysql.class.php 第 52 行.
SQL: SHOW COLUMNS FROM `admin_access_log` [ RunTime:0.003000s ]
SQL: INSERT INTO `admin_access_log` (`username`,`module`,`controller`,`action`,`act_time`,`ip`,`params`) VALUES ('admin','Admin','Index','cache',1470905062,'127.0.0.1','[]') [ RunTime:0.000000s ]
INFO: Run Common\Behavior\AccessBehavior [ RunTime:0.020001s ]
INFO: [ action_begin ] --END-- [ RunTime:0.021001s ]
SQL: SHOW COLUMNS FROM `menu` [ RunTime:0.003000s ]

[ 2016-08-11T16:45:58+08:00 ] 127.0.0.1 /index.php?m=&c=Index&a=cache
INFO: [ app_init ] --START--
INFO: Run Behavior\BuildLiteBehavior [ RunTime:0.000000s ]
INFO: [ app_init ] --END-- [ RunTime:0.000000s ]
INFO: [ app_begin ] --START--
INFO: Run Behavior\ReadHtmlCacheBehavior [ RunTime:0.001000s ]
INFO: Run Behavior\CheckLangBehavior [ RunTime:0.002000s ]
INFO: [ app_begin ] --END-- [ RunTime:0.003000s ]
NOTIC: [2048] Declaration of Admin\Controller\IndexController::index() should be compatible with Admin\Controller\BaseController::index($model = '') D:\wamp\www\hjyxlqlgm\web\App\Admin\Controller\IndexController.class.php 第 4 行.
INFO: [ action_begin ] --START--
NOTIC: [8192] mysql_connect(): The mysql extension is deprecated and will be removed in the future: use mysqli or PDO instead D:\wamp\www\hjyxlqlgm\web\Core\Library\Think\Db\Driver\Mysql.class.php 第 52 行.
SQL: SHOW COLUMNS FROM `admin_access_log` [ RunTime:0.003000s ]
SQL: INSERT INTO `admin_access_log` (`username`,`module`,`controller`,`action`,`act_time`,`ip`,`params`) VALUES ('admin','Admin','Index','cache',1470905156,'127.0.0.1','[]') [ RunTime:0.000000s ]
INFO: Run Common\Behavior\AccessBehavior [ RunTime:0.011001s ]
INFO: [ action_begin ] --END-- [ RunTime:0.011001s ]
SQL: SHOW COLUMNS FROM `menu` [ RunTime:0.003000s ]

[ 2016-08-11T16:46:55+08:00 ] 127.0.0.1 /index.php?m=&c=Index&a=cache
INFO: [ app_init ] --START--
INFO: Run Behavior\BuildLiteBehavior [ RunTime:0.000000s ]
INFO: [ app_init ] --END-- [ RunTime:0.001000s ]
INFO: [ app_begin ] --START--
INFO: Run Behavior\ReadHtmlCacheBehavior [ RunTime:0.001001s ]
INFO: Run Behavior\CheckLangBehavior [ RunTime:0.002000s ]
INFO: [ app_begin ] --END-- [ RunTime:0.004001s ]
NOTIC: [2048] Declaration of Admin\Controller\IndexController::index() should be compatible with Admin\Controller\BaseController::index($model = '') D:\wamp\www\hjyxlqlgm\web\App\Admin\Controller\IndexController.class.php 第 4 行.
INFO: [ action_begin ] --START--
NOTIC: [8192] mysql_connect(): The mysql extension is deprecated and will be removed in the future: use mysqli or PDO instead D:\wamp\www\hjyxlqlgm\web\Core\Library\Think\Db\Driver\Mysql.class.php 第 52 行.
SQL: SHOW COLUMNS FROM `admin_access_log` [ RunTime:0.003000s ]
SQL: INSERT INTO `admin_access_log` (`username`,`module`,`controller`,`action`,`act_time`,`ip`,`params`) VALUES ('admin','Admin','Index','cache',1470905213,'127.0.0.1','[]') [ RunTime:0.001001s ]
INFO: Run Common\Behavior\AccessBehavior [ RunTime:0.012001s ]
INFO: [ action_begin ] --END-- [ RunTime:0.012001s ]
SQL: SHOW COLUMNS FROM `menu` [ RunTime:0.003000s ]
NOTIC: [2] Illegal offset type D:\wamp\www\hjyxlqlgm\web\App\Admin\Common\function.php 第 126 行.
NOTIC: [2] Illegal offset type D:\wamp\www\hjyxlqlgm\web\App\Admin\Common\function.php 第 126 行.
NOTIC: [2] Illegal offset type D:\wamp\www\hjyxlqlgm\web\App\Admin\Common\function.php 第 126 行.
NOTIC: [2] Illegal offset type D:\wamp\www\hjyxlqlgm\web\App\Admin\Common\function.php 第 126 行.
NOTIC: [2] Illegal offset type D:\wamp\www\hjyxlqlgm\web\App\Admin\Common\function.php 第 126 行.
NOTIC: [2] Illegal offset type D:\wamp\www\hjyxlqlgm\web\App\Admin\Common\function.php 第 126 行.
NOTIC: [2] Illegal offset type D:\wamp\www\hjyxlqlgm\web\App\Admin\Common\function.php 第 126 行.
NOTIC: [2] Illegal offset type D:\wamp\www\hjyxlqlgm\web\App\Admin\Common\function.php 第 126 行.
NOTIC: [2] Illegal offset type D:\wamp\www\hjyxlqlgm\web\App\Admin\Common\function.php 第 126 行.
NOTIC: [2] Illegal offset type D:\wamp\www\hjyxlqlgm\web\App\Admin\Common\function.php 第 126 行.
NOTIC: [2] Illegal offset type D:\wamp\www\hjyxlqlgm\web\App\Admin\Common\function.php 第 126 行.
NOTIC: [2] Illegal offset type D:\wamp\www\hjyxlqlgm\web\App\Admin\Common\function.php 第 126 行.
NOTIC: [2] Illegal offset type D:\wamp\www\hjyxlqlgm\web\App\Admin\Common\function.php 第 126 行.
NOTIC: [2] Illegal offset type D:\wamp\www\hjyxlqlgm\web\App\Admin\Common\function.php 第 126 行.
NOTIC: [2] Illegal offset type D:\wamp\www\hjyxlqlgm\web\App\Admin\Common\function.php 第 126 行.
NOTIC: [2] Illegal offset type D:\wamp\www\hjyxlqlgm\web\App\Admin\Common\function.php 第 126 行.
NOTIC: [2] Illegal offset type D:\wamp\www\hjyxlqlgm\web\App\Admin\Common\function.php 第 126 行.
NOTIC: [2] Illegal offset type D:\wamp\www\hjyxlqlgm\web\App\Admin\Common\function.php 第 126 行.
NOTIC: [2] Illegal offset type D:\wamp\www\hjyxlqlgm\web\App\Admin\Common\function.php 第 126 行.
NOTIC: [2] Illegal offset type D:\wamp\www\hjyxlqlgm\web\App\Admin\Common\function.php 第 126 行.
NOTIC: [2] Illegal offset type D:\wamp\www\hjyxlqlgm\web\App\Admin\Common\function.php 第 126 行.
NOTIC: [2] Illegal offset type D:\wamp\www\hjyxlqlgm\web\App\Admin\Common\function.php 第 126 行.
NOTIC: [2] Illegal offset type D:\wamp\www\hjyxlqlgm\web\App\Admin\Common\function.php 第 126 行.
NOTIC: [2] Illegal offset type D:\wamp\www\hjyxlqlgm\web\App\Admin\Common\function.php 第 126 行.
NOTIC: [2] Illegal offset type D:\wamp\www\hjyxlqlgm\web\App\Admin\Common\function.php 第 126 行.
NOTIC: [2] Illegal offset type D:\wamp\www\hjyxlqlgm\web\App\Admin\Common\function.php 第 126 行.
NOTIC: [2] Illegal offset type D:\wamp\www\hjyxlqlgm\web\App\Admin\Common\function.php 第 126 行.
NOTIC: [2] Illegal offset type D:\wamp\www\hjyxlqlgm\web\App\Admin\Common\function.php 第 126 行.
NOTIC: [2] Illegal offset type D:\wamp\www\hjyxlqlgm\web\App\Admin\Common\function.php 第 126 行.
NOTIC: [2] Illegal offset type D:\wamp\www\hjyxlqlgm\web\App\Admin\Common\function.php 第 126 行.
NOTIC: [2] Illegal offset type D:\wamp\www\hjyxlqlgm\web\App\Admin\Common\function.php 第 126 行.
NOTIC: [2] Illegal offset type D:\wamp\www\hjyxlqlgm\web\App\Admin\Common\function.php 第 126 行.
NOTIC: [2] Illegal offset type D:\wamp\www\hjyxlqlgm\web\App\Admin\Common\function.php 第 126 行.
NOTIC: [2] Illegal offset type D:\wamp\www\hjyxlqlgm\web\App\Admin\Common\function.php 第 126 行.
NOTIC: [2] Illegal offset type D:\wamp\www\hjyxlqlgm\web\App\Admin\Common\function.php 第 126 行.
NOTIC: [2] Illegal offset type D:\wamp\www\hjyxlqlgm\web\App\Admin\Common\function.php 第 126 行.
NOTIC: [2] Illegal offset type D:\wamp\www\hjyxlqlgm\web\App\Admin\Common\function.php 第 126 行.
NOTIC: [2] Illegal offset type D:\wamp\www\hjyxlqlgm\web\App\Admin\Common\function.php 第 126 行.
NOTIC: [2] Illegal offset type D:\wamp\www\hjyxlqlgm\web\App\Admin\Common\function.php 第 126 行.
NOTIC: [2] Illegal offset type D:\wamp\www\hjyxlqlgm\web\App\Admin\Common\function.php 第 126 行.
NOTIC: [2] Illegal offset type D:\wamp\www\hjyxlqlgm\web\App\Admin\Common\function.php 第 126 行.
NOTIC: [2] Illegal offset type D:\wamp\www\hjyxlqlgm\web\App\Admin\Common\function.php 第 126 行.
NOTIC: [2] Illegal offset type D:\wamp\www\hjyxlqlgm\web\App\Admin\Common\function.php 第 126 行.
NOTIC: [2] Illegal offset type D:\wamp\www\hjyxlqlgm\web\App\Admin\Common\function.php 第 126 行.
NOTIC: [2] Illegal offset type D:\wamp\www\hjyxlqlgm\web\App\Admin\Common\function.php 第 126 行.
NOTIC: [2] Illegal offset type D:\wamp\www\hjyxlqlgm\web\App\Admin\Common\function.php 第 126 行.
NOTIC: [2] Illegal offset type D:\wamp\www\hjyxlqlgm\web\App\Admin\Common\function.php 第 126 行.
NOTIC: [2] Illegal offset type D:\wamp\www\hjyxlqlgm\web\App\Admin\Common\function.php 第 126 行.
NOTIC: [2] Illegal offset type D:\wamp\www\hjyxlqlgm\web\App\Admin\Common\function.php 第 126 行.
NOTIC: [2] Illegal offset type D:\wamp\www\hjyxlqlgm\web\App\Admin\Common\function.php 第 126 行.
NOTIC: [2] Illegal offset type D:\wamp\www\hjyxlqlgm\web\App\Admin\Common\function.php 第 126 行.
NOTIC: [2] Illegal offset type D:\wamp\www\hjyxlqlgm\web\App\Admin\Common\function.php 第 126 行.
NOTIC: [2] Illegal offset type D:\wamp\www\hjyxlqlgm\web\App\Admin\Common\function.php 第 126 行.
NOTIC: [2] Illegal offset type D:\wamp\www\hjyxlqlgm\web\App\Admin\Common\function.php 第 126 行.
NOTIC: [2] Illegal offset type D:\wamp\www\hjyxlqlgm\web\App\Admin\Common\function.php 第 126 行.
NOTIC: [2] Illegal offset type D:\wamp\www\hjyxlqlgm\web\App\Admin\Common\function.php 第 126 行.
NOTIC: [2] Illegal offset type D:\wamp\www\hjyxlqlgm\web\App\Admin\Common\function.php 第 126 行.
NOTIC: [2] Illegal offset type D:\wamp\www\hjyxlqlgm\web\App\Admin\Common\function.php 第 126 行.
NOTIC: [2] Illegal offset type D:\wamp\www\hjyxlqlgm\web\App\Admin\Common\function.php 第 126 行.
NOTIC: [2] Illegal offset type D:\wamp\www\hjyxlqlgm\web\App\Admin\Common\function.php 第 126 行.
NOTIC: [2] Illegal offset type D:\wamp\www\hjyxlqlgm\web\App\Admin\Common\function.php 第 126 行.
NOTIC: [2] Illegal offset type D:\wamp\www\hjyxlqlgm\web\App\Admin\Common\function.php 第 126 行.
NOTIC: [2] Illegal offset type D:\wamp\www\hjyxlqlgm\web\App\Admin\Common\function.php 第 126 行.
NOTIC: [2] Illegal offset type D:\wamp\www\hjyxlqlgm\web\App\Admin\Common\function.php 第 126 行.
NOTIC: [2] Illegal offset type D:\wamp\www\hjyxlqlgm\web\App\Admin\Common\function.php 第 126 行.
NOTIC: [2] Illegal offset type D:\wamp\www\hjyxlqlgm\web\App\Admin\Common\function.php 第 126 行.
NOTIC: [2] Illegal offset type D:\wamp\www\hjyxlqlgm\web\App\Admin\Common\function.php 第 126 行.
NOTIC: [2] Illegal offset type D:\wamp\www\hjyxlqlgm\web\App\Admin\Common\function.php 第 126 行.
NOTIC: [2] Illegal offset type D:\wamp\www\hjyxlqlgm\web\App\Admin\Common\function.php 第 126 行.
NOTIC: [2] Illegal offset type D:\wamp\www\hjyxlqlgm\web\App\Admin\Common\function.php 第 126 行.
NOTIC: [2] Illegal offset type D:\wamp\www\hjyxlqlgm\web\App\Admin\Common\function.php 第 126 行.
NOTIC: [2] Illegal offset type D:\wamp\www\hjyxlqlgm\web\App\Admin\Common\function.php 第 126 行.
NOTIC: [2] Illegal offset type D:\wamp\www\hjyxlqlgm\web\App\Admin\Common\function.php 第 126 行.
NOTIC: [2] Illegal offset type D:\wamp\www\hjyxlqlgm\web\App\Admin\Common\function.php 第 126 行.
NOTIC: [2] Illegal offset type D:\wamp\www\hjyxlqlgm\web\App\Admin\Common\function.php 第 126 行.
NOTIC: [2] Illegal offset type D:\wamp\www\hjyxlqlgm\web\App\Admin\Common\function.php 第 126 行.
NOTIC: [2] Illegal offset type D:\wamp\www\hjyxlqlgm\web\App\Admin\Common\function.php 第 126 行.
NOTIC: [2] Illegal offset type D:\wamp\www\hjyxlqlgm\web\App\Admin\Common\function.php 第 126 行.
NOTIC: [2] Illegal offset type D:\wamp\www\hjyxlqlgm\web\App\Admin\Common\function.php 第 126 行.
NOTIC: [2] Illegal offset type D:\wamp\www\hjyxlqlgm\web\App\Admin\Common\function.php 第 126 行.
NOTIC: [2] Illegal offset type D:\wamp\www\hjyxlqlgm\web\App\Admin\Common\function.php 第 126 行.
NOTIC: [2] Illegal offset type D:\wamp\www\hjyxlqlgm\web\App\Admin\Common\function.php 第 126 行.
NOTIC: [2] Illegal offset type D:\wamp\www\hjyxlqlgm\web\App\Admin\Common\function.php 第 126 行.
NOTIC: [2] Illegal offset type D:\wamp\www\hjyxlqlgm\web\App\Admin\Common\function.php 第 126 行.
NOTIC: [2] Illegal offset type D:\wamp\www\hjyxlqlgm\web\App\Admin\Common\function.php 第 126 行.
NOTIC: [2] Illegal offset type D:\wamp\www\hjyxlqlgm\web\App\Admin\Common\function.php 第 126 行.
NOTIC: [2] Illegal offset type D:\wamp\www\hjyxlqlgm\web\App\Admin\Common\function.php 第 126 行.
NOTIC: [2] Illegal offset type D:\wamp\www\hjyxlqlgm\web\App\Admin\Common\function.php 第 126 行.
NOTIC: [2] Illegal offset type D:\wamp\www\hjyxlqlgm\web\App\Admin\Common\function.php 第 126 行.
NOTIC: [2] Illegal offset type D:\wamp\www\hjyxlqlgm\web\App\Admin\Common\function.php 第 126 行.
NOTIC: [2] Illegal offset type D:\wamp\www\hjyxlqlgm\web\App\Admin\Common\function.php 第 126 行.
NOTIC: [2] Illegal offset type D:\wamp\www\hjyxlqlgm\web\App\Admin\Common\function.php 第 126 行.
NOTIC: [2] Illegal offset type D:\wamp\www\hjyxlqlgm\web\App\Admin\Common\function.php 第 126 行.
NOTIC: [2] Illegal offset type D:\wamp\www\hjyxlqlgm\web\App\Admin\Common\function.php 第 126 行.
NOTIC: [2] Illegal offset type D:\wamp\www\hjyxlqlgm\web\App\Admin\Common\function.php 第 126 行.
NOTIC: [2] Illegal offset type D:\wamp\www\hjyxlqlgm\web\App\Admin\Common\function.php 第 126 行.
NOTIC: [2] Illegal offset type D:\wamp\www\hjyxlqlgm\web\App\Admin\Common\function.php 第 126 行.
NOTIC: [2] Illegal offset type D:\wamp\www\hjyxlqlgm\web\App\Admin\Common\function.php 第 126 行.
NOTIC: [2] Illegal offset type D:\wamp\www\hjyxlqlgm\web\App\Admin\Common\function.php 第 126 行.
NOTIC: [2] Illegal offset type D:\wamp\www\hjyxlqlgm\web\App\Admin\Common\function.php 第 126 行.
NOTIC: [2] Illegal offset type D:\wamp\www\hjyxlqlgm\web\App\Admin\Common\function.php 第 126 行.
NOTIC: [2] Illegal offset type D:\wamp\www\hjyxlqlgm\web\App\Admin\Common\function.php 第 126 行.
NOTIC: [2] Illegal offset type D:\wamp\www\hjyxlqlgm\web\App\Admin\Common\function.php 第 126 行.
NOTIC: [2] Illegal offset type D:\wamp\www\hjyxlqlgm\web\App\Admin\Common\function.php 第 126 行.
NOTIC: [2] Illegal offset type D:\wamp\www\hjyxlqlgm\web\App\Admin\Common\function.php 第 126 行.
NOTIC: [2] Illegal offset type D:\wamp\www\hjyxlqlgm\web\App\Admin\Common\function.php 第 126 行.
NOTIC: [2] Illegal offset type D:\wamp\www\hjyxlqlgm\web\App\Admin\Common\function.php 第 126 行.
NOTIC: [2] Illegal offset type D:\wamp\www\hjyxlqlgm\web\App\Admin\Common\function.php 第 126 行.
NOTIC: [2] Illegal offset type D:\wamp\www\hjyxlqlgm\web\App\Admin\Common\function.php 第 126 行.
NOTIC: [2] Illegal offset type D:\wamp\www\hjyxlqlgm\web\App\Admin\Common\function.php 第 126 行.
NOTIC: [2] Illegal offset type D:\wamp\www\hjyxlqlgm\web\App\Admin\Common\function.php 第 126 行.
NOTIC: [2] Illegal offset type D:\wamp\www\hjyxlqlgm\web\App\Admin\Common\function.php 第 126 行.
NOTIC: [2] Illegal offset type D:\wamp\www\hjyxlqlgm\web\App\Admin\Common\function.php 第 126 行.
NOTIC: [2] Illegal offset type D:\wamp\www\hjyxlqlgm\web\App\Admin\Common\function.php 第 126 行.
NOTIC: [2] Illegal offset type D:\wamp\www\hjyxlqlgm\web\App\Admin\Common\function.php 第 126 行.
NOTIC: [2] Illegal offset type D:\wamp\www\hjyxlqlgm\web\App\Admin\Common\function.php 第 126 行.
NOTIC: [2] Illegal offset type D:\wamp\www\hjyxlqlgm\web\App\Admin\Common\function.php 第 126 行.
NOTIC: [2] Illegal offset type D:\wamp\www\hjyxlqlgm\web\App\Admin\Common\function.php 第 126 行.
NOTIC: [2] Illegal offset type D:\wamp\www\hjyxlqlgm\web\App\Admin\Common\function.php 第 126 行.
NOTIC: [2] Illegal offset type D:\wamp\www\hjyxlqlgm\web\App\Admin\Common\function.php 第 126 行.
NOTIC: [2] Illegal offset type D:\wamp\www\hjyxlqlgm\web\App\Admin\Common\function.php 第 126 行.
NOTIC: [2] Illegal offset type D:\wamp\www\hjyxlqlgm\web\App\Admin\Common\function.php 第 126 行.
NOTIC: [2] Illegal offset type D:\wamp\www\hjyxlqlgm\web\App\Admin\Common\function.php 第 126 行.
NOTIC: [2] Illegal offset type D:\wamp\www\hjyxlqlgm\web\App\Admin\Common\function.php 第 126 行.
NOTIC: [2] Illegal offset type D:\wamp\www\hjyxlqlgm\web\App\Admin\Common\function.php 第 126 行.
NOTIC: [2] Illegal offset type D:\wamp\www\hjyxlqlgm\web\App\Admin\Common\function.php 第 126 行.
NOTIC: [2] Illegal offset type D:\wamp\www\hjyxlqlgm\web\App\Admin\Common\function.php 第 126 行.
NOTIC: [2] Illegal offset type D:\wamp\www\hjyxlqlgm\web\App\Admin\Common\function.php 第 126 行.
NOTIC: [2] Illegal offset type D:\wamp\www\hjyxlqlgm\web\App\Admin\Common\function.php 第 126 行.
NOTIC: [2] Illegal offset type D:\wamp\www\hjyxlqlgm\web\App\Admin\Common\function.php 第 126 行.
NOTIC: [2] Illegal offset type D:\wamp\www\hjyxlqlgm\web\App\Admin\Common\function.php 第 126 行.
NOTIC: [2] Illegal offset type D:\wamp\www\hjyxlqlgm\web\App\Admin\Common\function.php 第 126 行.
NOTIC: [2] Illegal offset type D:\wamp\www\hjyxlqlgm\web\App\Admin\Common\function.php 第 126 行.
NOTIC: [2] Illegal offset type D:\wamp\www\hjyxlqlgm\web\App\Admin\Common\function.php 第 126 行.
NOTIC: [2] Illegal offset type D:\wamp\www\hjyxlqlgm\web\App\Admin\Common\function.php 第 126 行.
NOTIC: [2] Illegal offset type D:\wamp\www\hjyxlqlgm\web\App\Admin\Common\function.php 第 126 行.
NOTIC: [2] Illegal offset type D:\wamp\www\hjyxlqlgm\web\App\Admin\Common\function.php 第 126 行.
NOTIC: [2] Illegal offset type D:\wamp\www\hjyxlqlgm\web\App\Admin\Common\function.php 第 126 行.
NOTIC: [2] Illegal offset type D:\wamp\www\hjyxlqlgm\web\App\Admin\Common\function.php 第 126 行.
NOTIC: [2] Illegal offset type D:\wamp\www\hjyxlqlgm\web\App\Admin\Common\function.php 第 126 行.
NOTIC: [2] Illegal offset type D:\wamp\www\hjyxlqlgm\web\App\Admin\Common\function.php 第 126 行.
NOTIC: [2] Illegal offset type D:\wamp\www\hjyxlqlgm\web\App\Admin\Common\function.php 第 126 行.
SQL: SHOW COLUMNS FROM `menu` [ RunTime:0.003000s ]
SQL: SELECT * FROM `menu` ORDER BY id asc  [ RunTime:0.001000s ]
SQL: UPDATE `menu` SET `level`=0 WHERE ( id=1 ) [ RunTime:0.000000s ]
SQL: SELECT `level` FROM `menu` WHERE ( id=1 ) LIMIT 1   [ RunTime:0.000000s ]
SQL: UPDATE `menu` SET `level`=1 WHERE ( id=2 ) [ RunTime:0.000000s ]
SQL: SELECT `level` FROM `menu` WHERE ( id=2 ) LIMIT 1   [ RunTime:0.000000s ]
SQL: UPDATE `menu` SET `level`=2 WHERE ( id=3 ) [ RunTime:0.000000s ]
SQL: SELECT `level` FROM `menu` WHERE ( id=3 ) LIMIT 1   [ RunTime:0.000000s ]
SQL: UPDATE `menu` SET `level`=3 WHERE ( id=4 ) [ RunTime:0.000000s ]
SQL: SELECT `level` FROM `menu` WHERE ( id=3 ) LIMIT 1   [ RunTime:0.000000s ]
SQL: UPDATE `menu` SET `level`=3 WHERE ( id=5 ) [ RunTime:0.000000s ]
SQL: SELECT `level` FROM `menu` WHERE ( id=3 ) LIMIT 1   [ RunTime:0.000000s ]
SQL: UPDATE `menu` SET `level`=3 WHERE ( id=6 ) [ RunTime:0.000000s ]
SQL: SELECT `level` FROM `menu` WHERE ( id=1 ) LIMIT 1   [ RunTime:0.000000s ]
SQL: UPDATE `menu` SET `level`=1 WHERE ( id=7 ) [ RunTime:0.000000s ]
SQL: SELECT `level` FROM `menu` WHERE ( id=7 ) LIMIT 1   [ RunTime:0.000000s ]
SQL: UPDATE `menu` SET `level`=2 WHERE ( id=8 ) [ RunTime:0.000000s ]
SQL: SELECT `level` FROM `menu` WHERE ( id=8 ) LIMIT 1   [ RunTime:0.001000s ]
SQL: UPDATE `menu` SET `level`=3 WHERE ( id=9 ) [ RunTime:0.000000s ]
SQL: SELECT `level` FROM `menu` WHERE ( id=8 ) LIMIT 1   [ RunTime:0.001000s ]
SQL: UPDATE `menu` SET `level`=3 WHERE ( id=10 ) [ RunTime:0.000000s ]
SQL: SELECT `level` FROM `menu` WHERE ( id=8 ) LIMIT 1   [ RunTime:0.000000s ]
SQL: UPDATE `menu` SET `level`=3 WHERE ( id=11 ) [ RunTime:0.000000s ]
SQL: SELECT `level` FROM `menu` WHERE ( id=7 ) LIMIT 1   [ RunTime:0.001000s ]
SQL: UPDATE `menu` SET `level`=2 WHERE ( id=12 ) [ RunTime:0.000000s ]
SQL: SELECT `level` FROM `menu` WHERE ( id=12 ) LIMIT 1   [ RunTime:0.001000s ]
SQL: UPDATE `menu` SET `level`=3 WHERE ( id=13 ) [ RunTime:0.000000s ]
SQL: UPDATE `menu` SET `level`=0 WHERE ( id=14 ) [ RunTime:0.001000s ]
SQL: SELECT `level` FROM `menu` WHERE ( id=14 ) LIMIT 1   [ RunTime:0.000000s ]
SQL: UPDATE `menu` SET `level`=1 WHERE ( id=15 ) [ RunTime:0.001000s ]
SQL: SELECT `level` FROM `menu` WHERE ( id=15 ) LIMIT 1   [ RunTime:0.000000s ]
SQL: UPDATE `menu` SET `level`=2 WHERE ( id=16 ) [ RunTime:0.000000s ]
SQL: SELECT `level` FROM `menu` WHERE ( id=15 ) LIMIT 1   [ RunTime:0.000000s ]
SQL: UPDATE `menu` SET `level`=2 WHERE ( id=17 ) [ RunTime:0.000000s ]
SQL: SELECT `level` FROM `menu` WHERE ( id=15 ) LIMIT 1   [ RunTime:0.000000s ]
SQL: UPDATE `menu` SET `level`=2 WHERE ( id=18 ) [ RunTime:0.000000s ]
SQL: SELECT `level` FROM `menu` WHERE ( id=15 ) LIMIT 1   [ RunTime:0.000000s ]
SQL: UPDATE `menu` SET `level`=2 WHERE ( id=19 ) [ RunTime:0.000000s ]
SQL: SELECT `level` FROM `menu` WHERE ( id=15 ) LIMIT 1   [ RunTime:0.000000s ]
SQL: UPDATE `menu` SET `level`=2 WHERE ( id=20 ) [ RunTime:0.000000s ]
SQL: SELECT `level` FROM `menu` WHERE ( id=14 ) LIMIT 1   [ RunTime:0.000000s ]
SQL: UPDATE `menu` SET `level`=1 WHERE ( id=21 ) [ RunTime:0.000000s ]
SQL: SELECT `level` FROM `menu` WHERE ( id=21 ) LIMIT 1   [ RunTime:0.001000s ]
SQL: UPDATE `menu` SET `level`=2 WHERE ( id=22 ) [ RunTime:0.000000s ]
SQL: SELECT `level` FROM `menu` WHERE ( id=14 ) LIMIT 1   [ RunTime:0.001001s ]
SQL: UPDATE `menu` SET `level`=1 WHERE ( id=23 ) [ RunTime:0.000000s ]
SQL: SELECT `level` FROM `menu` WHERE ( id=23 ) LIMIT 1   [ RunTime:0.000000s ]
SQL: UPDATE `menu` SET `level`=2 WHERE ( id=24 ) [ RunTime:0.000000s ]
SQL: SELECT `level` FROM `menu` WHERE ( id=23 ) LIMIT 1   [ RunTime:0.000000s ]
SQL: UPDATE `menu` SET `level`=2 WHERE ( id=25 ) [ RunTime:0.000000s ]
SQL: SELECT `level` FROM `menu` WHERE ( id=14 ) LIMIT 1   [ RunTime:0.000000s ]
SQL: UPDATE `menu` SET `level`=1 WHERE ( id=26 ) [ RunTime:0.000000s ]
SQL: SELECT `level` FROM `menu` WHERE ( id=26 ) LIMIT 1   [ RunTime:0.000000s ]
SQL: UPDATE `menu` SET `level`=2 WHERE ( id=27 ) [ RunTime:0.000000s ]
SQL: SELECT `level` FROM `menu` WHERE ( id=26 ) LIMIT 1   [ RunTime:0.000000s ]
SQL: UPDATE `menu` SET `level`=2 WHERE ( id=28 ) [ RunTime:0.001000s ]
SQL: SELECT `level` FROM `menu` WHERE ( id=26 ) LIMIT 1   [ RunTime:0.000000s ]
SQL: UPDATE `menu` SET `level`=2 WHERE ( id=29 ) [ RunTime:0.001000s ]
SQL: SELECT `level` FROM `menu` WHERE ( id=14 ) LIMIT 1   [ RunTime:0.000000s ]
SQL: UPDATE `menu` SET `level`=1 WHERE ( id=30 ) [ RunTime:0.000000s ]
SQL: SELECT `level` FROM `menu` WHERE ( id=30 ) LIMIT 1   [ RunTime:0.000000s ]
SQL: UPDATE `menu` SET `level`=2 WHERE ( id=31 ) [ RunTime:0.000000s ]
SQL: SELECT `level` FROM `menu` WHERE ( id=30 ) LIMIT 1   [ RunTime:0.000000s ]
SQL: UPDATE `menu` SET `level`=2 WHERE ( id=32 ) [ RunTime:0.000000s ]
SQL: SELECT `level` FROM `menu` WHERE ( id=30 ) LIMIT 1   [ RunTime:0.000000s ]
SQL: UPDATE `menu` SET `level`=2 WHERE ( id=33 ) [ RunTime:0.001000s ]
SQL: SELECT `level` FROM `menu` WHERE ( id=14 ) LIMIT 1   [ RunTime:0.000000s ]
SQL: UPDATE `menu` SET `level`=1 WHERE ( id=34 ) [ RunTime:0.001000s ]
SQL: SELECT `level` FROM `menu` WHERE ( id=34 ) LIMIT 1   [ RunTime:0.000000s ]
SQL: UPDATE `menu` SET `level`=2 WHERE ( id=35 ) [ RunTime:0.000000s ]
SQL: SELECT `level` FROM `menu` WHERE ( id=34 ) LIMIT 1   [ RunTime:0.001000s ]
SQL: UPDATE `menu` SET `level`=2 WHERE ( id=36 ) [ RunTime:0.000000s ]
SQL: SELECT `level` FROM `menu` WHERE ( id=34 ) LIMIT 1   [ RunTime:0.001000s ]
SQL: UPDATE `menu` SET `level`=2 WHERE ( id=37 ) [ RunTime:0.000000s ]
SQL: SELECT `level` FROM `menu` WHERE ( id=34 ) LIMIT 1   [ RunTime:0.000000s ]
SQL: UPDATE `menu` SET `level`=2 WHERE ( id=38 ) [ RunTime:0.000000s ]
SQL: SELECT `level` FROM `menu` WHERE ( id=14 ) LIMIT 1   [ RunTime:0.000000s ]
SQL: UPDATE `menu` SET `level`=1 WHERE ( id=39 ) [ RunTime:0.000000s ]
SQL: SELECT `level` FROM `menu` WHERE ( id=39 ) LIMIT 1   [ RunTime:0.000000s ]
SQL: UPDATE `menu` SET `level`=2 WHERE ( id=40 ) [ RunTime:0.000000s ]
SQL: SELECT `level` FROM `menu` WHERE ( id=39 ) LIMIT 1   [ RunTime:0.000000s ]
SQL: UPDATE `menu` SET `level`=2 WHERE ( id=41 ) [ RunTime:0.000000s ]
SQL: SELECT `level` FROM `menu` WHERE ( id=39 ) LIMIT 1   [ RunTime:0.000000s ]
SQL: UPDATE `menu` SET `level`=2 WHERE ( id=42 ) [ RunTime:0.000000s ]
SQL: SELECT `level` FROM `menu` WHERE ( id=1 ) LIMIT 1   [ RunTime:0.000000s ]
SQL: UPDATE `menu` SET `level`=1 WHERE ( id=43 ) [ RunTime:0.000000s ]
SQL: SELECT `level` FROM `menu` WHERE ( id=43 ) LIMIT 1   [ RunTime:0.000000s ]
SQL: UPDATE `menu` SET `level`=2 WHERE ( id=44 ) [ RunTime:0.000000s ]
SQL: SELECT `level` FROM `menu` WHERE ( id=44 ) LIMIT 1   [ RunTime:0.000000s ]
SQL: UPDATE `menu` SET `level`=3 WHERE ( id=45 ) [ RunTime:0.000000s ]
SQL: SELECT `level` FROM `menu` WHERE ( id=21 ) LIMIT 1   [ RunTime:0.000000s ]
SQL: UPDATE `menu` SET `level`=2 WHERE ( id=46 ) [ RunTime:0.000000s ]
SQL: SELECT `level` FROM `menu` WHERE ( id=23 ) LIMIT 1   [ RunTime:0.000000s ]
SQL: UPDATE `menu` SET `level`=2 WHERE ( id=47 ) [ RunTime:0.000000s ]
SQL: SELECT `level` FROM `menu` WHERE ( id=23 ) LIMIT 1   [ RunTime:0.000000s ]
SQL: UPDATE `menu` SET `level`=2 WHERE ( id=48 ) [ RunTime:0.000000s ]
SQL: SELECT `level` FROM `menu` WHERE ( id=21 ) LIMIT 1   [ RunTime:0.000000s ]
SQL: UPDATE `menu` SET `level`=2 WHERE ( id=49 ) [ RunTime:0.001000s ]

[ 2016-08-11T16:46:59+08:00 ] 127.0.0.1 /index.php?m=&c=Goods&a=record&menuid=27
INFO: [ app_init ] --START--
INFO: Run Behavior\BuildLiteBehavior [ RunTime:0.000000s ]
INFO: [ app_init ] --END-- [ RunTime:0.000000s ]
INFO: [ app_begin ] --START--
INFO: Run Behavior\ReadHtmlCacheBehavior [ RunTime:0.001000s ]
INFO: Run Behavior\CheckLangBehavior [ RunTime:0.002000s ]
INFO: [ app_begin ] --END-- [ RunTime:0.003000s ]
INFO: [ action_begin ] --START--
NOTIC: [8192] mysql_connect(): The mysql extension is deprecated and will be removed in the future: use mysqli or PDO instead D:\wamp\www\hjyxlqlgm\web\Core\Library\Think\Db\Driver\Mysql.class.php 第 52 行.
SQL: SHOW COLUMNS FROM `admin_access_log` [ RunTime:0.003000s ]
SQL: INSERT INTO `admin_access_log` (`username`,`module`,`controller`,`action`,`act_time`,`ip`,`params`) VALUES ('admin','Admin','Goods','record',1470905219,'127.0.0.1','{\"menuid\":\"27\"}') [ RunTime:0.000000s ]
INFO: Run Common\Behavior\AccessBehavior [ RunTime:0.011000s ]
INFO: [ action_begin ] --END-- [ RunTime:0.011000s ]
SQL: SHOW COLUMNS FROM `menu` [ RunTime:0.003001s ]
SQL: SHOW COLUMNS FROM `menu` [ RunTime:0.003000s ]
SQL: SELECT * FROM `menu` WHERE ( `iframe` <> 1 ) AND (  ( `pid` = 27 ) ) AND ( `display` = 1 ) ORDER BY ordid  [ RunTime:0.001000s ]
SQL: SHOW COLUMNS FROM `admin_auth` [ RunTime:0.003000s ]
SQL: SELECT * FROM `admin_auth` WHERE ( role_id=1 )  [ RunTime:0.001000s ]
NOTIC: [2] Invalid argument supplied for foreach() D:\wamp\www\hjyxlqlgm\web\App\Admin\Controller\BaseController.class.php 第 19 行.
NOTIC: [2] Invalid argument supplied for foreach() D:\wamp\www\hjyxlqlgm\web\App\Admin\Controller\BaseController.class.php 第 26 行.
SQL: SELECT * FROM `menu` WHERE ( `iframe` = 1 ) AND (  ( `pid` = 27 ) ) AND ( `display` = 1 ) ORDER BY ordid  [ RunTime:0.000000s ]
SQL: SELECT * FROM `admin_auth` WHERE ( role_id=1 )  [ RunTime:0.001000s ]
INFO: [ view_parse ] --START--
INFO: [ template_filter ] --START--
INFO: Run Behavior\ContentReplaceBehavior [ RunTime:0.000000s ]
INFO: [ template_filter ] --END-- [ RunTime:0.000000s ]
NOTIC: [8] Undefined variable: search D:\wamp\www\hjyxlqlgm\web\Cache\Cache\Admin\f0d797d080de27216b55750857341c88.php 第 220 行.
NOTIC: [8] Undefined variable: search D:\wamp\www\hjyxlqlgm\web\Cache\Cache\Admin\f0d797d080de27216b55750857341c88.php 第 220 行.
INFO: Run Behavior\ParseTemplateBehavior [ RunTime:0.032002s ]
INFO: [ view_parse ] --END-- [ RunTime:0.032002s ]
INFO: [ view_filter ] --START--
INFO: Run Behavior\WriteHtmlCacheBehavior [ RunTime:0.000000s ]
INFO: [ view_filter ] --END-- [ RunTime:0.000000s ]
INFO: [ app_end ] --START--
INFO: Run Behavior\ShowPageTraceBehavior [ RunTime:0.001000s ]
INFO: [ app_end ] --END-- [ RunTime:0.001000s ]

[ 2016-08-11T16:46:59+08:00 ] 127.0.0.1 /index.php?c=Ajax&a=platformlist
INFO: [ app_init ] --START--
INFO: Run Behavior\BuildLiteBehavior [ RunTime:0.000000s ]
INFO: [ app_init ] --END-- [ RunTime:0.001000s ]
INFO: [ app_begin ] --START--
INFO: Run Behavior\ReadHtmlCacheBehavior [ RunTime:0.000000s ]
INFO: Run Behavior\CheckLangBehavior [ RunTime:0.002000s ]
INFO: [ app_begin ] --END-- [ RunTime:0.002000s ]
INFO: [ action_begin ] --START--
NOTIC: [8192] mysql_connect(): The mysql extension is deprecated and will be removed in the future: use mysqli or PDO instead D:\wamp\www\hjyxlqlgm\web\Core\Library\Think\Db\Driver\Mysql.class.php 第 52 行.
SQL: SHOW COLUMNS FROM `admin_access_log` [ RunTime:0.004000s ]
SQL: INSERT INTO `admin_access_log` (`username`,`module`,`controller`,`action`,`act_time`,`ip`,`params`) VALUES ('admin','Admin','Ajax','platformlist',1470905219,'127.0.0.1','[]') [ RunTime:0.001000s ]
INFO: Run Common\Behavior\AccessBehavior [ RunTime:0.016001s ]
INFO: [ action_begin ] --END-- [ RunTime:0.016001s ]
SQL: SHOW COLUMNS FROM `game_platform` [ RunTime:0.003001s ]
SQL: SELECT platform_id as id,platform_name as text FROM `game_platform`  [ RunTime:0.000000s ]
INFO: [ app_end ] --START--
INFO: Run Behavior\ShowPageTraceBehavior [ RunTime:0.001000s ]
INFO: [ app_end ] --END-- [ RunTime:0.001000s ]

[ 2016-08-11T16:46:59+08:00 ] 127.0.0.1 /index.php?m=&c=Goods&a=record
INFO: [ app_init ] --START--
INFO: Run Behavior\BuildLiteBehavior [ RunTime:0.000000s ]
INFO: [ app_init ] --END-- [ RunTime:0.001000s ]
INFO: [ app_begin ] --START--
INFO: Run Behavior\ReadHtmlCacheBehavior [ RunTime:0.001000s ]
INFO: Run Behavior\CheckLangBehavior [ RunTime:0.002001s ]
INFO: [ app_begin ] --END-- [ RunTime:0.003001s ]
INFO: [ action_begin ] --START--
NOTIC: [8192] mysql_connect(): The mysql extension is deprecated and will be removed in the future: use mysqli or PDO instead D:\wamp\www\hjyxlqlgm\web\Core\Library\Think\Db\Driver\Mysql.class.php 第 52 行.
SQL: SHOW COLUMNS FROM `admin_access_log` [ RunTime:0.005000s ]
SQL: INSERT INTO `admin_access_log` (`username`,`module`,`controller`,`action`,`act_time`,`ip`,`params`) VALUES ('admin','Admin','Goods','record',1470905219,'127.0.0.1','{\"page\":\"1\",\"rows\":\"100\"}') [ RunTime:0.000000s ]
INFO: Run Common\Behavior\AccessBehavior [ RunTime:0.023001s ]
INFO: [ action_begin ] --END-- [ RunTime:0.023001s ]
SQL: SHOW COLUMNS FROM `goods` [ RunTime:0.005000s ]
ERR: 1146:Table 'gm_yxlql.goods' doesn't exist
 [ SQL语句 ] : SHOW COLUMNS FROM `goods`
NOTIC: [8] Undefined variable: limitStr D:\wamp\www\hjyxlqlgm\web\App\Admin\Model\GoodsModel.class.php 第 39 行.
SQL: SHOW COLUMNS FROM `api_goods` [ RunTime:0.003000s ]
SQL: SELECT * FROM api_goods WHERE 1  ORDER BY operation_time desc  [ RunTime:0.021001s ]
NOTIC: [8] Undefined index: attachment_str D:\wamp\www\hjyxlqlgm\web\App\Admin\Model\GoodsModel.class.php 第 45 行.
SQL: SHOW COLUMNS FROM `game_server` [ RunTime:0.004000s ]
SQL: SELECT `server_name` FROM `game_server` WHERE ( platform_id=1 and server_id=1 ) LIMIT 1   [ RunTime:0.000000s ]
NOTIC: [8] Undefined index: attachment_str D:\wamp\www\hjyxlqlgm\web\App\Admin\Model\GoodsModel.class.php 第 45 行.
SQL: SELECT `server_name` FROM `game_server` WHERE ( platform_id=1 and server_id=1 ) LIMIT 1   [ RunTime:0.000000s ]
NOTIC: [8] Undefined index: attachment_str D:\wamp\www\hjyxlqlgm\web\App\Admin\Model\GoodsModel.class.php 第 45 行.
SQL: SELECT `server_name` FROM `game_server` WHERE ( platform_id=1 and server_id=1 ) LIMIT 1   [ RunTime:0.001000s ]
NOTIC: [8] Undefined index: attachment_str D:\wamp\www\hjyxlqlgm\web\App\Admin\Model\GoodsModel.class.php 第 45 行.
SQL: SELECT `server_name` FROM `game_server` WHERE ( platform_id=1 and server_id=1 ) LIMIT 1   [ RunTime:0.000000s ]
NOTIC: [8] Undefined index: attachment_str D:\wamp\www\hjyxlqlgm\web\App\Admin\Model\GoodsModel.class.php 第 45 行.
SQL: SELECT `server_name` FROM `game_server` WHERE ( platform_id=1 and server_id=1 ) LIMIT 1   [ RunTime:0.000000s ]
NOTIC: [8] Undefined index: attachment_str D:\wamp\www\hjyxlqlgm\web\App\Admin\Model\GoodsModel.class.php 第 45 行.
SQL: SELECT `server_name` FROM `game_server` WHERE ( platform_id=1 and server_id=1 ) LIMIT 1   [ RunTime:0.000000s ]
NOTIC: [8] Undefined index: attachment_str D:\wamp\www\hjyxlqlgm\web\App\Admin\Model\GoodsModel.class.php 第 45 行.
SQL: SELECT `server_name` FROM `game_server` WHERE ( platform_id=1 and server_id=1 ) LIMIT 1   [ RunTime:0.000000s ]
NOTIC: [8] Undefined index: attachment_str D:\wamp\www\hjyxlqlgm\web\App\Admin\Model\GoodsModel.class.php 第 45 行.
SQL: SELECT `server_name` FROM `game_server` WHERE ( platform_id=1 and server_id=2 ) LIMIT 1   [ RunTime:0.001000s ]
NOTIC: [8] Undefined index: attachment_str D:\wamp\www\hjyxlqlgm\web\App\Admin\Model\GoodsModel.class.php 第 45 行.
SQL: SELECT `server_name` FROM `game_server` WHERE ( platform_id=1 and server_id=6 ) LIMIT 1   [ RunTime:0.000000s ]
NOTIC: [8] Undefined index: attachment_str D:\wamp\www\hjyxlqlgm\web\App\Admin\Model\GoodsModel.class.php 第 45 行.
SQL: SELECT `server_name` FROM `game_server` WHERE ( platform_id=1 and server_id=3 ) LIMIT 1   [ RunTime:0.000000s ]
NOTIC: [8] Undefined index: attachment_str D:\wamp\www\hjyxlqlgm\web\App\Admin\Model\GoodsModel.class.php 第 45 行.
SQL: SELECT `server_name` FROM `game_server` WHERE ( platform_id=1 and server_id=4 ) LIMIT 1   [ RunTime:0.001000s ]
NOTIC: [8] Undefined index: attachment_str D:\wamp\www\hjyxlqlgm\web\App\Admin\Model\GoodsModel.class.php 第 45 行.
SQL: SELECT `server_name` FROM `game_server` WHERE ( platform_id=1 and server_id=7 ) LIMIT 1   [ RunTime:0.000000s ]
NOTIC: [8] Undefined index: attachment_str D:\wamp\www\hjyxlqlgm\web\App\Admin\Model\GoodsModel.class.php 第 45 行.
SQL: SELECT `server_name` FROM `game_server` WHERE ( platform_id=1 and server_id=5 ) LIMIT 1   [ RunTime:0.000000s ]
NOTIC: [8] Undefined index: attachment_str D:\wamp\www\hjyxlqlgm\web\App\Admin\Model\GoodsModel.class.php 第 45 行.
SQL: SELECT `server_name` FROM `game_server` WHERE ( platform_id=1 and server_id=11 ) LIMIT 1   [ RunTime:0.000000s ]
NOTIC: [8] Undefined index: attachment_str D:\wamp\www\hjyxlqlgm\web\App\Admin\Model\GoodsModel.class.php 第 45 行.
SQL: SELECT `server_name` FROM `game_server` WHERE ( platform_id=1 and server_id=12 ) LIMIT 1   [ RunTime:0.000000s ]
NOTIC: [8] Undefined index: attachment_str D:\wamp\www\hjyxlqlgm\web\App\Admin\Model\GoodsModel.class.php 第 45 行.
SQL: SELECT `server_name` FROM `game_server` WHERE ( platform_id=1 and server_id=13 ) LIMIT 1   [ RunTime:0.000000s ]
NOTIC: [8] Undefined index: attachment_str D:\wamp\www\hjyxlqlgm\web\App\Admin\Model\GoodsModel.class.php 第 45 行.
SQL: SELECT `server_name` FROM `game_server` WHERE ( platform_id=1 and server_id=1 ) LIMIT 1   [ RunTime:0.000000s ]
NOTIC: [8] Undefined index: attachment_str D:\wamp\www\hjyxlqlgm\web\App\Admin\Model\GoodsModel.class.php 第 45 行.
SQL: SELECT `server_name` FROM `game_server` WHERE ( platform_id=1 and server_id=1 ) LIMIT 1   [ RunTime:0.000000s ]
NOTIC: [8] Undefined index: attachment_str D:\wamp\www\hjyxlqlgm\web\App\Admin\Model\GoodsModel.class.php 第 45 行.
SQL: SELECT `server_name` FROM `game_server` WHERE ( platform_id=1 and server_id=1 ) LIMIT 1   [ RunTime:0.000000s ]
NOTIC: [8] Undefined index: attachment_str D:\wamp\www\hjyxlqlgm\web\App\Admin\Model\GoodsModel.class.php 第 45 行.
SQL: SELECT `server_name` FROM `game_server` WHERE ( platform_id=1 and server_id=1 ) LIMIT 1   [ RunTime:0.000000s ]
NOTIC: [8] Undefined index: attachment_str D:\wamp\www\hjyxlqlgm\web\App\Admin\Model\GoodsModel.class.php 第 45 行.
SQL: SELECT `server_name` FROM `game_server` WHERE ( platform_id=1 and server_id=1 ) LIMIT 1   [ RunTime:0.000000s ]
NOTIC: [8] Undefined index: attachment_str D:\wamp\www\hjyxlqlgm\web\App\Admin\Model\GoodsModel.class.php 第 45 行.
SQL: SELECT `server_name` FROM `game_server` WHERE ( platform_id=1 and server_id=1 ) LIMIT 1   [ RunTime:0.001000s ]
NOTIC: [8] Undefined index: attachment_str D:\wamp\www\hjyxlqlgm\web\App\Admin\Model\GoodsModel.class.php 第 45 行.
SQL: SELECT `server_name` FROM `game_server` WHERE ( platform_id=1 and server_id=1 ) LIMIT 1   [ RunTime:0.000000s ]
NOTIC: [8] Undefined index: attachment_str D:\wamp\www\hjyxlqlgm\web\App\Admin\Model\GoodsModel.class.php 第 45 行.
SQL: SELECT `server_name` FROM `game_server` WHERE ( platform_id=1 and server_id=1 ) LIMIT 1   [ RunTime:0.000000s ]
NOTIC: [8] Undefined index: attachment_str D:\wamp\www\hjyxlqlgm\web\App\Admin\Model\GoodsModel.class.php 第 45 行.
SQL: SELECT `server_name` FROM `game_server` WHERE ( platform_id=1 and server_id=13 ) LIMIT 1   [ RunTime:0.000000s ]
NOTIC: [8] Undefined index: attachment_str D:\wamp\www\hjyxlqlgm\web\App\Admin\Model\GoodsModel.class.php 第 45 行.
SQL: SELECT `server_name` FROM `game_server` WHERE ( platform_id=1 and server_id=13 ) LIMIT 1   [ RunTime:0.000000s ]
NOTIC: [8] Undefined index: attachment_str D:\wamp\www\hjyxlqlgm\web\App\Admin\Model\GoodsModel.class.php 第 45 行.
SQL: SELECT `server_name` FROM `game_server` WHERE ( platform_id=1 and server_id=13 ) LIMIT 1   [ RunTime:0.000000s ]
NOTIC: [8] Undefined index: attachment_str D:\wamp\www\hjyxlqlgm\web\App\Admin\Model\GoodsModel.class.php 第 45 行.
SQL: SELECT `server_name` FROM `game_server` WHERE ( platform_id=1 and server_id=1 ) LIMIT 1   [ RunTime:0.001000s ]
NOTIC: [8] Undefined index: attachment_str D:\wamp\www\hjyxlqlgm\web\App\Admin\Model\GoodsModel.class.php 第 45 行.
SQL: SELECT `server_name` FROM `game_server` WHERE ( platform_id=1 and server_id=1 ) LIMIT 1   [ RunTime:0.000000s ]
NOTIC: [8] Undefined index: attachment_str D:\wamp\www\hjyxlqlgm\web\App\Admin\Model\GoodsModel.class.php 第 45 行.
SQL: SELECT `server_name` FROM `game_server` WHERE ( platform_id=1 and server_id=1 ) LIMIT 1   [ RunTime:0.000000s ]
NOTIC: [8] Undefined index: attachment_str D:\wamp\www\hjyxlqlgm\web\App\Admin\Model\GoodsModel.class.php 第 45 行.
SQL: SELECT `server_name` FROM `game_server` WHERE ( platform_id=1 and server_id=1 ) LIMIT 1   [ RunTime:0.000000s ]
NOTIC: [8] Undefined index: attachment_str D:\wamp\www\hjyxlqlgm\web\App\Admin\Model\GoodsModel.class.php 第 45 行.
SQL: SELECT `server_name` FROM `game_server` WHERE ( platform_id=1 and server_id=1 ) LIMIT 1   [ RunTime:0.000000s ]
NOTIC: [8] Undefined index: attachment_str D:\wamp\www\hjyxlqlgm\web\App\Admin\Model\GoodsModel.class.php 第 45 行.
SQL: SELECT `server_name` FROM `game_server` WHERE ( platform_id=1 and server_id=1 ) LIMIT 1   [ RunTime:0.000000s ]
NOTIC: [8] Undefined index: attachment_str D:\wamp\www\hjyxlqlgm\web\App\Admin\Model\GoodsModel.class.php 第 45 行.
SQL: SELECT `server_name` FROM `game_server` WHERE ( platform_id=1 and server_id=1 ) LIMIT 1   [ RunTime:0.001000s ]
NOTIC: [8] Undefined index: attachment_str D:\wamp\www\hjyxlqlgm\web\App\Admin\Model\GoodsModel.class.php 第 45 行.
SQL: SELECT `server_name` FROM `game_server` WHERE ( platform_id=1 and server_id=1 ) LIMIT 1   [ RunTime:0.000000s ]
NOTIC: [8] Undefined index: attachment_str D:\wamp\www\hjyxlqlgm\web\App\Admin\Model\GoodsModel.class.php 第 45 行.
SQL: SELECT `server_name` FROM `game_server` WHERE ( platform_id=1 and server_id=1 ) LIMIT 1   [ RunTime:0.000000s ]
NOTIC: [8] Undefined index: attachment_str D:\wamp\www\hjyxlqlgm\web\App\Admin\Model\GoodsModel.class.php 第 45 行.
SQL: SELECT `server_name` FROM `game_server` WHERE ( platform_id=1 and server_id=1 ) LIMIT 1   [ RunTime:0.000000s ]
NOTIC: [8] Undefined index: attachment_str D:\wamp\www\hjyxlqlgm\web\App\Admin\Model\GoodsModel.class.php 第 45 行.
SQL: SELECT `server_name` FROM `game_server` WHERE ( platform_id=1 and server_id=1 ) LIMIT 1   [ RunTime:0.000000s ]
NOTIC: [8] Undefined index: attachment_str D:\wamp\www\hjyxlqlgm\web\App\Admin\Model\GoodsModel.class.php 第 45 行.
SQL: SELECT `server_name` FROM `game_server` WHERE ( platform_id=1 and server_id=1 ) LIMIT 1   [ RunTime:0.001000s ]
NOTIC: [8] Undefined index: attachment_str D:\wamp\www\hjyxlqlgm\web\App\Admin\Model\GoodsModel.class.php 第 45 行.
SQL: SELECT `server_name` FROM `game_server` WHERE ( platform_id=1 and server_id=1 ) LIMIT 1   [ RunTime:0.000000s ]
NOTIC: [8] Undefined index: attachment_str D:\wamp\www\hjyxlqlgm\web\App\Admin\Model\GoodsModel.class.php 第 45 行.
SQL: SELECT `server_name` FROM `game_server` WHERE ( platform_id=1 and server_id=1 ) LIMIT 1   [ RunTime:0.000000s ]
NOTIC: [8] Undefined index: attachment_str D:\wamp\www\hjyxlqlgm\web\App\Admin\Model\GoodsModel.class.php 第 45 行.
SQL: SELECT `server_name` FROM `game_server` WHERE ( platform_id=1 and server_id=1 ) LIMIT 1   [ RunTime:0.000000s ]
NOTIC: [8] Undefined index: attachment_str D:\wamp\www\hjyxlqlgm\web\App\Admin\Model\GoodsModel.class.php 第 45 行.
SQL: SELECT `server_name` FROM `game_server` WHERE ( platform_id=1 and server_id=1 ) LIMIT 1   [ RunTime:0.000000s ]
NOTIC: [8] Undefined index: attachment_str D:\wamp\www\hjyxlqlgm\web\App\Admin\Model\GoodsModel.class.php 第 45 行.
SQL: SELECT `server_name` FROM `game_server` WHERE ( platform_id=1 and server_id=1 ) LIMIT 1   [ RunTime:0.000000s ]
NOTIC: [8] Undefined index: attachment_str D:\wamp\www\hjyxlqlgm\web\App\Admin\Model\GoodsModel.class.php 第 45 行.
SQL: SELECT `server_name` FROM `game_server` WHERE ( platform_id=1 and server_id=1 ) LIMIT 1   [ RunTime:0.001000s ]
NOTIC: [8] Undefined index: attachment_str D:\wamp\www\hjyxlqlgm\web\App\Admin\Model\GoodsModel.class.php 第 45 行.
SQL: SELECT `server_name` FROM `game_server` WHERE ( platform_id=1 and server_id=1 ) LIMIT 1   [ RunTime:0.000000s ]
NOTIC: [8] Undefined index: attachment_str D:\wamp\www\hjyxlqlgm\web\App\Admin\Model\GoodsModel.class.php 第 45 行.
SQL: SELECT `server_name` FROM `game_server` WHERE ( platform_id=1 and server_id=1 ) LIMIT 1   [ RunTime:0.001000s ]
NOTIC: [8] Undefined index: attachment_str D:\wamp\www\hjyxlqlgm\web\App\Admin\Model\GoodsModel.class.php 第 45 行.
SQL: SELECT `server_name` FROM `game_server` WHERE ( platform_id=1 and server_id=1 ) LIMIT 1   [ RunTime:0.000000s ]
NOTIC: [8] Undefined index: attachment_str D:\wamp\www\hjyxlqlgm\web\App\Admin\Model\GoodsModel.class.php 第 45 行.
SQL: SELECT `server_name` FROM `game_server` WHERE ( platform_id=1 and server_id=1 ) LIMIT 1   [ RunTime:0.000000s ]
SQL: SELECT COUNT(*) AS p_count FROM api_goods WHERE 1  [ RunTime:0.000000s ]
INFO: [ app_end ] --START--
INFO: Run Behavior\ShowPageTraceBehavior [ RunTime:0.001000s ]
INFO: [ app_end ] --END-- [ RunTime:0.001000s ]

[ 2016-08-11T16:46:59+08:00 ] 127.0.0.1 /index.php?c=Ajax&a=serverlist
INFO: [ app_init ] --START--
INFO: Run Behavior\BuildLiteBehavior [ RunTime:0.000000s ]
INFO: [ app_init ] --END-- [ RunTime:0.001000s ]
INFO: [ app_begin ] --START--
INFO: Run Behavior\ReadHtmlCacheBehavior [ RunTime:0.000000s ]
INFO: Run Behavior\CheckLangBehavior [ RunTime:0.002000s ]
INFO: [ app_begin ] --END-- [ RunTime:0.002000s ]
INFO: [ action_begin ] --START--
NOTIC: [8192] mysql_connect(): The mysql extension is deprecated and will be removed in the future: use mysqli or PDO instead D:\wamp\www\hjyxlqlgm\web\Core\Library\Think\Db\Driver\Mysql.class.php 第 52 行.
SQL: SHOW COLUMNS FROM `admin_access_log` [ RunTime:0.003000s ]
SQL: INSERT INTO `admin_access_log` (`username`,`module`,`controller`,`action`,`act_time`,`ip`,`params`) VALUES ('admin','Admin','Ajax','serverlist',1470905219,'127.0.0.1','{\"pid\":\"\"}') [ RunTime:0.000000s ]
INFO: Run Common\Behavior\AccessBehavior [ RunTime:0.014001s ]
INFO: [ action_begin ] --END-- [ RunTime:0.014001s ]
SQL: SHOW COLUMNS FROM `game_server` [ RunTime:0.004000s ]
SQL: SELECT server_id as id,server_name as text FROM `game_server` WHERE ( platform_id= )  [ RunTime:0.000000s ]
ERR: 1064:You have an error in your SQL syntax; check the manual that corresponds to your MySQL server version for the right syntax to use near ')' at line 1
 [ SQL语句 ] : SELECT server_id as id,server_name as text FROM `game_server` WHERE ( platform_id= ) 
INFO: [ app_end ] --START--
INFO: Run Behavior\ShowPageTraceBehavior [ RunTime:0.001000s ]
INFO: [ app_end ] --END-- [ RunTime:0.002000s ]

[ 2016-08-11T16:47:01+08:00 ] 127.0.0.1 /index.php?m=&c=Goods&a=full_service&menuid=28
INFO: [ app_init ] --START--
INFO: Run Behavior\BuildLiteBehavior [ RunTime:0.000000s ]
INFO: [ app_init ] --END-- [ RunTime:0.000000s ]
INFO: [ app_begin ] --START--
INFO: Run Behavior\ReadHtmlCacheBehavior [ RunTime:0.000000s ]
INFO: Run Behavior\CheckLangBehavior [ RunTime:0.002000s ]
INFO: [ app_begin ] --END-- [ RunTime:0.003000s ]
INFO: [ action_begin ] --START--
NOTIC: [8192] mysql_connect(): The mysql extension is deprecated and will be removed in the future: use mysqli or PDO instead D:\wamp\www\hjyxlqlgm\web\Core\Library\Think\Db\Driver\Mysql.class.php 第 52 行.
SQL: SHOW COLUMNS FROM `admin_access_log` [ RunTime:0.003000s ]
SQL: INSERT INTO `admin_access_log` (`username`,`module`,`controller`,`action`,`act_time`,`ip`,`params`) VALUES ('admin','Admin','Goods','full_service',1470905221,'127.0.0.1','{\"menuid\":\"28\"}') [ RunTime:0.000000s ]
INFO: Run Common\Behavior\AccessBehavior [ RunTime:0.011001s ]
INFO: [ action_begin ] --END-- [ RunTime:0.011001s ]
SQL: SHOW COLUMNS FROM `menu` [ RunTime:0.003000s ]
SQL: SHOW COLUMNS FROM `menu` [ RunTime:0.003000s ]
SQL: SELECT * FROM `menu` WHERE ( `iframe` <> 1 ) AND (  ( `pid` = 28 ) ) AND ( `display` = 1 ) ORDER BY ordid  [ RunTime:0.001000s ]
SQL: SHOW COLUMNS FROM `admin_auth` [ RunTime:0.002000s ]
SQL: SELECT * FROM `admin_auth` WHERE ( role_id=1 )  [ RunTime:0.000000s ]
NOTIC: [2] Invalid argument supplied for foreach() D:\wamp\www\hjyxlqlgm\web\App\Admin\Controller\BaseController.class.php 第 19 行.
NOTIC: [2] Invalid argument supplied for foreach() D:\wamp\www\hjyxlqlgm\web\App\Admin\Controller\BaseController.class.php 第 26 行.
SQL: SELECT * FROM `menu` WHERE ( `iframe` = 1 ) AND (  ( `pid` = 28 ) ) AND ( `display` = 1 ) ORDER BY ordid  [ RunTime:0.000000s ]
SQL: SELECT * FROM `admin_auth` WHERE ( role_id=1 )  [ RunTime:0.001000s ]
INFO: [ view_parse ] --START--
INFO: [ template_filter ] --START--
INFO: Run Behavior\ContentReplaceBehavior [ RunTime:0.001000s ]
INFO: [ template_filter ] --END-- [ RunTime:0.001000s ]
NOTIC: [8] Undefined variable: search D:\wamp\www\hjyxlqlgm\web\Cache\Cache\Admin\ae8f05fd79f3bcb9f5d13c4c8665528e.php 第 249 行.
NOTIC: [8] Undefined variable: search D:\wamp\www\hjyxlqlgm\web\Cache\Cache\Admin\ae8f05fd79f3bcb9f5d13c4c8665528e.php 第 249 行.
INFO: Run Behavior\ParseTemplateBehavior [ RunTime:0.030001s ]
INFO: [ view_parse ] --END-- [ RunTime:0.030001s ]
INFO: [ view_filter ] --START--
INFO: Run Behavior\WriteHtmlCacheBehavior [ RunTime:0.000000s ]
INFO: [ view_filter ] --END-- [ RunTime:0.001000s ]
INFO: [ app_end ] --START--
INFO: Run Behavior\ShowPageTraceBehavior [ RunTime:0.001000s ]
INFO: [ app_end ] --END-- [ RunTime:0.001000s ]

[ 2016-08-11T16:47:01+08:00 ] 127.0.0.1 /index.php?c=Ajax&a=platformlist
INFO: [ app_init ] --START--
INFO: Run Behavior\BuildLiteBehavior [ RunTime:0.000000s ]
INFO: [ app_init ] --END-- [ RunTime:0.000000s ]
INFO: [ app_begin ] --START--
INFO: Run Behavior\ReadHtmlCacheBehavior [ RunTime:0.001000s ]
INFO: Run Behavior\CheckLangBehavior [ RunTime:0.001000s ]
INFO: [ app_begin ] --END-- [ RunTime:0.003000s ]
INFO: [ action_begin ] --START--
NOTIC: [8192] mysql_connect(): The mysql extension is deprecated and will be removed in the future: use mysqli or PDO instead D:\wamp\www\hjyxlqlgm\web\Core\Library\Think\Db\Driver\Mysql.class.php 第 52 行.
SQL: SHOW COLUMNS FROM `admin_access_log` [ RunTime:0.004000s ]
SQL: INSERT INTO `admin_access_log` (`username`,`module`,`controller`,`action`,`act_time`,`ip`,`params`) VALUES ('admin','Admin','Ajax','platformlist',1470905221,'127.0.0.1','[]') [ RunTime:0.001000s ]
INFO: Run Common\Behavior\AccessBehavior [ RunTime:0.023001s ]
INFO: [ action_begin ] --END-- [ RunTime:0.023001s ]
SQL: SHOW COLUMNS FROM `game_platform` [ RunTime:0.004000s ]
SQL: SELECT platform_id as id,platform_name as text FROM `game_platform`  [ RunTime:0.001001s ]
INFO: [ app_end ] --START--
INFO: Run Behavior\ShowPageTraceBehavior [ RunTime:0.001000s ]
INFO: [ app_end ] --END-- [ RunTime:0.001000s ]

[ 2016-08-11T16:47:01+08:00 ] 127.0.0.1 /index.php?m=&c=Ajax&a=serverlist&pid=
INFO: [ app_init ] --START--
INFO: Run Behavior\BuildLiteBehavior [ RunTime:0.000000s ]
INFO: [ app_init ] --END-- [ RunTime:0.000000s ]
INFO: [ app_begin ] --START--
INFO: Run Behavior\ReadHtmlCacheBehavior [ RunTime:0.001000s ]
INFO: Run Behavior\CheckLangBehavior [ RunTime:0.001000s ]
INFO: [ app_begin ] --END-- [ RunTime:0.002000s ]
INFO: [ action_begin ] --START--
NOTIC: [8192] mysql_connect(): The mysql extension is deprecated and will be removed in the future: use mysqli or PDO instead D:\wamp\www\hjyxlqlgm\web\Core\Library\Think\Db\Driver\Mysql.class.php 第 52 行.
SQL: SHOW COLUMNS FROM `admin_access_log` [ RunTime:0.003000s ]
SQL: INSERT INTO `admin_access_log` (`username`,`module`,`controller`,`action`,`act_time`,`ip`,`params`) VALUES ('admin','Admin','Ajax','serverlist',1470905221,'127.0.0.1','{\"pid\":\"\"}') [ RunTime:0.000000s ]
INFO: Run Common\Behavior\AccessBehavior [ RunTime:0.010001s ]
INFO: [ action_begin ] --END-- [ RunTime:0.010001s ]
SQL: SHOW COLUMNS FROM `game_server` [ RunTime:0.004000s ]
SQL: SELECT server_id as id,server_name as text FROM `game_server` WHERE ( platform_id= )  [ RunTime:0.000000s ]
ERR: 1064:You have an error in your SQL syntax; check the manual that corresponds to your MySQL server version for the right syntax to use near ')' at line 1
 [ SQL语句 ] : SELECT server_id as id,server_name as text FROM `game_server` WHERE ( platform_id= ) 
INFO: [ app_end ] --START--
INFO: Run Behavior\ShowPageTraceBehavior [ RunTime:0.001000s ]
INFO: [ app_end ] --END-- [ RunTime:0.001000s ]

[ 2016-08-11T16:47:01+08:00 ] 127.0.0.1 /index.php?c=Ajax&a=serverlist
INFO: [ app_init ] --START--
INFO: Run Behavior\BuildLiteBehavior [ RunTime:0.000000s ]
INFO: [ app_init ] --END-- [ RunTime:0.000000s ]
INFO: [ app_begin ] --START--
INFO: Run Behavior\ReadHtmlCacheBehavior [ RunTime:0.000000s ]
INFO: Run Behavior\CheckLangBehavior [ RunTime:0.001000s ]
INFO: [ app_begin ] --END-- [ RunTime:0.002000s ]
INFO: [ action_begin ] --START--
NOTIC: [8192] mysql_connect(): The mysql extension is deprecated and will be removed in the future: use mysqli or PDO instead D:\wamp\www\hjyxlqlgm\web\Core\Library\Think\Db\Driver\Mysql.class.php 第 52 行.
SQL: SHOW COLUMNS FROM `admin_access_log` [ RunTime:0.003000s ]
SQL: INSERT INTO `admin_access_log` (`username`,`module`,`controller`,`action`,`act_time`,`ip`,`params`) VALUES ('admin','Admin','Ajax','serverlist',1470905221,'127.0.0.1','{\"pid\":\"\"}') [ RunTime:0.001000s ]
INFO: Run Common\Behavior\AccessBehavior [ RunTime:0.011001s ]
INFO: [ action_begin ] --END-- [ RunTime:0.012001s ]
SQL: SHOW COLUMNS FROM `game_server` [ RunTime:0.003000s ]
SQL: SELECT server_id as id,server_name as text FROM `game_server` WHERE ( platform_id= )  [ RunTime:0.000000s ]
ERR: 1064:You have an error in your SQL syntax; check the manual that corresponds to your MySQL server version for the right syntax to use near ')' at line 1
 [ SQL语句 ] : SELECT server_id as id,server_name as text FROM `game_server` WHERE ( platform_id= ) 
INFO: [ app_end ] --START--
INFO: Run Behavior\ShowPageTraceBehavior [ RunTime:0.000000s ]
INFO: [ app_end ] --END-- [ RunTime:0.000000s ]

[ 2016-08-11T16:47:03+08:00 ] 127.0.0.1 /index.php?m=Admin&c=Goods&a=add_property
INFO: [ app_init ] --START--
INFO: Run Behavior\BuildLiteBehavior [ RunTime:0.000000s ]
INFO: [ app_init ] --END-- [ RunTime:0.001000s ]
INFO: [ app_begin ] --START--
INFO: Run Behavior\ReadHtmlCacheBehavior [ RunTime:0.001000s ]
INFO: Run Behavior\CheckLangBehavior [ RunTime:0.001000s ]
INFO: [ app_begin ] --END-- [ RunTime:0.003000s ]
INFO: [ action_begin ] --START--
NOTIC: [8192] mysql_connect(): The mysql extension is deprecated and will be removed in the future: use mysqli or PDO instead D:\wamp\www\hjyxlqlgm\web\Core\Library\Think\Db\Driver\Mysql.class.php 第 52 行.
SQL: SHOW COLUMNS FROM `admin_access_log` [ RunTime:0.004001s ]
SQL: INSERT INTO `admin_access_log` (`username`,`module`,`controller`,`action`,`act_time`,`ip`,`params`) VALUES ('admin','Admin','Goods','add_property',1470905223,'127.0.0.1','[]') [ RunTime:0.000000s ]
INFO: Run Common\Behavior\AccessBehavior [ RunTime:0.022002s ]
INFO: [ action_begin ] --END-- [ RunTime:0.023002s ]
INFO: [ view_parse ] --START--
INFO: [ template_filter ] --START--
INFO: Run Behavior\ContentReplaceBehavior [ RunTime:0.000000s ]
INFO: [ template_filter ] --END-- [ RunTime:0.000000s ]
INFO: Run Behavior\ParseTemplateBehavior [ RunTime:0.021001s ]
INFO: [ view_parse ] --END-- [ RunTime:0.021001s ]
INFO: [ view_filter ] --START--
INFO: Run Behavior\WriteHtmlCacheBehavior [ RunTime:0.001000s ]
INFO: [ view_filter ] --END-- [ RunTime:0.001000s ]

