[ 2016-07-28T15:17:24+08:00 ] 127.0.0.1 /index.php?m=&c=Index&a=left
INFO: [ app_init ] --START--
INFO: Run Behavior\BuildLiteBehavior [ RunTime:0.000000s ]
INFO: [ app_init ] --END-- [ RunTime:0.001000s ]
INFO: [ app_begin ] --START--
INFO: Run Behavior\ReadHtmlCacheBehavior [ RunTime:0.002000s ]
INFO: Run Behavior\CheckLangBehavior [ RunTime:0.007501s ]
INFO: [ app_begin ] --END-- [ RunTime:0.009501s ]
NOTIC: [2048] Declaration of Admin\Controller\IndexController::index() should be compatible with Admin\Controller\BaseController::index($model = '') D:\wamp\www\hjyxlqlgm\web\App\Admin\Controller\IndexController.class.php 第 4 行.
INFO: [ action_begin ] --START--
NOTIC: [8] Undefined index: admin D:\wamp\www\hjyxlqlgm\web\App\Common\Behavior\AccessBehavior.class.php 第 13 行.
NOTIC: [8192] mysql_connect(): The mysql extension is deprecated and will be removed in the future: use mysqli or PDO instead D:\wamp\www\hjyxlqlgm\web\Core\Library\Think\Db\Driver\Mysql.class.php 第 52 行.
SQL: SHOW COLUMNS FROM `admin_access_log` [ RunTime:0.002000s ]
SQL: INSERT INTO `admin_access_log` (`username`,`module`,`controller`,`action`,`act_time`,`ip`,`params`) VALUES (null,'Admin','Index','left',1469690244,'127.0.0.1','{\"menuid\":\"1\"}') [ RunTime:0.000500s ]
ERR: 1048:Column 'username' cannot be null
 [ SQL语句 ] : INSERT INTO `admin_access_log` (`username`,`module`,`controller`,`action`,`act_time`,`ip`,`params`) VALUES (null,'Admin','Index','left',1469690244,'127.0.0.1','{\"menuid\":\"1\"}')
INFO: Run Common\Behavior\AccessBehavior [ RunTime:0.037504s ]
INFO: [ action_begin ] --END-- [ RunTime:0.037504s ]

[ 2016-07-28T15:17:24+08:00 ] 127.0.0.1 /index.php?m=&c=Login&a=index
INFO: [ app_init ] --START--
INFO: Run Behavior\BuildLiteBehavior [ RunTime:0.000000s ]
INFO: [ app_init ] --END-- [ RunTime:0.000500s ]
INFO: [ app_begin ] --START--
INFO: Run Behavior\ReadHtmlCacheBehavior [ RunTime:0.000501s ]
INFO: Run Behavior\CheckLangBehavior [ RunTime:0.002000s ]
INFO: [ app_begin ] --END-- [ RunTime:0.002501s ]
INFO: [ action_begin ] --START--
NOTIC: [8] Undefined index: admin D:\wamp\www\hjyxlqlgm\web\App\Common\Behavior\AccessBehavior.class.php 第 13 行.
NOTIC: [8192] mysql_connect(): The mysql extension is deprecated and will be removed in the future: use mysqli or PDO instead D:\wamp\www\hjyxlqlgm\web\Core\Library\Think\Db\Driver\Mysql.class.php 第 52 行.
SQL: SHOW COLUMNS FROM `admin_access_log` [ RunTime:0.002500s ]
SQL: INSERT INTO `admin_access_log` (`username`,`module`,`controller`,`action`,`act_time`,`ip`,`params`) VALUES (null,'Admin','Login','index',1469690244,'127.0.0.1','[]') [ RunTime:0.000000s ]
ERR: 1048:Column 'username' cannot be null
 [ SQL语句 ] : INSERT INTO `admin_access_log` (`username`,`module`,`controller`,`action`,`act_time`,`ip`,`params`) VALUES (null,'Admin','Login','index',1469690244,'127.0.0.1','[]')
INFO: Run Common\Behavior\AccessBehavior [ RunTime:0.010002s ]
INFO: [ action_begin ] --END-- [ RunTime:0.010002s ]
INFO: [ view_parse ] --START--
INFO: [ template_filter ] --START--
INFO: Run Behavior\ContentReplaceBehavior [ RunTime:0.000000s ]
INFO: [ template_filter ] --END-- [ RunTime:0.000000s ]
INFO: Run Behavior\ParseTemplateBehavior [ RunTime:0.017002s ]
INFO: [ view_parse ] --END-- [ RunTime:0.017002s ]
INFO: [ view_filter ] --START--
INFO: Run Behavior\WriteHtmlCacheBehavior [ RunTime:0.000500s ]
INFO: [ view_filter ] --END-- [ RunTime:0.000500s ]
INFO: [ app_end ] --START--
INFO: Run Behavior\ShowPageTraceBehavior [ RunTime:0.000500s ]
INFO: [ app_end ] --END-- [ RunTime:0.000500s ]

[ 2016-07-28T15:17:24+08:00 ] 127.0.0.1 /index.php?m=&c=Public&a=verify_code&t=1469690244
INFO: [ app_init ] --START--
INFO: Run Behavior\BuildLiteBehavior [ RunTime:0.000000s ]
INFO: [ app_init ] --END-- [ RunTime:0.001000s ]
INFO: [ app_begin ] --START--
INFO: Run Behavior\ReadHtmlCacheBehavior [ RunTime:0.000500s ]
INFO: Run Behavior\CheckLangBehavior [ RunTime:0.001000s ]
INFO: [ app_begin ] --END-- [ RunTime:0.001500s ]
INFO: [ action_begin ] --START--
NOTIC: [8] Undefined index: admin D:\wamp\www\hjyxlqlgm\web\App\Common\Behavior\AccessBehavior.class.php 第 13 行.
NOTIC: [8192] mysql_connect(): The mysql extension is deprecated and will be removed in the future: use mysqli or PDO instead D:\wamp\www\hjyxlqlgm\web\Core\Library\Think\Db\Driver\Mysql.class.php 第 52 行.
SQL: SHOW COLUMNS FROM `admin_access_log` [ RunTime:0.003500s ]
SQL: INSERT INTO `admin_access_log` (`username`,`module`,`controller`,`action`,`act_time`,`ip`,`params`) VALUES (null,'Admin','Public','verify_code',1469690244,'127.0.0.1','{\"t\":\"1469690244\"}') [ RunTime:0.000500s ]
ERR: 1048:Column 'username' cannot be null
 [ SQL语句 ] : INSERT INTO `admin_access_log` (`username`,`module`,`controller`,`action`,`act_time`,`ip`,`params`) VALUES (null,'Admin','Public','verify_code',1469690244,'127.0.0.1','{\"t\":\"1469690244\"}')
INFO: Run Common\Behavior\AccessBehavior [ RunTime:0.014502s ]
INFO: [ action_begin ] --END-- [ RunTime:0.015002s ]
INFO: [ app_end ] --START--
INFO: Run Behavior\ShowPageTraceBehavior [ RunTime:0.000500s ]
INFO: [ app_end ] --END-- [ RunTime:0.000500s ]

[ 2016-07-28T15:17:32+08:00 ] 127.0.0.1 /index.php?m=&c=Index&a=index
INFO: [ app_init ] --START--
INFO: Run Behavior\BuildLiteBehavior [ RunTime:0.000000s ]
INFO: [ app_init ] --END-- [ RunTime:0.000500s ]
INFO: [ app_begin ] --START--
INFO: Run Behavior\ReadHtmlCacheBehavior [ RunTime:0.001000s ]
INFO: Run Behavior\CheckLangBehavior [ RunTime:0.001500s ]
INFO: [ app_begin ] --END-- [ RunTime:0.002500s ]
NOTIC: [2048] Declaration of Admin\Controller\IndexController::index() should be compatible with Admin\Controller\BaseController::index($model = '') D:\wamp\www\hjyxlqlgm\web\App\Admin\Controller\IndexController.class.php 第 4 行.
INFO: [ action_begin ] --START--
NOTIC: [8] Undefined index: admin D:\wamp\www\hjyxlqlgm\web\App\Common\Behavior\AccessBehavior.class.php 第 13 行.
NOTIC: [8192] mysql_connect(): The mysql extension is deprecated and will be removed in the future: use mysqli or PDO instead D:\wamp\www\hjyxlqlgm\web\Core\Library\Think\Db\Driver\Mysql.class.php 第 52 行.
SQL: SHOW COLUMNS FROM `admin_access_log` [ RunTime:0.001500s ]
SQL: INSERT INTO `admin_access_log` (`username`,`module`,`controller`,`action`,`act_time`,`ip`,`params`) VALUES (null,'Admin','Index','index',1469690252,'127.0.0.1','[]') [ RunTime:0.000000s ]
ERR: 1048:Column 'username' cannot be null
 [ SQL语句 ] : INSERT INTO `admin_access_log` (`username`,`module`,`controller`,`action`,`act_time`,`ip`,`params`) VALUES (null,'Admin','Index','index',1469690252,'127.0.0.1','[]')
INFO: Run Common\Behavior\AccessBehavior [ RunTime:0.012001s ]
INFO: [ action_begin ] --END-- [ RunTime:0.012001s ]

[ 2016-07-28T15:17:32+08:00 ] 127.0.0.1 /index.php?m=&c=Login&a=index
INFO: [ app_init ] --START--
INFO: Run Behavior\BuildLiteBehavior [ RunTime:0.000000s ]
INFO: [ app_init ] --END-- [ RunTime:0.001001s ]
INFO: [ app_begin ] --START--
INFO: Run Behavior\ReadHtmlCacheBehavior [ RunTime:0.000500s ]
INFO: Run Behavior\CheckLangBehavior [ RunTime:0.002000s ]
INFO: [ app_begin ] --END-- [ RunTime:0.003000s ]
INFO: [ action_begin ] --START--
NOTIC: [8] Undefined index: admin D:\wamp\www\hjyxlqlgm\web\App\Common\Behavior\AccessBehavior.class.php 第 13 行.
NOTIC: [8192] mysql_connect(): The mysql extension is deprecated and will be removed in the future: use mysqli or PDO instead D:\wamp\www\hjyxlqlgm\web\Core\Library\Think\Db\Driver\Mysql.class.php 第 52 行.
SQL: SHOW COLUMNS FROM `admin_access_log` [ RunTime:0.002501s ]
SQL: INSERT INTO `admin_access_log` (`username`,`module`,`controller`,`action`,`act_time`,`ip`,`params`) VALUES (null,'Admin','Login','index',1469690252,'127.0.0.1','[]') [ RunTime:0.000500s ]
ERR: 1048:Column 'username' cannot be null
 [ SQL语句 ] : INSERT INTO `admin_access_log` (`username`,`module`,`controller`,`action`,`act_time`,`ip`,`params`) VALUES (null,'Admin','Login','index',1469690252,'127.0.0.1','[]')
INFO: Run Common\Behavior\AccessBehavior [ RunTime:0.012502s ]
INFO: [ action_begin ] --END-- [ RunTime:0.012502s ]
INFO: [ view_parse ] --START--
INFO: [ template_filter ] --START--
INFO: Run Behavior\ContentReplaceBehavior [ RunTime:0.000000s ]
INFO: [ template_filter ] --END-- [ RunTime:0.000500s ]
INFO: Run Behavior\ParseTemplateBehavior [ RunTime:0.010001s ]
INFO: [ view_parse ] --END-- [ RunTime:0.010001s ]
INFO: [ view_filter ] --START--
INFO: Run Behavior\WriteHtmlCacheBehavior [ RunTime:0.000501s ]
INFO: [ view_filter ] --END-- [ RunTime:0.000501s ]
INFO: [ app_end ] --START--
INFO: Run Behavior\ShowPageTraceBehavior [ RunTime:0.000500s ]
INFO: [ app_end ] --END-- [ RunTime:0.000500s ]

[ 2016-07-28T15:17:32+08:00 ] 127.0.0.1 /index.php?m=&c=Public&a=verify_code&t=1469690252
INFO: [ app_init ] --START--
INFO: Run Behavior\BuildLiteBehavior [ RunTime:0.000000s ]
INFO: [ app_init ] --END-- [ RunTime:0.002001s ]
INFO: [ app_begin ] --START--
INFO: Run Behavior\ReadHtmlCacheBehavior [ RunTime:0.001000s ]
INFO: Run Behavior\CheckLangBehavior [ RunTime:0.002000s ]
INFO: [ app_begin ] --END-- [ RunTime:0.003000s ]
INFO: [ action_begin ] --START--
NOTIC: [8] Undefined index: admin D:\wamp\www\hjyxlqlgm\web\App\Common\Behavior\AccessBehavior.class.php 第 13 行.
NOTIC: [8192] mysql_connect(): The mysql extension is deprecated and will be removed in the future: use mysqli or PDO instead D:\wamp\www\hjyxlqlgm\web\Core\Library\Think\Db\Driver\Mysql.class.php 第 52 行.
SQL: SHOW COLUMNS FROM `admin_access_log` [ RunTime:0.002000s ]
SQL: INSERT INTO `admin_access_log` (`username`,`module`,`controller`,`action`,`act_time`,`ip`,`params`) VALUES (null,'Admin','Public','verify_code',1469690252,'127.0.0.1','{\"t\":\"1469690252\"}') [ RunTime:0.000000s ]
ERR: 1048:Column 'username' cannot be null
 [ SQL语句 ] : INSERT INTO `admin_access_log` (`username`,`module`,`controller`,`action`,`act_time`,`ip`,`params`) VALUES (null,'Admin','Public','verify_code',1469690252,'127.0.0.1','{\"t\":\"1469690252\"}')
INFO: Run Common\Behavior\AccessBehavior [ RunTime:0.023003s ]
INFO: [ action_begin ] --END-- [ RunTime:0.023503s ]
INFO: [ app_end ] --START--
INFO: Run Behavior\ShowPageTraceBehavior [ RunTime:0.001000s ]
INFO: [ app_end ] --END-- [ RunTime:0.001500s ]

[ 2016-07-28T15:17:41+08:00 ] 127.0.0.1 /index.php?m=&c=Login&a=dologin
INFO: [ app_init ] --START--
INFO: Run Behavior\BuildLiteBehavior [ RunTime:0.000000s ]
INFO: [ app_init ] --END-- [ RunTime:0.000500s ]
INFO: [ app_begin ] --START--
INFO: Run Behavior\ReadHtmlCacheBehavior [ RunTime:0.000500s ]
INFO: Run Behavior\CheckLangBehavior [ RunTime:0.003500s ]
INFO: [ app_begin ] --END-- [ RunTime:0.004500s ]
INFO: [ action_begin ] --START--
NOTIC: [8] Undefined index: admin D:\wamp\www\hjyxlqlgm\web\App\Common\Behavior\AccessBehavior.class.php 第 13 行.
NOTIC: [8192] mysql_connect(): The mysql extension is deprecated and will be removed in the future: use mysqli or PDO instead D:\wamp\www\hjyxlqlgm\web\Core\Library\Think\Db\Driver\Mysql.class.php 第 52 行.
SQL: SHOW COLUMNS FROM `admin_access_log` [ RunTime:0.002501s ]
SQL: INSERT INTO `admin_access_log` (`username`,`module`,`controller`,`action`,`act_time`,`ip`,`params`) VALUES (null,'Admin','Login','dologin',1469690261,'127.0.0.1','{\"username\":\"admin\",\"password\":\"admin123\",\"verify\":\"9121\"}') [ RunTime:0.000000s ]
ERR: 1048:Column 'username' cannot be null
 [ SQL语句 ] : INSERT INTO `admin_access_log` (`username`,`module`,`controller`,`action`,`act_time`,`ip`,`params`) VALUES (null,'Admin','Login','dologin',1469690261,'127.0.0.1','{\"username\":\"admin\",\"password\":\"admin123\",\"verify\":\"9121\"}')
INFO: Run Common\Behavior\AccessBehavior [ RunTime:0.013002s ]
INFO: [ action_begin ] --END-- [ RunTime:0.013002s ]
SQL: SHOW COLUMNS FROM `admin` [ RunTime:0.002500s ]
SQL: SELECT * FROM `admin` WHERE ( `username` = 'admin' ) AND ( `status` = 1 ) LIMIT 1   [ RunTime:0.000000s ]
SQL: UPDATE `admin` SET `last_time`=1469690261,`last_ip`='127.0.0.1',`login_count`=login_count+1 WHERE ( `id` = 1 ) [ RunTime:0.000501s ]

[ 2016-07-28T15:17:41+08:00 ] 127.0.0.1 /index.php?m=&c=Index&a=index
INFO: [ app_init ] --START--
INFO: Run Behavior\BuildLiteBehavior [ RunTime:0.000000s ]
INFO: [ app_init ] --END-- [ RunTime:0.001000s ]
INFO: [ app_begin ] --START--
INFO: Run Behavior\ReadHtmlCacheBehavior [ RunTime:0.000500s ]
INFO: Run Behavior\CheckLangBehavior [ RunTime:0.006501s ]
INFO: [ app_begin ] --END-- [ RunTime:0.007001s ]
NOTIC: [2048] Declaration of Admin\Controller\IndexController::index() should be compatible with Admin\Controller\BaseController::index($model = '') D:\wamp\www\hjyxlqlgm\web\App\Admin\Controller\IndexController.class.php 第 4 行.
INFO: [ action_begin ] --START--
NOTIC: [8192] mysql_connect(): The mysql extension is deprecated and will be removed in the future: use mysqli or PDO instead D:\wamp\www\hjyxlqlgm\web\Core\Library\Think\Db\Driver\Mysql.class.php 第 52 行.
SQL: SHOW COLUMNS FROM `admin_access_log` [ RunTime:0.002000s ]
SQL: INSERT INTO `admin_access_log` (`username`,`module`,`controller`,`action`,`act_time`,`ip`,`params`) VALUES ('admin','Admin','Index','index',1469690261,'127.0.0.1','[]') [ RunTime:0.000500s ]
INFO: Run Common\Behavior\AccessBehavior [ RunTime:0.010001s ]
INFO: [ action_begin ] --END-- [ RunTime:0.010501s ]
SQL: SHOW COLUMNS FROM `menu` [ RunTime:0.002501s ]
SQL: SHOW COLUMNS FROM `menu` [ RunTime:0.002500s ]
SQL: SELECT * FROM `menu` WHERE ( `iframe` <> 1 ) AND (  ( `pid` = 0 ) ) AND ( `display` = 1 ) ORDER BY ordid  [ RunTime:0.000000s ]
SQL: SHOW COLUMNS FROM `admin_auth` [ RunTime:0.002501s ]
SQL: SELECT * FROM `admin_auth` WHERE ( role_id=1 )  [ RunTime:0.000500s ]
NOTIC: [8] Undefined index: role_name D:\wamp\www\hjyxlqlgm\web\App\Admin\Controller\IndexController.class.php 第 13 行.
INFO: [ view_parse ] --START--
INFO: [ template_filter ] --START--
INFO: Run Behavior\ContentReplaceBehavior [ RunTime:0.000000s ]
INFO: [ template_filter ] --END-- [ RunTime:0.000000s ]
INFO: Run Behavior\ParseTemplateBehavior [ RunTime:0.012001s ]
INFO: [ view_parse ] --END-- [ RunTime:0.012001s ]
INFO: [ view_filter ] --START--
INFO: Run Behavior\WriteHtmlCacheBehavior [ RunTime:0.001000s ]
INFO: [ view_filter ] --END-- [ RunTime:0.001000s ]
INFO: [ app_end ] --START--
INFO: Run Behavior\ShowPageTraceBehavior [ RunTime:0.000501s ]
INFO: [ app_end ] --END-- [ RunTime:0.001001s ]

[ 2016-07-28T15:17:41+08:00 ] 127.0.0.1 /index.php?m=&c=index&a=panel
INFO: [ app_init ] --START--
INFO: Run Behavior\BuildLiteBehavior [ RunTime:0.000000s ]
INFO: [ app_init ] --END-- [ RunTime:0.000500s ]
INFO: [ app_begin ] --START--
INFO: Run Behavior\ReadHtmlCacheBehavior [ RunTime:0.000500s ]
INFO: Run Behavior\CheckLangBehavior [ RunTime:0.001000s ]
INFO: [ app_begin ] --END-- [ RunTime:0.002000s ]
NOTIC: [2048] Declaration of Admin\Controller\IndexController::index() should be compatible with Admin\Controller\BaseController::index($model = '') D:\wamp\www\hjyxlqlgm\web\App\Admin\Controller\IndexController.class.php 第 4 行.
INFO: [ action_begin ] --START--
NOTIC: [8192] mysql_connect(): The mysql extension is deprecated and will be removed in the future: use mysqli or PDO instead D:\wamp\www\hjyxlqlgm\web\Core\Library\Think\Db\Driver\Mysql.class.php 第 52 行.
SQL: SHOW COLUMNS FROM `admin_access_log` [ RunTime:0.003000s ]
SQL: INSERT INTO `admin_access_log` (`username`,`module`,`controller`,`action`,`act_time`,`ip`,`params`) VALUES ('admin','Admin','Index','panel',1469690261,'127.0.0.1','[]') [ RunTime:0.000500s ]
INFO: Run Common\Behavior\AccessBehavior [ RunTime:0.012501s ]
INFO: [ action_begin ] --END-- [ RunTime:0.013501s ]
SQL: SHOW COLUMNS FROM `menu` [ RunTime:0.004001s ]
INFO: [ view_parse ] --START--
INFO: [ template_filter ] --START--
INFO: Run Behavior\ContentReplaceBehavior [ RunTime:0.000000s ]
INFO: [ template_filter ] --END-- [ RunTime:0.000500s ]
NOTIC: [8] Undefined variable: sub_menu D:\wamp\www\hjyxlqlgm\web\Cache\Cache\Admin\362c0c7a407ab260ee4d2bc810362462.php 第 25 行.
NOTIC: [8] Undefined variable: big_menu D:\wamp\www\hjyxlqlgm\web\Cache\Cache\Admin\362c0c7a407ab260ee4d2bc810362462.php 第 25 行.
INFO: Run Behavior\ParseTemplateBehavior [ RunTime:0.019503s ]
INFO: [ view_parse ] --END-- [ RunTime:0.020003s ]
INFO: [ view_filter ] --START--
INFO: Run Behavior\WriteHtmlCacheBehavior [ RunTime:0.000500s ]
INFO: [ view_filter ] --END-- [ RunTime:0.000500s ]
INFO: [ app_end ] --START--
INFO: Run Behavior\ShowPageTraceBehavior [ RunTime:0.001000s ]
INFO: [ app_end ] --END-- [ RunTime:0.001000s ]

[ 2016-07-28T15:17:41+08:00 ] 127.0.0.1 /index.php?m=&c=Index&a=left
INFO: [ app_init ] --START--
INFO: Run Behavior\BuildLiteBehavior [ RunTime:0.000500s ]
INFO: [ app_init ] --END-- [ RunTime:0.001000s ]
INFO: [ app_begin ] --START--
INFO: Run Behavior\ReadHtmlCacheBehavior [ RunTime:0.001000s ]
INFO: Run Behavior\CheckLangBehavior [ RunTime:0.002001s ]
INFO: [ app_begin ] --END-- [ RunTime:0.003001s ]
NOTIC: [2048] Declaration of Admin\Controller\IndexController::index() should be compatible with Admin\Controller\BaseController::index($model = '') D:\wamp\www\hjyxlqlgm\web\App\Admin\Controller\IndexController.class.php 第 4 行.
INFO: [ action_begin ] --START--
NOTIC: [8192] mysql_connect(): The mysql extension is deprecated and will be removed in the future: use mysqli or PDO instead D:\wamp\www\hjyxlqlgm\web\Core\Library\Think\Db\Driver\Mysql.class.php 第 52 行.
SQL: SHOW COLUMNS FROM `admin_access_log` [ RunTime:0.003000s ]
SQL: INSERT INTO `admin_access_log` (`username`,`module`,`controller`,`action`,`act_time`,`ip`,`params`) VALUES ('admin','Admin','Index','left',1469690261,'127.0.0.1','[]') [ RunTime:0.000500s ]
INFO: Run Common\Behavior\AccessBehavior [ RunTime:0.017502s ]
INFO: [ action_begin ] --END-- [ RunTime:0.017502s ]
SQL: SHOW COLUMNS FROM `menu` [ RunTime:0.005500s ]
SQL: SELECT * FROM `menu` WHERE ( `often` = 1 )  [ RunTime:0.000501s ]
INFO: [ view_parse ] --START--
INFO: [ template_filter ] --START--
INFO: Run Behavior\ContentReplaceBehavior [ RunTime:0.000000s ]
INFO: [ template_filter ] --END-- [ RunTime:0.000500s ]
NOTIC: [8] Undefined index: data D:\wamp\www\hjyxlqlgm\web\Cache\Cache\Admin\6a50c6d503dcfec33a87262cae7a0f6e.php 第 3 行.
INFO: Run Behavior\ParseTemplateBehavior [ RunTime:0.015502s ]
INFO: [ view_parse ] --END-- [ RunTime:0.016002s ]
INFO: [ view_filter ] --START--
INFO: Run Behavior\WriteHtmlCacheBehavior [ RunTime:0.000500s ]
INFO: [ view_filter ] --END-- [ RunTime:0.001000s ]
INFO: [ app_end ] --START--
INFO: Run Behavior\ShowPageTraceBehavior [ RunTime:0.001000s ]
INFO: [ app_end ] --END-- [ RunTime:0.001500s ]

[ 2016-07-28T15:17:43+08:00 ] 127.0.0.1 /index.php?m=&c=Index&a=left
INFO: [ app_init ] --START--
INFO: Run Behavior\BuildLiteBehavior [ RunTime:0.000000s ]
INFO: [ app_init ] --END-- [ RunTime:0.000500s ]
INFO: [ app_begin ] --START--
INFO: Run Behavior\ReadHtmlCacheBehavior [ RunTime:0.000500s ]
INFO: Run Behavior\CheckLangBehavior [ RunTime:0.001501s ]
INFO: [ app_begin ] --END-- [ RunTime:0.002001s ]
NOTIC: [2048] Declaration of Admin\Controller\IndexController::index() should be compatible with Admin\Controller\BaseController::index($model = '') D:\wamp\www\hjyxlqlgm\web\App\Admin\Controller\IndexController.class.php 第 4 行.
INFO: [ action_begin ] --START--
NOTIC: [8192] mysql_connect(): The mysql extension is deprecated and will be removed in the future: use mysqli or PDO instead D:\wamp\www\hjyxlqlgm\web\Core\Library\Think\Db\Driver\Mysql.class.php 第 52 行.
SQL: SHOW COLUMNS FROM `admin_access_log` [ RunTime:0.003000s ]
SQL: INSERT INTO `admin_access_log` (`username`,`module`,`controller`,`action`,`act_time`,`ip`,`params`) VALUES ('admin','Admin','Index','left',1469690263,'127.0.0.1','{\"menuid\":\"1\"}') [ RunTime:0.000000s ]
INFO: Run Common\Behavior\AccessBehavior [ RunTime:0.013002s ]
INFO: [ action_begin ] --END-- [ RunTime:0.013002s ]
SQL: SHOW COLUMNS FROM `menu` [ RunTime:0.002500s ]
SQL: SHOW COLUMNS FROM `menu` [ RunTime:0.002000s ]
SQL: SELECT * FROM `menu` WHERE ( `iframe` <> 1 ) AND (  ( `pid` = 1 ) ) AND ( `display` = 1 ) ORDER BY ordid  [ RunTime:0.000000s ]
SQL: SHOW COLUMNS FROM `admin_auth` [ RunTime:0.002500s ]
SQL: SELECT * FROM `admin_auth` WHERE ( role_id=1 )  [ RunTime:0.000500s ]
SQL: SELECT * FROM `menu` WHERE ( `iframe` = 1 ) AND (  ( `pid` = 1 ) ) AND ( `display` = 1 ) ORDER BY ordid  [ RunTime:0.000500s ]
SQL: SELECT * FROM `admin_auth` WHERE ( role_id=1 )  [ RunTime:0.000000s ]
SQL: SELECT * FROM `menu` WHERE ( `iframe` <> 1 ) AND (  ( `pid` = 1 ) ) AND ( `display` = 1 ) ORDER BY ordid  [ RunTime:0.000501s ]
SQL: SELECT * FROM `admin_auth` WHERE ( role_id=1 )  [ RunTime:0.000000s ]
SQL: SELECT * FROM `menu` WHERE ( `iframe` <> 1 ) AND (  ( `pid` = 2 ) ) AND ( `display` = 1 ) ORDER BY ordid  [ RunTime:0.001000s ]
SQL: SELECT * FROM `admin_auth` WHERE ( role_id=1 )  [ RunTime:0.000000s ]
SQL: SELECT * FROM `menu` WHERE ( `iframe` <> 1 ) AND (  ( `pid` = 7 ) ) AND ( `display` = 1 ) ORDER BY ordid  [ RunTime:0.000500s ]
SQL: SELECT * FROM `admin_auth` WHERE ( role_id=1 )  [ RunTime:0.000000s ]
SQL: SELECT * FROM `menu` WHERE ( `iframe` <> 1 ) AND (  ( `pid` = 43 ) ) AND ( `display` = 1 ) ORDER BY ordid  [ RunTime:0.000500s ]
SQL: SELECT * FROM `admin_auth` WHERE ( role_id=1 )  [ RunTime:0.000500s ]
INFO: [ view_parse ] --START--
INFO: [ template_filter ] --START--
INFO: Run Behavior\ContentReplaceBehavior [ RunTime:0.000000s ]
INFO: [ template_filter ] --END-- [ RunTime:0.000000s ]
INFO: Run Behavior\ParseTemplateBehavior [ RunTime:0.008502s ]
INFO: [ view_parse ] --END-- [ RunTime:0.008502s ]
INFO: [ view_filter ] --START--
INFO: Run Behavior\WriteHtmlCacheBehavior [ RunTime:0.000500s ]
INFO: [ view_filter ] --END-- [ RunTime:0.000500s ]
INFO: [ app_end ] --START--
INFO: Run Behavior\ShowPageTraceBehavior [ RunTime:0.000500s ]
INFO: [ app_end ] --END-- [ RunTime:0.000500s ]

[ 2016-07-28T15:17:44+08:00 ] 127.0.0.1 /index.php?m=&c=menu&a=index&menuid=3
INFO: [ app_init ] --START--
INFO: Run Behavior\BuildLiteBehavior [ RunTime:0.000000s ]
INFO: [ app_init ] --END-- [ RunTime:0.000500s ]
INFO: [ app_begin ] --START--
INFO: Run Behavior\ReadHtmlCacheBehavior [ RunTime:0.000500s ]
INFO: Run Behavior\CheckLangBehavior [ RunTime:0.001000s ]
INFO: [ app_begin ] --END-- [ RunTime:0.001500s ]
NOTIC: [2048] Declaration of Admin\Controller\MenuController::index() should be compatible with Admin\Controller\BaseController::index($model = '') D:\wamp\www\hjyxlqlgm\web\App\Admin\Controller\MenuController.class.php 第 9 行.
INFO: [ action_begin ] --START--
NOTIC: [8192] mysql_connect(): The mysql extension is deprecated and will be removed in the future: use mysqli or PDO instead D:\wamp\www\hjyxlqlgm\web\Core\Library\Think\Db\Driver\Mysql.class.php 第 52 行.
SQL: SHOW COLUMNS FROM `admin_access_log` [ RunTime:0.003000s ]
SQL: INSERT INTO `admin_access_log` (`username`,`module`,`controller`,`action`,`act_time`,`ip`,`params`) VALUES ('admin','Admin','Menu','index',1469690264,'127.0.0.1','{\"menuid\":\"3\"}') [ RunTime:0.001000s ]
INFO: Run Common\Behavior\AccessBehavior [ RunTime:0.022503s ]
INFO: [ action_begin ] --END-- [ RunTime:0.022503s ]
SQL: SHOW COLUMNS FROM `menu` [ RunTime:0.004501s ]
SQL: SHOW COLUMNS FROM `menu` [ RunTime:0.005000s ]
SQL: SELECT * FROM `menu` WHERE ( `iframe` <> 1 ) AND (  ( `pid` = 3 ) ) AND ( `display` = 1 ) ORDER BY ordid  [ RunTime:0.000500s ]
SQL: SHOW COLUMNS FROM `admin_auth` [ RunTime:0.003500s ]
SQL: SELECT * FROM `admin_auth` WHERE ( role_id=1 )  [ RunTime:0.001500s ]
NOTIC: [2] Invalid argument supplied for foreach() D:\wamp\www\hjyxlqlgm\web\App\Admin\Controller\BaseController.class.php 第 19 行.
NOTIC: [2] Invalid argument supplied for foreach() D:\wamp\www\hjyxlqlgm\web\App\Admin\Controller\BaseController.class.php 第 26 行.
SQL: SELECT * FROM `menu` WHERE ( `iframe` = 1 ) AND (  ( `pid` = 3 ) ) AND ( `display` = 1 ) ORDER BY ordid  [ RunTime:0.000500s ]
SQL: SELECT * FROM `admin_auth` WHERE ( role_id=1 )  [ RunTime:0.000500s ]
SQL: SHOW COLUMNS FROM `menu` [ RunTime:0.002500s ]
SQL: SELECT * FROM `menu` ORDER BY ordid  [ RunTime:0.000500s ]
NOTIC: [8] Undefined variable: parentid D:\wamp\www\hjyxlqlgm\web\App\Admin\ORG\Tree.class.php 第 122 行.
NOTIC: [8] Undefined variable: parentid D:\wamp\www\hjyxlqlgm\web\App\Admin\ORG\Tree.class.php 第 122 行.
NOTIC: [8] Undefined variable: parentid D:\wamp\www\hjyxlqlgm\web\App\Admin\ORG\Tree.class.php 第 122 行.
NOTIC: [8] Undefined variable: parentid D:\wamp\www\hjyxlqlgm\web\App\Admin\ORG\Tree.class.php 第 122 行.
NOTIC: [8] Undefined variable: parentid D:\wamp\www\hjyxlqlgm\web\App\Admin\ORG\Tree.class.php 第 122 行.
NOTIC: [8] Undefined variable: parentid D:\wamp\www\hjyxlqlgm\web\App\Admin\ORG\Tree.class.php 第 122 行.
NOTIC: [8] Undefined variable: parentid D:\wamp\www\hjyxlqlgm\web\App\Admin\ORG\Tree.class.php 第 122 行.
NOTIC: [8] Undefined variable: parentid D:\wamp\www\hjyxlqlgm\web\App\Admin\ORG\Tree.class.php 第 122 行.
NOTIC: [8] Undefined variable: parentid D:\wamp\www\hjyxlqlgm\web\App\Admin\ORG\Tree.class.php 第 122 行.
NOTIC: [8] Undefined variable: parentid D:\wamp\www\hjyxlqlgm\web\App\Admin\ORG\Tree.class.php 第 122 行.
NOTIC: [8] Undefined variable: parentid D:\wamp\www\hjyxlqlgm\web\App\Admin\ORG\Tree.class.php 第 122 行.
NOTIC: [8] Undefined variable: parentid D:\wamp\www\hjyxlqlgm\web\App\Admin\ORG\Tree.class.php 第 122 行.
NOTIC: [8] Undefined variable: parentid D:\wamp\www\hjyxlqlgm\web\App\Admin\ORG\Tree.class.php 第 122 行.
NOTIC: [8] Undefined variable: parentid D:\wamp\www\hjyxlqlgm\web\App\Admin\ORG\Tree.class.php 第 122 行.
NOTIC: [8] Undefined variable: parentid D:\wamp\www\hjyxlqlgm\web\App\Admin\ORG\Tree.class.php 第 122 行.
NOTIC: [8] Undefined variable: parentid D:\wamp\www\hjyxlqlgm\web\App\Admin\ORG\Tree.class.php 第 122 行.
NOTIC: [8] Undefined variable: parentid D:\wamp\www\hjyxlqlgm\web\App\Admin\ORG\Tree.class.php 第 122 行.
NOTIC: [8] Undefined variable: parentid D:\wamp\www\hjyxlqlgm\web\App\Admin\ORG\Tree.class.php 第 122 行.
NOTIC: [8] Undefined variable: parentid D:\wamp\www\hjyxlqlgm\web\App\Admin\ORG\Tree.class.php 第 122 行.
NOTIC: [8] Undefined variable: parentid D:\wamp\www\hjyxlqlgm\web\App\Admin\ORG\Tree.class.php 第 122 行.
NOTIC: [8] Undefined variable: parentid D:\wamp\www\hjyxlqlgm\web\App\Admin\ORG\Tree.class.php 第 122 行.
NOTIC: [8] Undefined variable: parentid D:\wamp\www\hjyxlqlgm\web\App\Admin\ORG\Tree.class.php 第 122 行.
NOTIC: [8] Undefined variable: parentid D:\wamp\www\hjyxlqlgm\web\App\Admin\ORG\Tree.class.php 第 122 行.
NOTIC: [8] Undefined variable: parentid D:\wamp\www\hjyxlqlgm\web\App\Admin\ORG\Tree.class.php 第 122 行.
NOTIC: [8] Undefined variable: parentid D:\wamp\www\hjyxlqlgm\web\App\Admin\ORG\Tree.class.php 第 122 行.
NOTIC: [8] Undefined variable: parentid D:\wamp\www\hjyxlqlgm\web\App\Admin\ORG\Tree.class.php 第 122 行.
NOTIC: [8] Undefined variable: parentid D:\wamp\www\hjyxlqlgm\web\App\Admin\ORG\Tree.class.php 第 122 行.
NOTIC: [8] Undefined variable: parentid D:\wamp\www\hjyxlqlgm\web\App\Admin\ORG\Tree.class.php 第 122 行.
NOTIC: [8] Undefined variable: parentid D:\wamp\www\hjyxlqlgm\web\App\Admin\ORG\Tree.class.php 第 122 行.
NOTIC: [8] Undefined variable: parentid D:\wamp\www\hjyxlqlgm\web\App\Admin\ORG\Tree.class.php 第 122 行.
NOTIC: [8] Undefined variable: parentid D:\wamp\www\hjyxlqlgm\web\App\Admin\ORG\Tree.class.php 第 122 行.
NOTIC: [8] Undefined variable: parentid D:\wamp\www\hjyxlqlgm\web\App\Admin\ORG\Tree.class.php 第 122 行.
NOTIC: [8] Undefined variable: parentid D:\wamp\www\hjyxlqlgm\web\App\Admin\ORG\Tree.class.php 第 122 行.
NOTIC: [8] Undefined variable: parentid D:\wamp\www\hjyxlqlgm\web\App\Admin\ORG\Tree.class.php 第 122 行.
NOTIC: [8] Undefined variable: parentid D:\wamp\www\hjyxlqlgm\web\App\Admin\ORG\Tree.class.php 第 122 行.
NOTIC: [8] Undefined variable: parentid D:\wamp\www\hjyxlqlgm\web\App\Admin\ORG\Tree.class.php 第 122 行.
NOTIC: [8] Undefined variable: parentid D:\wamp\www\hjyxlqlgm\web\App\Admin\ORG\Tree.class.php 第 122 行.
NOTIC: [8] Undefined variable: parentid D:\wamp\www\hjyxlqlgm\web\App\Admin\ORG\Tree.class.php 第 122 行.
NOTIC: [8] Undefined variable: parentid D:\wamp\www\hjyxlqlgm\web\App\Admin\ORG\Tree.class.php 第 122 行.
NOTIC: [8] Undefined variable: parentid D:\wamp\www\hjyxlqlgm\web\App\Admin\ORG\Tree.class.php 第 122 行.
NOTIC: [8] Undefined variable: parentid D:\wamp\www\hjyxlqlgm\web\App\Admin\ORG\Tree.class.php 第 122 行.
NOTIC: [8] Undefined variable: parentid D:\wamp\www\hjyxlqlgm\web\App\Admin\ORG\Tree.class.php 第 122 行.
NOTIC: [8] Undefined variable: parentid D:\wamp\www\hjyxlqlgm\web\App\Admin\ORG\Tree.class.php 第 122 行.
NOTIC: [8] Undefined variable: parentid D:\wamp\www\hjyxlqlgm\web\App\Admin\ORG\Tree.class.php 第 122 行.
NOTIC: [8] Undefined variable: parentid D:\wamp\www\hjyxlqlgm\web\App\Admin\ORG\Tree.class.php 第 122 行.
NOTIC: [8] Undefined variable: parentid D:\wamp\www\hjyxlqlgm\web\App\Admin\ORG\Tree.class.php 第 122 行.
NOTIC: [8] Undefined variable: parentid D:\wamp\www\hjyxlqlgm\web\App\Admin\ORG\Tree.class.php 第 122 行.
NOTIC: [8] Undefined variable: parentid D:\wamp\www\hjyxlqlgm\web\App\Admin\ORG\Tree.class.php 第 122 行.
NOTIC: [8] Undefined variable: parentid D:\wamp\www\hjyxlqlgm\web\App\Admin\ORG\Tree.class.php 第 122 行.
INFO: [ view_parse ] --START--
INFO: [ template_filter ] --START--
INFO: Run Behavior\ContentReplaceBehavior [ RunTime:0.000000s ]
INFO: [ template_filter ] --END-- [ RunTime:0.000000s ]
NOTIC: [8] Undefined variable: page D:\wamp\www\hjyxlqlgm\web\Cache\Cache\Admin\5a1d71dcf039f1b3725a8d8d96ae9d91.php 第 53 行.
INFO: Run Behavior\ParseTemplateBehavior [ RunTime:0.014002s ]
INFO: [ view_parse ] --END-- [ RunTime:0.014502s ]
INFO: [ view_filter ] --START--
INFO: Run Behavior\WriteHtmlCacheBehavior [ RunTime:0.000500s ]
INFO: [ view_filter ] --END-- [ RunTime:0.000500s ]
INFO: [ app_end ] --START--
INFO: Run Behavior\ShowPageTraceBehavior [ RunTime:0.000500s ]
INFO: [ app_end ] --END-- [ RunTime:0.001000s ]

[ 2016-07-28T15:17:58+08:00 ] 127.0.0.1 /index.php?m=&c=admin&a=index&menuid=8
INFO: [ app_init ] --START--
INFO: Run Behavior\BuildLiteBehavior [ RunTime:0.000000s ]
INFO: [ app_init ] --END-- [ RunTime:0.000500s ]
INFO: [ app_begin ] --START--
INFO: Run Behavior\ReadHtmlCacheBehavior [ RunTime:0.000500s ]
INFO: Run Behavior\CheckLangBehavior [ RunTime:0.001000s ]
INFO: [ app_begin ] --END-- [ RunTime:0.001500s ]
INFO: [ action_begin ] --START--
NOTIC: [8192] mysql_connect(): The mysql extension is deprecated and will be removed in the future: use mysqli or PDO instead D:\wamp\www\hjyxlqlgm\web\Core\Library\Think\Db\Driver\Mysql.class.php 第 52 行.
SQL: SHOW COLUMNS FROM `admin_access_log` [ RunTime:0.003500s ]
SQL: INSERT INTO `admin_access_log` (`username`,`module`,`controller`,`action`,`act_time`,`ip`,`params`) VALUES ('admin','Admin','Admin','index',1469690278,'127.0.0.1','{\"menuid\":\"8\"}') [ RunTime:0.000000s ]
INFO: Run Common\Behavior\AccessBehavior [ RunTime:0.021502s ]
INFO: [ action_begin ] --END-- [ RunTime:0.021502s ]
SQL: SHOW COLUMNS FROM `menu` [ RunTime:0.003500s ]
SQL: SHOW COLUMNS FROM `menu` [ RunTime:0.002000s ]
SQL: SELECT * FROM `menu` WHERE ( `iframe` <> 1 ) AND (  ( `pid` = 8 ) ) AND ( `display` = 1 ) ORDER BY ordid  [ RunTime:0.000501s ]
SQL: SHOW COLUMNS FROM `admin_auth` [ RunTime:0.002500s ]
SQL: SELECT * FROM `admin_auth` WHERE ( role_id=1 )  [ RunTime:0.000500s ]
NOTIC: [2] Invalid argument supplied for foreach() D:\wamp\www\hjyxlqlgm\web\App\Admin\Controller\BaseController.class.php 第 19 行.
NOTIC: [2] Invalid argument supplied for foreach() D:\wamp\www\hjyxlqlgm\web\App\Admin\Controller\BaseController.class.php 第 26 行.
SQL: SELECT * FROM `menu` WHERE ( `iframe` = 1 ) AND (  ( `pid` = 8 ) ) AND ( `display` = 1 ) ORDER BY ordid  [ RunTime:0.000500s ]
SQL: SELECT * FROM `admin_auth` WHERE ( role_id=1 )  [ RunTime:0.000500s ]
NOTIC: [8] Use of undefined constant BELONGS_TO - assumed 'BELONGS_TO' D:\wamp\www\hjyxlqlgm\web\Core\Common\functions.php 第 498 行.
SQL: SHOW COLUMNS FROM `admin` [ RunTime:0.003500s ]
SQL: SHOW COLUMNS FROM `admin` [ RunTime:0.001500s ]
NOTIC: [8] Undefined index: sort D:\wamp\www\hjyxlqlgm\web\App\Admin\Controller\BaseController.class.php 第 327 行.
NOTIC: [8] Undefined index: order D:\wamp\www\hjyxlqlgm\web\App\Admin\Controller\BaseController.class.php 第 328 行.
NOTIC: [8] Undefined index: listRows D:\wamp\www\hjyxlqlgm\web\App\Admin\Controller\BaseController.class.php 第 329 行.
SQL: SELECT COUNT(id) AS tp_count FROM `admin` LIMIT 1   [ RunTime:0.000000s ]
SQL: SELECT * FROM `admin` ORDER BY id  LIMIT 0,20   [ RunTime:0.000000s ]
NOTIC: [8] Use of undefined constant MANY_TO_MANY - assumed 'MANY_TO_MANY' D:\wamp\www\hjyxlqlgm\web\Core\Common\functions.php 第 498 行.
SQL: SHOW COLUMNS FROM `admin_role` [ RunTime:0.002500s ]
NOTIC: [8] Undefined variable: relationData D:\wamp\www\hjyxlqlgm\web\Core\Library\Think\Model\RelationModel.class.php 第 227 行.
INFO: [ view_parse ] --START--
INFO: [ template_filter ] --START--
INFO: Run Behavior\ContentReplaceBehavior [ RunTime:0.000500s ]
INFO: [ template_filter ] --END-- [ RunTime:0.000500s ]
NOTIC: [8] Undefined variable: search D:\wamp\www\hjyxlqlgm\web\Cache\Cache\Admin\7d5bae8f2106a04379ef690681e93072.php 第 45 行.
NOTIC: [8] Undefined variable: search D:\wamp\www\hjyxlqlgm\web\Cache\Cache\Admin\7d5bae8f2106a04379ef690681e93072.php 第 47 行.
INFO: Run Behavior\ParseTemplateBehavior [ RunTime:0.025504s ]
INFO: [ view_parse ] --END-- [ RunTime:0.026004s ]
INFO: [ view_filter ] --START--
INFO: Run Behavior\WriteHtmlCacheBehavior [ RunTime:0.000500s ]
INFO: [ view_filter ] --END-- [ RunTime:0.000500s ]
INFO: [ app_end ] --START--
INFO: Run Behavior\ShowPageTraceBehavior [ RunTime:0.000500s ]
INFO: [ app_end ] --END-- [ RunTime:0.001000s ]

[ 2016-07-28T15:18:36+08:00 ] 127.0.0.1 /index.php?m=&c=AdminRole&a=index&menuid=12
INFO: [ app_init ] --START--
INFO: Run Behavior\BuildLiteBehavior [ RunTime:0.000500s ]
INFO: [ app_init ] --END-- [ RunTime:0.000500s ]
INFO: [ app_begin ] --START--
INFO: Run Behavior\ReadHtmlCacheBehavior [ RunTime:0.000500s ]
INFO: Run Behavior\CheckLangBehavior [ RunTime:0.002001s ]
INFO: [ app_begin ] --END-- [ RunTime:0.003001s ]
INFO: [ action_begin ] --START--
NOTIC: [8192] mysql_connect(): The mysql extension is deprecated and will be removed in the future: use mysqli or PDO instead D:\wamp\www\hjyxlqlgm\web\Core\Library\Think\Db\Driver\Mysql.class.php 第 52 行.
SQL: SHOW COLUMNS FROM `admin_access_log` [ RunTime:0.001500s ]
SQL: INSERT INTO `admin_access_log` (`username`,`module`,`controller`,`action`,`act_time`,`ip`,`params`) VALUES ('admin','Admin','AdminRole','index',1469690316,'127.0.0.1','{\"menuid\":\"12\"}') [ RunTime:0.000000s ]
INFO: Run Common\Behavior\AccessBehavior [ RunTime:0.009501s ]
INFO: [ action_begin ] --END-- [ RunTime:0.010001s ]
SQL: SHOW COLUMNS FROM `menu` [ RunTime:0.002001s ]
SQL: SHOW COLUMNS FROM `menu` [ RunTime:0.002000s ]
SQL: SELECT * FROM `menu` WHERE ( `iframe` <> 1 ) AND (  ( `pid` = 12 ) ) AND ( `display` = 1 ) ORDER BY ordid  [ RunTime:0.000500s ]
SQL: SHOW COLUMNS FROM `admin_auth` [ RunTime:0.003501s ]
SQL: SELECT * FROM `admin_auth` WHERE ( role_id=1 )  [ RunTime:0.000500s ]
NOTIC: [2] Invalid argument supplied for foreach() D:\wamp\www\hjyxlqlgm\web\App\Admin\Controller\BaseController.class.php 第 19 行.
NOTIC: [2] Invalid argument supplied for foreach() D:\wamp\www\hjyxlqlgm\web\App\Admin\Controller\BaseController.class.php 第 26 行.
SQL: SELECT * FROM `menu` WHERE ( `iframe` = 1 ) AND (  ( `pid` = 12 ) ) AND ( `display` = 1 ) ORDER BY ordid  [ RunTime:0.000500s ]
SQL: SELECT * FROM `admin_auth` WHERE ( role_id=1 )  [ RunTime:0.000500s ]
NOTIC: [8] Use of undefined constant MANY_TO_MANY - assumed 'MANY_TO_MANY' D:\wamp\www\hjyxlqlgm\web\Core\Common\functions.php 第 498 行.
SQL: SHOW COLUMNS FROM `admin_role` [ RunTime:0.002500s ]
NOTIC: [8] Undefined index: sort D:\wamp\www\hjyxlqlgm\web\App\Admin\Controller\BaseController.class.php 第 327 行.
NOTIC: [8] Undefined index: order D:\wamp\www\hjyxlqlgm\web\App\Admin\Controller\BaseController.class.php 第 328 行.
NOTIC: [8] Undefined index: listRows D:\wamp\www\hjyxlqlgm\web\App\Admin\Controller\BaseController.class.php 第 329 行.
SQL: SELECT COUNT(id) AS tp_count FROM `admin_role` LIMIT 1   [ RunTime:0.000000s ]
SQL: SELECT * FROM `admin_role` ORDER BY id  LIMIT 0,20   [ RunTime:0.000500s ]
INFO: [ view_parse ] --START--
INFO: [ template_filter ] --START--
INFO: Run Behavior\ContentReplaceBehavior [ RunTime:0.000500s ]
INFO: [ template_filter ] --END-- [ RunTime:0.000500s ]
INFO: Run Behavior\ParseTemplateBehavior [ RunTime:0.038005s ]
INFO: [ view_parse ] --END-- [ RunTime:0.038505s ]
INFO: [ view_filter ] --START--
INFO: Run Behavior\WriteHtmlCacheBehavior [ RunTime:0.000500s ]
INFO: [ view_filter ] --END-- [ RunTime:0.000500s ]
INFO: [ app_end ] --START--
INFO: Run Behavior\ShowPageTraceBehavior [ RunTime:0.000501s ]
INFO: [ app_end ] --END-- [ RunTime:0.001501s ]

[ 2016-07-28T15:18:38+08:00 ] 127.0.0.1 /index.php?m=&c=Platform&a=index&menuid=44
INFO: [ app_init ] --START--
INFO: Run Behavior\BuildLiteBehavior [ RunTime:0.000000s ]
INFO: [ app_init ] --END-- [ RunTime:0.000501s ]
INFO: [ app_begin ] --START--
INFO: Run Behavior\ReadHtmlCacheBehavior [ RunTime:0.001000s ]
INFO: Run Behavior\CheckLangBehavior [ RunTime:0.001500s ]
INFO: [ app_begin ] --END-- [ RunTime:0.002500s ]
NOTIC: [2048] Declaration of Admin\Controller\PlatformController::index() should be compatible with Admin\Controller\BaseController::index($model = '') D:\wamp\www\hjyxlqlgm\web\App\Admin\Controller\PlatformController.class.php 第 10 行.
INFO: [ action_begin ] --START--
NOTIC: [8192] mysql_connect(): The mysql extension is deprecated and will be removed in the future: use mysqli or PDO instead D:\wamp\www\hjyxlqlgm\web\Core\Library\Think\Db\Driver\Mysql.class.php 第 52 行.
SQL: SHOW COLUMNS FROM `admin_access_log` [ RunTime:0.002500s ]
SQL: INSERT INTO `admin_access_log` (`username`,`module`,`controller`,`action`,`act_time`,`ip`,`params`) VALUES ('admin','Admin','Platform','index',1469690318,'127.0.0.1','{\"menuid\":\"44\"}') [ RunTime:0.000000s ]
INFO: Run Common\Behavior\AccessBehavior [ RunTime:0.010501s ]
INFO: [ action_begin ] --END-- [ RunTime:0.010501s ]
SQL: SHOW COLUMNS FROM `menu` [ RunTime:0.002500s ]
SQL: SHOW COLUMNS FROM `menu` [ RunTime:0.003000s ]
SQL: SELECT * FROM `menu` WHERE ( `iframe` <> 1 ) AND (  ( `pid` = 44 ) ) AND ( `display` = 1 ) ORDER BY ordid  [ RunTime:0.000000s ]
SQL: SHOW COLUMNS FROM `admin_auth` [ RunTime:0.001500s ]
SQL: SELECT * FROM `admin_auth` WHERE ( role_id=1 )  [ RunTime:0.000500s ]
NOTIC: [2] Invalid argument supplied for foreach() D:\wamp\www\hjyxlqlgm\web\App\Admin\Controller\BaseController.class.php 第 19 行.
NOTIC: [2] Invalid argument supplied for foreach() D:\wamp\www\hjyxlqlgm\web\App\Admin\Controller\BaseController.class.php 第 26 行.
SQL: SELECT * FROM `menu` WHERE ( `iframe` = 1 ) AND (  ( `pid` = 44 ) ) AND ( `display` = 1 ) ORDER BY ordid  [ RunTime:0.000000s ]
SQL: SELECT * FROM `admin_auth` WHERE ( role_id=1 )  [ RunTime:0.000500s ]
SQL: SHOW COLUMNS FROM `game_platform` [ RunTime:0.003001s ]
NOTIC: [8] Undefined index: sort D:\wamp\www\hjyxlqlgm\web\App\Admin\Controller\BaseController.class.php 第 327 行.
NOTIC: [8] Undefined index: order D:\wamp\www\hjyxlqlgm\web\App\Admin\Controller\BaseController.class.php 第 328 行.
NOTIC: [8] Undefined index: listRows D:\wamp\www\hjyxlqlgm\web\App\Admin\Controller\BaseController.class.php 第 329 行.
SQL: SELECT COUNT(platform_id) AS tp_count FROM `game_platform` LIMIT 1   [ RunTime:0.000500s ]
SQL: SELECT * FROM `game_platform` ORDER BY platform_id  LIMIT 0,20   [ RunTime:0.000000s ]
INFO: [ view_parse ] --START--
INFO: [ template_filter ] --START--
INFO: Run Behavior\ContentReplaceBehavior [ RunTime:0.000000s ]
INFO: [ template_filter ] --END-- [ RunTime:0.000500s ]
INFO: Run Behavior\ParseTemplateBehavior [ RunTime:0.025003s ]
INFO: [ view_parse ] --END-- [ RunTime:0.025003s ]
INFO: [ view_filter ] --START--
INFO: Run Behavior\WriteHtmlCacheBehavior [ RunTime:0.000500s ]
INFO: [ view_filter ] --END-- [ RunTime:0.001000s ]
INFO: [ app_end ] --START--
INFO: Run Behavior\ShowPageTraceBehavior [ RunTime:0.000501s ]
INFO: [ app_end ] --END-- [ RunTime:0.001001s ]

[ 2016-07-28T15:18:41+08:00 ] 127.0.0.1 /index.php?m=&c=menu&a=index&menuid=3
INFO: [ app_init ] --START--
INFO: Run Behavior\BuildLiteBehavior [ RunTime:0.000000s ]
INFO: [ app_init ] --END-- [ RunTime:0.000500s ]
INFO: [ app_begin ] --START--
INFO: Run Behavior\ReadHtmlCacheBehavior [ RunTime:0.001500s ]
INFO: Run Behavior\CheckLangBehavior [ RunTime:0.002501s ]
INFO: [ app_begin ] --END-- [ RunTime:0.004001s ]
NOTIC: [2048] Declaration of Admin\Controller\MenuController::index() should be compatible with Admin\Controller\BaseController::index($model = '') D:\wamp\www\hjyxlqlgm\web\App\Admin\Controller\MenuController.class.php 第 9 行.
INFO: [ action_begin ] --START--
NOTIC: [8192] mysql_connect(): The mysql extension is deprecated and will be removed in the future: use mysqli or PDO instead D:\wamp\www\hjyxlqlgm\web\Core\Library\Think\Db\Driver\Mysql.class.php 第 52 行.
SQL: SHOW COLUMNS FROM `admin_access_log` [ RunTime:0.004000s ]
SQL: INSERT INTO `admin_access_log` (`username`,`module`,`controller`,`action`,`act_time`,`ip`,`params`) VALUES ('admin','Admin','Menu','index',1469690321,'127.0.0.1','{\"menuid\":\"3\"}') [ RunTime:0.000000s ]
INFO: Run Common\Behavior\AccessBehavior [ RunTime:0.026504s ]
INFO: [ action_begin ] --END-- [ RunTime:0.026504s ]
SQL: SHOW COLUMNS FROM `menu` [ RunTime:0.002500s ]
SQL: SHOW COLUMNS FROM `menu` [ RunTime:0.002500s ]
SQL: SELECT * FROM `menu` WHERE ( `iframe` <> 1 ) AND (  ( `pid` = 3 ) ) AND ( `display` = 1 ) ORDER BY ordid  [ RunTime:0.000500s ]
SQL: SHOW COLUMNS FROM `admin_auth` [ RunTime:0.002500s ]
SQL: SELECT * FROM `admin_auth` WHERE ( role_id=1 )  [ RunTime:0.000500s ]
NOTIC: [2] Invalid argument supplied for foreach() D:\wamp\www\hjyxlqlgm\web\App\Admin\Controller\BaseController.class.php 第 19 行.
NOTIC: [2] Invalid argument supplied for foreach() D:\wamp\www\hjyxlqlgm\web\App\Admin\Controller\BaseController.class.php 第 26 行.
SQL: SELECT * FROM `menu` WHERE ( `iframe` = 1 ) AND (  ( `pid` = 3 ) ) AND ( `display` = 1 ) ORDER BY ordid  [ RunTime:0.000500s ]
SQL: SELECT * FROM `admin_auth` WHERE ( role_id=1 )  [ RunTime:0.000000s ]
SQL: SHOW COLUMNS FROM `menu` [ RunTime:0.002000s ]
SQL: SELECT * FROM `menu` ORDER BY ordid  [ RunTime:0.000500s ]
NOTIC: [8] Undefined variable: parentid D:\wamp\www\hjyxlqlgm\web\App\Admin\ORG\Tree.class.php 第 122 行.
NOTIC: [8] Undefined variable: parentid D:\wamp\www\hjyxlqlgm\web\App\Admin\ORG\Tree.class.php 第 122 行.
NOTIC: [8] Undefined variable: parentid D:\wamp\www\hjyxlqlgm\web\App\Admin\ORG\Tree.class.php 第 122 行.
NOTIC: [8] Undefined variable: parentid D:\wamp\www\hjyxlqlgm\web\App\Admin\ORG\Tree.class.php 第 122 行.
NOTIC: [8] Undefined variable: parentid D:\wamp\www\hjyxlqlgm\web\App\Admin\ORG\Tree.class.php 第 122 行.
NOTIC: [8] Undefined variable: parentid D:\wamp\www\hjyxlqlgm\web\App\Admin\ORG\Tree.class.php 第 122 行.
NOTIC: [8] Undefined variable: parentid D:\wamp\www\hjyxlqlgm\web\App\Admin\ORG\Tree.class.php 第 122 行.
NOTIC: [8] Undefined variable: parentid D:\wamp\www\hjyxlqlgm\web\App\Admin\ORG\Tree.class.php 第 122 行.
NOTIC: [8] Undefined variable: parentid D:\wamp\www\hjyxlqlgm\web\App\Admin\ORG\Tree.class.php 第 122 行.
NOTIC: [8] Undefined variable: parentid D:\wamp\www\hjyxlqlgm\web\App\Admin\ORG\Tree.class.php 第 122 行.
NOTIC: [8] Undefined variable: parentid D:\wamp\www\hjyxlqlgm\web\App\Admin\ORG\Tree.class.php 第 122 行.
NOTIC: [8] Undefined variable: parentid D:\wamp\www\hjyxlqlgm\web\App\Admin\ORG\Tree.class.php 第 122 行.
NOTIC: [8] Undefined variable: parentid D:\wamp\www\hjyxlqlgm\web\App\Admin\ORG\Tree.class.php 第 122 行.
NOTIC: [8] Undefined variable: parentid D:\wamp\www\hjyxlqlgm\web\App\Admin\ORG\Tree.class.php 第 122 行.
NOTIC: [8] Undefined variable: parentid D:\wamp\www\hjyxlqlgm\web\App\Admin\ORG\Tree.class.php 第 122 行.
NOTIC: [8] Undefined variable: parentid D:\wamp\www\hjyxlqlgm\web\App\Admin\ORG\Tree.class.php 第 122 行.
NOTIC: [8] Undefined variable: parentid D:\wamp\www\hjyxlqlgm\web\App\Admin\ORG\Tree.class.php 第 122 行.
NOTIC: [8] Undefined variable: parentid D:\wamp\www\hjyxlqlgm\web\App\Admin\ORG\Tree.class.php 第 122 行.
NOTIC: [8] Undefined variable: parentid D:\wamp\www\hjyxlqlgm\web\App\Admin\ORG\Tree.class.php 第 122 行.
NOTIC: [8] Undefined variable: parentid D:\wamp\www\hjyxlqlgm\web\App\Admin\ORG\Tree.class.php 第 122 行.
NOTIC: [8] Undefined variable: parentid D:\wamp\www\hjyxlqlgm\web\App\Admin\ORG\Tree.class.php 第 122 行.
NOTIC: [8] Undefined variable: parentid D:\wamp\www\hjyxlqlgm\web\App\Admin\ORG\Tree.class.php 第 122 行.
NOTIC: [8] Undefined variable: parentid D:\wamp\www\hjyxlqlgm\web\App\Admin\ORG\Tree.class.php 第 122 行.
NOTIC: [8] Undefined variable: parentid D:\wamp\www\hjyxlqlgm\web\App\Admin\ORG\Tree.class.php 第 122 行.
NOTIC: [8] Undefined variable: parentid D:\wamp\www\hjyxlqlgm\web\App\Admin\ORG\Tree.class.php 第 122 行.
NOTIC: [8] Undefined variable: parentid D:\wamp\www\hjyxlqlgm\web\App\Admin\ORG\Tree.class.php 第 122 行.
NOTIC: [8] Undefined variable: parentid D:\wamp\www\hjyxlqlgm\web\App\Admin\ORG\Tree.class.php 第 122 行.
NOTIC: [8] Undefined variable: parentid D:\wamp\www\hjyxlqlgm\web\App\Admin\ORG\Tree.class.php 第 122 行.
NOTIC: [8] Undefined variable: parentid D:\wamp\www\hjyxlqlgm\web\App\Admin\ORG\Tree.class.php 第 122 行.
NOTIC: [8] Undefined variable: parentid D:\wamp\www\hjyxlqlgm\web\App\Admin\ORG\Tree.class.php 第 122 行.
NOTIC: [8] Undefined variable: parentid D:\wamp\www\hjyxlqlgm\web\App\Admin\ORG\Tree.class.php 第 122 行.
NOTIC: [8] Undefined variable: parentid D:\wamp\www\hjyxlqlgm\web\App\Admin\ORG\Tree.class.php 第 122 行.
NOTIC: [8] Undefined variable: parentid D:\wamp\www\hjyxlqlgm\web\App\Admin\ORG\Tree.class.php 第 122 行.
NOTIC: [8] Undefined variable: parentid D:\wamp\www\hjyxlqlgm\web\App\Admin\ORG\Tree.class.php 第 122 行.
NOTIC: [8] Undefined variable: parentid D:\wamp\www\hjyxlqlgm\web\App\Admin\ORG\Tree.class.php 第 122 行.
NOTIC: [8] Undefined variable: parentid D:\wamp\www\hjyxlqlgm\web\App\Admin\ORG\Tree.class.php 第 122 行.
NOTIC: [8] Undefined variable: parentid D:\wamp\www\hjyxlqlgm\web\App\Admin\ORG\Tree.class.php 第 122 行.
NOTIC: [8] Undefined variable: parentid D:\wamp\www\hjyxlqlgm\web\App\Admin\ORG\Tree.class.php 第 122 行.
NOTIC: [8] Undefined variable: parentid D:\wamp\www\hjyxlqlgm\web\App\Admin\ORG\Tree.class.php 第 122 行.
NOTIC: [8] Undefined variable: parentid D:\wamp\www\hjyxlqlgm\web\App\Admin\ORG\Tree.class.php 第 122 行.
NOTIC: [8] Undefined variable: parentid D:\wamp\www\hjyxlqlgm\web\App\Admin\ORG\Tree.class.php 第 122 行.
NOTIC: [8] Undefined variable: parentid D:\wamp\www\hjyxlqlgm\web\App\Admin\ORG\Tree.class.php 第 122 行.
NOTIC: [8] Undefined variable: parentid D:\wamp\www\hjyxlqlgm\web\App\Admin\ORG\Tree.class.php 第 122 行.
NOTIC: [8] Undefined variable: parentid D:\wamp\www\hjyxlqlgm\web\App\Admin\ORG\Tree.class.php 第 122 行.
NOTIC: [8] Undefined variable: parentid D:\wamp\www\hjyxlqlgm\web\App\Admin\ORG\Tree.class.php 第 122 行.
NOTIC: [8] Undefined variable: parentid D:\wamp\www\hjyxlqlgm\web\App\Admin\ORG\Tree.class.php 第 122 行.
NOTIC: [8] Undefined variable: parentid D:\wamp\www\hjyxlqlgm\web\App\Admin\ORG\Tree.class.php 第 122 行.
NOTIC: [8] Undefined variable: parentid D:\wamp\www\hjyxlqlgm\web\App\Admin\ORG\Tree.class.php 第 122 行.
NOTIC: [8] Undefined variable: parentid D:\wamp\www\hjyxlqlgm\web\App\Admin\ORG\Tree.class.php 第 122 行.
INFO: [ view_parse ] --START--
INFO: [ template_filter ] --START--
INFO: Run Behavior\ContentReplaceBehavior [ RunTime:0.000500s ]
INFO: [ template_filter ] --END-- [ RunTime:0.000500s ]
NOTIC: [8] Undefined variable: page D:\wamp\www\hjyxlqlgm\web\Cache\Cache\Admin\5a1d71dcf039f1b3725a8d8d96ae9d91.php 第 53 行.
INFO: Run Behavior\ParseTemplateBehavior [ RunTime:0.022503s ]
INFO: [ view_parse ] --END-- [ RunTime:0.022503s ]
INFO: [ view_filter ] --START--
INFO: Run Behavior\WriteHtmlCacheBehavior [ RunTime:0.000500s ]
INFO: [ view_filter ] --END-- [ RunTime:0.000500s ]
INFO: [ app_end ] --START--
INFO: Run Behavior\ShowPageTraceBehavior [ RunTime:0.000500s ]
INFO: [ app_end ] --END-- [ RunTime:0.000500s ]

[ 2016-07-28T15:34:52+08:00 ] 127.0.0.1 /index.php?m=&c=Index&a=left
INFO: [ app_init ] --START--
INFO: Run Behavior\BuildLiteBehavior [ RunTime:0.000000s ]
INFO: [ app_init ] --END-- [ RunTime:0.000000s ]
INFO: [ app_begin ] --START--
INFO: Run Behavior\ReadHtmlCacheBehavior [ RunTime:0.000500s ]
INFO: Run Behavior\CheckLangBehavior [ RunTime:0.001500s ]
INFO: [ app_begin ] --END-- [ RunTime:0.002000s ]
NOTIC: [2048] Declaration of Admin\Controller\IndexController::index() should be compatible with Admin\Controller\BaseController::index($model = '') D:\wamp\www\hjyxlqlgm\web\App\Admin\Controller\IndexController.class.php 第 4 行.
INFO: [ action_begin ] --START--
NOTIC: [8192] mysql_connect(): The mysql extension is deprecated and will be removed in the future: use mysqli or PDO instead D:\wamp\www\hjyxlqlgm\web\Core\Library\Think\Db\Driver\Mysql.class.php 第 52 行.
SQL: SHOW COLUMNS FROM `admin_access_log` [ RunTime:0.002501s ]
SQL: INSERT INTO `admin_access_log` (`username`,`module`,`controller`,`action`,`act_time`,`ip`,`params`) VALUES ('admin','Admin','Index','left',1469691292,'127.0.0.1','{\"menuid\":\"14\"}') [ RunTime:0.000000s ]
INFO: Run Common\Behavior\AccessBehavior [ RunTime:0.011001s ]
INFO: [ action_begin ] --END-- [ RunTime:0.011001s ]
SQL: SHOW COLUMNS FROM `menu` [ RunTime:0.003501s ]
SQL: SHOW COLUMNS FROM `menu` [ RunTime:0.002000s ]
SQL: SELECT * FROM `menu` WHERE ( `iframe` <> 1 ) AND (  ( `pid` = 14 ) ) AND ( `display` = 1 ) ORDER BY ordid  [ RunTime:0.000500s ]
SQL: SHOW COLUMNS FROM `admin_auth` [ RunTime:0.002501s ]
SQL: SELECT * FROM `admin_auth` WHERE ( role_id=1 )  [ RunTime:0.000000s ]
SQL: SELECT * FROM `menu` WHERE ( `iframe` = 1 ) AND (  ( `pid` = 14 ) ) AND ( `display` = 1 ) ORDER BY ordid  [ RunTime:0.000500s ]
SQL: SELECT * FROM `admin_auth` WHERE ( role_id=1 )  [ RunTime:0.000500s ]
SQL: SELECT * FROM `menu` WHERE ( `iframe` <> 1 ) AND (  ( `pid` = 14 ) ) AND ( `display` = 1 ) ORDER BY ordid  [ RunTime:0.000500s ]
SQL: SELECT * FROM `admin_auth` WHERE ( role_id=1 )  [ RunTime:0.000000s ]
SQL: SELECT * FROM `menu` WHERE ( `iframe` <> 1 ) AND (  ( `pid` = 15 ) ) AND ( `display` = 1 ) ORDER BY ordid  [ RunTime:0.000500s ]
SQL: SELECT * FROM `admin_auth` WHERE ( role_id=1 )  [ RunTime:0.000000s ]
SQL: SELECT * FROM `menu` WHERE ( `iframe` <> 1 ) AND (  ( `pid` = 21 ) ) AND ( `display` = 1 ) ORDER BY ordid  [ RunTime:0.000000s ]
SQL: SELECT * FROM `admin_auth` WHERE ( role_id=1 )  [ RunTime:0.000500s ]
SQL: SELECT * FROM `menu` WHERE ( `iframe` <> 1 ) AND (  ( `pid` = 23 ) ) AND ( `display` = 1 ) ORDER BY ordid  [ RunTime:0.000500s ]
SQL: SELECT * FROM `admin_auth` WHERE ( role_id=1 )  [ RunTime:0.000000s ]
SQL: SELECT * FROM `menu` WHERE ( `iframe` <> 1 ) AND (  ( `pid` = 26 ) ) AND ( `display` = 1 ) ORDER BY ordid  [ RunTime:0.000500s ]
SQL: SELECT * FROM `admin_auth` WHERE ( role_id=1 )  [ RunTime:0.000500s ]
SQL: SELECT * FROM `menu` WHERE ( `iframe` <> 1 ) AND (  ( `pid` = 30 ) ) AND ( `display` = 1 ) ORDER BY ordid  [ RunTime:0.000500s ]
SQL: SELECT * FROM `admin_auth` WHERE ( role_id=1 )  [ RunTime:0.000500s ]
SQL: SELECT * FROM `menu` WHERE ( `iframe` <> 1 ) AND (  ( `pid` = 34 ) ) AND ( `display` = 1 ) ORDER BY ordid  [ RunTime:0.000000s ]
SQL: SELECT * FROM `admin_auth` WHERE ( role_id=1 )  [ RunTime:0.000500s ]
SQL: SELECT * FROM `menu` WHERE ( `iframe` <> 1 ) AND (  ( `pid` = 39 ) ) AND ( `display` = 1 ) ORDER BY ordid  [ RunTime:0.000500s ]
SQL: SELECT * FROM `admin_auth` WHERE ( role_id=1 )  [ RunTime:0.000000s ]
INFO: [ view_parse ] --START--
INFO: [ template_filter ] --START--
INFO: Run Behavior\ContentReplaceBehavior [ RunTime:0.000000s ]
INFO: [ template_filter ] --END-- [ RunTime:0.000000s ]
INFO: Run Behavior\ParseTemplateBehavior [ RunTime:0.021003s ]
INFO: [ view_parse ] --END-- [ RunTime:0.021003s ]
INFO: [ view_filter ] --START--
INFO: Run Behavior\WriteHtmlCacheBehavior [ RunTime:0.001000s ]
INFO: [ view_filter ] --END-- [ RunTime:0.001500s ]
INFO: [ app_end ] --START--
INFO: Run Behavior\ShowPageTraceBehavior [ RunTime:0.001000s ]
INFO: [ app_end ] --END-- [ RunTime:0.001000s ]

[ 2016-07-28T18:50:35+08:00 ] 127.0.0.1 /index.php?m=&c=Index&a=left
INFO: [ app_init ] --START--
INFO: Run Behavior\BuildLiteBehavior [ RunTime:0.000500s ]
INFO: [ app_init ] --END-- [ RunTime:0.000500s ]
INFO: [ app_begin ] --START--
INFO: Run Behavior\ReadHtmlCacheBehavior [ RunTime:0.000500s ]
INFO: Run Behavior\CheckLangBehavior [ RunTime:0.001501s ]
INFO: [ app_begin ] --END-- [ RunTime:0.002001s ]
NOTIC: [2048] Declaration of Admin\Controller\IndexController::index() should be compatible with Admin\Controller\BaseController::index($model = '') D:\wamp\www\hjyxlqlgm\web\App\Admin\Controller\IndexController.class.php 第 4 行.
INFO: [ action_begin ] --START--
NOTIC: [8] Undefined index: admin D:\wamp\www\hjyxlqlgm\web\App\Common\Behavior\AccessBehavior.class.php 第 13 行.
NOTIC: [8192] mysql_connect(): The mysql extension is deprecated and will be removed in the future: use mysqli or PDO instead D:\wamp\www\hjyxlqlgm\web\Core\Library\Think\Db\Driver\Mysql.class.php 第 52 行.
SQL: SHOW COLUMNS FROM `admin_access_log` [ RunTime:0.005501s ]
SQL: INSERT INTO `admin_access_log` (`username`,`module`,`controller`,`action`,`act_time`,`ip`,`params`) VALUES (null,'Admin','Index','left',1469703035,'127.0.0.1','{\"menuid\":\"1\"}') [ RunTime:0.000000s ]
ERR: 1048:Column 'username' cannot be null
 [ SQL语句 ] : INSERT INTO `admin_access_log` (`username`,`module`,`controller`,`action`,`act_time`,`ip`,`params`) VALUES (null,'Admin','Index','left',1469703035,'127.0.0.1','{\"menuid\":\"1\"}')
INFO: Run Common\Behavior\AccessBehavior [ RunTime:0.015002s ]
INFO: [ action_begin ] --END-- [ RunTime:0.015002s ]

[ 2016-07-28T18:50:35+08:00 ] 127.0.0.1 /index.php?m=&c=Login&a=index
INFO: [ app_init ] --START--
INFO: Run Behavior\BuildLiteBehavior [ RunTime:0.000000s ]
INFO: [ app_init ] --END-- [ RunTime:0.000000s ]
INFO: [ app_begin ] --START--
INFO: Run Behavior\ReadHtmlCacheBehavior [ RunTime:0.000500s ]
INFO: Run Behavior\CheckLangBehavior [ RunTime:0.001500s ]
INFO: [ app_begin ] --END-- [ RunTime:0.002000s ]
INFO: [ action_begin ] --START--
NOTIC: [8] Undefined index: admin D:\wamp\www\hjyxlqlgm\web\App\Common\Behavior\AccessBehavior.class.php 第 13 行.
NOTIC: [8192] mysql_connect(): The mysql extension is deprecated and will be removed in the future: use mysqli or PDO instead D:\wamp\www\hjyxlqlgm\web\Core\Library\Think\Db\Driver\Mysql.class.php 第 52 行.
SQL: SHOW COLUMNS FROM `admin_access_log` [ RunTime:0.002000s ]
SQL: INSERT INTO `admin_access_log` (`username`,`module`,`controller`,`action`,`act_time`,`ip`,`params`) VALUES (null,'Admin','Login','index',1469703035,'127.0.0.1','[]') [ RunTime:0.000500s ]
ERR: 1048:Column 'username' cannot be null
 [ SQL语句 ] : INSERT INTO `admin_access_log` (`username`,`module`,`controller`,`action`,`act_time`,`ip`,`params`) VALUES (null,'Admin','Login','index',1469703035,'127.0.0.1','[]')
INFO: Run Common\Behavior\AccessBehavior [ RunTime:0.010001s ]
INFO: [ action_begin ] --END-- [ RunTime:0.010001s ]
INFO: [ view_parse ] --START--
INFO: [ template_filter ] --START--
INFO: Run Behavior\ContentReplaceBehavior [ RunTime:0.000000s ]
INFO: [ template_filter ] --END-- [ RunTime:0.000000s ]
INFO: Run Behavior\ParseTemplateBehavior [ RunTime:0.006001s ]
INFO: [ view_parse ] --END-- [ RunTime:0.006001s ]
INFO: [ view_filter ] --START--
INFO: Run Behavior\WriteHtmlCacheBehavior [ RunTime:0.000500s ]
INFO: [ view_filter ] --END-- [ RunTime:0.000500s ]
INFO: [ app_end ] --START--
INFO: Run Behavior\ShowPageTraceBehavior [ RunTime:0.001000s ]
INFO: [ app_end ] --END-- [ RunTime:0.001000s ]

[ 2016-07-28T18:50:35+08:00 ] 127.0.0.1 /index.php?m=&c=Public&a=verify_code&t=1469703035
INFO: [ app_init ] --START--
INFO: Run Behavior\BuildLiteBehavior [ RunTime:0.000000s ]
INFO: [ app_init ] --END-- [ RunTime:0.000500s ]
INFO: [ app_begin ] --START--
INFO: Run Behavior\ReadHtmlCacheBehavior [ RunTime:0.000500s ]
INFO: Run Behavior\CheckLangBehavior [ RunTime:0.002000s ]
INFO: [ app_begin ] --END-- [ RunTime:0.003000s ]
INFO: [ action_begin ] --START--
NOTIC: [8] Undefined index: admin D:\wamp\www\hjyxlqlgm\web\App\Common\Behavior\AccessBehavior.class.php 第 13 行.
NOTIC: [8192] mysql_connect(): The mysql extension is deprecated and will be removed in the future: use mysqli or PDO instead D:\wamp\www\hjyxlqlgm\web\Core\Library\Think\Db\Driver\Mysql.class.php 第 52 行.
SQL: SHOW COLUMNS FROM `admin_access_log` [ RunTime:0.003500s ]
SQL: INSERT INTO `admin_access_log` (`username`,`module`,`controller`,`action`,`act_time`,`ip`,`params`) VALUES (null,'Admin','Public','verify_code',1469703035,'127.0.0.1','{\"t\":\"1469703035\"}') [ RunTime:0.000500s ]
ERR: 1048:Column 'username' cannot be null
 [ SQL语句 ] : INSERT INTO `admin_access_log` (`username`,`module`,`controller`,`action`,`act_time`,`ip`,`params`) VALUES (null,'Admin','Public','verify_code',1469703035,'127.0.0.1','{\"t\":\"1469703035\"}')
INFO: Run Common\Behavior\AccessBehavior [ RunTime:0.013001s ]
INFO: [ action_begin ] --END-- [ RunTime:0.013501s ]
INFO: [ app_end ] --START--
INFO: Run Behavior\ShowPageTraceBehavior [ RunTime:0.001000s ]
INFO: [ app_end ] --END-- [ RunTime:0.001000s ]

[ 2016-07-28T18:50:39+08:00 ] 127.0.0.1 /index.php?m=&c=Index&a=index
INFO: [ app_init ] --START--
INFO: Run Behavior\BuildLiteBehavior [ RunTime:0.000000s ]
INFO: [ app_init ] --END-- [ RunTime:0.000500s ]
INFO: [ app_begin ] --START--
INFO: Run Behavior\ReadHtmlCacheBehavior [ RunTime:0.000500s ]
INFO: Run Behavior\CheckLangBehavior [ RunTime:0.001500s ]
INFO: [ app_begin ] --END-- [ RunTime:0.002000s ]
NOTIC: [2048] Declaration of Admin\Controller\IndexController::index() should be compatible with Admin\Controller\BaseController::index($model = '') D:\wamp\www\hjyxlqlgm\web\App\Admin\Controller\IndexController.class.php 第 4 行.
INFO: [ action_begin ] --START--
NOTIC: [8] Undefined index: admin D:\wamp\www\hjyxlqlgm\web\App\Common\Behavior\AccessBehavior.class.php 第 13 行.
NOTIC: [8192] mysql_connect(): The mysql extension is deprecated and will be removed in the future: use mysqli or PDO instead D:\wamp\www\hjyxlqlgm\web\Core\Library\Think\Db\Driver\Mysql.class.php 第 52 行.
SQL: SHOW COLUMNS FROM `admin_access_log` [ RunTime:0.002000s ]
SQL: INSERT INTO `admin_access_log` (`username`,`module`,`controller`,`action`,`act_time`,`ip`,`params`) VALUES (null,'Admin','Index','index',1469703039,'127.0.0.1','[]') [ RunTime:0.000501s ]
ERR: 1048:Column 'username' cannot be null
 [ SQL语句 ] : INSERT INTO `admin_access_log` (`username`,`module`,`controller`,`action`,`act_time`,`ip`,`params`) VALUES (null,'Admin','Index','index',1469703039,'127.0.0.1','[]')
INFO: Run Common\Behavior\AccessBehavior [ RunTime:0.019003s ]
INFO: [ action_begin ] --END-- [ RunTime:0.019003s ]

[ 2016-07-28T18:50:39+08:00 ] 127.0.0.1 /index.php?m=&c=Login&a=index
INFO: [ app_init ] --START--
INFO: Run Behavior\BuildLiteBehavior [ RunTime:0.000000s ]
INFO: [ app_init ] --END-- [ RunTime:0.000501s ]
INFO: [ app_begin ] --START--
INFO: Run Behavior\ReadHtmlCacheBehavior [ RunTime:0.000500s ]
INFO: Run Behavior\CheckLangBehavior [ RunTime:0.001500s ]
INFO: [ app_begin ] --END-- [ RunTime:0.002000s ]
INFO: [ action_begin ] --START--
NOTIC: [8] Undefined index: admin D:\wamp\www\hjyxlqlgm\web\App\Common\Behavior\AccessBehavior.class.php 第 13 行.
NOTIC: [8192] mysql_connect(): The mysql extension is deprecated and will be removed in the future: use mysqli or PDO instead D:\wamp\www\hjyxlqlgm\web\Core\Library\Think\Db\Driver\Mysql.class.php 第 52 行.
SQL: SHOW COLUMNS FROM `admin_access_log` [ RunTime:0.002000s ]
SQL: INSERT INTO `admin_access_log` (`username`,`module`,`controller`,`action`,`act_time`,`ip`,`params`) VALUES (null,'Admin','Login','index',1469703039,'127.0.0.1','[]') [ RunTime:0.000500s ]
ERR: 1048:Column 'username' cannot be null
 [ SQL语句 ] : INSERT INTO `admin_access_log` (`username`,`module`,`controller`,`action`,`act_time`,`ip`,`params`) VALUES (null,'Admin','Login','index',1469703039,'127.0.0.1','[]')
INFO: Run Common\Behavior\AccessBehavior [ RunTime:0.024503s ]
INFO: [ action_begin ] --END-- [ RunTime:0.024503s ]
INFO: [ view_parse ] --START--
INFO: [ template_filter ] --START--
INFO: Run Behavior\ContentReplaceBehavior [ RunTime:0.000000s ]
INFO: [ template_filter ] --END-- [ RunTime:0.000000s ]
INFO: Run Behavior\ParseTemplateBehavior [ RunTime:0.006501s ]
INFO: [ view_parse ] --END-- [ RunTime:0.006501s ]
INFO: [ view_filter ] --START--
INFO: Run Behavior\WriteHtmlCacheBehavior [ RunTime:0.000500s ]
INFO: [ view_filter ] --END-- [ RunTime:0.000500s ]
INFO: [ app_end ] --START--
INFO: Run Behavior\ShowPageTraceBehavior [ RunTime:0.000500s ]
INFO: [ app_end ] --END-- [ RunTime:0.000500s ]

[ 2016-07-28T18:50:39+08:00 ] 127.0.0.1 /index.php?m=&c=Public&a=verify_code&t=1469703039
INFO: [ app_init ] --START--
INFO: Run Behavior\BuildLiteBehavior [ RunTime:0.000000s ]
INFO: [ app_init ] --END-- [ RunTime:0.001000s ]
INFO: [ app_begin ] --START--
INFO: Run Behavior\ReadHtmlCacheBehavior [ RunTime:0.001000s ]
INFO: Run Behavior\CheckLangBehavior [ RunTime:0.002001s ]
INFO: [ app_begin ] --END-- [ RunTime:0.003501s ]
INFO: [ action_begin ] --START--
NOTIC: [8] Undefined index: admin D:\wamp\www\hjyxlqlgm\web\App\Common\Behavior\AccessBehavior.class.php 第 13 行.
NOTIC: [8192] mysql_connect(): The mysql extension is deprecated and will be removed in the future: use mysqli or PDO instead D:\wamp\www\hjyxlqlgm\web\Core\Library\Think\Db\Driver\Mysql.class.php 第 52 行.
SQL: SHOW COLUMNS FROM `admin_access_log` [ RunTime:0.002000s ]
SQL: INSERT INTO `admin_access_log` (`username`,`module`,`controller`,`action`,`act_time`,`ip`,`params`) VALUES (null,'Admin','Public','verify_code',1469703039,'127.0.0.1','{\"t\":\"1469703039\"}') [ RunTime:0.000500s ]
ERR: 1048:Column 'username' cannot be null
 [ SQL语句 ] : INSERT INTO `admin_access_log` (`username`,`module`,`controller`,`action`,`act_time`,`ip`,`params`) VALUES (null,'Admin','Public','verify_code',1469703039,'127.0.0.1','{\"t\":\"1469703039\"}')
INFO: Run Common\Behavior\AccessBehavior [ RunTime:0.013501s ]
INFO: [ action_begin ] --END-- [ RunTime:0.014001s ]
INFO: [ app_end ] --START--
INFO: Run Behavior\ShowPageTraceBehavior [ RunTime:0.001500s ]
INFO: [ app_end ] --END-- [ RunTime:0.001500s ]

[ 2016-07-28T18:50:47+08:00 ] 127.0.0.1 /index.php?m=&c=Login&a=dologin
INFO: [ app_init ] --START--
INFO: Run Behavior\BuildLiteBehavior [ RunTime:0.000000s ]
INFO: [ app_init ] --END-- [ RunTime:0.000500s ]
INFO: [ app_begin ] --START--
INFO: Run Behavior\ReadHtmlCacheBehavior [ RunTime:0.000500s ]
INFO: Run Behavior\CheckLangBehavior [ RunTime:0.001000s ]
INFO: [ app_begin ] --END-- [ RunTime:0.001500s ]
INFO: [ action_begin ] --START--
NOTIC: [8] Undefined index: admin D:\wamp\www\hjyxlqlgm\web\App\Common\Behavior\AccessBehavior.class.php 第 13 行.
NOTIC: [8192] mysql_connect(): The mysql extension is deprecated and will be removed in the future: use mysqli or PDO instead D:\wamp\www\hjyxlqlgm\web\Core\Library\Think\Db\Driver\Mysql.class.php 第 52 行.
SQL: SHOW COLUMNS FROM `admin_access_log` [ RunTime:0.003000s ]
SQL: INSERT INTO `admin_access_log` (`username`,`module`,`controller`,`action`,`act_time`,`ip`,`params`) VALUES (null,'Admin','Login','dologin',1469703047,'127.0.0.1','{\"username\":\"admin\",\"password\":\"admin123\",\"verify\":\"6522\"}') [ RunTime:0.000000s ]
ERR: 1048:Column 'username' cannot be null
 [ SQL语句 ] : INSERT INTO `admin_access_log` (`username`,`module`,`controller`,`action`,`act_time`,`ip`,`params`) VALUES (null,'Admin','Login','dologin',1469703047,'127.0.0.1','{\"username\":\"admin\",\"password\":\"admin123\",\"verify\":\"6522\"}')
INFO: Run Common\Behavior\AccessBehavior [ RunTime:0.013502s ]
INFO: [ action_begin ] --END-- [ RunTime:0.013502s ]
SQL: SHOW COLUMNS FROM `admin` [ RunTime:0.003501s ]
SQL: SELECT * FROM `admin` WHERE ( `username` = 'admin' ) AND ( `status` = 1 ) LIMIT 1   [ RunTime:0.000500s ]
SQL: UPDATE `admin` SET `last_time`=1469703047,`last_ip`='127.0.0.1',`login_count`=login_count+1 WHERE ( `id` = 1 ) [ RunTime:0.002000s ]

[ 2016-07-28T18:50:47+08:00 ] 127.0.0.1 /index.php?m=&c=Index&a=index
INFO: [ app_init ] --START--
INFO: Run Behavior\BuildLiteBehavior [ RunTime:0.000000s ]
INFO: [ app_init ] --END-- [ RunTime:0.000000s ]
INFO: [ app_begin ] --START--
INFO: Run Behavior\ReadHtmlCacheBehavior [ RunTime:0.000500s ]
INFO: Run Behavior\CheckLangBehavior [ RunTime:0.001000s ]
INFO: [ app_begin ] --END-- [ RunTime:0.001500s ]
NOTIC: [2048] Declaration of Admin\Controller\IndexController::index() should be compatible with Admin\Controller\BaseController::index($model = '') D:\wamp\www\hjyxlqlgm\web\App\Admin\Controller\IndexController.class.php 第 4 行.
INFO: [ action_begin ] --START--
NOTIC: [8192] mysql_connect(): The mysql extension is deprecated and will be removed in the future: use mysqli or PDO instead D:\wamp\www\hjyxlqlgm\web\Core\Library\Think\Db\Driver\Mysql.class.php 第 52 行.
SQL: SHOW COLUMNS FROM `admin_access_log` [ RunTime:0.003001s ]
SQL: INSERT INTO `admin_access_log` (`username`,`module`,`controller`,`action`,`act_time`,`ip`,`params`) VALUES ('admin','Admin','Index','index',1469703047,'127.0.0.1','[]') [ RunTime:0.000000s ]
INFO: Run Common\Behavior\AccessBehavior [ RunTime:0.020503s ]
INFO: [ action_begin ] --END-- [ RunTime:0.021003s ]
SQL: SHOW COLUMNS FROM `menu` [ RunTime:0.003500s ]
SQL: SHOW COLUMNS FROM `menu` [ RunTime:0.003000s ]
SQL: SELECT * FROM `menu` WHERE ( `iframe` <> 1 ) AND (  ( `pid` = 0 ) ) AND ( `display` = 1 ) ORDER BY ordid  [ RunTime:0.000000s ]
SQL: SHOW COLUMNS FROM `admin_auth` [ RunTime:0.003501s ]
SQL: SELECT * FROM `admin_auth` WHERE ( role_id=1 )  [ RunTime:0.000500s ]
NOTIC: [8] Undefined index: role_name D:\wamp\www\hjyxlqlgm\web\App\Admin\Controller\IndexController.class.php 第 13 行.
INFO: [ view_parse ] --START--
INFO: [ template_filter ] --START--
INFO: Run Behavior\ContentReplaceBehavior [ RunTime:0.000000s ]
INFO: [ template_filter ] --END-- [ RunTime:0.000500s ]
INFO: Run Behavior\ParseTemplateBehavior [ RunTime:0.015002s ]
INFO: [ view_parse ] --END-- [ RunTime:0.015502s ]
INFO: [ view_filter ] --START--
INFO: Run Behavior\WriteHtmlCacheBehavior [ RunTime:0.000500s ]
INFO: [ view_filter ] --END-- [ RunTime:0.000500s ]
INFO: [ app_end ] --START--
INFO: Run Behavior\ShowPageTraceBehavior [ RunTime:0.001000s ]
INFO: [ app_end ] --END-- [ RunTime:0.001000s ]

[ 2016-07-28T18:50:48+08:00 ] 127.0.0.1 /index.php?m=&c=index&a=panel
INFO: [ app_init ] --START--
INFO: Run Behavior\BuildLiteBehavior [ RunTime:0.000000s ]
INFO: [ app_init ] --END-- [ RunTime:0.000500s ]
INFO: [ app_begin ] --START--
INFO: Run Behavior\ReadHtmlCacheBehavior [ RunTime:0.001000s ]
INFO: Run Behavior\CheckLangBehavior [ RunTime:0.002001s ]
INFO: [ app_begin ] --END-- [ RunTime:0.003001s ]
NOTIC: [2048] Declaration of Admin\Controller\IndexController::index() should be compatible with Admin\Controller\BaseController::index($model = '') D:\wamp\www\hjyxlqlgm\web\App\Admin\Controller\IndexController.class.php 第 4 行.
INFO: [ action_begin ] --START--
NOTIC: [8192] mysql_connect(): The mysql extension is deprecated and will be removed in the future: use mysqli or PDO instead D:\wamp\www\hjyxlqlgm\web\Core\Library\Think\Db\Driver\Mysql.class.php 第 52 行.
SQL: SHOW COLUMNS FROM `admin_access_log` [ RunTime:0.003001s ]
SQL: INSERT INTO `admin_access_log` (`username`,`module`,`controller`,`action`,`act_time`,`ip`,`params`) VALUES ('admin','Admin','Index','panel',1469703048,'127.0.0.1','[]') [ RunTime:0.000500s ]
INFO: Run Common\Behavior\AccessBehavior [ RunTime:0.015002s ]
INFO: [ action_begin ] --END-- [ RunTime:0.015002s ]
SQL: SHOW COLUMNS FROM `menu` [ RunTime:0.004001s ]
INFO: [ view_parse ] --START--
INFO: [ template_filter ] --START--
INFO: Run Behavior\ContentReplaceBehavior [ RunTime:0.000000s ]
INFO: [ template_filter ] --END-- [ RunTime:0.000000s ]
NOTIC: [8] Undefined variable: sub_menu D:\wamp\www\hjyxlqlgm\web\Cache\Cache\Admin\362c0c7a407ab260ee4d2bc810362462.php 第 25 行.
NOTIC: [8] Undefined variable: big_menu D:\wamp\www\hjyxlqlgm\web\Cache\Cache\Admin\362c0c7a407ab260ee4d2bc810362462.php 第 25 行.
INFO: Run Behavior\ParseTemplateBehavior [ RunTime:0.017002s ]
INFO: [ view_parse ] --END-- [ RunTime:0.017002s ]
INFO: [ view_filter ] --START--
INFO: Run Behavior\WriteHtmlCacheBehavior [ RunTime:0.000500s ]
INFO: [ view_filter ] --END-- [ RunTime:0.000500s ]
INFO: [ app_end ] --START--
INFO: Run Behavior\ShowPageTraceBehavior [ RunTime:0.001000s ]
INFO: [ app_end ] --END-- [ RunTime:0.001000s ]

[ 2016-07-28T18:50:48+08:00 ] 127.0.0.1 /index.php?m=&c=Index&a=left
INFO: [ app_init ] --START--
INFO: Run Behavior\BuildLiteBehavior [ RunTime:0.000000s ]
INFO: [ app_init ] --END-- [ RunTime:0.000500s ]
INFO: [ app_begin ] --START--
INFO: Run Behavior\ReadHtmlCacheBehavior [ RunTime:0.001000s ]
INFO: Run Behavior\CheckLangBehavior [ RunTime:0.002001s ]
INFO: [ app_begin ] --END-- [ RunTime:0.003501s ]
NOTIC: [2048] Declaration of Admin\Controller\IndexController::index() should be compatible with Admin\Controller\BaseController::index($model = '') D:\wamp\www\hjyxlqlgm\web\App\Admin\Controller\IndexController.class.php 第 4 行.
INFO: [ action_begin ] --START--
NOTIC: [8192] mysql_connect(): The mysql extension is deprecated and will be removed in the future: use mysqli or PDO instead D:\wamp\www\hjyxlqlgm\web\Core\Library\Think\Db\Driver\Mysql.class.php 第 52 行.
SQL: SHOW COLUMNS FROM `admin_access_log` [ RunTime:0.003500s ]
SQL: INSERT INTO `admin_access_log` (`username`,`module`,`controller`,`action`,`act_time`,`ip`,`params`) VALUES ('admin','Admin','Index','left',1469703048,'127.0.0.1','[]') [ RunTime:0.000000s ]
INFO: Run Common\Behavior\AccessBehavior [ RunTime:0.026003s ]
INFO: [ action_begin ] --END-- [ RunTime:0.026003s ]
SQL: SHOW COLUMNS FROM `menu` [ RunTime:0.003000s ]
SQL: SELECT * FROM `menu` WHERE ( `often` = 1 )  [ RunTime:0.000500s ]
INFO: [ view_parse ] --START--
INFO: [ template_filter ] --START--
INFO: Run Behavior\ContentReplaceBehavior [ RunTime:0.000000s ]
INFO: [ template_filter ] --END-- [ RunTime:0.000000s ]
NOTIC: [8] Undefined index: data D:\wamp\www\hjyxlqlgm\web\Cache\Cache\Admin\6a50c6d503dcfec33a87262cae7a0f6e.php 第 3 行.
INFO: Run Behavior\ParseTemplateBehavior [ RunTime:0.015002s ]
INFO: [ view_parse ] --END-- [ RunTime:0.015002s ]
INFO: [ view_filter ] --START--
INFO: Run Behavior\WriteHtmlCacheBehavior [ RunTime:0.000500s ]
INFO: [ view_filter ] --END-- [ RunTime:0.001000s ]
INFO: [ app_end ] --START--
INFO: Run Behavior\ShowPageTraceBehavior [ RunTime:0.001000s ]
INFO: [ app_end ] --END-- [ RunTime:0.001000s ]

[ 2016-07-28T18:50:49+08:00 ] 127.0.0.1 /index.php?m=&c=Index&a=left
INFO: [ app_init ] --START--
INFO: Run Behavior\BuildLiteBehavior [ RunTime:0.000000s ]
INFO: [ app_init ] --END-- [ RunTime:0.001000s ]
INFO: [ app_begin ] --START--
INFO: Run Behavior\ReadHtmlCacheBehavior [ RunTime:0.000501s ]
INFO: Run Behavior\CheckLangBehavior [ RunTime:0.001000s ]
INFO: [ app_begin ] --END-- [ RunTime:0.001501s ]
NOTIC: [2048] Declaration of Admin\Controller\IndexController::index() should be compatible with Admin\Controller\BaseController::index($model = '') D:\wamp\www\hjyxlqlgm\web\App\Admin\Controller\IndexController.class.php 第 4 行.
INFO: [ action_begin ] --START--
NOTIC: [8192] mysql_connect(): The mysql extension is deprecated and will be removed in the future: use mysqli or PDO instead D:\wamp\www\hjyxlqlgm\web\Core\Library\Think\Db\Driver\Mysql.class.php 第 52 行.
SQL: SHOW COLUMNS FROM `admin_access_log` [ RunTime:0.002500s ]
SQL: INSERT INTO `admin_access_log` (`username`,`module`,`controller`,`action`,`act_time`,`ip`,`params`) VALUES ('admin','Admin','Index','left',1469703049,'127.0.0.1','{\"menuid\":\"1\"}') [ RunTime:0.000500s ]
INFO: Run Common\Behavior\AccessBehavior [ RunTime:0.022503s ]
INFO: [ action_begin ] --END-- [ RunTime:0.022503s ]
SQL: SHOW COLUMNS FROM `menu` [ RunTime:0.003000s ]
SQL: SHOW COLUMNS FROM `menu` [ RunTime:0.002501s ]
SQL: SELECT * FROM `menu` WHERE ( `iframe` <> 1 ) AND (  ( `pid` = 1 ) ) AND ( `display` = 1 ) ORDER BY ordid  [ RunTime:0.000500s ]
SQL: SHOW COLUMNS FROM `admin_auth` [ RunTime:0.003000s ]
SQL: SELECT * FROM `admin_auth` WHERE ( role_id=1 )  [ RunTime:0.000000s ]
SQL: SELECT * FROM `menu` WHERE ( `iframe` = 1 ) AND (  ( `pid` = 1 ) ) AND ( `display` = 1 ) ORDER BY ordid  [ RunTime:0.000500s ]
SQL: SELECT * FROM `admin_auth` WHERE ( role_id=1 )  [ RunTime:0.000500s ]
SQL: SELECT * FROM `menu` WHERE ( `iframe` <> 1 ) AND (  ( `pid` = 1 ) ) AND ( `display` = 1 ) ORDER BY ordid  [ RunTime:0.001500s ]
SQL: SELECT * FROM `admin_auth` WHERE ( role_id=1 )  [ RunTime:0.000500s ]
SQL: SELECT * FROM `menu` WHERE ( `iframe` <> 1 ) AND (  ( `pid` = 2 ) ) AND ( `display` = 1 ) ORDER BY ordid  [ RunTime:0.000000s ]
SQL: SELECT * FROM `admin_auth` WHERE ( role_id=1 )  [ RunTime:0.000000s ]
SQL: SELECT * FROM `menu` WHERE ( `iframe` <> 1 ) AND (  ( `pid` = 7 ) ) AND ( `display` = 1 ) ORDER BY ordid  [ RunTime:0.000500s ]
SQL: SELECT * FROM `admin_auth` WHERE ( role_id=1 )  [ RunTime:0.000500s ]
SQL: SELECT * FROM `menu` WHERE ( `iframe` <> 1 ) AND (  ( `pid` = 43 ) ) AND ( `display` = 1 ) ORDER BY ordid  [ RunTime:0.000500s ]
SQL: SELECT * FROM `admin_auth` WHERE ( role_id=1 )  [ RunTime:0.002000s ]
INFO: [ view_parse ] --START--
INFO: [ template_filter ] --START--
INFO: Run Behavior\ContentReplaceBehavior [ RunTime:0.000000s ]
INFO: [ template_filter ] --END-- [ RunTime:0.000000s ]
INFO: Run Behavior\ParseTemplateBehavior [ RunTime:0.011002s ]
INFO: [ view_parse ] --END-- [ RunTime:0.011502s ]
INFO: [ view_filter ] --START--
INFO: Run Behavior\WriteHtmlCacheBehavior [ RunTime:0.000500s ]
INFO: [ view_filter ] --END-- [ RunTime:0.000500s ]
INFO: [ app_end ] --START--
INFO: Run Behavior\ShowPageTraceBehavior [ RunTime:0.000500s ]
INFO: [ app_end ] --END-- [ RunTime:0.000500s ]

[ 2016-07-28T18:50:50+08:00 ] 127.0.0.1 /index.php?m=&c=admin&a=index&menuid=8
INFO: [ app_init ] --START--
INFO: Run Behavior\BuildLiteBehavior [ RunTime:0.000000s ]
INFO: [ app_init ] --END-- [ RunTime:0.001000s ]
INFO: [ app_begin ] --START--
INFO: Run Behavior\ReadHtmlCacheBehavior [ RunTime:0.000500s ]
INFO: Run Behavior\CheckLangBehavior [ RunTime:0.002001s ]
INFO: [ app_begin ] --END-- [ RunTime:0.003001s ]
INFO: [ action_begin ] --START--
NOTIC: [8192] mysql_connect(): The mysql extension is deprecated and will be removed in the future: use mysqli or PDO instead D:\wamp\www\hjyxlqlgm\web\Core\Library\Think\Db\Driver\Mysql.class.php 第 52 行.
SQL: SHOW COLUMNS FROM `admin_access_log` [ RunTime:0.003000s ]
SQL: INSERT INTO `admin_access_log` (`username`,`module`,`controller`,`action`,`act_time`,`ip`,`params`) VALUES ('admin','Admin','Admin','index',1469703050,'127.0.0.1','{\"menuid\":\"8\"}') [ RunTime:0.000500s ]
INFO: Run Common\Behavior\AccessBehavior [ RunTime:0.010501s ]
INFO: [ action_begin ] --END-- [ RunTime:0.010501s ]
SQL: SHOW COLUMNS FROM `menu` [ RunTime:0.003001s ]
SQL: SHOW COLUMNS FROM `menu` [ RunTime:0.003000s ]
SQL: SELECT * FROM `menu` WHERE ( `iframe` <> 1 ) AND (  ( `pid` = 8 ) ) AND ( `display` = 1 ) ORDER BY ordid  [ RunTime:0.000000s ]
SQL: SHOW COLUMNS FROM `admin_auth` [ RunTime:0.002001s ]
SQL: SELECT * FROM `admin_auth` WHERE ( role_id=1 )  [ RunTime:0.000500s ]
NOTIC: [2] Invalid argument supplied for foreach() D:\wamp\www\hjyxlqlgm\web\App\Admin\Controller\BaseController.class.php 第 19 行.
NOTIC: [2] Invalid argument supplied for foreach() D:\wamp\www\hjyxlqlgm\web\App\Admin\Controller\BaseController.class.php 第 26 行.
SQL: SELECT * FROM `menu` WHERE ( `iframe` = 1 ) AND (  ( `pid` = 8 ) ) AND ( `display` = 1 ) ORDER BY ordid  [ RunTime:0.000000s ]
SQL: SELECT * FROM `admin_auth` WHERE ( role_id=1 )  [ RunTime:0.004000s ]
NOTIC: [8] Use of undefined constant BELONGS_TO - assumed 'BELONGS_TO' D:\wamp\www\hjyxlqlgm\web\Core\Common\functions.php 第 498 行.
SQL: SHOW COLUMNS FROM `admin` [ RunTime:0.002000s ]
SQL: SHOW COLUMNS FROM `admin` [ RunTime:0.002501s ]
NOTIC: [8] Undefined index: sort D:\wamp\www\hjyxlqlgm\web\App\Admin\Controller\BaseController.class.php 第 327 行.
NOTIC: [8] Undefined index: order D:\wamp\www\hjyxlqlgm\web\App\Admin\Controller\BaseController.class.php 第 328 行.
NOTIC: [8] Undefined index: listRows D:\wamp\www\hjyxlqlgm\web\App\Admin\Controller\BaseController.class.php 第 329 行.
SQL: SELECT COUNT(id) AS tp_count FROM `admin` LIMIT 1   [ RunTime:0.000000s ]
SQL: SELECT * FROM `admin` ORDER BY id  LIMIT 0,20   [ RunTime:0.001000s ]
NOTIC: [8] Use of undefined constant MANY_TO_MANY - assumed 'MANY_TO_MANY' D:\wamp\www\hjyxlqlgm\web\Core\Common\functions.php 第 498 行.
SQL: SHOW COLUMNS FROM `admin_role` [ RunTime:0.003001s ]
NOTIC: [8] Undefined variable: relationData D:\wamp\www\hjyxlqlgm\web\Core\Library\Think\Model\RelationModel.class.php 第 227 行.
INFO: [ view_parse ] --START--
INFO: [ template_filter ] --START--
INFO: Run Behavior\ContentReplaceBehavior [ RunTime:0.000000s ]
INFO: [ template_filter ] --END-- [ RunTime:0.000501s ]
NOTIC: [8] Undefined variable: search D:\wamp\www\hjyxlqlgm\web\Cache\Cache\Admin\7d5bae8f2106a04379ef690681e93072.php 第 45 行.
NOTIC: [8] Undefined variable: search D:\wamp\www\hjyxlqlgm\web\Cache\Cache\Admin\7d5bae8f2106a04379ef690681e93072.php 第 47 行.
INFO: Run Behavior\ParseTemplateBehavior [ RunTime:0.043505s ]
INFO: [ view_parse ] --END-- [ RunTime:0.044005s ]
INFO: [ view_filter ] --START--
INFO: Run Behavior\WriteHtmlCacheBehavior [ RunTime:0.000500s ]
INFO: [ view_filter ] --END-- [ RunTime:0.000500s ]
INFO: [ app_end ] --START--
INFO: Run Behavior\ShowPageTraceBehavior [ RunTime:0.000501s ]
INFO: [ app_end ] --END-- [ RunTime:0.000501s ]

[ 2016-07-28T19:03:05+08:00 ] 127.0.0.1 /index.php?m=&c=menu&a=index&menuid=3
INFO: [ app_init ] --START--
INFO: Run Behavior\BuildLiteBehavior [ RunTime:0.000000s ]
INFO: [ app_init ] --END-- [ RunTime:0.000500s ]
INFO: [ app_begin ] --START--
INFO: Run Behavior\ReadHtmlCacheBehavior [ RunTime:0.000500s ]
INFO: Run Behavior\CheckLangBehavior [ RunTime:0.001500s ]
INFO: [ app_begin ] --END-- [ RunTime:0.002000s ]
NOTIC: [2048] Declaration of Admin\Controller\MenuController::index() should be compatible with Admin\Controller\BaseController::index($model = '') D:\wamp\www\hjyxlqlgm\web\App\Admin\Controller\MenuController.class.php 第 9 行.
INFO: [ action_begin ] --START--
NOTIC: [8192] mysql_connect(): The mysql extension is deprecated and will be removed in the future: use mysqli or PDO instead D:\wamp\www\hjyxlqlgm\web\Core\Library\Think\Db\Driver\Mysql.class.php 第 52 行.
SQL: SHOW COLUMNS FROM `admin_access_log` [ RunTime:0.003501s ]
SQL: INSERT INTO `admin_access_log` (`username`,`module`,`controller`,`action`,`act_time`,`ip`,`params`) VALUES ('admin','Admin','Menu','index',1469703785,'127.0.0.1','{\"menuid\":\"3\"}') [ RunTime:0.000500s ]
INFO: Run Common\Behavior\AccessBehavior [ RunTime:0.027003s ]
INFO: [ action_begin ] --END-- [ RunTime:0.027503s ]
SQL: SHOW COLUMNS FROM `menu` [ RunTime:0.003501s ]
SQL: SHOW COLUMNS FROM `menu` [ RunTime:0.002500s ]
SQL: SELECT * FROM `menu` WHERE ( `iframe` <> 1 ) AND (  ( `pid` = 3 ) ) AND ( `display` = 1 ) ORDER BY ordid  [ RunTime:0.000501s ]
SQL: SHOW COLUMNS FROM `admin_auth` [ RunTime:0.003000s ]
SQL: SELECT * FROM `admin_auth` WHERE ( role_id=1 )  [ RunTime:0.000000s ]
NOTIC: [2] Invalid argument supplied for foreach() D:\wamp\www\hjyxlqlgm\web\App\Admin\Controller\BaseController.class.php 第 19 行.
NOTIC: [2] Invalid argument supplied for foreach() D:\wamp\www\hjyxlqlgm\web\App\Admin\Controller\BaseController.class.php 第 26 行.
SQL: SELECT * FROM `menu` WHERE ( `iframe` = 1 ) AND (  ( `pid` = 3 ) ) AND ( `display` = 1 ) ORDER BY ordid  [ RunTime:0.000500s ]
SQL: SELECT * FROM `admin_auth` WHERE ( role_id=1 )  [ RunTime:0.000500s ]
SQL: SHOW COLUMNS FROM `menu` [ RunTime:0.004501s ]
SQL: SELECT * FROM `menu` ORDER BY ordid  [ RunTime:0.001000s ]
NOTIC: [8] Undefined variable: parentid D:\wamp\www\hjyxlqlgm\web\App\Admin\ORG\Tree.class.php 第 122 行.
NOTIC: [8] Undefined variable: parentid D:\wamp\www\hjyxlqlgm\web\App\Admin\ORG\Tree.class.php 第 122 行.
NOTIC: [8] Undefined variable: parentid D:\wamp\www\hjyxlqlgm\web\App\Admin\ORG\Tree.class.php 第 122 行.
NOTIC: [8] Undefined variable: parentid D:\wamp\www\hjyxlqlgm\web\App\Admin\ORG\Tree.class.php 第 122 行.
NOTIC: [8] Undefined variable: parentid D:\wamp\www\hjyxlqlgm\web\App\Admin\ORG\Tree.class.php 第 122 行.
NOTIC: [8] Undefined variable: parentid D:\wamp\www\hjyxlqlgm\web\App\Admin\ORG\Tree.class.php 第 122 行.
NOTIC: [8] Undefined variable: parentid D:\wamp\www\hjyxlqlgm\web\App\Admin\ORG\Tree.class.php 第 122 行.
NOTIC: [8] Undefined variable: parentid D:\wamp\www\hjyxlqlgm\web\App\Admin\ORG\Tree.class.php 第 122 行.
NOTIC: [8] Undefined variable: parentid D:\wamp\www\hjyxlqlgm\web\App\Admin\ORG\Tree.class.php 第 122 行.
NOTIC: [8] Undefined variable: parentid D:\wamp\www\hjyxlqlgm\web\App\Admin\ORG\Tree.class.php 第 122 行.
NOTIC: [8] Undefined variable: parentid D:\wamp\www\hjyxlqlgm\web\App\Admin\ORG\Tree.class.php 第 122 行.
NOTIC: [8] Undefined variable: parentid D:\wamp\www\hjyxlqlgm\web\App\Admin\ORG\Tree.class.php 第 122 行.
NOTIC: [8] Undefined variable: parentid D:\wamp\www\hjyxlqlgm\web\App\Admin\ORG\Tree.class.php 第 122 行.
NOTIC: [8] Undefined variable: parentid D:\wamp\www\hjyxlqlgm\web\App\Admin\ORG\Tree.class.php 第 122 行.
NOTIC: [8] Undefined variable: parentid D:\wamp\www\hjyxlqlgm\web\App\Admin\ORG\Tree.class.php 第 122 行.
NOTIC: [8] Undefined variable: parentid D:\wamp\www\hjyxlqlgm\web\App\Admin\ORG\Tree.class.php 第 122 行.
NOTIC: [8] Undefined variable: parentid D:\wamp\www\hjyxlqlgm\web\App\Admin\ORG\Tree.class.php 第 122 行.
NOTIC: [8] Undefined variable: parentid D:\wamp\www\hjyxlqlgm\web\App\Admin\ORG\Tree.class.php 第 122 行.
NOTIC: [8] Undefined variable: parentid D:\wamp\www\hjyxlqlgm\web\App\Admin\ORG\Tree.class.php 第 122 行.
NOTIC: [8] Undefined variable: parentid D:\wamp\www\hjyxlqlgm\web\App\Admin\ORG\Tree.class.php 第 122 行.
NOTIC: [8] Undefined variable: parentid D:\wamp\www\hjyxlqlgm\web\App\Admin\ORG\Tree.class.php 第 122 行.
NOTIC: [8] Undefined variable: parentid D:\wamp\www\hjyxlqlgm\web\App\Admin\ORG\Tree.class.php 第 122 行.
NOTIC: [8] Undefined variable: parentid D:\wamp\www\hjyxlqlgm\web\App\Admin\ORG\Tree.class.php 第 122 行.
NOTIC: [8] Undefined variable: parentid D:\wamp\www\hjyxlqlgm\web\App\Admin\ORG\Tree.class.php 第 122 行.
NOTIC: [8] Undefined variable: parentid D:\wamp\www\hjyxlqlgm\web\App\Admin\ORG\Tree.class.php 第 122 行.
NOTIC: [8] Undefined variable: parentid D:\wamp\www\hjyxlqlgm\web\App\Admin\ORG\Tree.class.php 第 122 行.
NOTIC: [8] Undefined variable: parentid D:\wamp\www\hjyxlqlgm\web\App\Admin\ORG\Tree.class.php 第 122 行.
NOTIC: [8] Undefined variable: parentid D:\wamp\www\hjyxlqlgm\web\App\Admin\ORG\Tree.class.php 第 122 行.
NOTIC: [8] Undefined variable: parentid D:\wamp\www\hjyxlqlgm\web\App\Admin\ORG\Tree.class.php 第 122 行.
NOTIC: [8] Undefined variable: parentid D:\wamp\www\hjyxlqlgm\web\App\Admin\ORG\Tree.class.php 第 122 行.
NOTIC: [8] Undefined variable: parentid D:\wamp\www\hjyxlqlgm\web\App\Admin\ORG\Tree.class.php 第 122 行.
NOTIC: [8] Undefined variable: parentid D:\wamp\www\hjyxlqlgm\web\App\Admin\ORG\Tree.class.php 第 122 行.
NOTIC: [8] Undefined variable: parentid D:\wamp\www\hjyxlqlgm\web\App\Admin\ORG\Tree.class.php 第 122 行.
NOTIC: [8] Undefined variable: parentid D:\wamp\www\hjyxlqlgm\web\App\Admin\ORG\Tree.class.php 第 122 行.
NOTIC: [8] Undefined variable: parentid D:\wamp\www\hjyxlqlgm\web\App\Admin\ORG\Tree.class.php 第 122 行.
NOTIC: [8] Undefined variable: parentid D:\wamp\www\hjyxlqlgm\web\App\Admin\ORG\Tree.class.php 第 122 行.
NOTIC: [8] Undefined variable: parentid D:\wamp\www\hjyxlqlgm\web\App\Admin\ORG\Tree.class.php 第 122 行.
NOTIC: [8] Undefined variable: parentid D:\wamp\www\hjyxlqlgm\web\App\Admin\ORG\Tree.class.php 第 122 行.
NOTIC: [8] Undefined variable: parentid D:\wamp\www\hjyxlqlgm\web\App\Admin\ORG\Tree.class.php 第 122 行.
NOTIC: [8] Undefined variable: parentid D:\wamp\www\hjyxlqlgm\web\App\Admin\ORG\Tree.class.php 第 122 行.
NOTIC: [8] Undefined variable: parentid D:\wamp\www\hjyxlqlgm\web\App\Admin\ORG\Tree.class.php 第 122 行.
NOTIC: [8] Undefined variable: parentid D:\wamp\www\hjyxlqlgm\web\App\Admin\ORG\Tree.class.php 第 122 行.
NOTIC: [8] Undefined variable: parentid D:\wamp\www\hjyxlqlgm\web\App\Admin\ORG\Tree.class.php 第 122 行.
NOTIC: [8] Undefined variable: parentid D:\wamp\www\hjyxlqlgm\web\App\Admin\ORG\Tree.class.php 第 122 行.
NOTIC: [8] Undefined variable: parentid D:\wamp\www\hjyxlqlgm\web\App\Admin\ORG\Tree.class.php 第 122 行.
NOTIC: [8] Undefined variable: parentid D:\wamp\www\hjyxlqlgm\web\App\Admin\ORG\Tree.class.php 第 122 行.
NOTIC: [8] Undefined variable: parentid D:\wamp\www\hjyxlqlgm\web\App\Admin\ORG\Tree.class.php 第 122 行.
NOTIC: [8] Undefined variable: parentid D:\wamp\www\hjyxlqlgm\web\App\Admin\ORG\Tree.class.php 第 122 行.
NOTIC: [8] Undefined variable: parentid D:\wamp\www\hjyxlqlgm\web\App\Admin\ORG\Tree.class.php 第 122 行.
INFO: [ view_parse ] --START--
INFO: [ template_filter ] --START--
INFO: Run Behavior\ContentReplaceBehavior [ RunTime:0.000000s ]
INFO: [ template_filter ] --END-- [ RunTime:0.000000s ]
NOTIC: [8] Undefined variable: page D:\wamp\www\hjyxlqlgm\web\Cache\Cache\Admin\5a1d71dcf039f1b3725a8d8d96ae9d91.php 第 53 行.
INFO: Run Behavior\ParseTemplateBehavior [ RunTime:0.018002s ]
INFO: [ view_parse ] --END-- [ RunTime:0.018002s ]
INFO: [ view_filter ] --START--
INFO: Run Behavior\WriteHtmlCacheBehavior [ RunTime:0.000500s ]
INFO: [ view_filter ] --END-- [ RunTime:0.001000s ]
INFO: [ app_end ] --START--
INFO: Run Behavior\ShowPageTraceBehavior [ RunTime:0.001000s ]
INFO: [ app_end ] --END-- [ RunTime:0.001500s ]

