[ 2017-07-13T09:32:18+08:00 ] ::1 /tp/index.php?m=&c=Index&a=index
INFO: [ app_init ] --START--
INFO: Run Behavior\BuildLiteBehavior [ RunTime:0.000000s ]
INFO: [ app_init ] --END-- [ RunTime:0.011001s ]
INFO: [ app_begin ] --START--
INFO: Run Behavior\ReadHtmlCacheBehavior [ RunTime:0.000000s ]
INFO: Run Behavior\CheckLangBehavior [ RunTime:0.014001s ]
INFO: [ app_begin ] --END-- [ RunTime:0.016001s ]
NOTIC: [2048] Declaration of Admin\Controller\IndexController::index() should be compatible with Admin\Controller\BaseController::index($model = '') F:\wamp64\www\tp\App\Admin\Controller\IndexController.class.php 第 4 行.
INFO: [ action_begin ] --START--
NOTIC: [8192] mysql_connect(): The mysql extension is deprecated and will be removed in the future: use mysqli or PDO instead F:\wamp64\www\tp\Core\Library\Think\Db\Driver\Mysql.class.php 第 52 行.
SQL: SHOW COLUMNS FROM `admin_access_log` [ RunTime:0.065003s ]
SQL: INSERT INTO `admin_access_log` (`username`,`module`,`controller`,`action`,`act_time`,`ip`,`params`) VALUES ('admin','Admin','Index','index',1499909537,'0.0.0.0','[]') [ RunTime:0.002001s ]
INFO: Run Common\Behavior\AccessBehavior [ RunTime:0.138008s ]
INFO: [ action_begin ] --END-- [ RunTime:0.138008s ]
SQL: SHOW COLUMNS FROM `menu` [ RunTime:0.012000s ]
SQL: SHOW COLUMNS FROM `menu` [ RunTime:0.001000s ]
SQL: SELECT * FROM `menu` WHERE ( `iframe` <> 1 ) AND (  ( `pid` = 0 ) ) AND ( `display` = 1 ) ORDER BY ordid  [ RunTime:0.012001s ]
SQL: SHOW COLUMNS FROM `admin_auth` [ RunTime:0.002000s ]
SQL: SELECT * FROM `admin_auth` WHERE ( role_id=1 )  [ RunTime:0.001000s ]
SQL: SHOW COLUMNS FROM `admin_role` [ RunTime:0.002000s ]
SQL: SELECT `name` FROM `admin_role` WHERE ( `id` = 1 ) LIMIT 1   [ RunTime:0.000000s ]
INFO: [ view_parse ] --START--
INFO: [ template_filter ] --START--
INFO: Run Behavior\ContentReplaceBehavior [ RunTime:0.000000s ]
INFO: [ template_filter ] --END-- [ RunTime:0.000000s ]
INFO: Run Behavior\ParseTemplateBehavior [ RunTime:0.039003s ]
INFO: [ view_parse ] --END-- [ RunTime:0.040003s ]
INFO: [ view_filter ] --START--
INFO: Run Behavior\WriteHtmlCacheBehavior [ RunTime:0.000000s ]
INFO: [ view_filter ] --END-- [ RunTime:0.000000s ]
INFO: [ app_end ] --START--
INFO: Run Behavior\ShowPageTraceBehavior [ RunTime:0.000000s ]
INFO: [ app_end ] --END-- [ RunTime:0.001000s ]

[ 2017-07-13T09:32:18+08:00 ] ::1 /tp/index.php?m=&c=Index&a=left
INFO: [ app_init ] --START--
INFO: Run Behavior\BuildLiteBehavior [ RunTime:0.000000s ]
INFO: [ app_init ] --END-- [ RunTime:0.001000s ]
INFO: [ app_begin ] --START--
INFO: Run Behavior\ReadHtmlCacheBehavior [ RunTime:0.000000s ]
INFO: Run Behavior\CheckLangBehavior [ RunTime:0.002000s ]
INFO: [ app_begin ] --END-- [ RunTime:0.002000s ]
NOTIC: [2048] Declaration of Admin\Controller\IndexController::index() should be compatible with Admin\Controller\BaseController::index($model = '') F:\wamp64\www\tp\App\Admin\Controller\IndexController.class.php 第 4 行.
INFO: [ action_begin ] --START--
NOTIC: [8192] mysql_connect(): The mysql extension is deprecated and will be removed in the future: use mysqli or PDO instead F:\wamp64\www\tp\Core\Library\Think\Db\Driver\Mysql.class.php 第 52 行.
SQL: SHOW COLUMNS FROM `admin_access_log` [ RunTime:0.001000s ]
SQL: INSERT INTO `admin_access_log` (`username`,`module`,`controller`,`action`,`act_time`,`ip`,`params`) VALUES ('admin','Admin','Index','left',1499909538,'0.0.0.0','[]') [ RunTime:0.001000s ]
INFO: Run Common\Behavior\AccessBehavior [ RunTime:0.018001s ]
INFO: [ action_begin ] --END-- [ RunTime:0.018001s ]
SQL: SHOW COLUMNS FROM `menu` [ RunTime:0.000000s ]
SQL: SELECT * FROM `menu` WHERE ( `often` = 1 )  [ RunTime:0.001000s ]
INFO: [ view_parse ] --START--
INFO: [ template_filter ] --START--
INFO: Run Behavior\ContentReplaceBehavior [ RunTime:0.000000s ]
INFO: [ template_filter ] --END-- [ RunTime:0.001000s ]
NOTIC: [8] Undefined index: data F:\wamp64\www\tp\Cache\Cache\Admin\6a50c6d503dcfec33a87262cae7a0f6e.php 第 3 行.
INFO: Run Behavior\ParseTemplateBehavior [ RunTime:0.015001s ]
INFO: [ view_parse ] --END-- [ RunTime:0.015001s ]
INFO: [ view_filter ] --START--
INFO: Run Behavior\WriteHtmlCacheBehavior [ RunTime:0.000000s ]
INFO: [ view_filter ] --END-- [ RunTime:0.000000s ]
INFO: [ app_end ] --START--
INFO: Run Behavior\ShowPageTraceBehavior [ RunTime:0.001000s ]
INFO: [ app_end ] --END-- [ RunTime:0.001000s ]

[ 2017-07-13T10:30:07+08:00 ] 127.0.0.1 http://admin.leishenhuyu.com/index.php/Api/Index/index
INFO: [ app_init ] --START--
INFO: Run Behavior\BuildLiteBehavior [ RunTime:0.000000s ]
INFO: [ app_init ] --END-- [ RunTime:0.001000s ]
INFO: [ app_begin ] --START--
INFO: Run Behavior\ReadHtmlCacheBehavior [ RunTime:0.000000s ]
INFO: [ app_begin ] --END-- [ RunTime:0.001000s ]
NOTIC: [8] Undefined index: site_id F:\wamp64\www\tp\App\Api\Controller\BaseController.class.php 第 14 行.
NOTIC: [8192] mysql_connect(): The mysql extension is deprecated and will be removed in the future: use mysqli or PDO instead F:\wamp64\www\tp\Core\Library\Think\Db\Driver\Mysql.class.php 第 52 行.
SQL: SHOW COLUMNS FROM `wx_info` [ RunTime:0.001000s ]
SQL: SELECT * FROM `wx_info` WHERE ( `site_id` = null ) LIMIT 1   [ RunTime:0.000000s ]
INFO: [ app_end ] --START--
INFO: Run Behavior\ShowPageTraceBehavior [ RunTime:0.001000s ]
INFO: [ app_end ] --END-- [ RunTime:0.001000s ]

[ 2017-07-13T10:30:27+08:00 ] 127.0.0.1 http://admin.leishenhuyu.com/index.php/Api/Index/index/site_id=1
INFO: [ app_init ] --START--
INFO: Run Behavior\BuildLiteBehavior [ RunTime:0.000000s ]
INFO: [ app_init ] --END-- [ RunTime:0.001001s ]
INFO: [ app_begin ] --START--
INFO: Run Behavior\ReadHtmlCacheBehavior [ RunTime:0.000000s ]
INFO: [ app_begin ] --END-- [ RunTime:0.002000s ]
NOTIC: [8] Undefined index: site_id F:\wamp64\www\tp\App\Api\Controller\BaseController.class.php 第 14 行.
NOTIC: [8192] mysql_connect(): The mysql extension is deprecated and will be removed in the future: use mysqli or PDO instead F:\wamp64\www\tp\Core\Library\Think\Db\Driver\Mysql.class.php 第 52 行.
SQL: SHOW COLUMNS FROM `wx_info` [ RunTime:0.001000s ]
SQL: SELECT * FROM `wx_info` WHERE ( `site_id` = null ) LIMIT 1   [ RunTime:0.000000s ]
INFO: [ app_end ] --START--
INFO: Run Behavior\ShowPageTraceBehavior [ RunTime:0.001000s ]
INFO: [ app_end ] --END-- [ RunTime:0.001000s ]

[ 2017-07-13T10:30:30+08:00 ] 127.0.0.1 http://admin.leishenhuyu.com/index.php/Api/Index/index/site_id=1
INFO: [ app_init ] --START--
INFO: Run Behavior\BuildLiteBehavior [ RunTime:0.000000s ]
INFO: [ app_init ] --END-- [ RunTime:0.001000s ]
INFO: [ app_begin ] --START--
INFO: Run Behavior\ReadHtmlCacheBehavior [ RunTime:0.001000s ]
INFO: [ app_begin ] --END-- [ RunTime:0.001000s ]
NOTIC: [8] Undefined index: site_id F:\wamp64\www\tp\App\Api\Controller\BaseController.class.php 第 14 行.
NOTIC: [8192] mysql_connect(): The mysql extension is deprecated and will be removed in the future: use mysqli or PDO instead F:\wamp64\www\tp\Core\Library\Think\Db\Driver\Mysql.class.php 第 52 行.
SQL: SHOW COLUMNS FROM `wx_info` [ RunTime:0.001000s ]
SQL: SELECT * FROM `wx_info` WHERE ( `site_id` = null ) LIMIT 1   [ RunTime:0.001000s ]
INFO: [ app_end ] --START--
INFO: Run Behavior\ShowPageTraceBehavior [ RunTime:0.001000s ]
INFO: [ app_end ] --END-- [ RunTime:0.001000s ]

[ 2017-07-13T10:30:35+08:00 ] 127.0.0.1 http://admin.leishenhuyu.com/index.php/Api/Index/index?site_id=1
INFO: [ app_init ] --START--
INFO: Run Behavior\BuildLiteBehavior [ RunTime:0.000000s ]
INFO: [ app_init ] --END-- [ RunTime:0.001000s ]
INFO: [ app_begin ] --START--
INFO: Run Behavior\ReadHtmlCacheBehavior [ RunTime:0.000000s ]
INFO: [ app_begin ] --END-- [ RunTime:0.000000s ]
NOTIC: [8192] mysql_connect(): The mysql extension is deprecated and will be removed in the future: use mysqli or PDO instead F:\wamp64\www\tp\Core\Library\Think\Db\Driver\Mysql.class.php 第 52 行.
SQL: SHOW COLUMNS FROM `wx_info` [ RunTime:0.002000s ]
SQL: SELECT * FROM `wx_info` WHERE ( `site_id` = 1 ) LIMIT 1   [ RunTime:0.000000s ]
INFO: [ app_end ] --START--
INFO: Run Behavior\ShowPageTraceBehavior [ RunTime:0.001000s ]
INFO: [ app_end ] --END-- [ RunTime:0.001000s ]

[ 2017-07-13T10:30:37+08:00 ] 127.0.0.1 http://admin.leishenhuyu.com/index.php/Api/Index/index?site_id=1
INFO: [ app_init ] --START--
INFO: Run Behavior\BuildLiteBehavior [ RunTime:0.000000s ]
INFO: [ app_init ] --END-- [ RunTime:0.000000s ]
INFO: [ app_begin ] --START--
INFO: Run Behavior\ReadHtmlCacheBehavior [ RunTime:0.000000s ]
INFO: [ app_begin ] --END-- [ RunTime:0.001000s ]
NOTIC: [8192] mysql_connect(): The mysql extension is deprecated and will be removed in the future: use mysqli or PDO instead F:\wamp64\www\tp\Core\Library\Think\Db\Driver\Mysql.class.php 第 52 行.
SQL: SHOW COLUMNS FROM `wx_info` [ RunTime:0.002000s ]
SQL: SELECT * FROM `wx_info` WHERE ( `site_id` = 1 ) LIMIT 1   [ RunTime:0.000000s ]
INFO: [ app_end ] --START--
INFO: Run Behavior\ShowPageTraceBehavior [ RunTime:0.001001s ]
INFO: [ app_end ] --END-- [ RunTime:0.001001s ]

[ 2017-07-13T10:30:38+08:00 ] 127.0.0.1 http://admin.leishenhuyu.com/index.php/Api/Index/index?site_id=1
INFO: [ app_init ] --START--
INFO: Run Behavior\BuildLiteBehavior [ RunTime:0.000000s ]
INFO: [ app_init ] --END-- [ RunTime:0.000000s ]
INFO: [ app_begin ] --START--
INFO: Run Behavior\ReadHtmlCacheBehavior [ RunTime:0.001000s ]
INFO: [ app_begin ] --END-- [ RunTime:0.001000s ]
NOTIC: [8192] mysql_connect(): The mysql extension is deprecated and will be removed in the future: use mysqli or PDO instead F:\wamp64\www\tp\Core\Library\Think\Db\Driver\Mysql.class.php 第 52 行.
SQL: SHOW COLUMNS FROM `wx_info` [ RunTime:0.001000s ]
SQL: SELECT * FROM `wx_info` WHERE ( `site_id` = 1 ) LIMIT 1   [ RunTime:0.000000s ]
INFO: [ app_end ] --START--
INFO: Run Behavior\ShowPageTraceBehavior [ RunTime:0.001000s ]
INFO: [ app_end ] --END-- [ RunTime:0.001000s ]

[ 2017-07-13T10:30:39+08:00 ] 127.0.0.1 http://admin.leishenhuyu.com/index.php/Api/Index/index?site_id=1
INFO: [ app_init ] --START--
INFO: Run Behavior\BuildLiteBehavior [ RunTime:0.000000s ]
INFO: [ app_init ] --END-- [ RunTime:0.001000s ]
INFO: [ app_begin ] --START--
INFO: Run Behavior\ReadHtmlCacheBehavior [ RunTime:0.000000s ]
INFO: [ app_begin ] --END-- [ RunTime:0.001001s ]
NOTIC: [8192] mysql_connect(): The mysql extension is deprecated and will be removed in the future: use mysqli or PDO instead F:\wamp64\www\tp\Core\Library\Think\Db\Driver\Mysql.class.php 第 52 行.
SQL: SHOW COLUMNS FROM `wx_info` [ RunTime:0.002000s ]
SQL: SELECT * FROM `wx_info` WHERE ( `site_id` = 1 ) LIMIT 1   [ RunTime:0.000000s ]
INFO: [ app_end ] --START--
INFO: Run Behavior\ShowPageTraceBehavior [ RunTime:0.001001s ]
INFO: [ app_end ] --END-- [ RunTime:0.001001s ]

[ 2017-07-13T10:30:40+08:00 ] 127.0.0.1 http://admin.leishenhuyu.com/index.php/Api/Index/index?site_id=1
INFO: [ app_init ] --START--
INFO: Run Behavior\BuildLiteBehavior [ RunTime:0.000000s ]
INFO: [ app_init ] --END-- [ RunTime:0.001000s ]
INFO: [ app_begin ] --START--
INFO: Run Behavior\ReadHtmlCacheBehavior [ RunTime:0.001000s ]
INFO: [ app_begin ] --END-- [ RunTime:0.001000s ]
NOTIC: [8192] mysql_connect(): The mysql extension is deprecated and will be removed in the future: use mysqli or PDO instead F:\wamp64\www\tp\Core\Library\Think\Db\Driver\Mysql.class.php 第 52 行.
SQL: SHOW COLUMNS FROM `wx_info` [ RunTime:0.002000s ]
SQL: SELECT * FROM `wx_info` WHERE ( `site_id` = 1 ) LIMIT 1   [ RunTime:0.001000s ]
INFO: [ app_end ] --START--
INFO: Run Behavior\ShowPageTraceBehavior [ RunTime:0.001001s ]
INFO: [ app_end ] --END-- [ RunTime:0.001001s ]

[ 2017-07-13T10:30:42+08:00 ] 127.0.0.1 http://admin.leishenhuyu.com/index.php/Api/Index/index?site_id=1
INFO: [ app_init ] --START--
INFO: Run Behavior\BuildLiteBehavior [ RunTime:0.000000s ]
INFO: [ app_init ] --END-- [ RunTime:0.001001s ]
INFO: [ app_begin ] --START--
INFO: Run Behavior\ReadHtmlCacheBehavior [ RunTime:0.000000s ]
INFO: [ app_begin ] --END-- [ RunTime:0.000000s ]
NOTIC: [8192] mysql_connect(): The mysql extension is deprecated and will be removed in the future: use mysqli or PDO instead F:\wamp64\www\tp\Core\Library\Think\Db\Driver\Mysql.class.php 第 52 行.
SQL: SHOW COLUMNS FROM `wx_info` [ RunTime:0.001001s ]
SQL: SELECT * FROM `wx_info` WHERE ( `site_id` = 1 ) LIMIT 1   [ RunTime:0.000000s ]
INFO: [ app_end ] --START--
INFO: Run Behavior\ShowPageTraceBehavior [ RunTime:0.000000s ]
INFO: [ app_end ] --END-- [ RunTime:0.000000s ]

[ 2017-07-13T10:32:05+08:00 ] 127.0.0.1 http://admin.leishenhuyu.com/index.php/Api/Index/index?site_id=7
INFO: [ app_init ] --START--
INFO: Run Behavior\BuildLiteBehavior [ RunTime:0.000000s ]
INFO: [ app_init ] --END-- [ RunTime:0.001000s ]
INFO: [ app_begin ] --START--
INFO: Run Behavior\ReadHtmlCacheBehavior [ RunTime:0.000000s ]
INFO: [ app_begin ] --END-- [ RunTime:0.000000s ]
NOTIC: [8192] mysql_connect(): The mysql extension is deprecated and will be removed in the future: use mysqli or PDO instead F:\wamp64\www\tp\Core\Library\Think\Db\Driver\Mysql.class.php 第 52 行.
SQL: SHOW COLUMNS FROM `wx_info` [ RunTime:0.001000s ]
SQL: SELECT * FROM `wx_info` WHERE ( `site_id` = 7 ) LIMIT 1   [ RunTime:0.000000s ]
INFO: [ app_end ] --START--
INFO: Run Behavior\ShowPageTraceBehavior [ RunTime:0.001000s ]
INFO: [ app_end ] --END-- [ RunTime:0.001000s ]

[ 2017-07-13T10:33:44+08:00 ] 127.0.0.1 http://admin.leishenhuyu.com/index.php/Api/Index/index?site_id=7
INFO: [ app_init ] --START--
INFO: Run Behavior\BuildLiteBehavior [ RunTime:0.000000s ]
INFO: [ app_init ] --END-- [ RunTime:0.001000s ]
INFO: [ app_begin ] --START--
INFO: Run Behavior\ReadHtmlCacheBehavior [ RunTime:0.001000s ]
INFO: [ app_begin ] --END-- [ RunTime:0.001000s ]
NOTIC: [8192] mysql_connect(): The mysql extension is deprecated and will be removed in the future: use mysqli or PDO instead F:\wamp64\www\tp\Core\Library\Think\Db\Driver\Mysql.class.php 第 52 行.
SQL: SHOW COLUMNS FROM `wx_info` [ RunTime:0.001000s ]
SQL: SELECT * FROM `wx_info` WHERE ( `site_id` = 7 ) LIMIT 1   [ RunTime:0.000000s ]

[ 2017-07-13T10:34:36+08:00 ] 127.0.0.1 http://admin.leishenhuyu.com/index.php/Api/Index/index?site_id=7
INFO: [ app_init ] --START--
INFO: Run Behavior\BuildLiteBehavior [ RunTime:0.001000s ]
INFO: [ app_init ] --END-- [ RunTime:0.001000s ]
INFO: [ app_begin ] --START--
INFO: Run Behavior\ReadHtmlCacheBehavior [ RunTime:0.001000s ]
INFO: [ app_begin ] --END-- [ RunTime:0.001000s ]
NOTIC: [8192] mysql_connect(): The mysql extension is deprecated and will be removed in the future: use mysqli or PDO instead F:\wamp64\www\tp\Core\Library\Think\Db\Driver\Mysql.class.php 第 52 行.
SQL: SHOW COLUMNS FROM `wx_info` [ RunTime:0.001000s ]
SQL: SELECT * FROM `wx_info` WHERE ( `site_id` = 7 ) LIMIT 1   [ RunTime:0.000000s ]

[ 2017-07-13T10:36:59+08:00 ] 127.0.0.1 http://admin.leishenhuyu.com/index.php/Api/Index/index/site_id/7
INFO: [ app_init ] --START--
INFO: Run Behavior\BuildLiteBehavior [ RunTime:0.000000s ]
INFO: [ app_init ] --END-- [ RunTime:0.001000s ]
INFO: [ app_begin ] --START--
INFO: Run Behavior\ReadHtmlCacheBehavior [ RunTime:0.001000s ]
INFO: [ app_begin ] --END-- [ RunTime:0.001000s ]
NOTIC: [8192] mysql_connect(): The mysql extension is deprecated and will be removed in the future: use mysqli or PDO instead F:\wamp64\www\tp\Core\Library\Think\Db\Driver\Mysql.class.php 第 52 行.
SQL: SHOW COLUMNS FROM `wx_info` [ RunTime:0.002000s ]
SQL: SELECT * FROM `wx_info` WHERE ( `site_id` = 7 ) LIMIT 1   [ RunTime:0.000000s ]

[ 2017-07-13T10:37:01+08:00 ] 127.0.0.1 http://admin.leishenhuyu.com/index.php/Api/Index/index/site_id/7
INFO: [ app_init ] --START--
INFO: Run Behavior\BuildLiteBehavior [ RunTime:0.000000s ]
INFO: [ app_init ] --END-- [ RunTime:0.001000s ]
INFO: [ app_begin ] --START--
INFO: Run Behavior\ReadHtmlCacheBehavior [ RunTime:0.001000s ]
INFO: [ app_begin ] --END-- [ RunTime:0.001000s ]
NOTIC: [8192] mysql_connect(): The mysql extension is deprecated and will be removed in the future: use mysqli or PDO instead F:\wamp64\www\tp\Core\Library\Think\Db\Driver\Mysql.class.php 第 52 行.
SQL: SHOW COLUMNS FROM `wx_info` [ RunTime:0.001000s ]
SQL: SELECT * FROM `wx_info` WHERE ( `site_id` = 7 ) LIMIT 1   [ RunTime:0.000000s ]

[ 2017-07-13T10:37:06+08:00 ] 127.0.0.1 http://admin.leishenhuyu.com/index.php/Api/Index/index/site_id/7
INFO: [ app_init ] --START--
INFO: Run Behavior\BuildLiteBehavior [ RunTime:0.000000s ]
INFO: [ app_init ] --END-- [ RunTime:0.000000s ]
INFO: [ app_begin ] --START--
INFO: Run Behavior\ReadHtmlCacheBehavior [ RunTime:0.001000s ]
INFO: [ app_begin ] --END-- [ RunTime:0.001000s ]
NOTIC: [8192] mysql_connect(): The mysql extension is deprecated and will be removed in the future: use mysqli or PDO instead F:\wamp64\www\tp\Core\Library\Think\Db\Driver\Mysql.class.php 第 52 行.
SQL: SHOW COLUMNS FROM `wx_info` [ RunTime:0.001000s ]
SQL: SELECT * FROM `wx_info` WHERE ( `site_id` = 7 ) LIMIT 1   [ RunTime:0.001000s ]
INFO: [ app_end ] --START--
INFO: Run Behavior\ShowPageTraceBehavior [ RunTime:0.001000s ]
INFO: [ app_end ] --END-- [ RunTime:0.001000s ]

[ 2017-07-13T11:00:12+08:00 ] 127.0.0.1 http://admin.leishenhuyu.com/index.php/Api/Index/index/site_id/7
INFO: [ app_init ] --START--
INFO: Run Behavior\BuildLiteBehavior [ RunTime:0.000000s ]
INFO: [ app_init ] --END-- [ RunTime:0.001000s ]
INFO: [ app_begin ] --START--
INFO: Run Behavior\ReadHtmlCacheBehavior [ RunTime:0.000000s ]
INFO: [ app_begin ] --END-- [ RunTime:0.000000s ]
NOTIC: [8192] mysql_connect(): The mysql extension is deprecated and will be removed in the future: use mysqli or PDO instead F:\wamp64\www\tp\Core\Library\Think\Db\Driver\Mysql.class.php 第 52 行.
SQL: SHOW COLUMNS FROM `wx_info` [ RunTime:0.000000s ]
SQL: SELECT * FROM `wx_info` WHERE ( `site_id` = 7 ) LIMIT 1   [ RunTime:0.000000s ]

[ 2017-07-13T11:01:10+08:00 ] 127.0.0.1 http://admin.leishenhuyu.com/index.php/Api/Index/index/site_id/7
INFO: [ app_init ] --START--
INFO: Run Behavior\BuildLiteBehavior [ RunTime:0.000000s ]
INFO: [ app_init ] --END-- [ RunTime:0.001000s ]
INFO: [ app_begin ] --START--
INFO: Run Behavior\ReadHtmlCacheBehavior [ RunTime:0.001000s ]
INFO: [ app_begin ] --END-- [ RunTime:0.001000s ]
NOTIC: [8192] mysql_connect(): The mysql extension is deprecated and will be removed in the future: use mysqli or PDO instead F:\wamp64\www\tp\Core\Library\Think\Db\Driver\Mysql.class.php 第 52 行.
SQL: SHOW COLUMNS FROM `wx_info` [ RunTime:0.000000s ]
SQL: SELECT * FROM `wx_info` WHERE ( `site_id` = 7 ) LIMIT 1   [ RunTime:0.000000s ]
INFO: [ app_end ] --START--
INFO: Run Behavior\ShowPageTraceBehavior [ RunTime:0.002000s ]
INFO: [ app_end ] --END-- [ RunTime:0.003000s ]

[ 2017-07-13T11:01:17+08:00 ] 127.0.0.1 http://admin.leishenhuyu.com/index.php/Api/Index/index/site_id/7
INFO: [ app_init ] --START--
INFO: Run Behavior\BuildLiteBehavior [ RunTime:0.000000s ]
INFO: [ app_init ] --END-- [ RunTime:0.001000s ]
INFO: [ app_begin ] --START--
INFO: Run Behavior\ReadHtmlCacheBehavior [ RunTime:0.001000s ]
INFO: [ app_begin ] --END-- [ RunTime:0.001000s ]
NOTIC: [8192] mysql_connect(): The mysql extension is deprecated and will be removed in the future: use mysqli or PDO instead F:\wamp64\www\tp\Core\Library\Think\Db\Driver\Mysql.class.php 第 52 行.
SQL: SHOW COLUMNS FROM `wx_info` [ RunTime:0.000000s ]
SQL: SELECT * FROM `wx_info` WHERE ( `site_id` = 7 ) LIMIT 1   [ RunTime:0.000000s ]
INFO: [ app_end ] --START--
INFO: Run Behavior\ShowPageTraceBehavior [ RunTime:0.001000s ]
INFO: [ app_end ] --END-- [ RunTime:0.001000s ]

[ 2017-07-13T11:19:30+08:00 ] 127.0.0.1 http://admin.leishenhuyu.com/index.php?m=&c=Article&a=index&menuid=16
INFO: [ app_init ] --START--
INFO: Run Behavior\BuildLiteBehavior [ RunTime:0.001000s ]
INFO: [ app_init ] --END-- [ RunTime:0.001000s ]
INFO: [ app_begin ] --START--
INFO: Run Behavior\ReadHtmlCacheBehavior [ RunTime:0.000000s ]
INFO: Run Behavior\CheckLangBehavior [ RunTime:0.010001s ]
INFO: [ app_begin ] --END-- [ RunTime:0.011001s ]
NOTIC: [2048] Declaration of Admin\Controller\ArticleController::index() should be compatible with Admin\Controller\BaseController::index($model = '') F:\wamp64\www\tp\App\Admin\Controller\ArticleController.class.php 第 10 行.
INFO: [ action_begin ] --START--
NOTIC: [8192] mysql_connect(): The mysql extension is deprecated and will be removed in the future: use mysqli or PDO instead F:\wamp64\www\tp\Core\Library\Think\Db\Driver\Mysql.class.php 第 52 行.
SQL: SHOW COLUMNS FROM `admin_access_log` [ RunTime:0.000000s ]
SQL: INSERT INTO `admin_access_log` (`username`,`module`,`controller`,`action`,`act_time`,`ip`,`params`) VALUES ('admin','Admin','Article','index',1499915970,'127.0.0.1','{\"menuid\":\"16\"}') [ RunTime:0.000000s ]
INFO: Run Common\Behavior\AccessBehavior [ RunTime:0.008000s ]
INFO: [ action_begin ] --END-- [ RunTime:0.009000s ]
SQL: SHOW COLUMNS FROM `menu` [ RunTime:0.001000s ]
SQL: SHOW COLUMNS FROM `menu` [ RunTime:0.000000s ]
SQL: SELECT * FROM `menu` WHERE ( `iframe` <> 1 ) AND (  ( `pid` = 16 ) ) AND ( `display` = 1 ) ORDER BY ordid  [ RunTime:0.001000s ]
SQL: SHOW COLUMNS FROM `admin_auth` [ RunTime:0.000000s ]
SQL: SELECT * FROM `admin_auth` WHERE ( role_id=1 )  [ RunTime:0.001000s ]
SQL: SELECT * FROM `menu` WHERE ( `iframe` = 1 ) AND (  ( `pid` = 16 ) ) AND ( `display` = 1 ) ORDER BY ordid  [ RunTime:0.000000s ]
SQL: SELECT * FROM `admin_auth` WHERE ( role_id=1 )  [ RunTime:0.000000s ]
NOTIC: [8] Undefined index: db_dsn F:\wamp64\www\tp\Core\Library\Think\Db.class.php 第 129 行.
NOTIC: [8] Undefined index: db_params F:\wamp64\www\tp\Core\Library\Think\Db.class.php 第 130 行.
NOTIC: [8192] mysql_connect(): The mysql extension is deprecated and will be removed in the future: use mysqli or PDO instead F:\wamp64\www\tp\Core\Library\Think\Db\Driver\Mysql.class.php 第 52 行.
SQL: SHOW COLUMNS FROM `site` [ RunTime:0.001000s ]
SQL: SELECT * FROM `site`  [ RunTime:0.000000s ]
SQL: SHOW COLUMNS FROM `article` [ RunTime:0.001000s ]
NOTIC: [8] Undefined index: status F:\wamp64\www\tp\App\Admin\Controller\ArticleController.class.php 第 32 行.
NOTIC: [8] Undefined index: sort F:\wamp64\www\tp\App\Admin\Controller\BaseController.class.php 第 327 行.
NOTIC: [8] Undefined index: order F:\wamp64\www\tp\App\Admin\Controller\BaseController.class.php 第 328 行.
NOTIC: [8] Undefined index: listRows F:\wamp64\www\tp\App\Admin\Controller\BaseController.class.php 第 329 行.
SQL: SELECT COUNT(id) AS tp_count FROM `article` LIMIT 1   [ RunTime:0.018001s ]
SQL: SELECT * FROM `article` ORDER BY id desc LIMIT 0,20   [ RunTime:0.001000s ]
SQL: SHOW COLUMNS FROM `category` [ RunTime:0.000000s ]
SQL: SELECT `cat_name` FROM `category` WHERE ( `cat_id` = 38 ) LIMIT 1   [ RunTime:0.000000s ]
SQL: SELECT `site_name` FROM `site` WHERE ( `site_id` = 8 ) LIMIT 1   [ RunTime:0.000000s ]
SQL: SELECT `cat_name` FROM `category` WHERE ( `cat_id` = 38 ) LIMIT 1   [ RunTime:0.000000s ]
SQL: SELECT `site_name` FROM `site` WHERE ( `site_id` = 8 ) LIMIT 1   [ RunTime:0.000000s ]
SQL: SELECT `cat_name` FROM `category` WHERE ( `cat_id` = 38 ) LIMIT 1   [ RunTime:0.000000s ]
SQL: SELECT `site_name` FROM `site` WHERE ( `site_id` = 8 ) LIMIT 1   [ RunTime:0.000000s ]
SQL: SELECT `cat_name` FROM `category` WHERE ( `cat_id` = 38 ) LIMIT 1   [ RunTime:0.001000s ]
SQL: SELECT `site_name` FROM `site` WHERE ( `site_id` = 8 ) LIMIT 1   [ RunTime:0.000000s ]
SQL: SELECT `cat_name` FROM `category` WHERE ( `cat_id` = 37 ) LIMIT 1   [ RunTime:0.000000s ]
SQL: SELECT `site_name` FROM `site` WHERE ( `site_id` = 8 ) LIMIT 1   [ RunTime:0.000000s ]
SQL: SELECT `cat_name` FROM `category` WHERE ( `cat_id` = 37 ) LIMIT 1   [ RunTime:0.000000s ]
SQL: SELECT `site_name` FROM `site` WHERE ( `site_id` = 8 ) LIMIT 1   [ RunTime:0.000000s ]
SQL: SELECT `cat_name` FROM `category` WHERE ( `cat_id` = 37 ) LIMIT 1   [ RunTime:0.000000s ]
SQL: SELECT `site_name` FROM `site` WHERE ( `site_id` = 8 ) LIMIT 1   [ RunTime:0.001000s ]
SQL: SELECT `cat_name` FROM `category` WHERE ( `cat_id` = 37 ) LIMIT 1   [ RunTime:0.000000s ]
SQL: SELECT `site_name` FROM `site` WHERE ( `site_id` = 8 ) LIMIT 1   [ RunTime:0.001001s ]
SQL: SELECT `cat_name` FROM `category` WHERE ( `cat_id` = 28 ) LIMIT 1   [ RunTime:0.000000s ]
SQL: SELECT `site_name` FROM `site` WHERE ( `site_id` = 7 ) LIMIT 1   [ RunTime:0.000000s ]
SQL: SELECT `cat_name` FROM `category` WHERE ( `cat_id` = 28 ) LIMIT 1   [ RunTime:0.000000s ]
SQL: SELECT `site_name` FROM `site` WHERE ( `site_id` = 7 ) LIMIT 1   [ RunTime:0.000000s ]
SQL: SELECT `cat_name` FROM `category` WHERE ( `cat_id` = 28 ) LIMIT 1   [ RunTime:0.000000s ]
SQL: SELECT `site_name` FROM `site` WHERE ( `site_id` = 7 ) LIMIT 1   [ RunTime:0.000000s ]
SQL: SELECT `cat_name` FROM `category` WHERE ( `cat_id` = 28 ) LIMIT 1   [ RunTime:0.001000s ]
SQL: SELECT `site_name` FROM `site` WHERE ( `site_id` = 7 ) LIMIT 1   [ RunTime:0.000000s ]
SQL: SELECT `cat_name` FROM `category` WHERE ( `cat_id` = 28 ) LIMIT 1   [ RunTime:0.000000s ]
SQL: SELECT `site_name` FROM `site` WHERE ( `site_id` = 7 ) LIMIT 1   [ RunTime:0.000000s ]
SQL: SELECT `cat_name` FROM `category` WHERE ( `cat_id` = 28 ) LIMIT 1   [ RunTime:0.000000s ]
SQL: SELECT `site_name` FROM `site` WHERE ( `site_id` = 7 ) LIMIT 1   [ RunTime:0.001000s ]
SQL: SELECT `cat_name` FROM `category` WHERE ( `cat_id` = 28 ) LIMIT 1   [ RunTime:0.000000s ]
SQL: SELECT `site_name` FROM `site` WHERE ( `site_id` = 7 ) LIMIT 1   [ RunTime:0.000000s ]
SQL: SELECT `cat_name` FROM `category` WHERE ( `cat_id` = 27 ) LIMIT 1   [ RunTime:0.000000s ]
SQL: SELECT `site_name` FROM `site` WHERE ( `site_id` = 7 ) LIMIT 1   [ RunTime:0.000000s ]
SQL: SELECT `cat_name` FROM `category` WHERE ( `cat_id` = 27 ) LIMIT 1   [ RunTime:0.000000s ]
SQL: SELECT `site_name` FROM `site` WHERE ( `site_id` = 7 ) LIMIT 1   [ RunTime:0.000000s ]
SQL: SELECT `cat_name` FROM `category` WHERE ( `cat_id` = 34 ) LIMIT 1   [ RunTime:0.001000s ]
SQL: SELECT `site_name` FROM `site` WHERE ( `site_id` = 7 ) LIMIT 1   [ RunTime:0.000000s ]
SQL: SELECT `cat_name` FROM `category` WHERE ( `cat_id` = 34 ) LIMIT 1   [ RunTime:0.000000s ]
SQL: SELECT `site_name` FROM `site` WHERE ( `site_id` = 7 ) LIMIT 1   [ RunTime:0.000000s ]
SQL: SELECT `cat_name` FROM `category` WHERE ( `cat_id` = 34 ) LIMIT 1   [ RunTime:0.000000s ]
SQL: SELECT `site_name` FROM `site` WHERE ( `site_id` = 7 ) LIMIT 1   [ RunTime:0.001000s ]
INFO: [ view_parse ] --START--
INFO: [ template_filter ] --START--
INFO: Run Behavior\ContentReplaceBehavior [ RunTime:0.000000s ]
INFO: [ template_filter ] --END-- [ RunTime:0.000000s ]
NOTIC: [8] Undefined index: keyword F:\wamp64\www\tp\Cache\Cache\Admin\ac492b5605bffa8cac27c5e0dc599b32.php 第 45 行.
NOTIC: [8] Undefined variable: searchtype F:\wamp64\www\tp\Cache\Cache\Admin\ac492b5605bffa8cac27c5e0dc599b32.php 第 47 行.
NOTIC: [8] Undefined index: thumb F:\wamp64\www\tp\Cache\Cache\Admin\ac492b5605bffa8cac27c5e0dc599b32.php 第 59 行.
INFO: Run Behavior\ParseTemplateBehavior [ RunTime:0.054003s ]
INFO: [ view_parse ] --END-- [ RunTime:0.054003s ]
INFO: [ view_filter ] --START--
INFO: Run Behavior\WriteHtmlCacheBehavior [ RunTime:0.000000s ]
INFO: [ view_filter ] --END-- [ RunTime:0.001000s ]
INFO: [ app_end ] --START--
INFO: Run Behavior\ShowPageTraceBehavior [ RunTime:0.000000s ]
INFO: [ app_end ] --END-- [ RunTime:0.000000s ]

[ 2017-07-13T11:19:30+08:00 ] 127.0.0.1 http://admin.leishenhuyu.com/index.php?m=&c=Article&a=index&menuid=16
INFO: [ app_init ] --START--
INFO: Run Behavior\BuildLiteBehavior [ RunTime:0.000000s ]
INFO: [ app_init ] --END-- [ RunTime:0.000000s ]
INFO: [ app_begin ] --START--
INFO: Run Behavior\ReadHtmlCacheBehavior [ RunTime:0.000000s ]
INFO: Run Behavior\CheckLangBehavior [ RunTime:0.001000s ]
INFO: [ app_begin ] --END-- [ RunTime:0.002000s ]
NOTIC: [2048] Declaration of Admin\Controller\ArticleController::index() should be compatible with Admin\Controller\BaseController::index($model = '') F:\wamp64\www\tp\App\Admin\Controller\ArticleController.class.php 第 10 行.
INFO: [ action_begin ] --START--
NOTIC: [8192] mysql_connect(): The mysql extension is deprecated and will be removed in the future: use mysqli or PDO instead F:\wamp64\www\tp\Core\Library\Think\Db\Driver\Mysql.class.php 第 52 行.
SQL: SHOW COLUMNS FROM `admin_access_log` [ RunTime:0.001000s ]
SQL: INSERT INTO `admin_access_log` (`username`,`module`,`controller`,`action`,`act_time`,`ip`,`params`) VALUES ('admin','Admin','Article','index',1499915970,'127.0.0.1','{\"menuid\":\"16\"}') [ RunTime:0.000000s ]
INFO: Run Common\Behavior\AccessBehavior [ RunTime:0.017001s ]
INFO: [ action_begin ] --END-- [ RunTime:0.017001s ]
SQL: SHOW COLUMNS FROM `menu` [ RunTime:0.001000s ]
SQL: SHOW COLUMNS FROM `menu` [ RunTime:0.001000s ]
SQL: SELECT * FROM `menu` WHERE ( `iframe` <> 1 ) AND (  ( `pid` = 16 ) ) AND ( `display` = 1 ) ORDER BY ordid  [ RunTime:0.001000s ]
SQL: SHOW COLUMNS FROM `admin_auth` [ RunTime:0.000000s ]
SQL: SELECT * FROM `admin_auth` WHERE ( role_id=1 )  [ RunTime:0.000000s ]
SQL: SELECT * FROM `menu` WHERE ( `iframe` = 1 ) AND (  ( `pid` = 16 ) ) AND ( `display` = 1 ) ORDER BY ordid  [ RunTime:0.000000s ]
SQL: SELECT * FROM `admin_auth` WHERE ( role_id=1 )  [ RunTime:0.000000s ]
NOTIC: [8] Undefined index: db_dsn F:\wamp64\www\tp\Core\Library\Think\Db.class.php 第 129 行.
NOTIC: [8] Undefined index: db_params F:\wamp64\www\tp\Core\Library\Think\Db.class.php 第 130 行.
NOTIC: [8192] mysql_connect(): The mysql extension is deprecated and will be removed in the future: use mysqli or PDO instead F:\wamp64\www\tp\Core\Library\Think\Db\Driver\Mysql.class.php 第 52 行.
SQL: SHOW COLUMNS FROM `site` [ RunTime:0.001000s ]
SQL: SELECT * FROM `site`  [ RunTime:0.000000s ]
SQL: SHOW COLUMNS FROM `article` [ RunTime:0.001000s ]
NOTIC: [8] Undefined index: status F:\wamp64\www\tp\App\Admin\Controller\ArticleController.class.php 第 32 行.
NOTIC: [8] Undefined index: sort F:\wamp64\www\tp\App\Admin\Controller\BaseController.class.php 第 327 行.
NOTIC: [8] Undefined index: order F:\wamp64\www\tp\App\Admin\Controller\BaseController.class.php 第 328 行.
NOTIC: [8] Undefined index: listRows F:\wamp64\www\tp\App\Admin\Controller\BaseController.class.php 第 329 行.
SQL: SELECT COUNT(id) AS tp_count FROM `article` LIMIT 1   [ RunTime:0.000000s ]
SQL: SELECT * FROM `article` ORDER BY id desc LIMIT 0,20   [ RunTime:0.001000s ]
SQL: SHOW COLUMNS FROM `category` [ RunTime:0.001000s ]
SQL: SELECT `cat_name` FROM `category` WHERE ( `cat_id` = 38 ) LIMIT 1   [ RunTime:0.000000s ]
SQL: SELECT `site_name` FROM `site` WHERE ( `site_id` = 8 ) LIMIT 1   [ RunTime:0.000000s ]
SQL: SELECT `cat_name` FROM `category` WHERE ( `cat_id` = 38 ) LIMIT 1   [ RunTime:0.000000s ]
SQL: SELECT `site_name` FROM `site` WHERE ( `site_id` = 8 ) LIMIT 1   [ RunTime:0.001000s ]
SQL: SELECT `cat_name` FROM `category` WHERE ( `cat_id` = 38 ) LIMIT 1   [ RunTime:0.000000s ]
SQL: SELECT `site_name` FROM `site` WHERE ( `site_id` = 8 ) LIMIT 1   [ RunTime:0.000000s ]
SQL: SELECT `cat_name` FROM `category` WHERE ( `cat_id` = 38 ) LIMIT 1   [ RunTime:0.001000s ]
SQL: SELECT `site_name` FROM `site` WHERE ( `site_id` = 8 ) LIMIT 1   [ RunTime:0.000000s ]
SQL: SELECT `cat_name` FROM `category` WHERE ( `cat_id` = 37 ) LIMIT 1   [ RunTime:0.000000s ]
SQL: SELECT `site_name` FROM `site` WHERE ( `site_id` = 8 ) LIMIT 1   [ RunTime:0.000000s ]
SQL: SELECT `cat_name` FROM `category` WHERE ( `cat_id` = 37 ) LIMIT 1   [ RunTime:0.000000s ]
SQL: SELECT `site_name` FROM `site` WHERE ( `site_id` = 8 ) LIMIT 1   [ RunTime:0.000000s ]
SQL: SELECT `cat_name` FROM `category` WHERE ( `cat_id` = 37 ) LIMIT 1   [ RunTime:0.000000s ]
SQL: SELECT `site_name` FROM `site` WHERE ( `site_id` = 8 ) LIMIT 1   [ RunTime:0.000000s ]
SQL: SELECT `cat_name` FROM `category` WHERE ( `cat_id` = 37 ) LIMIT 1   [ RunTime:0.000000s ]
SQL: SELECT `site_name` FROM `site` WHERE ( `site_id` = 8 ) LIMIT 1   [ RunTime:0.001000s ]
SQL: SELECT `cat_name` FROM `category` WHERE ( `cat_id` = 28 ) LIMIT 1   [ RunTime:0.000000s ]
SQL: SELECT `site_name` FROM `site` WHERE ( `site_id` = 7 ) LIMIT 1   [ RunTime:0.001000s ]
SQL: SELECT `cat_name` FROM `category` WHERE ( `cat_id` = 28 ) LIMIT 1   [ RunTime:0.000000s ]
SQL: SELECT `site_name` FROM `site` WHERE ( `site_id` = 7 ) LIMIT 1   [ RunTime:0.000000s ]
SQL: SELECT `cat_name` FROM `category` WHERE ( `cat_id` = 28 ) LIMIT 1   [ RunTime:0.000000s ]
SQL: SELECT `site_name` FROM `site` WHERE ( `site_id` = 7 ) LIMIT 1   [ RunTime:0.000000s ]
SQL: SELECT `cat_name` FROM `category` WHERE ( `cat_id` = 28 ) LIMIT 1   [ RunTime:0.000000s ]
SQL: SELECT `site_name` FROM `site` WHERE ( `site_id` = 7 ) LIMIT 1   [ RunTime:0.000000s ]
SQL: SELECT `cat_name` FROM `category` WHERE ( `cat_id` = 28 ) LIMIT 1   [ RunTime:0.001000s ]
SQL: SELECT `site_name` FROM `site` WHERE ( `site_id` = 7 ) LIMIT 1   [ RunTime:0.000000s ]
SQL: SELECT `cat_name` FROM `category` WHERE ( `cat_id` = 28 ) LIMIT 1   [ RunTime:0.000000s ]
SQL: SELECT `site_name` FROM `site` WHERE ( `site_id` = 7 ) LIMIT 1   [ RunTime:0.001000s ]
SQL: SELECT `cat_name` FROM `category` WHERE ( `cat_id` = 28 ) LIMIT 1   [ RunTime:0.000000s ]
SQL: SELECT `site_name` FROM `site` WHERE ( `site_id` = 7 ) LIMIT 1   [ RunTime:0.000000s ]
SQL: SELECT `cat_name` FROM `category` WHERE ( `cat_id` = 27 ) LIMIT 1   [ RunTime:0.001000s ]
SQL: SELECT `site_name` FROM `site` WHERE ( `site_id` = 7 ) LIMIT 1   [ RunTime:0.000000s ]
SQL: SELECT `cat_name` FROM `category` WHERE ( `cat_id` = 27 ) LIMIT 1   [ RunTime:0.000000s ]
SQL: SELECT `site_name` FROM `site` WHERE ( `site_id` = 7 ) LIMIT 1   [ RunTime:0.000000s ]
SQL: SELECT `cat_name` FROM `category` WHERE ( `cat_id` = 34 ) LIMIT 1   [ RunTime:0.000000s ]
SQL: SELECT `site_name` FROM `site` WHERE ( `site_id` = 7 ) LIMIT 1   [ RunTime:0.000000s ]
SQL: SELECT `cat_name` FROM `category` WHERE ( `cat_id` = 34 ) LIMIT 1   [ RunTime:0.000000s ]
SQL: SELECT `site_name` FROM `site` WHERE ( `site_id` = 7 ) LIMIT 1   [ RunTime:0.000000s ]
SQL: SELECT `cat_name` FROM `category` WHERE ( `cat_id` = 34 ) LIMIT 1   [ RunTime:0.000000s ]
SQL: SELECT `site_name` FROM `site` WHERE ( `site_id` = 7 ) LIMIT 1   [ RunTime:0.000000s ]
INFO: [ view_parse ] --START--
INFO: [ template_filter ] --START--
INFO: Run Behavior\ContentReplaceBehavior [ RunTime:0.000000s ]
INFO: [ template_filter ] --END-- [ RunTime:0.000000s ]
NOTIC: [8] Undefined index: keyword F:\wamp64\www\tp\Cache\Cache\Admin\ac492b5605bffa8cac27c5e0dc599b32.php 第 45 行.
NOTIC: [8] Undefined variable: searchtype F:\wamp64\www\tp\Cache\Cache\Admin\ac492b5605bffa8cac27c5e0dc599b32.php 第 47 行.
NOTIC: [8] Undefined index: thumb F:\wamp64\www\tp\Cache\Cache\Admin\ac492b5605bffa8cac27c5e0dc599b32.php 第 59 行.
INFO: Run Behavior\ParseTemplateBehavior [ RunTime:0.034002s ]
INFO: [ view_parse ] --END-- [ RunTime:0.034002s ]
INFO: [ view_filter ] --START--
INFO: Run Behavior\WriteHtmlCacheBehavior [ RunTime:0.000000s ]
INFO: [ view_filter ] --END-- [ RunTime:0.000000s ]
INFO: [ app_end ] --START--
INFO: Run Behavior\ShowPageTraceBehavior [ RunTime:0.000000s ]
INFO: [ app_end ] --END-- [ RunTime:0.000000s ]

[ 2017-07-13T11:19:30+08:00 ] 127.0.0.1 http://admin.leishenhuyu.com/index.php?m=&c=Article&a=getCate
INFO: [ app_init ] --START--
INFO: Run Behavior\BuildLiteBehavior [ RunTime:0.000000s ]
INFO: [ app_init ] --END-- [ RunTime:0.000000s ]
INFO: [ app_begin ] --START--
INFO: Run Behavior\ReadHtmlCacheBehavior [ RunTime:0.000000s ]
INFO: Run Behavior\CheckLangBehavior [ RunTime:0.001000s ]
INFO: [ app_begin ] --END-- [ RunTime:0.001000s ]
NOTIC: [2048] Declaration of Admin\Controller\ArticleController::index() should be compatible with Admin\Controller\BaseController::index($model = '') F:\wamp64\www\tp\App\Admin\Controller\ArticleController.class.php 第 10 行.
INFO: [ action_begin ] --START--
NOTIC: [8192] mysql_connect(): The mysql extension is deprecated and will be removed in the future: use mysqli or PDO instead F:\wamp64\www\tp\Core\Library\Think\Db\Driver\Mysql.class.php 第 52 行.
SQL: SHOW COLUMNS FROM `admin_access_log` [ RunTime:0.001000s ]
SQL: INSERT INTO `admin_access_log` (`username`,`module`,`controller`,`action`,`act_time`,`ip`,`params`) VALUES ('admin','Admin','Article','getCate',1499915970,'127.0.0.1','{\"site_id\":\"0\",\"cat_id\":\"0\"}') [ RunTime:0.001000s ]
INFO: Run Common\Behavior\AccessBehavior [ RunTime:0.011001s ]
INFO: [ action_begin ] --END-- [ RunTime:0.011001s ]
NOTIC: [8] Undefined index: db_dsn F:\wamp64\www\tp\Core\Library\Think\Db.class.php 第 129 行.
NOTIC: [8] Undefined index: db_params F:\wamp64\www\tp\Core\Library\Think\Db.class.php 第 130 行.
NOTIC: [8192] mysql_connect(): The mysql extension is deprecated and will be removed in the future: use mysqli or PDO instead F:\wamp64\www\tp\Core\Library\Think\Db\Driver\Mysql.class.php 第 52 行.
SQL: SHOW COLUMNS FROM `category` [ RunTime:0.001000s ]
SQL: SELECT * FROM `category` WHERE ( `site_id` = 0 )  [ RunTime:0.000000s ]
NOTIC: [2] Invalid argument supplied for foreach() F:\wamp64\www\tp\App\Admin\Controller\ArticleController.class.php 第 178 行.

[ 2017-07-13T11:19:32+08:00 ] 127.0.0.1 http://admin.leishenhuyu.com/index.php?m=&c=Article&a=add&menuid=16
INFO: [ app_init ] --START--
INFO: Run Behavior\BuildLiteBehavior [ RunTime:0.000000s ]
INFO: [ app_init ] --END-- [ RunTime:0.000000s ]
INFO: [ app_begin ] --START--
INFO: Run Behavior\ReadHtmlCacheBehavior [ RunTime:0.000000s ]
INFO: Run Behavior\CheckLangBehavior [ RunTime:0.001000s ]
INFO: [ app_begin ] --END-- [ RunTime:0.001000s ]
NOTIC: [2048] Declaration of Admin\Controller\ArticleController::index() should be compatible with Admin\Controller\BaseController::index($model = '') F:\wamp64\www\tp\App\Admin\Controller\ArticleController.class.php 第 10 行.
INFO: [ action_begin ] --START--
NOTIC: [8192] mysql_connect(): The mysql extension is deprecated and will be removed in the future: use mysqli or PDO instead F:\wamp64\www\tp\Core\Library\Think\Db\Driver\Mysql.class.php 第 52 行.
SQL: SHOW COLUMNS FROM `admin_access_log` [ RunTime:0.001001s ]
SQL: INSERT INTO `admin_access_log` (`username`,`module`,`controller`,`action`,`act_time`,`ip`,`params`) VALUES ('admin','Admin','Article','add',1499915972,'127.0.0.1','{\"menuid\":\"16\"}') [ RunTime:0.001000s ]
INFO: Run Common\Behavior\AccessBehavior [ RunTime:0.018001s ]
INFO: [ action_begin ] --END-- [ RunTime:0.018001s ]
SQL: SHOW COLUMNS FROM `menu` [ RunTime:0.000000s ]
SQL: SHOW COLUMNS FROM `menu` [ RunTime:0.000000s ]
SQL: SELECT * FROM `menu` WHERE ( `iframe` <> 1 ) AND (  ( `pid` = 16 ) ) AND ( `display` = 1 ) ORDER BY ordid  [ RunTime:0.001000s ]
SQL: SHOW COLUMNS FROM `admin_auth` [ RunTime:0.000000s ]
SQL: SELECT * FROM `admin_auth` WHERE ( role_id=1 )  [ RunTime:0.000000s ]
NOTIC: [2] strpos(): Empty needle F:\wamp64\www\tp\App\Admin\Controller\BaseController.class.php 第 21 行.
SQL: SELECT * FROM `menu` WHERE ( `iframe` = 1 ) AND (  ( `pid` = 16 ) ) AND ( `display` = 1 ) ORDER BY ordid  [ RunTime:0.001000s ]
SQL: SELECT * FROM `admin_auth` WHERE ( role_id=1 )  [ RunTime:0.000000s ]
NOTIC: [8] Undefined index: db_dsn F:\wamp64\www\tp\Core\Library\Think\Db.class.php 第 129 行.
NOTIC: [8] Undefined index: db_params F:\wamp64\www\tp\Core\Library\Think\Db.class.php 第 130 行.
NOTIC: [8192] mysql_connect(): The mysql extension is deprecated and will be removed in the future: use mysqli or PDO instead F:\wamp64\www\tp\Core\Library\Think\Db\Driver\Mysql.class.php 第 52 行.
SQL: SHOW COLUMNS FROM `site` [ RunTime:0.001000s ]
SQL: SELECT * FROM `site`  [ RunTime:0.000000s ]
SQL: SHOW COLUMNS FROM `article` [ RunTime:0.001000s ]
INFO: [ view_parse ] --START--
INFO: [ template_filter ] --START--
INFO: Run Behavior\ContentReplaceBehavior [ RunTime:0.000000s ]
INFO: [ template_filter ] --END-- [ RunTime:0.000000s ]
NOTIC: [8] Undefined variable: info F:\wamp64\www\tp\Cache\Cache\Admin\1104de50aaf571d1f72f5ad1d1b77d03.php 第 43 行.
NOTIC: [8] Undefined variable: info F:\wamp64\www\tp\Cache\Cache\Admin\1104de50aaf571d1f72f5ad1d1b77d03.php 第 43 行.
NOTIC: [8] Undefined variable: info F:\wamp64\www\tp\Cache\Cache\Admin\1104de50aaf571d1f72f5ad1d1b77d03.php 第 43 行.
NOTIC: [8] Undefined variable: info F:\wamp64\www\tp\Cache\Cache\Admin\1104de50aaf571d1f72f5ad1d1b77d03.php 第 43 行.
NOTIC: [8] Undefined variable: info F:\wamp64\www\tp\Cache\Cache\Admin\1104de50aaf571d1f72f5ad1d1b77d03.php 第 57 行.
NOTIC: [8] Undefined variable: info F:\wamp64\www\tp\Cache\Cache\Admin\1104de50aaf571d1f72f5ad1d1b77d03.php 第 62 行.
NOTIC: [8] Undefined variable: info F:\wamp64\www\tp\Cache\Cache\Admin\1104de50aaf571d1f72f5ad1d1b77d03.php 第 69 行.
NOTIC: [8] Undefined variable: info F:\wamp64\www\tp\Cache\Cache\Admin\1104de50aaf571d1f72f5ad1d1b77d03.php 第 70 行.
NOTIC: [8] Undefined variable: info F:\wamp64\www\tp\Cache\Cache\Admin\1104de50aaf571d1f72f5ad1d1b77d03.php 第 75 行.
NOTIC: [8] Undefined variable: info F:\wamp64\www\tp\Cache\Cache\Admin\1104de50aaf571d1f72f5ad1d1b77d03.php 第 79 行.
NOTIC: [8] Undefined variable: info F:\wamp64\www\tp\Cache\Cache\Admin\1104de50aaf571d1f72f5ad1d1b77d03.php 第 83 行.
NOTIC: [8] Undefined variable: info F:\wamp64\www\tp\Cache\Cache\Admin\1104de50aaf571d1f72f5ad1d1b77d03.php 第 87 行.
NOTIC: [8] Undefined variable: info F:\wamp64\www\tp\Cache\Cache\Admin\1104de50aaf571d1f72f5ad1d1b77d03.php 第 91 行.
NOTIC: [8] Undefined variable: info F:\wamp64\www\tp\Cache\Cache\Admin\1104de50aaf571d1f72f5ad1d1b77d03.php 第 96 行.
NOTIC: [8] Undefined variable: info F:\wamp64\www\tp\Cache\Cache\Admin\1104de50aaf571d1f72f5ad1d1b77d03.php 第 97 行.
NOTIC: [8] Undefined variable: info F:\wamp64\www\tp\Cache\Cache\Admin\1104de50aaf571d1f72f5ad1d1b77d03.php 第 108 行.
NOTIC: [8] Undefined variable: info F:\wamp64\www\tp\Cache\Cache\Admin\1104de50aaf571d1f72f5ad1d1b77d03.php 第 143 行.
INFO: Run Behavior\ParseTemplateBehavior [ RunTime:0.043002s ]
INFO: [ view_parse ] --END-- [ RunTime:0.043002s ]
INFO: [ view_filter ] --START--
INFO: Run Behavior\WriteHtmlCacheBehavior [ RunTime:0.001000s ]
INFO: [ view_filter ] --END-- [ RunTime:0.001000s ]
INFO: [ app_end ] --START--
INFO: Run Behavior\ShowPageTraceBehavior [ RunTime:0.001000s ]
INFO: [ app_end ] --END-- [ RunTime:0.001000s ]

[ 2017-07-13T11:19:32+08:00 ] 127.0.0.1 http://admin.leishenhuyu.com/index.php?m=&c=Article&a=getCate
INFO: [ app_init ] --START--
INFO: Run Behavior\BuildLiteBehavior [ RunTime:0.000000s ]
INFO: [ app_init ] --END-- [ RunTime:0.001000s ]
INFO: [ app_begin ] --START--
INFO: Run Behavior\ReadHtmlCacheBehavior [ RunTime:0.001000s ]
INFO: Run Behavior\CheckLangBehavior [ RunTime:0.001000s ]
INFO: [ app_begin ] --END-- [ RunTime:0.002000s ]
NOTIC: [2048] Declaration of Admin\Controller\ArticleController::index() should be compatible with Admin\Controller\BaseController::index($model = '') F:\wamp64\www\tp\App\Admin\Controller\ArticleController.class.php 第 10 行.
INFO: [ action_begin ] --START--
NOTIC: [8192] mysql_connect(): The mysql extension is deprecated and will be removed in the future: use mysqli or PDO instead F:\wamp64\www\tp\Core\Library\Think\Db\Driver\Mysql.class.php 第 52 行.
SQL: SHOW COLUMNS FROM `admin_access_log` [ RunTime:0.000000s ]
SQL: INSERT INTO `admin_access_log` (`username`,`module`,`controller`,`action`,`act_time`,`ip`,`params`) VALUES ('admin','Admin','Article','getCate',1499915972,'127.0.0.1','{\"site_id\":\"0\",\"cat_id\":\"\"}') [ RunTime:0.000000s ]
INFO: Run Common\Behavior\AccessBehavior [ RunTime:0.010001s ]
INFO: [ action_begin ] --END-- [ RunTime:0.010001s ]
NOTIC: [8] Undefined index: db_dsn F:\wamp64\www\tp\Core\Library\Think\Db.class.php 第 129 行.
NOTIC: [8] Undefined index: db_params F:\wamp64\www\tp\Core\Library\Think\Db.class.php 第 130 行.
NOTIC: [8192] mysql_connect(): The mysql extension is deprecated and will be removed in the future: use mysqli or PDO instead F:\wamp64\www\tp\Core\Library\Think\Db\Driver\Mysql.class.php 第 52 行.
SQL: SHOW COLUMNS FROM `category` [ RunTime:0.001000s ]
SQL: SELECT * FROM `category` WHERE ( `site_id` = 0 )  [ RunTime:0.000000s ]
NOTIC: [2] Invalid argument supplied for foreach() F:\wamp64\www\tp\App\Admin\Controller\ArticleController.class.php 第 178 行.

[ 2017-07-13T11:19:44+08:00 ] 127.0.0.1 http://admin.leishenhuyu.com/index.php?m=&c=Slide&a=index&menuid=28
INFO: [ app_init ] --START--
INFO: Run Behavior\BuildLiteBehavior [ RunTime:0.000000s ]
INFO: [ app_init ] --END-- [ RunTime:0.001000s ]
INFO: [ app_begin ] --START--
INFO: Run Behavior\ReadHtmlCacheBehavior [ RunTime:0.001000s ]
INFO: Run Behavior\CheckLangBehavior [ RunTime:0.003000s ]
INFO: [ app_begin ] --END-- [ RunTime:0.004000s ]
NOTIC: [2048] Declaration of Admin\Controller\SlideController::index() should be compatible with Admin\Controller\BaseController::index($model = '') F:\wamp64\www\tp\App\Admin\Controller\SlideController.class.php 第 10 行.
INFO: [ action_begin ] --START--
NOTIC: [8192] mysql_connect(): The mysql extension is deprecated and will be removed in the future: use mysqli or PDO instead F:\wamp64\www\tp\Core\Library\Think\Db\Driver\Mysql.class.php 第 52 行.
SQL: SHOW COLUMNS FROM `admin_access_log` [ RunTime:0.000000s ]
SQL: INSERT INTO `admin_access_log` (`username`,`module`,`controller`,`action`,`act_time`,`ip`,`params`) VALUES ('admin','Admin','Slide','index',1499915984,'127.0.0.1','{\"menuid\":\"28\"}') [ RunTime:0.000000s ]
INFO: Run Common\Behavior\AccessBehavior [ RunTime:0.013001s ]
INFO: [ action_begin ] --END-- [ RunTime:0.013001s ]
SQL: SHOW COLUMNS FROM `menu` [ RunTime:0.001000s ]
SQL: SHOW COLUMNS FROM `menu` [ RunTime:0.000000s ]
SQL: SELECT * FROM `menu` WHERE ( `iframe` <> 1 ) AND (  ( `pid` = 28 ) ) AND ( `display` = 1 ) ORDER BY ordid  [ RunTime:0.000000s ]
SQL: SHOW COLUMNS FROM `admin_auth` [ RunTime:0.001000s ]
SQL: SELECT * FROM `admin_auth` WHERE ( role_id=1 )  [ RunTime:0.000000s ]
NOTIC: [2] Invalid argument supplied for foreach() F:\wamp64\www\tp\App\Admin\Controller\BaseController.class.php 第 19 行.
NOTIC: [2] Invalid argument supplied for foreach() F:\wamp64\www\tp\App\Admin\Controller\BaseController.class.php 第 26 行.
SQL: SELECT * FROM `menu` WHERE ( `iframe` = 1 ) AND (  ( `pid` = 28 ) ) AND ( `display` = 1 ) ORDER BY ordid  [ RunTime:0.001000s ]
SQL: SELECT * FROM `admin_auth` WHERE ( role_id=1 )  [ RunTime:0.000000s ]
NOTIC: [8] Undefined index: db_dsn F:\wamp64\www\tp\Core\Library\Think\Db.class.php 第 129 行.
NOTIC: [8] Undefined index: db_params F:\wamp64\www\tp\Core\Library\Think\Db.class.php 第 130 行.
NOTIC: [8192] mysql_connect(): The mysql extension is deprecated and will be removed in the future: use mysqli or PDO instead F:\wamp64\www\tp\Core\Library\Think\Db\Driver\Mysql.class.php 第 52 行.
SQL: SHOW COLUMNS FROM `site` [ RunTime:0.001000s ]
SQL: SELECT * FROM `site` WHERE ( `status` = 1 )  [ RunTime:0.000000s ]
SQL: SHOW COLUMNS FROM `slide` [ RunTime:0.000000s ]
NOTIC: [8] Undefined variable: map F:\wamp64\www\tp\App\Admin\Controller\SlideController.class.php 第 21 行.
NOTIC: [8] Undefined index: sort F:\wamp64\www\tp\App\Admin\Controller\BaseController.class.php 第 327 行.
NOTIC: [8] Undefined index: order F:\wamp64\www\tp\App\Admin\Controller\BaseController.class.php 第 328 行.
NOTIC: [8] Undefined index: listRows F:\wamp64\www\tp\App\Admin\Controller\BaseController.class.php 第 329 行.
SQL: SELECT COUNT(id) AS tp_count FROM `slide` LIMIT 1   [ RunTime:0.000000s ]
SQL: SELECT * FROM `slide` ORDER BY id  LIMIT 0,20   [ RunTime:0.000000s ]
INFO: [ view_parse ] --START--
INFO: [ template_filter ] --START--
INFO: Run Behavior\ContentReplaceBehavior [ RunTime:0.000000s ]
INFO: [ template_filter ] --END-- [ RunTime:0.000000s ]
NOTIC: [8] Undefined variable: search F:\wamp64\www\tp\Cache\Cache\Admin\d2065425f578ca6b2ecb69480924e82e.php 第 46 行.
NOTIC: [8] Undefined variable: search F:\wamp64\www\tp\Cache\Cache\Admin\d2065425f578ca6b2ecb69480924e82e.php 第 48 行.
INFO: Run Behavior\ParseTemplateBehavior [ RunTime:0.036002s ]
INFO: [ view_parse ] --END-- [ RunTime:0.036002s ]
INFO: [ view_filter ] --START--
INFO: Run Behavior\WriteHtmlCacheBehavior [ RunTime:0.000000s ]
INFO: [ view_filter ] --END-- [ RunTime:0.001000s ]
INFO: [ app_end ] --START--
INFO: Run Behavior\ShowPageTraceBehavior [ RunTime:0.001000s ]
INFO: [ app_end ] --END-- [ RunTime:0.001000s ]

[ 2017-07-13T11:19:44+08:00 ] 127.0.0.1 http://admin.leishenhuyu.com/index.php?m=&c=Slide&a=index&menuid=28
INFO: [ app_init ] --START--
INFO: Run Behavior\BuildLiteBehavior [ RunTime:0.000000s ]
INFO: [ app_init ] --END-- [ RunTime:0.000000s ]
INFO: [ app_begin ] --START--
INFO: Run Behavior\ReadHtmlCacheBehavior [ RunTime:0.000000s ]
INFO: Run Behavior\CheckLangBehavior [ RunTime:0.002000s ]
INFO: [ app_begin ] --END-- [ RunTime:0.002000s ]
NOTIC: [2048] Declaration of Admin\Controller\SlideController::index() should be compatible with Admin\Controller\BaseController::index($model = '') F:\wamp64\www\tp\App\Admin\Controller\SlideController.class.php 第 10 行.
INFO: [ action_begin ] --START--
NOTIC: [8192] mysql_connect(): The mysql extension is deprecated and will be removed in the future: use mysqli or PDO instead F:\wamp64\www\tp\Core\Library\Think\Db\Driver\Mysql.class.php 第 52 行.
SQL: SHOW COLUMNS FROM `admin_access_log` [ RunTime:0.001000s ]
SQL: INSERT INTO `admin_access_log` (`username`,`module`,`controller`,`action`,`act_time`,`ip`,`params`) VALUES ('admin','Admin','Slide','index',1499915984,'127.0.0.1','{\"menuid\":\"28\"}') [ RunTime:0.000000s ]
INFO: Run Common\Behavior\AccessBehavior [ RunTime:0.017001s ]
INFO: [ action_begin ] --END-- [ RunTime:0.017001s ]
SQL: SHOW COLUMNS FROM `menu` [ RunTime:0.000000s ]
SQL: SHOW COLUMNS FROM `menu` [ RunTime:0.001000s ]
SQL: SELECT * FROM `menu` WHERE ( `iframe` <> 1 ) AND (  ( `pid` = 28 ) ) AND ( `display` = 1 ) ORDER BY ordid  [ RunTime:0.000000s ]
SQL: SHOW COLUMNS FROM `admin_auth` [ RunTime:0.001000s ]
SQL: SELECT * FROM `admin_auth` WHERE ( role_id=1 )  [ RunTime:0.000000s ]
NOTIC: [2] Invalid argument supplied for foreach() F:\wamp64\www\tp\App\Admin\Controller\BaseController.class.php 第 19 行.
NOTIC: [2] Invalid argument supplied for foreach() F:\wamp64\www\tp\App\Admin\Controller\BaseController.class.php 第 26 行.
SQL: SELECT * FROM `menu` WHERE ( `iframe` = 1 ) AND (  ( `pid` = 28 ) ) AND ( `display` = 1 ) ORDER BY ordid  [ RunTime:0.000000s ]
SQL: SELECT * FROM `admin_auth` WHERE ( role_id=1 )  [ RunTime:0.000000s ]
NOTIC: [8] Undefined index: db_dsn F:\wamp64\www\tp\Core\Library\Think\Db.class.php 第 129 行.
NOTIC: [8] Undefined index: db_params F:\wamp64\www\tp\Core\Library\Think\Db.class.php 第 130 行.
NOTIC: [8192] mysql_connect(): The mysql extension is deprecated and will be removed in the future: use mysqli or PDO instead F:\wamp64\www\tp\Core\Library\Think\Db\Driver\Mysql.class.php 第 52 行.
SQL: SHOW COLUMNS FROM `site` [ RunTime:0.001000s ]
SQL: SELECT * FROM `site` WHERE ( `status` = 1 )  [ RunTime:0.000000s ]
SQL: SHOW COLUMNS FROM `slide` [ RunTime:0.001000s ]
NOTIC: [8] Undefined variable: map F:\wamp64\www\tp\App\Admin\Controller\SlideController.class.php 第 21 行.
NOTIC: [8] Undefined index: sort F:\wamp64\www\tp\App\Admin\Controller\BaseController.class.php 第 327 行.
NOTIC: [8] Undefined index: order F:\wamp64\www\tp\App\Admin\Controller\BaseController.class.php 第 328 行.
NOTIC: [8] Undefined index: listRows F:\wamp64\www\tp\App\Admin\Controller\BaseController.class.php 第 329 行.
SQL: SELECT COUNT(id) AS tp_count FROM `slide` LIMIT 1   [ RunTime:0.000000s ]
SQL: SELECT * FROM `slide` ORDER BY id  LIMIT 0,20   [ RunTime:0.000000s ]
INFO: [ view_parse ] --START--
INFO: [ template_filter ] --START--
INFO: Run Behavior\ContentReplaceBehavior [ RunTime:0.000000s ]
INFO: [ template_filter ] --END-- [ RunTime:0.001000s ]
NOTIC: [8] Undefined variable: search F:\wamp64\www\tp\Cache\Cache\Admin\d2065425f578ca6b2ecb69480924e82e.php 第 46 行.
NOTIC: [8] Undefined variable: search F:\wamp64\www\tp\Cache\Cache\Admin\d2065425f578ca6b2ecb69480924e82e.php 第 48 行.
INFO: Run Behavior\ParseTemplateBehavior [ RunTime:0.020002s ]
INFO: [ view_parse ] --END-- [ RunTime:0.020002s ]
INFO: [ view_filter ] --START--
INFO: Run Behavior\WriteHtmlCacheBehavior [ RunTime:0.000000s ]
INFO: [ view_filter ] --END-- [ RunTime:0.001000s ]
INFO: [ app_end ] --START--
INFO: Run Behavior\ShowPageTraceBehavior [ RunTime:0.001000s ]
INFO: [ app_end ] --END-- [ RunTime:0.001000s ]

[ 2017-07-13T11:19:46+08:00 ] 127.0.0.1 http://admin.leishenhuyu.com/index.php?m=&c=Slide&a=picmanage&slide_id=2
INFO: [ app_init ] --START--
INFO: Run Behavior\BuildLiteBehavior [ RunTime:0.000000s ]
INFO: [ app_init ] --END-- [ RunTime:0.001000s ]
INFO: [ app_begin ] --START--
INFO: Run Behavior\ReadHtmlCacheBehavior [ RunTime:0.001001s ]
INFO: Run Behavior\CheckLangBehavior [ RunTime:0.002000s ]
INFO: [ app_begin ] --END-- [ RunTime:0.003001s ]
NOTIC: [2048] Declaration of Admin\Controller\SlideController::index() should be compatible with Admin\Controller\BaseController::index($model = '') F:\wamp64\www\tp\App\Admin\Controller\SlideController.class.php 第 10 行.
INFO: [ action_begin ] --START--
NOTIC: [8192] mysql_connect(): The mysql extension is deprecated and will be removed in the future: use mysqli or PDO instead F:\wamp64\www\tp\Core\Library\Think\Db\Driver\Mysql.class.php 第 52 行.
SQL: SHOW COLUMNS FROM `admin_access_log` [ RunTime:0.001000s ]
SQL: INSERT INTO `admin_access_log` (`username`,`module`,`controller`,`action`,`act_time`,`ip`,`params`) VALUES ('admin','Admin','Slide','picmanage',1499915986,'127.0.0.1','{\"slide_id\":\"2\"}') [ RunTime:0.000000s ]
INFO: Run Common\Behavior\AccessBehavior [ RunTime:0.010000s ]
INFO: [ action_begin ] --END-- [ RunTime:0.010000s ]
NOTIC: [8] Undefined index: db_dsn F:\wamp64\www\tp\Core\Library\Think\Db.class.php 第 129 行.
NOTIC: [8] Undefined index: db_params F:\wamp64\www\tp\Core\Library\Think\Db.class.php 第 130 行.
NOTIC: [8192] mysql_connect(): The mysql extension is deprecated and will be removed in the future: use mysqli or PDO instead F:\wamp64\www\tp\Core\Library\Think\Db\Driver\Mysql.class.php 第 52 行.
SQL: SHOW COLUMNS FROM `site` [ RunTime:0.002001s ]
SQL: SELECT * FROM `site` WHERE ( `status` = 1 )  [ RunTime:0.001000s ]
SQL: SHOW COLUMNS FROM `slide` [ RunTime:0.001000s ]
SQL: SELECT * FROM `slide` WHERE ( `id` = 2 ) LIMIT 1   [ RunTime:0.000000s ]
SQL: SHOW COLUMNS FROM `slide_data` [ RunTime:0.000000s ]
SQL: SELECT * FROM `slide_data` WHERE ( `slide_id` = 2 ) ORDER BY id DESC  [ RunTime:0.000000s ]
INFO: [ view_parse ] --START--
INFO: [ template_filter ] --START--
INFO: Run Behavior\ContentReplaceBehavior [ RunTime:0.000000s ]
INFO: [ template_filter ] --END-- [ RunTime:0.000000s ]
NOTIC: [8] Undefined variable: sub_menu F:\wamp64\www\tp\Cache\Cache\Admin\0f02c8640ac6acf465d5a3c8f93fd735.php 第 25 行.
NOTIC: [8] Undefined variable: big_menu F:\wamp64\www\tp\Cache\Cache\Admin\0f02c8640ac6acf465d5a3c8f93fd735.php 第 25 行.
NOTIC: [8] Use of undefined constant gobacklist - assumed 'gobacklist' F:\wamp64\www\tp\Cache\Cache\Admin\0f02c8640ac6acf465d5a3c8f93fd735.php 第 40 行.
NOTIC: [8] Use of undefined constant name - assumed 'name' F:\wamp64\www\tp\Cache\Cache\Admin\0f02c8640ac6acf465d5a3c8f93fd735.php 第 41 行.
NOTIC: [8] Use of undefined constant id - assumed 'id' F:\wamp64\www\tp\Cache\Cache\Admin\0f02c8640ac6acf465d5a3c8f93fd735.php 第 41 行.
NOTIC: [8] Use of undefined constant id - assumed 'id' F:\wamp64\www\tp\Cache\Cache\Admin\0f02c8640ac6acf465d5a3c8f93fd735.php 第 41 行.
NOTIC: [8] Use of undefined constant add_pic - assumed 'add_pic' F:\wamp64\www\tp\Cache\Cache\Admin\0f02c8640ac6acf465d5a3c8f93fd735.php 第 41 行.
NOTIC: [8] Undefined variable: page F:\wamp64\www\tp\Cache\Cache\Admin\0f02c8640ac6acf465d5a3c8f93fd735.php 第 81 行.
INFO: Run Behavior\ParseTemplateBehavior [ RunTime:0.026001s ]
INFO: [ view_parse ] --END-- [ RunTime:0.026001s ]
INFO: [ view_filter ] --START--
INFO: Run Behavior\WriteHtmlCacheBehavior [ RunTime:0.001000s ]
INFO: [ view_filter ] --END-- [ RunTime:0.001000s ]
INFO: [ app_end ] --START--
INFO: Run Behavior\ShowPageTraceBehavior [ RunTime:0.001000s ]
INFO: [ app_end ] --END-- [ RunTime:0.001000s ]

[ 2017-07-13T11:19:53+08:00 ] 127.0.0.1 http://admin.leishenhuyu.com/index.php?m=&c=Slide&a=editpic&id=6
INFO: [ app_init ] --START--
INFO: Run Behavior\BuildLiteBehavior [ RunTime:0.000000s ]
INFO: [ app_init ] --END-- [ RunTime:0.002000s ]
INFO: [ app_begin ] --START--
INFO: Run Behavior\ReadHtmlCacheBehavior [ RunTime:0.001000s ]
INFO: Run Behavior\CheckLangBehavior [ RunTime:0.003000s ]
INFO: [ app_begin ] --END-- [ RunTime:0.004000s ]
NOTIC: [2048] Declaration of Admin\Controller\SlideController::index() should be compatible with Admin\Controller\BaseController::index($model = '') F:\wamp64\www\tp\App\Admin\Controller\SlideController.class.php 第 10 行.
INFO: [ action_begin ] --START--
NOTIC: [8192] mysql_connect(): The mysql extension is deprecated and will be removed in the future: use mysqli or PDO instead F:\wamp64\www\tp\Core\Library\Think\Db\Driver\Mysql.class.php 第 52 行.
SQL: SHOW COLUMNS FROM `admin_access_log` [ RunTime:0.000000s ]
SQL: INSERT INTO `admin_access_log` (`username`,`module`,`controller`,`action`,`act_time`,`ip`,`params`) VALUES ('admin','Admin','Slide','editpic',1499915993,'127.0.0.1','{\"id\":\"6\"}') [ RunTime:0.001000s ]
INFO: Run Common\Behavior\AccessBehavior [ RunTime:0.012001s ]
INFO: [ action_begin ] --END-- [ RunTime:0.012001s ]
NOTIC: [8] Undefined index: db_dsn F:\wamp64\www\tp\Core\Library\Think\Db.class.php 第 129 行.
NOTIC: [8] Undefined index: db_params F:\wamp64\www\tp\Core\Library\Think\Db.class.php 第 130 行.
NOTIC: [8192] mysql_connect(): The mysql extension is deprecated and will be removed in the future: use mysqli or PDO instead F:\wamp64\www\tp\Core\Library\Think\Db\Driver\Mysql.class.php 第 52 行.
SQL: SHOW COLUMNS FROM `site` [ RunTime:0.001000s ]
SQL: SELECT * FROM `site` WHERE ( `status` = 1 )  [ RunTime:0.000000s ]
SQL: SHOW COLUMNS FROM `slide` [ RunTime:0.001001s ]
NOTIC: [8] Undefined variable: slide_id F:\wamp64\www\tp\App\Admin\Controller\SlideController.class.php 第 94 行.
SQL: SELECT `site_id` FROM `slide` WHERE ( `id` = null ) LIMIT 1   [ RunTime:0.000000s ]
SQL: SHOW COLUMNS FROM `slide_data` [ RunTime:0.000000s ]
SQL: SELECT * FROM `slide_data` WHERE ( `id` = 6 ) LIMIT 1   [ RunTime:0.000000s ]
SQL: SELECT * FROM `slide` WHERE ( `id` = 2 ) LIMIT 1   [ RunTime:0.000000s ]
INFO: [ view_parse ] --START--
INFO: [ template_filter ] --START--
INFO: Run Behavior\ContentReplaceBehavior [ RunTime:0.001000s ]
INFO: [ template_filter ] --END-- [ RunTime:0.001000s ]
NOTIC: [8] Undefined variable: sub_menu F:\wamp64\www\tp\Cache\Cache\Admin\ade33d1f8a9141c76ad8659fdf9a7368.php 第 25 行.
NOTIC: [8] Undefined variable: big_menu F:\wamp64\www\tp\Cache\Cache\Admin\ade33d1f8a9141c76ad8659fdf9a7368.php 第 25 行.
NOTIC: [8] Use of undefined constant gobacklist - assumed 'gobacklist' F:\wamp64\www\tp\Cache\Cache\Admin\ade33d1f8a9141c76ad8659fdf9a7368.php 第 39 行.
NOTIC: [8] Use of undefined constant name - assumed 'name' F:\wamp64\www\tp\Cache\Cache\Admin\ade33d1f8a9141c76ad8659fdf9a7368.php 第 40 行.
NOTIC: [8] Use of undefined constant id - assumed 'id' F:\wamp64\www\tp\Cache\Cache\Admin\ade33d1f8a9141c76ad8659fdf9a7368.php 第 40 行.
NOTIC: [8] Use of undefined constant id - assumed 'id' F:\wamp64\www\tp\Cache\Cache\Admin\ade33d1f8a9141c76ad8659fdf9a7368.php 第 40 行.
NOTIC: [8] Use of undefined constant add_pic - assumed 'add_pic' F:\wamp64\www\tp\Cache\Cache\Admin\ade33d1f8a9141c76ad8659fdf9a7368.php 第 40 行.
INFO: Run Behavior\ParseTemplateBehavior [ RunTime:0.023001s ]
INFO: [ view_parse ] --END-- [ RunTime:0.024001s ]
INFO: [ view_filter ] --START--
INFO: Run Behavior\WriteHtmlCacheBehavior [ RunTime:0.000000s ]
INFO: [ view_filter ] --END-- [ RunTime:0.000000s ]
INFO: [ app_end ] --START--
INFO: Run Behavior\ShowPageTraceBehavior [ RunTime:0.000000s ]
INFO: [ app_end ] --END-- [ RunTime:0.001000s ]

[ 2017-07-13T14:09:54+08:00 ] 127.0.0.1 http://admin.leishenhuyu.com/index.php?m=&c=Article&a=index&menuid=16
INFO: [ app_init ] --START--
INFO: Run Behavior\BuildLiteBehavior [ RunTime:0.000000s ]
INFO: [ app_init ] --END-- [ RunTime:0.001000s ]
INFO: [ app_begin ] --START--
INFO: Run Behavior\ReadHtmlCacheBehavior [ RunTime:0.000000s ]
INFO: Run Behavior\CheckLangBehavior [ RunTime:0.002000s ]
INFO: [ app_begin ] --END-- [ RunTime:0.003000s ]
NOTIC: [2048] Declaration of Admin\Controller\ArticleController::index() should be compatible with Admin\Controller\BaseController::index($model = '') F:\wamp64\www\tp\App\Admin\Controller\ArticleController.class.php 第 10 行.
INFO: [ action_begin ] --START--
NOTIC: [8192] mysql_connect(): The mysql extension is deprecated and will be removed in the future: use mysqli or PDO instead F:\wamp64\www\tp\Core\Library\Think\Db\Driver\Mysql.class.php 第 52 行.
SQL: SHOW COLUMNS FROM `admin_access_log` [ RunTime:0.001000s ]
SQL: INSERT INTO `admin_access_log` (`username`,`module`,`controller`,`action`,`act_time`,`ip`,`params`) VALUES ('admin','Admin','Article','index',1499926194,'127.0.0.1','{\"menuid\":\"16\"}') [ RunTime:0.000000s ]
INFO: Run Common\Behavior\AccessBehavior [ RunTime:0.011001s ]
INFO: [ action_begin ] --END-- [ RunTime:0.011001s ]
SQL: SHOW COLUMNS FROM `menu` [ RunTime:0.000000s ]
SQL: SHOW COLUMNS FROM `menu` [ RunTime:0.001000s ]
SQL: SELECT * FROM `menu` WHERE ( `iframe` <> 1 ) AND (  ( `pid` = 16 ) ) AND ( `display` = 1 ) ORDER BY ordid  [ RunTime:0.000000s ]
SQL: SHOW COLUMNS FROM `admin_auth` [ RunTime:0.001000s ]
SQL: SELECT * FROM `admin_auth` WHERE ( role_id=1 )  [ RunTime:0.000000s ]
SQL: SELECT * FROM `menu` WHERE ( `iframe` = 1 ) AND (  ( `pid` = 16 ) ) AND ( `display` = 1 ) ORDER BY ordid  [ RunTime:0.001000s ]
SQL: SELECT * FROM `admin_auth` WHERE ( role_id=1 )  [ RunTime:0.000000s ]
NOTIC: [8] Undefined index: db_dsn F:\wamp64\www\tp\Core\Library\Think\Db.class.php 第 129 行.
NOTIC: [8] Undefined index: db_params F:\wamp64\www\tp\Core\Library\Think\Db.class.php 第 130 行.
NOTIC: [8192] mysql_connect(): The mysql extension is deprecated and will be removed in the future: use mysqli or PDO instead F:\wamp64\www\tp\Core\Library\Think\Db\Driver\Mysql.class.php 第 52 行.
SQL: SHOW COLUMNS FROM `site` [ RunTime:0.001000s ]
SQL: SELECT * FROM `site`  [ RunTime:0.000000s ]
SQL: SHOW COLUMNS FROM `article` [ RunTime:0.000000s ]
NOTIC: [8] Undefined index: status F:\wamp64\www\tp\App\Admin\Controller\ArticleController.class.php 第 32 行.
NOTIC: [8] Undefined index: sort F:\wamp64\www\tp\App\Admin\Controller\BaseController.class.php 第 327 行.
NOTIC: [8] Undefined index: order F:\wamp64\www\tp\App\Admin\Controller\BaseController.class.php 第 328 行.
NOTIC: [8] Undefined index: listRows F:\wamp64\www\tp\App\Admin\Controller\BaseController.class.php 第 329 行.
SQL: SELECT COUNT(id) AS tp_count FROM `article` LIMIT 1   [ RunTime:0.000000s ]
SQL: SELECT * FROM `article` ORDER BY id desc LIMIT 0,20   [ RunTime:0.001000s ]
SQL: SHOW COLUMNS FROM `category` [ RunTime:0.001000s ]
SQL: SELECT `cat_name` FROM `category` WHERE ( `cat_id` = 38 ) LIMIT 1   [ RunTime:0.001000s ]
SQL: SELECT `site_name` FROM `site` WHERE ( `site_id` = 8 ) LIMIT 1   [ RunTime:0.000000s ]
SQL: SELECT `cat_name` FROM `category` WHERE ( `cat_id` = 38 ) LIMIT 1   [ RunTime:0.000000s ]
SQL: SELECT `site_name` FROM `site` WHERE ( `site_id` = 8 ) LIMIT 1   [ RunTime:0.000000s ]
SQL: SELECT `cat_name` FROM `category` WHERE ( `cat_id` = 38 ) LIMIT 1   [ RunTime:0.000000s ]
SQL: SELECT `site_name` FROM `site` WHERE ( `site_id` = 8 ) LIMIT 1   [ RunTime:0.001000s ]
SQL: SELECT `cat_name` FROM `category` WHERE ( `cat_id` = 38 ) LIMIT 1   [ RunTime:0.000000s ]
SQL: SELECT `site_name` FROM `site` WHERE ( `site_id` = 8 ) LIMIT 1   [ RunTime:0.000000s ]
SQL: SELECT `cat_name` FROM `category` WHERE ( `cat_id` = 37 ) LIMIT 1   [ RunTime:0.000000s ]
SQL: SELECT `site_name` FROM `site` WHERE ( `site_id` = 8 ) LIMIT 1   [ RunTime:0.000000s ]
SQL: SELECT `cat_name` FROM `category` WHERE ( `cat_id` = 37 ) LIMIT 1   [ RunTime:0.000000s ]
SQL: SELECT `site_name` FROM `site` WHERE ( `site_id` = 8 ) LIMIT 1   [ RunTime:0.000000s ]
SQL: SELECT `cat_name` FROM `category` WHERE ( `cat_id` = 37 ) LIMIT 1   [ RunTime:0.000000s ]
SQL: SELECT `site_name` FROM `site` WHERE ( `site_id` = 8 ) LIMIT 1   [ RunTime:0.000000s ]
SQL: SELECT `cat_name` FROM `category` WHERE ( `cat_id` = 37 ) LIMIT 1   [ RunTime:0.000000s ]
SQL: SELECT `site_name` FROM `site` WHERE ( `site_id` = 8 ) LIMIT 1   [ RunTime:0.000000s ]
SQL: SELECT `cat_name` FROM `category` WHERE ( `cat_id` = 28 ) LIMIT 1   [ RunTime:0.000000s ]
SQL: SELECT `site_name` FROM `site` WHERE ( `site_id` = 7 ) LIMIT 1   [ RunTime:0.000000s ]
SQL: SELECT `cat_name` FROM `category` WHERE ( `cat_id` = 28 ) LIMIT 1   [ RunTime:0.001000s ]
SQL: SELECT `site_name` FROM `site` WHERE ( `site_id` = 7 ) LIMIT 1   [ RunTime:0.000000s ]
SQL: SELECT `cat_name` FROM `category` WHERE ( `cat_id` = 28 ) LIMIT 1   [ RunTime:0.001000s ]
SQL: SELECT `site_name` FROM `site` WHERE ( `site_id` = 7 ) LIMIT 1   [ RunTime:0.000000s ]
SQL: SELECT `cat_name` FROM `category` WHERE ( `cat_id` = 28 ) LIMIT 1   [ RunTime:0.000000s ]
SQL: SELECT `site_name` FROM `site` WHERE ( `site_id` = 7 ) LIMIT 1   [ RunTime:0.000000s ]
SQL: SELECT `cat_name` FROM `category` WHERE ( `cat_id` = 28 ) LIMIT 1   [ RunTime:0.000000s ]
SQL: SELECT `site_name` FROM `site` WHERE ( `site_id` = 7 ) LIMIT 1   [ RunTime:0.000000s ]
SQL: SELECT `cat_name` FROM `category` WHERE ( `cat_id` = 28 ) LIMIT 1   [ RunTime:0.000000s ]
SQL: SELECT `site_name` FROM `site` WHERE ( `site_id` = 7 ) LIMIT 1   [ RunTime:0.000000s ]
SQL: SELECT `cat_name` FROM `category` WHERE ( `cat_id` = 28 ) LIMIT 1   [ RunTime:0.000000s ]
SQL: SELECT `site_name` FROM `site` WHERE ( `site_id` = 7 ) LIMIT 1   [ RunTime:0.000000s ]
SQL: SELECT `cat_name` FROM `category` WHERE ( `cat_id` = 27 ) LIMIT 1   [ RunTime:0.000000s ]
SQL: SELECT `site_name` FROM `site` WHERE ( `site_id` = 7 ) LIMIT 1   [ RunTime:0.001000s ]
SQL: SELECT `cat_name` FROM `category` WHERE ( `cat_id` = 27 ) LIMIT 1   [ RunTime:0.000000s ]
SQL: SELECT `site_name` FROM `site` WHERE ( `site_id` = 7 ) LIMIT 1   [ RunTime:0.001000s ]
SQL: SELECT `cat_name` FROM `category` WHERE ( `cat_id` = 34 ) LIMIT 1   [ RunTime:0.000000s ]
SQL: SELECT `site_name` FROM `site` WHERE ( `site_id` = 7 ) LIMIT 1   [ RunTime:0.001000s ]
SQL: SELECT `cat_name` FROM `category` WHERE ( `cat_id` = 34 ) LIMIT 1   [ RunTime:0.000000s ]
SQL: SELECT `site_name` FROM `site` WHERE ( `site_id` = 7 ) LIMIT 1   [ RunTime:0.001000s ]
SQL: SELECT `cat_name` FROM `category` WHERE ( `cat_id` = 34 ) LIMIT 1   [ RunTime:0.000000s ]
SQL: SELECT `site_name` FROM `site` WHERE ( `site_id` = 7 ) LIMIT 1   [ RunTime:0.001001s ]
INFO: [ view_parse ] --START--
INFO: [ template_filter ] --START--
INFO: Run Behavior\ContentReplaceBehavior [ RunTime:0.000000s ]
INFO: [ template_filter ] --END-- [ RunTime:0.000000s ]
NOTIC: [8] Undefined index: keyword F:\wamp64\www\tp\Cache\Cache\Admin\ac492b5605bffa8cac27c5e0dc599b32.php 第 45 行.
NOTIC: [8] Undefined variable: searchtype F:\wamp64\www\tp\Cache\Cache\Admin\ac492b5605bffa8cac27c5e0dc599b32.php 第 47 行.
NOTIC: [8] Undefined index: thumb F:\wamp64\www\tp\Cache\Cache\Admin\ac492b5605bffa8cac27c5e0dc599b32.php 第 59 行.
INFO: Run Behavior\ParseTemplateBehavior [ RunTime:0.039002s ]
INFO: [ view_parse ] --END-- [ RunTime:0.039002s ]
INFO: [ view_filter ] --START--
INFO: Run Behavior\WriteHtmlCacheBehavior [ RunTime:0.001000s ]
INFO: [ view_filter ] --END-- [ RunTime:0.001000s ]
INFO: [ app_end ] --START--
INFO: Run Behavior\ShowPageTraceBehavior [ RunTime:0.001000s ]
INFO: [ app_end ] --END-- [ RunTime:0.001000s ]

[ 2017-07-13T14:09:54+08:00 ] 127.0.0.1 http://admin.leishenhuyu.com/index.php?m=&c=Article&a=getCate
INFO: [ app_init ] --START--
INFO: Run Behavior\BuildLiteBehavior [ RunTime:0.000000s ]
INFO: [ app_init ] --END-- [ RunTime:0.001000s ]
INFO: [ app_begin ] --START--
INFO: Run Behavior\ReadHtmlCacheBehavior [ RunTime:0.001000s ]
INFO: Run Behavior\CheckLangBehavior [ RunTime:0.001000s ]
INFO: [ app_begin ] --END-- [ RunTime:0.002000s ]
NOTIC: [2048] Declaration of Admin\Controller\ArticleController::index() should be compatible with Admin\Controller\BaseController::index($model = '') F:\wamp64\www\tp\App\Admin\Controller\ArticleController.class.php 第 10 行.
INFO: [ action_begin ] --START--
NOTIC: [8192] mysql_connect(): The mysql extension is deprecated and will be removed in the future: use mysqli or PDO instead F:\wamp64\www\tp\Core\Library\Think\Db\Driver\Mysql.class.php 第 52 行.
SQL: SHOW COLUMNS FROM `admin_access_log` [ RunTime:0.000000s ]
SQL: INSERT INTO `admin_access_log` (`username`,`module`,`controller`,`action`,`act_time`,`ip`,`params`) VALUES ('admin','Admin','Article','getCate',1499926194,'127.0.0.1','{\"site_id\":\"0\",\"cat_id\":\"0\"}') [ RunTime:0.001000s ]
INFO: Run Common\Behavior\AccessBehavior [ RunTime:0.009000s ]
INFO: [ action_begin ] --END-- [ RunTime:0.009000s ]
NOTIC: [8] Undefined index: db_dsn F:\wamp64\www\tp\Core\Library\Think\Db.class.php 第 129 行.
NOTIC: [8] Undefined index: db_params F:\wamp64\www\tp\Core\Library\Think\Db.class.php 第 130 行.
NOTIC: [8192] mysql_connect(): The mysql extension is deprecated and will be removed in the future: use mysqli or PDO instead F:\wamp64\www\tp\Core\Library\Think\Db\Driver\Mysql.class.php 第 52 行.
SQL: SHOW COLUMNS FROM `category` [ RunTime:0.000000s ]
SQL: SELECT * FROM `category` WHERE ( `site_id` = 0 )  [ RunTime:0.000000s ]
NOTIC: [2] Invalid argument supplied for foreach() F:\wamp64\www\tp\App\Admin\Controller\ArticleController.class.php 第 178 行.

[ 2017-07-13T14:11:39+08:00 ] 127.0.0.1 http://admin.leishenhuyu.com/index.php?m=&c=Slide&a=index&menuid=28
INFO: [ app_init ] --START--
INFO: Run Behavior\BuildLiteBehavior [ RunTime:0.000000s ]
INFO: [ app_init ] --END-- [ RunTime:0.001000s ]
INFO: [ app_begin ] --START--
INFO: Run Behavior\ReadHtmlCacheBehavior [ RunTime:0.002000s ]
INFO: Run Behavior\CheckLangBehavior [ RunTime:0.003000s ]
INFO: [ app_begin ] --END-- [ RunTime:0.005000s ]
NOTIC: [2048] Declaration of Admin\Controller\SlideController::index() should be compatible with Admin\Controller\BaseController::index($model = '') F:\wamp64\www\tp\App\Admin\Controller\SlideController.class.php 第 10 行.
INFO: [ action_begin ] --START--
NOTIC: [8192] mysql_connect(): The mysql extension is deprecated and will be removed in the future: use mysqli or PDO instead F:\wamp64\www\tp\Core\Library\Think\Db\Driver\Mysql.class.php 第 52 行.
SQL: SHOW COLUMNS FROM `admin_access_log` [ RunTime:0.001000s ]
SQL: INSERT INTO `admin_access_log` (`username`,`module`,`controller`,`action`,`act_time`,`ip`,`params`) VALUES ('admin','Admin','Slide','index',1499926299,'127.0.0.1','{\"menuid\":\"28\"}') [ RunTime:0.000000s ]
INFO: Run Common\Behavior\AccessBehavior [ RunTime:0.018001s ]
INFO: [ action_begin ] --END-- [ RunTime:0.018001s ]
SQL: SHOW COLUMNS FROM `menu` [ RunTime:0.000000s ]
SQL: SHOW COLUMNS FROM `menu` [ RunTime:0.000000s ]
SQL: SELECT * FROM `menu` WHERE ( `iframe` <> 1 ) AND (  ( `pid` = 28 ) ) AND ( `display` = 1 ) ORDER BY ordid  [ RunTime:0.000000s ]
SQL: SHOW COLUMNS FROM `admin_auth` [ RunTime:0.001000s ]
SQL: SELECT * FROM `admin_auth` WHERE ( role_id=1 )  [ RunTime:0.000000s ]
NOTIC: [2] Invalid argument supplied for foreach() F:\wamp64\www\tp\App\Admin\Controller\BaseController.class.php 第 19 行.
NOTIC: [2] Invalid argument supplied for foreach() F:\wamp64\www\tp\App\Admin\Controller\BaseController.class.php 第 26 行.
SQL: SELECT * FROM `menu` WHERE ( `iframe` = 1 ) AND (  ( `pid` = 28 ) ) AND ( `display` = 1 ) ORDER BY ordid  [ RunTime:0.000000s ]
SQL: SELECT * FROM `admin_auth` WHERE ( role_id=1 )  [ RunTime:0.000000s ]
NOTIC: [8] Undefined index: db_dsn F:\wamp64\www\tp\Core\Library\Think\Db.class.php 第 129 行.
NOTIC: [8] Undefined index: db_params F:\wamp64\www\tp\Core\Library\Think\Db.class.php 第 130 行.
NOTIC: [8192] mysql_connect(): The mysql extension is deprecated and will be removed in the future: use mysqli or PDO instead F:\wamp64\www\tp\Core\Library\Think\Db\Driver\Mysql.class.php 第 52 行.
SQL: SHOW COLUMNS FROM `site` [ RunTime:0.001001s ]
SQL: SELECT * FROM `site` WHERE ( `status` = 1 )  [ RunTime:0.000000s ]
SQL: SHOW COLUMNS FROM `slide` [ RunTime:0.001000s ]
NOTIC: [8] Undefined variable: map F:\wamp64\www\tp\App\Admin\Controller\SlideController.class.php 第 21 行.
NOTIC: [8] Undefined index: sort F:\wamp64\www\tp\App\Admin\Controller\BaseController.class.php 第 327 行.
NOTIC: [8] Undefined index: order F:\wamp64\www\tp\App\Admin\Controller\BaseController.class.php 第 328 行.
NOTIC: [8] Undefined index: listRows F:\wamp64\www\tp\App\Admin\Controller\BaseController.class.php 第 329 行.
SQL: SELECT COUNT(id) AS tp_count FROM `slide` LIMIT 1   [ RunTime:0.000000s ]
SQL: SELECT * FROM `slide` ORDER BY id  LIMIT 0,20   [ RunTime:0.000000s ]
INFO: [ view_parse ] --START--
INFO: [ template_filter ] --START--
INFO: Run Behavior\ContentReplaceBehavior [ RunTime:0.000000s ]
INFO: [ template_filter ] --END-- [ RunTime:0.000000s ]
NOTIC: [8] Undefined variable: search F:\wamp64\www\tp\Cache\Cache\Admin\d2065425f578ca6b2ecb69480924e82e.php 第 46 行.
NOTIC: [8] Undefined variable: search F:\wamp64\www\tp\Cache\Cache\Admin\d2065425f578ca6b2ecb69480924e82e.php 第 48 行.
INFO: Run Behavior\ParseTemplateBehavior [ RunTime:0.021001s ]
INFO: [ view_parse ] --END-- [ RunTime:0.021001s ]
INFO: [ view_filter ] --START--
INFO: Run Behavior\WriteHtmlCacheBehavior [ RunTime:0.000000s ]
INFO: [ view_filter ] --END-- [ RunTime:0.000000s ]
INFO: [ app_end ] --START--
INFO: Run Behavior\ShowPageTraceBehavior [ RunTime:0.001000s ]
INFO: [ app_end ] --END-- [ RunTime:0.001000s ]

[ 2017-07-13T14:11:41+08:00 ] 127.0.0.1 http://admin.leishenhuyu.com/index.php?m=&c=Slide&a=edit&id=2
INFO: [ app_init ] --START--
INFO: Run Behavior\BuildLiteBehavior [ RunTime:0.000000s ]
INFO: [ app_init ] --END-- [ RunTime:0.001000s ]
INFO: [ app_begin ] --START--
INFO: Run Behavior\ReadHtmlCacheBehavior [ RunTime:0.001000s ]
INFO: Run Behavior\CheckLangBehavior [ RunTime:0.001000s ]
INFO: [ app_begin ] --END-- [ RunTime:0.002000s ]
NOTIC: [2048] Declaration of Admin\Controller\SlideController::index() should be compatible with Admin\Controller\BaseController::index($model = '') F:\wamp64\www\tp\App\Admin\Controller\SlideController.class.php 第 10 行.
INFO: [ action_begin ] --START--
NOTIC: [8192] mysql_connect(): The mysql extension is deprecated and will be removed in the future: use mysqli or PDO instead F:\wamp64\www\tp\Core\Library\Think\Db\Driver\Mysql.class.php 第 52 行.
SQL: SHOW COLUMNS FROM `admin_access_log` [ RunTime:0.001000s ]
SQL: INSERT INTO `admin_access_log` (`username`,`module`,`controller`,`action`,`act_time`,`ip`,`params`) VALUES ('admin','Admin','Slide','edit',1499926301,'127.0.0.1','{\"id\":\"2\"}') [ RunTime:0.000000s ]
INFO: Run Common\Behavior\AccessBehavior [ RunTime:0.008001s ]
INFO: [ action_begin ] --END-- [ RunTime:0.008001s ]
NOTIC: [8] Undefined index: db_dsn F:\wamp64\www\tp\Core\Library\Think\Db.class.php 第 129 行.
NOTIC: [8] Undefined index: db_params F:\wamp64\www\tp\Core\Library\Think\Db.class.php 第 130 行.
NOTIC: [8192] mysql_connect(): The mysql extension is deprecated and will be removed in the future: use mysqli or PDO instead F:\wamp64\www\tp\Core\Library\Think\Db\Driver\Mysql.class.php 第 52 行.
SQL: SHOW COLUMNS FROM `site` [ RunTime:0.001000s ]
SQL: SELECT * FROM `site` WHERE ( `status` = 1 )  [ RunTime:0.000000s ]
SQL: SHOW COLUMNS FROM `slide` [ RunTime:0.001000s ]
NOTIC: [8] Undefined index: menuid F:\wamp64\www\tp\App\Admin\Controller\BaseController.class.php 第 210 行.
SQL: SELECT * FROM `slide` WHERE ( `id` = 2 ) LIMIT 1   [ RunTime:0.001000s ]
INFO: [ view_parse ] --START--
INFO: [ template_filter ] --START--
INFO: Run Behavior\ContentReplaceBehavior [ RunTime:0.000000s ]
INFO: [ template_filter ] --END-- [ RunTime:0.000000s ]
INFO: Run Behavior\ParseTemplateBehavior [ RunTime:0.046003s ]
INFO: [ view_parse ] --END-- [ RunTime:0.046003s ]
INFO: [ view_filter ] --START--
INFO: Run Behavior\WriteHtmlCacheBehavior [ RunTime:0.001000s ]
INFO: [ view_filter ] --END-- [ RunTime:0.001000s ]

[ 2017-07-13T14:11:43+08:00 ] 127.0.0.1 http://admin.leishenhuyu.com/index.php?m=&c=Slide&a=picmanage&slide_id=2
INFO: [ app_init ] --START--
INFO: Run Behavior\BuildLiteBehavior [ RunTime:0.000000s ]
INFO: [ app_init ] --END-- [ RunTime:0.000000s ]
INFO: [ app_begin ] --START--
INFO: Run Behavior\ReadHtmlCacheBehavior [ RunTime:0.001000s ]
INFO: Run Behavior\CheckLangBehavior [ RunTime:0.002001s ]
INFO: [ app_begin ] --END-- [ RunTime:0.003001s ]
NOTIC: [2048] Declaration of Admin\Controller\SlideController::index() should be compatible with Admin\Controller\BaseController::index($model = '') F:\wamp64\www\tp\App\Admin\Controller\SlideController.class.php 第 10 行.
INFO: [ action_begin ] --START--
NOTIC: [8192] mysql_connect(): The mysql extension is deprecated and will be removed in the future: use mysqli or PDO instead F:\wamp64\www\tp\Core\Library\Think\Db\Driver\Mysql.class.php 第 52 行.
SQL: SHOW COLUMNS FROM `admin_access_log` [ RunTime:0.001000s ]
SQL: INSERT INTO `admin_access_log` (`username`,`module`,`controller`,`action`,`act_time`,`ip`,`params`) VALUES ('admin','Admin','Slide','picmanage',1499926303,'127.0.0.1','{\"slide_id\":\"2\"}') [ RunTime:0.001000s ]
INFO: Run Common\Behavior\AccessBehavior [ RunTime:0.018001s ]
INFO: [ action_begin ] --END-- [ RunTime:0.018001s ]
NOTIC: [8] Undefined index: db_dsn F:\wamp64\www\tp\Core\Library\Think\Db.class.php 第 129 行.
NOTIC: [8] Undefined index: db_params F:\wamp64\www\tp\Core\Library\Think\Db.class.php 第 130 行.
NOTIC: [8192] mysql_connect(): The mysql extension is deprecated and will be removed in the future: use mysqli or PDO instead F:\wamp64\www\tp\Core\Library\Think\Db\Driver\Mysql.class.php 第 52 行.
SQL: SHOW COLUMNS FROM `site` [ RunTime:0.001001s ]
SQL: SELECT * FROM `site` WHERE ( `status` = 1 )  [ RunTime:0.001000s ]
SQL: SHOW COLUMNS FROM `slide` [ RunTime:0.001000s ]
SQL: SELECT * FROM `slide` WHERE ( `id` = 2 ) LIMIT 1   [ RunTime:0.001000s ]
SQL: SHOW COLUMNS FROM `slide_data` [ RunTime:0.002000s ]
SQL: SELECT * FROM `slide_data` WHERE ( `slide_id` = 2 ) ORDER BY id DESC  [ RunTime:0.002000s ]
INFO: [ view_parse ] --START--
INFO: [ template_filter ] --START--
INFO: Run Behavior\ContentReplaceBehavior [ RunTime:0.000000s ]
INFO: [ template_filter ] --END-- [ RunTime:0.000000s ]
NOTIC: [8] Undefined variable: sub_menu F:\wamp64\www\tp\Cache\Cache\Admin\0f02c8640ac6acf465d5a3c8f93fd735.php 第 25 行.
NOTIC: [8] Undefined variable: big_menu F:\wamp64\www\tp\Cache\Cache\Admin\0f02c8640ac6acf465d5a3c8f93fd735.php 第 25 行.
NOTIC: [8] Use of undefined constant gobacklist - assumed 'gobacklist' F:\wamp64\www\tp\Cache\Cache\Admin\0f02c8640ac6acf465d5a3c8f93fd735.php 第 40 行.
NOTIC: [8] Use of undefined constant name - assumed 'name' F:\wamp64\www\tp\Cache\Cache\Admin\0f02c8640ac6acf465d5a3c8f93fd735.php 第 41 行.
NOTIC: [8] Use of undefined constant id - assumed 'id' F:\wamp64\www\tp\Cache\Cache\Admin\0f02c8640ac6acf465d5a3c8f93fd735.php 第 41 行.
NOTIC: [8] Use of undefined constant id - assumed 'id' F:\wamp64\www\tp\Cache\Cache\Admin\0f02c8640ac6acf465d5a3c8f93fd735.php 第 41 行.
NOTIC: [8] Use of undefined constant add_pic - assumed 'add_pic' F:\wamp64\www\tp\Cache\Cache\Admin\0f02c8640ac6acf465d5a3c8f93fd735.php 第 41 行.
NOTIC: [8] Undefined variable: page F:\wamp64\www\tp\Cache\Cache\Admin\0f02c8640ac6acf465d5a3c8f93fd735.php 第 81 行.
INFO: Run Behavior\ParseTemplateBehavior [ RunTime:0.022001s ]
INFO: [ view_parse ] --END-- [ RunTime:0.022001s ]
INFO: [ view_filter ] --START--
INFO: Run Behavior\WriteHtmlCacheBehavior [ RunTime:0.000000s ]
INFO: [ view_filter ] --END-- [ RunTime:0.000000s ]
INFO: [ app_end ] --START--
INFO: Run Behavior\ShowPageTraceBehavior [ RunTime:0.000000s ]
INFO: [ app_end ] --END-- [ RunTime:0.000000s ]

[ 2017-07-13T14:11:45+08:00 ] 127.0.0.1 http://admin.leishenhuyu.com/index.php?m=&c=Slide&a=editpic&id=6
INFO: [ app_init ] --START--
INFO: Run Behavior\BuildLiteBehavior [ RunTime:0.000000s ]
INFO: [ app_init ] --END-- [ RunTime:0.000000s ]
INFO: [ app_begin ] --START--
INFO: Run Behavior\ReadHtmlCacheBehavior [ RunTime:0.000000s ]
INFO: Run Behavior\CheckLangBehavior [ RunTime:0.001000s ]
INFO: [ app_begin ] --END-- [ RunTime:0.002000s ]
NOTIC: [2048] Declaration of Admin\Controller\SlideController::index() should be compatible with Admin\Controller\BaseController::index($model = '') F:\wamp64\www\tp\App\Admin\Controller\SlideController.class.php 第 10 行.
INFO: [ action_begin ] --START--
NOTIC: [8192] mysql_connect(): The mysql extension is deprecated and will be removed in the future: use mysqli or PDO instead F:\wamp64\www\tp\Core\Library\Think\Db\Driver\Mysql.class.php 第 52 行.
SQL: SHOW COLUMNS FROM `admin_access_log` [ RunTime:0.001000s ]
SQL: INSERT INTO `admin_access_log` (`username`,`module`,`controller`,`action`,`act_time`,`ip`,`params`) VALUES ('admin','Admin','Slide','editpic',1499926305,'127.0.0.1','{\"id\":\"6\"}') [ RunTime:0.000000s ]
INFO: Run Common\Behavior\AccessBehavior [ RunTime:0.008001s ]
INFO: [ action_begin ] --END-- [ RunTime:0.008001s ]
NOTIC: [8] Undefined index: db_dsn F:\wamp64\www\tp\Core\Library\Think\Db.class.php 第 129 行.
NOTIC: [8] Undefined index: db_params F:\wamp64\www\tp\Core\Library\Think\Db.class.php 第 130 行.
NOTIC: [8192] mysql_connect(): The mysql extension is deprecated and will be removed in the future: use mysqli or PDO instead F:\wamp64\www\tp\Core\Library\Think\Db\Driver\Mysql.class.php 第 52 行.
SQL: SHOW COLUMNS FROM `site` [ RunTime:0.001000s ]
SQL: SELECT * FROM `site` WHERE ( `status` = 1 )  [ RunTime:0.001000s ]
SQL: SHOW COLUMNS FROM `slide` [ RunTime:0.000000s ]
NOTIC: [8] Undefined variable: slide_id F:\wamp64\www\tp\App\Admin\Controller\SlideController.class.php 第 94 行.
SQL: SELECT `site_id` FROM `slide` WHERE ( `id` = null ) LIMIT 1   [ RunTime:0.000000s ]
SQL: SHOW COLUMNS FROM `slide_data` [ RunTime:0.001000s ]
SQL: SELECT * FROM `slide_data` WHERE ( `id` = 6 ) LIMIT 1   [ RunTime:0.001000s ]
SQL: SELECT * FROM `slide` WHERE ( `id` = 2 ) LIMIT 1   [ RunTime:0.000000s ]
INFO: [ view_parse ] --START--
INFO: [ template_filter ] --START--
INFO: Run Behavior\ContentReplaceBehavior [ RunTime:0.000000s ]
INFO: [ template_filter ] --END-- [ RunTime:0.000000s ]
NOTIC: [8] Undefined variable: sub_menu F:\wamp64\www\tp\Cache\Cache\Admin\ade33d1f8a9141c76ad8659fdf9a7368.php 第 25 行.
NOTIC: [8] Undefined variable: big_menu F:\wamp64\www\tp\Cache\Cache\Admin\ade33d1f8a9141c76ad8659fdf9a7368.php 第 25 行.
NOTIC: [8] Use of undefined constant gobacklist - assumed 'gobacklist' F:\wamp64\www\tp\Cache\Cache\Admin\ade33d1f8a9141c76ad8659fdf9a7368.php 第 39 行.
NOTIC: [8] Use of undefined constant name - assumed 'name' F:\wamp64\www\tp\Cache\Cache\Admin\ade33d1f8a9141c76ad8659fdf9a7368.php 第 40 行.
NOTIC: [8] Use of undefined constant id - assumed 'id' F:\wamp64\www\tp\Cache\Cache\Admin\ade33d1f8a9141c76ad8659fdf9a7368.php 第 40 行.
NOTIC: [8] Use of undefined constant id - assumed 'id' F:\wamp64\www\tp\Cache\Cache\Admin\ade33d1f8a9141c76ad8659fdf9a7368.php 第 40 行.
NOTIC: [8] Use of undefined constant add_pic - assumed 'add_pic' F:\wamp64\www\tp\Cache\Cache\Admin\ade33d1f8a9141c76ad8659fdf9a7368.php 第 40 行.
INFO: Run Behavior\ParseTemplateBehavior [ RunTime:0.018001s ]
INFO: [ view_parse ] --END-- [ RunTime:0.019001s ]
INFO: [ view_filter ] --START--
INFO: Run Behavior\WriteHtmlCacheBehavior [ RunTime:0.001000s ]
INFO: [ view_filter ] --END-- [ RunTime:0.001000s ]
INFO: [ app_end ] --START--
INFO: Run Behavior\ShowPageTraceBehavior [ RunTime:0.001000s ]
INFO: [ app_end ] --END-- [ RunTime:0.001000s ]

[ 2017-07-13T14:13:06+08:00 ] 127.0.0.1 http://admin.leishenhuyu.com/index.php?m=&c=Slide&a=editpic
INFO: [ app_init ] --START--
INFO: Run Behavior\BuildLiteBehavior [ RunTime:0.000000s ]
INFO: [ app_init ] --END-- [ RunTime:0.001000s ]
INFO: [ app_begin ] --START--
INFO: Run Behavior\ReadHtmlCacheBehavior [ RunTime:0.001001s ]
INFO: Run Behavior\CheckLangBehavior [ RunTime:0.002000s ]
INFO: [ app_begin ] --END-- [ RunTime:0.004001s ]
NOTIC: [2048] Declaration of Admin\Controller\SlideController::index() should be compatible with Admin\Controller\BaseController::index($model = '') F:\wamp64\www\tp\App\Admin\Controller\SlideController.class.php 第 10 行.
INFO: [ action_begin ] --START--
NOTIC: [8192] mysql_connect(): The mysql extension is deprecated and will be removed in the future: use mysqli or PDO instead F:\wamp64\www\tp\Core\Library\Think\Db\Driver\Mysql.class.php 第 52 行.
SQL: SHOW COLUMNS FROM `admin_access_log` [ RunTime:0.000000s ]
SQL: INSERT INTO `admin_access_log` (`username`,`module`,`controller`,`action`,`act_time`,`ip`,`params`) VALUES ('admin','Admin','Slide','editpic',1499926386,'127.0.0.1','{\"slide_id\":\"2\",\"title\":\"\\u62e9\\u4ed9\\u8bb0\",\"thumb\":\"http:\\/\\/img.cdn.com\\/20170706\\/595e07108798c.png\",\"img\":\"http:\\/\\/img.cdn.com\\/20170706\\/595e06f25270c.jpg\",\"description\":\"<\\u5e74\\u5ea6\\u6700\\u4f73\\u96f7\\u9706\\u4e4b\\u6218\\u7c7b\\u519b\\u4e8b\\u7b56\\u7565\\u6218\\u4e89\\u6e38\\u620f>\\r\\n\\u7cbe\\u96d5\\u7ec6\\u7422\\u6781\\u5176\\u903c\\u771f\\u7684\\u753b\\u9762\\u4e0e\\u6218\\u6597\\u7ec6\\u8282\\uff0c\\u5e26\\u7ed9\\u60a8\\u771f\\u5b9e\\u7684\\u6218\\u573a\\u4f53\\u9a8c\\uff1b\\r\\n<\\u6218\\u7565\\u51b3\\u7b56\\u548c\\u6218\\u672f\\u8c03\\u914d\\uff0c\\u5f71\\u54cd\\u7ed3\\u679c\\u7684\\u4e0d\\u4ec5\\u4ec5\\u53ea\\u662f\\u5c5e\\u6027>\\r\\n\\u662f\\u4ee5\\u5802\\u5802\\u6b63\\u6b63\\u4e4b\\u5e08\\u4ee5\\u5408\\u6b63\\u4e4b\\u52bf\\u5168\\u9762\\u78be\\u538b\\u5bf9\\u624b\\uff0c\\u8fd8\\u662f\\u4ee5\\u5947\\u5175\\u7a81\\u88ad\\u5c06\\u654c\\u4eba\\u7684\\u7b79\\u5212\\u4e00\\u4e3e\\u6253\\u4e71\\uff0c\\u5168\\u5728\\u4f60\\u7684\\u4e00\\u5ff5\\u4e4b\\u95f4\\u3002\\r\\n<\\u6218\\u4e89\\u4e4b\\u738b\\u964d\\u4e34\\u6218\\u573a\\uff0c\\u4f53\\u9a8c\\u94a2\\u94c1\\u7684\\u5486\\u54ee>\\r\\n\\u5766\\u514b\\u3001\\u706b\\u7bad\\u5175\\u3001\\u7a81\\u51fb\\u5175\\u3001\\u706b\\u7bad\\u8f66\\uff0c\\u73b0\\u4ee3\\u5175\\u79cd\\u56db\\u5927\\u4e3b\\u6218\\u5206\\u652f\\u5168\\u9762\\u964d\\u4e34\\u6218\\u573a\\uff0c\\u5982\\u4f55\\u7ec4\\u5408\\u53d1\\u6325\\u5b83\\u4eec\\u6700\\u5927\\u7684\\u706b\\u529b\\u4f18\\u52bf\\uff0c\\u8ba9\\u5bf9\\u624b\\u6df9\\u6ca1\\u5728\\u4f60\\u7684\\u70c8\\u7130\\u4e4b\\u4e2d\\u3002\",\"link\":\"\",\"status\":\"1\",\"id\":\"6\"}') [ RunTime:0.000000s ]
INFO: Run Common\Behavior\AccessBehavior [ RunTime:0.013001s ]
INFO: [ action_begin ] --END-- [ RunTime:0.014001s ]
NOTIC: [8] Undefined index: db_dsn F:\wamp64\www\tp\Core\Library\Think\Db.class.php 第 129 行.
NOTIC: [8] Undefined index: db_params F:\wamp64\www\tp\Core\Library\Think\Db.class.php 第 130 行.
NOTIC: [8192] mysql_connect(): The mysql extension is deprecated and will be removed in the future: use mysqli or PDO instead F:\wamp64\www\tp\Core\Library\Think\Db\Driver\Mysql.class.php 第 52 行.
SQL: SHOW COLUMNS FROM `site` [ RunTime:0.001000s ]
SQL: SELECT * FROM `site` WHERE ( `status` = 1 )  [ RunTime:0.000000s ]
SQL: SHOW COLUMNS FROM `slide` [ RunTime:0.001000s ]
NOTIC: [8] Undefined variable: slide_id F:\wamp64\www\tp\App\Admin\Controller\SlideController.class.php 第 94 行.
SQL: SELECT `site_id` FROM `slide` WHERE ( `id` = null ) LIMIT 1   [ RunTime:0.000000s ]
NOTIC: [8] Undefined index: site_code F:\wamp64\www\tp\App\Admin\Common\function.php 第 94 行.
NOTIC: [8] Undefined index: logo F:\wamp64\www\tp\App\Admin\Common\function.php 第 109 行.
NOTIC: [8] Undefined index: content F:\wamp64\www\tp\App\Admin\Common\function.php 第 113 行.
SQL: SHOW COLUMNS FROM `slide_data` [ RunTime:0.001000s ]
SQL: UPDATE `slide_data` SET `title`='择仙记',`thumb`='http://img.cdn.com/20170706/595e07108798c.png',`img`='http://img.cdn.com/20170706/595e06f25270c.jpg',`link`='',`description`='&lt;年度最佳雷霆之战类军事策略战争游戏&gt;\r\n精雕细琢极其逼真的画面与战斗细节，带给您真实的战场体验；\r\n&lt;战略决策和战术调配，影响结果的不仅仅只是属性&gt;\r\n是以堂堂正正之师以合正之势全面碾压对手，还是以奇兵突袭将敌人的筹划一举打乱，全在你的一念之间。\r\n&lt;战争之王降临战场，体验钢铁的咆哮&gt;\r\n坦克、火箭兵、突击兵、火箭车，现代兵种四大主战分支全面降临战场，如何组合发挥它们最大的火力优势，让对手淹没在你的烈焰之中。',`status`=1 WHERE ( `id` = 6 ) [ RunTime:0.060004s ]
INFO: [ view_parse ] --START--
INFO: [ template_filter ] --START--
INFO: Run Behavior\ContentReplaceBehavior [ RunTime:0.000000s ]
INFO: [ template_filter ] --END-- [ RunTime:0.000000s ]
INFO: Run Behavior\ParseTemplateBehavior [ RunTime:0.035002s ]
INFO: [ view_parse ] --END-- [ RunTime:0.036002s ]
INFO: [ view_filter ] --START--
INFO: Run Behavior\WriteHtmlCacheBehavior [ RunTime:0.001000s ]
INFO: [ view_filter ] --END-- [ RunTime:0.001000s ]
INFO: [ app_end ] --START--
INFO: Run Behavior\ShowPageTraceBehavior [ RunTime:0.001000s ]
INFO: [ app_end ] --END-- [ RunTime:0.001000s ]

[ 2017-07-13T14:13:08+08:00 ] 127.0.0.1 http://admin.leishenhuyu.com/index.php?m=&c=Slide&a=picmanage&slide_id=2
INFO: [ app_init ] --START--
INFO: Run Behavior\BuildLiteBehavior [ RunTime:0.001000s ]
INFO: [ app_init ] --END-- [ RunTime:0.001000s ]
INFO: [ app_begin ] --START--
INFO: Run Behavior\ReadHtmlCacheBehavior [ RunTime:0.001000s ]
INFO: Run Behavior\CheckLangBehavior [ RunTime:0.004000s ]
INFO: [ app_begin ] --END-- [ RunTime:0.006001s ]
NOTIC: [2048] Declaration of Admin\Controller\SlideController::index() should be compatible with Admin\Controller\BaseController::index($model = '') F:\wamp64\www\tp\App\Admin\Controller\SlideController.class.php 第 10 行.
INFO: [ action_begin ] --START--
NOTIC: [8192] mysql_connect(): The mysql extension is deprecated and will be removed in the future: use mysqli or PDO instead F:\wamp64\www\tp\Core\Library\Think\Db\Driver\Mysql.class.php 第 52 行.
SQL: SHOW COLUMNS FROM `admin_access_log` [ RunTime:0.002000s ]
SQL: INSERT INTO `admin_access_log` (`username`,`module`,`controller`,`action`,`act_time`,`ip`,`params`) VALUES ('admin','Admin','Slide','picmanage',1499926387,'127.0.0.1','{\"slide_id\":\"2\"}') [ RunTime:0.000000s ]
INFO: Run Common\Behavior\AccessBehavior [ RunTime:0.032002s ]
INFO: [ action_begin ] --END-- [ RunTime:0.033002s ]
NOTIC: [8] Undefined index: db_dsn F:\wamp64\www\tp\Core\Library\Think\Db.class.php 第 129 行.
NOTIC: [8] Undefined index: db_params F:\wamp64\www\tp\Core\Library\Think\Db.class.php 第 130 行.
NOTIC: [8192] mysql_connect(): The mysql extension is deprecated and will be removed in the future: use mysqli or PDO instead F:\wamp64\www\tp\Core\Library\Think\Db\Driver\Mysql.class.php 第 52 行.
SQL: SHOW COLUMNS FROM `site` [ RunTime:0.001000s ]
SQL: SELECT * FROM `site` WHERE ( `status` = 1 )  [ RunTime:0.000000s ]
SQL: SHOW COLUMNS FROM `slide` [ RunTime:0.001000s ]
SQL: SELECT * FROM `slide` WHERE ( `id` = 2 ) LIMIT 1   [ RunTime:0.000000s ]
SQL: SHOW COLUMNS FROM `slide_data` [ RunTime:0.001000s ]
SQL: SELECT * FROM `slide_data` WHERE ( `slide_id` = 2 ) ORDER BY id DESC  [ RunTime:0.000000s ]
INFO: [ view_parse ] --START--
INFO: [ template_filter ] --START--
INFO: Run Behavior\ContentReplaceBehavior [ RunTime:0.000000s ]
INFO: [ template_filter ] --END-- [ RunTime:0.000000s ]
NOTIC: [8] Undefined variable: sub_menu F:\wamp64\www\tp\Cache\Cache\Admin\0f02c8640ac6acf465d5a3c8f93fd735.php 第 25 行.
NOTIC: [8] Undefined variable: big_menu F:\wamp64\www\tp\Cache\Cache\Admin\0f02c8640ac6acf465d5a3c8f93fd735.php 第 25 行.
NOTIC: [8] Use of undefined constant gobacklist - assumed 'gobacklist' F:\wamp64\www\tp\Cache\Cache\Admin\0f02c8640ac6acf465d5a3c8f93fd735.php 第 40 行.
NOTIC: [8] Use of undefined constant name - assumed 'name' F:\wamp64\www\tp\Cache\Cache\Admin\0f02c8640ac6acf465d5a3c8f93fd735.php 第 41 行.
NOTIC: [8] Use of undefined constant id - assumed 'id' F:\wamp64\www\tp\Cache\Cache\Admin\0f02c8640ac6acf465d5a3c8f93fd735.php 第 41 行.
NOTIC: [8] Use of undefined constant id - assumed 'id' F:\wamp64\www\tp\Cache\Cache\Admin\0f02c8640ac6acf465d5a3c8f93fd735.php 第 41 行.
NOTIC: [8] Use of undefined constant add_pic - assumed 'add_pic' F:\wamp64\www\tp\Cache\Cache\Admin\0f02c8640ac6acf465d5a3c8f93fd735.php 第 41 行.
NOTIC: [8] Undefined variable: page F:\wamp64\www\tp\Cache\Cache\Admin\0f02c8640ac6acf465d5a3c8f93fd735.php 第 81 行.
INFO: Run Behavior\ParseTemplateBehavior [ RunTime:0.033002s ]
INFO: [ view_parse ] --END-- [ RunTime:0.034002s ]
INFO: [ view_filter ] --START--
INFO: Run Behavior\WriteHtmlCacheBehavior [ RunTime:0.000000s ]
INFO: [ view_filter ] --END-- [ RunTime:0.000000s ]
INFO: [ app_end ] --START--
INFO: Run Behavior\ShowPageTraceBehavior [ RunTime:0.001000s ]
INFO: [ app_end ] --END-- [ RunTime:0.001000s ]

