[ 2017-07-27T09:30:19+08:00 ] 127.0.0.1 http://admin.leishenhuyu.com/index.php?m=&c=Index&a=index
INFO: [ app_init ] --START--
INFO: Run Behavior\BuildLiteBehavior [ RunTime:0.000000s ]
INFO: [ app_init ] --END-- [ RunTime:0.008000s ]
INFO: [ app_begin ] --START--
INFO: Run Behavior\ReadHtmlCacheBehavior [ RunTime:0.001000s ]
INFO: Run Behavior\CheckLangBehavior [ RunTime:0.010001s ]
INFO: [ app_begin ] --END-- [ RunTime:0.011001s ]
NOTIC: [2048] Declaration of Admin\Controller\IndexController::index() should be compatible with Admin\Controller\BaseController::index($model = '') F:\wamp64\www\tp\App\Admin\Controller\IndexController.class.php 第 4 行.
INFO: [ action_begin ] --START--
NOTIC: [8192] mysql_connect(): The mysql extension is deprecated and will be removed in the future: use mysqli or PDO instead F:\wamp64\www\tp\Core\Library\Think\Db\Driver\Mysql.class.php 第 52 行.
SQL: SHOW COLUMNS FROM `admin_access_log` [ RunTime:0.064004s ]
SQL: INSERT INTO `admin_access_log` (`username`,`module`,`controller`,`action`,`act_time`,`ip`,`params`) VALUES ('admin','Admin','Index','index',1501119019,'127.0.0.1','[]') [ RunTime:0.011001s ]
INFO: Run Common\Behavior\AccessBehavior [ RunTime:0.189011s ]
INFO: [ action_begin ] --END-- [ RunTime:0.189011s ]
SQL: SHOW COLUMNS FROM `menu` [ RunTime:0.012000s ]
SQL: SHOW COLUMNS FROM `menu` [ RunTime:0.000000s ]
SQL: SELECT * FROM `menu` WHERE ( `iframe` <> 1 ) AND (  ( `pid` = 0 ) ) AND ( `display` = 1 ) ORDER BY ordid  [ RunTime:0.006000s ]
SQL: SHOW COLUMNS FROM `admin_auth` [ RunTime:0.001000s ]
SQL: SELECT * FROM `admin_auth` WHERE ( role_id=1 )  [ RunTime:0.000000s ]
SQL: SHOW COLUMNS FROM `admin_role` [ RunTime:0.001000s ]
SQL: SELECT `name` FROM `admin_role` WHERE ( `id` = 1 ) LIMIT 1   [ RunTime:0.000000s ]
INFO: [ view_parse ] --START--
INFO: [ template_filter ] --START--
INFO: Run Behavior\ContentReplaceBehavior [ RunTime:0.000000s ]
INFO: [ template_filter ] --END-- [ RunTime:0.001000s ]
INFO: Run Behavior\ParseTemplateBehavior [ RunTime:0.027001s ]
INFO: [ view_parse ] --END-- [ RunTime:0.027001s ]
INFO: [ view_filter ] --START--
INFO: Run Behavior\WriteHtmlCacheBehavior [ RunTime:0.000000s ]
INFO: [ view_filter ] --END-- [ RunTime:0.000000s ]
INFO: [ app_end ] --START--
INFO: Run Behavior\ShowPageTraceBehavior [ RunTime:0.001000s ]
INFO: [ app_end ] --END-- [ RunTime:0.001000s ]

[ 2017-07-27T09:30:19+08:00 ] 127.0.0.1 http://admin.leishenhuyu.com/index.php?m=&c=Index&a=left
INFO: [ app_init ] --START--
INFO: Run Behavior\BuildLiteBehavior [ RunTime:0.000000s ]
INFO: [ app_init ] --END-- [ RunTime:0.001000s ]
INFO: [ app_begin ] --START--
INFO: Run Behavior\ReadHtmlCacheBehavior [ RunTime:0.001000s ]
INFO: Run Behavior\CheckLangBehavior [ RunTime:0.001000s ]
INFO: [ app_begin ] --END-- [ RunTime:0.002000s ]
NOTIC: [2048] Declaration of Admin\Controller\IndexController::index() should be compatible with Admin\Controller\BaseController::index($model = '') F:\wamp64\www\tp\App\Admin\Controller\IndexController.class.php 第 4 行.
INFO: [ action_begin ] --START--
NOTIC: [8192] mysql_connect(): The mysql extension is deprecated and will be removed in the future: use mysqli or PDO instead F:\wamp64\www\tp\Core\Library\Think\Db\Driver\Mysql.class.php 第 52 行.
SQL: SHOW COLUMNS FROM `admin_access_log` [ RunTime:0.000000s ]
SQL: INSERT INTO `admin_access_log` (`username`,`module`,`controller`,`action`,`act_time`,`ip`,`params`) VALUES ('admin','Admin','Index','left',1501119019,'127.0.0.1','[]') [ RunTime:0.000000s ]
INFO: Run Common\Behavior\AccessBehavior [ RunTime:0.021002s ]
INFO: [ action_begin ] --END-- [ RunTime:0.021002s ]
SQL: SHOW COLUMNS FROM `menu` [ RunTime:0.001000s ]
SQL: SELECT * FROM `menu` WHERE ( `often` = 1 )  [ RunTime:0.000000s ]
INFO: [ view_parse ] --START--
INFO: [ template_filter ] --START--
INFO: Run Behavior\ContentReplaceBehavior [ RunTime:0.000000s ]
INFO: [ template_filter ] --END-- [ RunTime:0.000000s ]
NOTIC: [8] Undefined index: data F:\wamp64\www\tp\Cache\Cache\Admin\6a50c6d503dcfec33a87262cae7a0f6e.php 第 3 行.
INFO: Run Behavior\ParseTemplateBehavior [ RunTime:0.015001s ]
INFO: [ view_parse ] --END-- [ RunTime:0.015001s ]
INFO: [ view_filter ] --START--
INFO: Run Behavior\WriteHtmlCacheBehavior [ RunTime:0.000000s ]
INFO: [ view_filter ] --END-- [ RunTime:0.000000s ]
INFO: [ app_end ] --START--
INFO: Run Behavior\ShowPageTraceBehavior [ RunTime:0.003000s ]
INFO: [ app_end ] --END-- [ RunTime:0.003000s ]

[ 2017-07-27T09:30:21+08:00 ] 127.0.0.1 admin.leishenhuyu.com:443
INFO: [ app_init ] --START--
INFO: Run Behavior\BuildLiteBehavior [ RunTime:0.000000s ]
INFO: [ app_init ] --END-- [ RunTime:0.001000s ]
INFO: [ app_begin ] --START--
INFO: Run Behavior\ReadHtmlCacheBehavior [ RunTime:0.001000s ]
INFO: Run Behavior\CheckLangBehavior [ RunTime:0.001000s ]
INFO: [ app_begin ] --END-- [ RunTime:0.003001s ]
NOTIC: [2048] Declaration of Admin\Controller\IndexController::index() should be compatible with Admin\Controller\BaseController::index($model = '') F:\wamp64\www\tp\App\Admin\Controller\IndexController.class.php 第 4 行.
INFO: [ action_begin ] --START--
NOTIC: [8] Undefined index: admin F:\wamp64\www\tp\App\Common\Behavior\AccessBehavior.class.php 第 13 行.
NOTIC: [8192] mysql_connect(): The mysql extension is deprecated and will be removed in the future: use mysqli or PDO instead F:\wamp64\www\tp\Core\Library\Think\Db\Driver\Mysql.class.php 第 52 行.
SQL: SHOW COLUMNS FROM `admin_access_log` [ RunTime:0.001000s ]
SQL: INSERT INTO `admin_access_log` (`username`,`module`,`controller`,`action`,`act_time`,`ip`,`params`) VALUES (null,'Admin','Index','index',1501119020,'127.0.0.1','[]') [ RunTime:0.000000s ]
ERR: 1048:Column 'username' cannot be null
 [ SQL语句 ] : INSERT INTO `admin_access_log` (`username`,`module`,`controller`,`action`,`act_time`,`ip`,`params`) VALUES (null,'Admin','Index','index',1501119020,'127.0.0.1','[]')
INFO: Run Common\Behavior\AccessBehavior [ RunTime:0.034002s ]
INFO: [ action_begin ] --END-- [ RunTime:0.035002s ]

[ 2017-07-27T09:30:23+08:00 ] ::1 /tp/index.php?m=&c=Login&a=index
INFO: [ app_init ] --START--
INFO: Run Behavior\BuildLiteBehavior [ RunTime:0.000000s ]
INFO: [ app_init ] --END-- [ RunTime:0.001000s ]
INFO: [ app_begin ] --START--
INFO: Run Behavior\ReadHtmlCacheBehavior [ RunTime:0.001000s ]
INFO: Run Behavior\CheckLangBehavior [ RunTime:0.002000s ]
INFO: [ app_begin ] --END-- [ RunTime:0.003000s ]
INFO: [ action_begin ] --START--
NOTIC: [8] Undefined index: admin F:\wamp64\www\tp\App\Common\Behavior\AccessBehavior.class.php 第 13 行.
NOTIC: [8192] mysql_connect(): The mysql extension is deprecated and will be removed in the future: use mysqli or PDO instead F:\wamp64\www\tp\Core\Library\Think\Db\Driver\Mysql.class.php 第 52 行.
SQL: SHOW COLUMNS FROM `admin_access_log` [ RunTime:0.001000s ]
SQL: INSERT INTO `admin_access_log` (`username`,`module`,`controller`,`action`,`act_time`,`ip`,`params`) VALUES (null,'Admin','Login','index',1501119023,'0.0.0.0','[]') [ RunTime:0.000000s ]
ERR: 1048:Column 'username' cannot be null
 [ SQL语句 ] : INSERT INTO `admin_access_log` (`username`,`module`,`controller`,`action`,`act_time`,`ip`,`params`) VALUES (null,'Admin','Login','index',1501119023,'0.0.0.0','[]')
INFO: Run Common\Behavior\AccessBehavior [ RunTime:0.019001s ]
INFO: [ action_begin ] --END-- [ RunTime:0.019001s ]
INFO: [ view_parse ] --START--
INFO: [ template_filter ] --START--
INFO: Run Behavior\ContentReplaceBehavior [ RunTime:0.000000s ]
INFO: [ template_filter ] --END-- [ RunTime:0.000000s ]
INFO: Run Behavior\ParseTemplateBehavior [ RunTime:0.028001s ]
INFO: [ view_parse ] --END-- [ RunTime:0.028001s ]
INFO: [ view_filter ] --START--
INFO: Run Behavior\WriteHtmlCacheBehavior [ RunTime:0.001000s ]
INFO: [ view_filter ] --END-- [ RunTime:0.001000s ]
INFO: [ app_end ] --START--
INFO: Run Behavior\ShowPageTraceBehavior [ RunTime:0.001000s ]
INFO: [ app_end ] --END-- [ RunTime:0.001000s ]

[ 2017-07-27T09:30:23+08:00 ] ::1 /tp/index.php?m=&c=Public&a=verify_code&t=1501119023
INFO: [ app_init ] --START--
INFO: Run Behavior\BuildLiteBehavior [ RunTime:0.000000s ]
INFO: [ app_init ] --END-- [ RunTime:0.001000s ]
INFO: [ app_begin ] --START--
INFO: Run Behavior\ReadHtmlCacheBehavior [ RunTime:0.001000s ]
INFO: Run Behavior\CheckLangBehavior [ RunTime:0.002000s ]
INFO: [ app_begin ] --END-- [ RunTime:0.003000s ]
INFO: [ action_begin ] --START--
NOTIC: [8] Undefined index: admin F:\wamp64\www\tp\App\Common\Behavior\AccessBehavior.class.php 第 13 行.
NOTIC: [8192] mysql_connect(): The mysql extension is deprecated and will be removed in the future: use mysqli or PDO instead F:\wamp64\www\tp\Core\Library\Think\Db\Driver\Mysql.class.php 第 52 行.
SQL: SHOW COLUMNS FROM `admin_access_log` [ RunTime:0.001000s ]
SQL: INSERT INTO `admin_access_log` (`username`,`module`,`controller`,`action`,`act_time`,`ip`,`params`) VALUES (null,'Admin','Public','verify_code',1501119023,'0.0.0.0','{\"t\":\"1501119023\"}') [ RunTime:0.000000s ]
ERR: 1048:Column 'username' cannot be null
 [ SQL语句 ] : INSERT INTO `admin_access_log` (`username`,`module`,`controller`,`action`,`act_time`,`ip`,`params`) VALUES (null,'Admin','Public','verify_code',1501119023,'0.0.0.0','{\"t\":\"1501119023\"}')
INFO: Run Common\Behavior\AccessBehavior [ RunTime:0.020001s ]
INFO: [ action_begin ] --END-- [ RunTime:0.021001s ]
INFO: [ app_end ] --START--
INFO: Run Behavior\ShowPageTraceBehavior [ RunTime:0.000000s ]
INFO: [ app_end ] --END-- [ RunTime:0.001000s ]

[ 2017-07-27T09:30:51+08:00 ] 127.0.0.1 http://admin.leishenhuyu.com/index.php?m=&c=Land&a=index&menuid=38
INFO: [ app_init ] --START--
INFO: Run Behavior\BuildLiteBehavior [ RunTime:0.000000s ]
INFO: [ app_init ] --END-- [ RunTime:0.001000s ]
INFO: [ app_begin ] --START--
INFO: Run Behavior\ReadHtmlCacheBehavior [ RunTime:0.000000s ]
INFO: Run Behavior\CheckLangBehavior [ RunTime:0.010000s ]
INFO: [ app_begin ] --END-- [ RunTime:0.010000s ]
NOTIC: [2048] Declaration of Admin\Controller\LandController::index() should be compatible with Admin\Controller\BaseController::index($model = '') F:\wamp64\www\tp\App\Admin\Controller\LandController.class.php 第 10 行.
INFO: [ action_begin ] --START--
NOTIC: [8192] mysql_connect(): The mysql extension is deprecated and will be removed in the future: use mysqli or PDO instead F:\wamp64\www\tp\Core\Library\Think\Db\Driver\Mysql.class.php 第 52 行.
SQL: SHOW COLUMNS FROM `admin_access_log` [ RunTime:0.001000s ]
SQL: INSERT INTO `admin_access_log` (`username`,`module`,`controller`,`action`,`act_time`,`ip`,`params`) VALUES ('admin','Admin','Land','index',1501119051,'127.0.0.1','{\"menuid\":\"38\"}') [ RunTime:0.001001s ]
INFO: Run Common\Behavior\AccessBehavior [ RunTime:0.017001s ]
INFO: [ action_begin ] --END-- [ RunTime:0.017001s ]
SQL: SHOW COLUMNS FROM `menu` [ RunTime:0.000000s ]
SQL: SHOW COLUMNS FROM `menu` [ RunTime:0.000000s ]
SQL: SELECT * FROM `menu` WHERE ( `iframe` <> 1 ) AND (  ( `pid` = 38 ) ) AND ( `display` = 1 ) ORDER BY ordid  [ RunTime:0.000000s ]
SQL: SHOW COLUMNS FROM `admin_auth` [ RunTime:0.001000s ]
SQL: SELECT * FROM `admin_auth` WHERE ( role_id=1 )  [ RunTime:0.000000s ]
SQL: SELECT * FROM `menu` WHERE ( `iframe` = 1 ) AND (  ( `pid` = 38 ) ) AND ( `display` = 1 ) ORDER BY ordid  [ RunTime:0.000000s ]
SQL: SELECT * FROM `admin_auth` WHERE ( role_id=1 )  [ RunTime:0.000000s ]
SQL: SHOW COLUMNS FROM `game` [ RunTime:0.019001s ]
SQL: SELECT * FROM `game`  [ RunTime:0.001000s ]
SQL: SHOW COLUMNS FROM `theme` [ RunTime:0.003000s ]
SQL: SELECT * FROM `theme`  [ RunTime:0.000000s ]
NOTIC: [8] Undefined index: db_dsn F:\wamp64\www\tp\Core\Library\Think\Db.class.php 第 129 行.
NOTIC: [8] Undefined index: db_params F:\wamp64\www\tp\Core\Library\Think\Db.class.php 第 130 行.
NOTIC: [8192] mysql_connect(): The mysql extension is deprecated and will be removed in the future: use mysqli or PDO instead F:\wamp64\www\tp\Core\Library\Think\Db\Driver\Mysql.class.php 第 52 行.
SQL: SHOW COLUMNS FROM `land_info` [ RunTime:0.020001s ]
NOTIC: [8] Undefined index: sort F:\wamp64\www\tp\App\Admin\Controller\BaseController.class.php 第 327 行.
NOTIC: [8] Undefined index: order F:\wamp64\www\tp\App\Admin\Controller\BaseController.class.php 第 328 行.
NOTIC: [8] Undefined index: listRows F:\wamp64\www\tp\App\Admin\Controller\BaseController.class.php 第 329 行.
SQL: SELECT COUNT(id) AS tp_count FROM `land_info` LIMIT 1   [ RunTime:0.018001s ]
SQL: SELECT * FROM `land_info` ORDER BY id desc LIMIT 0,20   [ RunTime:0.001000s ]
SQL: SELECT `game_name` FROM `game` WHERE ( `game_id` = 1 ) LIMIT 1   [ RunTime:0.000000s ]
SQL: SELECT `game_name` FROM `game` WHERE ( `game_id` = 1 ) LIMIT 1   [ RunTime:0.000000s ]
SQL: SELECT `game_name` FROM `game` WHERE ( `game_id` = 1 ) LIMIT 1   [ RunTime:0.001000s ]
SQL: SELECT `game_name` FROM `game` WHERE ( `game_id` = 1 ) LIMIT 1   [ RunTime:0.000000s ]
SQL: SELECT `game_name` FROM `game` WHERE ( `game_id` = 1 ) LIMIT 1   [ RunTime:0.000000s ]
SQL: SELECT `game_name` FROM `game` WHERE ( `game_id` = 1 ) LIMIT 1   [ RunTime:0.000000s ]
SQL: SELECT `game_name` FROM `game` WHERE ( `game_id` = 1 ) LIMIT 1   [ RunTime:0.000000s ]
SQL: SELECT `game_name` FROM `game` WHERE ( `game_id` = 1 ) LIMIT 1   [ RunTime:0.000000s ]
SQL: SELECT `game_name` FROM `game` WHERE ( `game_id` = 1 ) LIMIT 1   [ RunTime:0.000000s ]
SQL: SELECT `game_name` FROM `game` WHERE ( `game_id` = 1 ) LIMIT 1   [ RunTime:0.001000s ]
INFO: [ view_parse ] --START--
INFO: [ template_filter ] --START--
INFO: Run Behavior\ContentReplaceBehavior [ RunTime:0.000000s ]
INFO: [ template_filter ] --END-- [ RunTime:0.000000s ]
NOTIC: [8] Undefined index: keyword F:\wamp64\www\tp\Cache\Cache\Admin\cd680b5adc62e94253d75caef37030b3.php 第 45 行.
NOTIC: [8] Undefined variable: searchtype F:\wamp64\www\tp\Cache\Cache\Admin\cd680b5adc62e94253d75caef37030b3.php 第 47 行.
INFO: Run Behavior\ParseTemplateBehavior [ RunTime:0.045003s ]
INFO: [ view_parse ] --END-- [ RunTime:0.045003s ]
INFO: [ view_filter ] --START--
INFO: Run Behavior\WriteHtmlCacheBehavior [ RunTime:0.000000s ]
INFO: [ view_filter ] --END-- [ RunTime:0.000000s ]
INFO: [ app_end ] --START--
INFO: Run Behavior\ShowPageTraceBehavior [ RunTime:0.001000s ]
INFO: [ app_end ] --END-- [ RunTime:0.001000s ]

[ 2017-07-27T09:30:52+08:00 ] 127.0.0.1 http://admin.leishenhuyu.com/index.php?m=&c=Land&a=index&menuid=38
INFO: [ app_init ] --START--
INFO: Run Behavior\BuildLiteBehavior [ RunTime:0.000000s ]
INFO: [ app_init ] --END-- [ RunTime:0.001000s ]
INFO: [ app_begin ] --START--
INFO: Run Behavior\ReadHtmlCacheBehavior [ RunTime:0.001000s ]
INFO: Run Behavior\CheckLangBehavior [ RunTime:0.031002s ]
INFO: [ app_begin ] --END-- [ RunTime:0.032002s ]
NOTIC: [2048] Declaration of Admin\Controller\LandController::index() should be compatible with Admin\Controller\BaseController::index($model = '') F:\wamp64\www\tp\App\Admin\Controller\LandController.class.php 第 10 行.
INFO: [ action_begin ] --START--
NOTIC: [8192] mysql_connect(): The mysql extension is deprecated and will be removed in the future: use mysqli or PDO instead F:\wamp64\www\tp\Core\Library\Think\Db\Driver\Mysql.class.php 第 52 行.
SQL: SHOW COLUMNS FROM `admin_access_log` [ RunTime:0.001000s ]
SQL: INSERT INTO `admin_access_log` (`username`,`module`,`controller`,`action`,`act_time`,`ip`,`params`) VALUES ('admin','Admin','Land','index',1501119051,'127.0.0.1','{\"menuid\":\"38\"}') [ RunTime:0.000000s ]
INFO: Run Common\Behavior\AccessBehavior [ RunTime:0.023001s ]
INFO: [ action_begin ] --END-- [ RunTime:0.023001s ]
SQL: SHOW COLUMNS FROM `menu` [ RunTime:0.001000s ]
SQL: SHOW COLUMNS FROM `menu` [ RunTime:0.000000s ]
SQL: SELECT * FROM `menu` WHERE ( `iframe` <> 1 ) AND (  ( `pid` = 38 ) ) AND ( `display` = 1 ) ORDER BY ordid  [ RunTime:0.001000s ]
SQL: SHOW COLUMNS FROM `admin_auth` [ RunTime:0.001000s ]
SQL: SELECT * FROM `admin_auth` WHERE ( role_id=1 )  [ RunTime:0.001000s ]
SQL: SELECT * FROM `menu` WHERE ( `iframe` = 1 ) AND (  ( `pid` = 38 ) ) AND ( `display` = 1 ) ORDER BY ordid  [ RunTime:0.000000s ]
SQL: SELECT * FROM `admin_auth` WHERE ( role_id=1 )  [ RunTime:0.001000s ]
SQL: SHOW COLUMNS FROM `game` [ RunTime:0.001000s ]
SQL: SELECT * FROM `game`  [ RunTime:0.000000s ]
SQL: SHOW COLUMNS FROM `theme` [ RunTime:0.001000s ]
SQL: SELECT * FROM `theme`  [ RunTime:0.001000s ]
NOTIC: [8] Undefined index: db_dsn F:\wamp64\www\tp\Core\Library\Think\Db.class.php 第 129 行.
NOTIC: [8] Undefined index: db_params F:\wamp64\www\tp\Core\Library\Think\Db.class.php 第 130 行.
NOTIC: [8192] mysql_connect(): The mysql extension is deprecated and will be removed in the future: use mysqli or PDO instead F:\wamp64\www\tp\Core\Library\Think\Db\Driver\Mysql.class.php 第 52 行.
SQL: SHOW COLUMNS FROM `land_info` [ RunTime:0.001000s ]
NOTIC: [8] Undefined index: sort F:\wamp64\www\tp\App\Admin\Controller\BaseController.class.php 第 327 行.
NOTIC: [8] Undefined index: order F:\wamp64\www\tp\App\Admin\Controller\BaseController.class.php 第 328 行.
NOTIC: [8] Undefined index: listRows F:\wamp64\www\tp\App\Admin\Controller\BaseController.class.php 第 329 行.
SQL: SELECT COUNT(id) AS tp_count FROM `land_info` LIMIT 1   [ RunTime:0.000000s ]
SQL: SELECT * FROM `land_info` ORDER BY id desc LIMIT 0,20   [ RunTime:0.000000s ]
SQL: SELECT `game_name` FROM `game` WHERE ( `game_id` = 1 ) LIMIT 1   [ RunTime:0.000000s ]
SQL: SELECT `game_name` FROM `game` WHERE ( `game_id` = 1 ) LIMIT 1   [ RunTime:0.000000s ]
SQL: SELECT `game_name` FROM `game` WHERE ( `game_id` = 1 ) LIMIT 1   [ RunTime:0.000000s ]
SQL: SELECT `game_name` FROM `game` WHERE ( `game_id` = 1 ) LIMIT 1   [ RunTime:0.000000s ]
SQL: SELECT `game_name` FROM `game` WHERE ( `game_id` = 1 ) LIMIT 1   [ RunTime:0.000000s ]
SQL: SELECT `game_name` FROM `game` WHERE ( `game_id` = 1 ) LIMIT 1   [ RunTime:0.001000s ]
SQL: SELECT `game_name` FROM `game` WHERE ( `game_id` = 1 ) LIMIT 1   [ RunTime:0.000000s ]
SQL: SELECT `game_name` FROM `game` WHERE ( `game_id` = 1 ) LIMIT 1   [ RunTime:0.000000s ]
SQL: SELECT `game_name` FROM `game` WHERE ( `game_id` = 1 ) LIMIT 1   [ RunTime:0.000000s ]
SQL: SELECT `game_name` FROM `game` WHERE ( `game_id` = 1 ) LIMIT 1   [ RunTime:0.000000s ]
INFO: [ view_parse ] --START--
INFO: [ template_filter ] --START--
INFO: Run Behavior\ContentReplaceBehavior [ RunTime:0.000000s ]
INFO: [ template_filter ] --END-- [ RunTime:0.000000s ]
NOTIC: [8] Undefined index: keyword F:\wamp64\www\tp\Cache\Cache\Admin\cd680b5adc62e94253d75caef37030b3.php 第 45 行.
NOTIC: [8] Undefined variable: searchtype F:\wamp64\www\tp\Cache\Cache\Admin\cd680b5adc62e94253d75caef37030b3.php 第 47 行.
INFO: Run Behavior\ParseTemplateBehavior [ RunTime:0.029002s ]
INFO: [ view_parse ] --END-- [ RunTime:0.029002s ]
INFO: [ view_filter ] --START--
INFO: Run Behavior\WriteHtmlCacheBehavior [ RunTime:0.000000s ]
INFO: [ view_filter ] --END-- [ RunTime:0.001000s ]
INFO: [ app_end ] --START--
INFO: Run Behavior\ShowPageTraceBehavior [ RunTime:0.001000s ]
INFO: [ app_end ] --END-- [ RunTime:0.001000s ]

[ 2017-07-27T09:30:52+08:00 ] 127.0.0.1 http://admin.leishenhuyu.com/index.php?m=&c=Land&a=index&menuid=38
INFO: [ app_init ] --START--
INFO: Run Behavior\BuildLiteBehavior [ RunTime:0.000000s ]
INFO: [ app_init ] --END-- [ RunTime:0.001000s ]
INFO: [ app_begin ] --START--
INFO: Run Behavior\ReadHtmlCacheBehavior [ RunTime:0.000000s ]
INFO: Run Behavior\CheckLangBehavior [ RunTime:0.001001s ]
INFO: [ app_begin ] --END-- [ RunTime:0.003001s ]
NOTIC: [2048] Declaration of Admin\Controller\LandController::index() should be compatible with Admin\Controller\BaseController::index($model = '') F:\wamp64\www\tp\App\Admin\Controller\LandController.class.php 第 10 行.
INFO: [ action_begin ] --START--
NOTIC: [8192] mysql_connect(): The mysql extension is deprecated and will be removed in the future: use mysqli or PDO instead F:\wamp64\www\tp\Core\Library\Think\Db\Driver\Mysql.class.php 第 52 行.
SQL: SHOW COLUMNS FROM `admin_access_log` [ RunTime:0.001000s ]
SQL: INSERT INTO `admin_access_log` (`username`,`module`,`controller`,`action`,`act_time`,`ip`,`params`) VALUES ('admin','Admin','Land','index',1501119052,'127.0.0.1','{\"menuid\":\"38\"}') [ RunTime:0.000000s ]
INFO: Run Common\Behavior\AccessBehavior [ RunTime:0.020001s ]
INFO: [ action_begin ] --END-- [ RunTime:0.020001s ]
SQL: SHOW COLUMNS FROM `menu` [ RunTime:0.000000s ]
SQL: SHOW COLUMNS FROM `menu` [ RunTime:0.000000s ]
SQL: SELECT * FROM `menu` WHERE ( `iframe` <> 1 ) AND (  ( `pid` = 38 ) ) AND ( `display` = 1 ) ORDER BY ordid  [ RunTime:0.000000s ]
SQL: SHOW COLUMNS FROM `admin_auth` [ RunTime:0.001000s ]
SQL: SELECT * FROM `admin_auth` WHERE ( role_id=1 )  [ RunTime:0.000000s ]
SQL: SELECT * FROM `menu` WHERE ( `iframe` = 1 ) AND (  ( `pid` = 38 ) ) AND ( `display` = 1 ) ORDER BY ordid  [ RunTime:0.000000s ]
SQL: SELECT * FROM `admin_auth` WHERE ( role_id=1 )  [ RunTime:0.000000s ]
SQL: SHOW COLUMNS FROM `game` [ RunTime:0.001000s ]
SQL: SELECT * FROM `game`  [ RunTime:0.000000s ]
SQL: SHOW COLUMNS FROM `theme` [ RunTime:0.000000s ]
SQL: SELECT * FROM `theme`  [ RunTime:0.001000s ]
NOTIC: [8] Undefined index: db_dsn F:\wamp64\www\tp\Core\Library\Think\Db.class.php 第 129 行.
NOTIC: [8] Undefined index: db_params F:\wamp64\www\tp\Core\Library\Think\Db.class.php 第 130 行.
NOTIC: [8192] mysql_connect(): The mysql extension is deprecated and will be removed in the future: use mysqli or PDO instead F:\wamp64\www\tp\Core\Library\Think\Db\Driver\Mysql.class.php 第 52 行.
SQL: SHOW COLUMNS FROM `land_info` [ RunTime:0.001000s ]
NOTIC: [8] Undefined index: sort F:\wamp64\www\tp\App\Admin\Controller\BaseController.class.php 第 327 行.
NOTIC: [8] Undefined index: order F:\wamp64\www\tp\App\Admin\Controller\BaseController.class.php 第 328 行.
NOTIC: [8] Undefined index: listRows F:\wamp64\www\tp\App\Admin\Controller\BaseController.class.php 第 329 行.
SQL: SELECT COUNT(id) AS tp_count FROM `land_info` LIMIT 1   [ RunTime:0.000000s ]
SQL: SELECT * FROM `land_info` ORDER BY id desc LIMIT 0,20   [ RunTime:0.000000s ]
SQL: SELECT `game_name` FROM `game` WHERE ( `game_id` = 1 ) LIMIT 1   [ RunTime:0.000000s ]
SQL: SELECT `game_name` FROM `game` WHERE ( `game_id` = 1 ) LIMIT 1   [ RunTime:0.000000s ]
SQL: SELECT `game_name` FROM `game` WHERE ( `game_id` = 1 ) LIMIT 1   [ RunTime:0.000000s ]
SQL: SELECT `game_name` FROM `game` WHERE ( `game_id` = 1 ) LIMIT 1   [ RunTime:0.000000s ]
SQL: SELECT `game_name` FROM `game` WHERE ( `game_id` = 1 ) LIMIT 1   [ RunTime:0.000000s ]
SQL: SELECT `game_name` FROM `game` WHERE ( `game_id` = 1 ) LIMIT 1   [ RunTime:0.000000s ]
SQL: SELECT `game_name` FROM `game` WHERE ( `game_id` = 1 ) LIMIT 1   [ RunTime:0.000000s ]
SQL: SELECT `game_name` FROM `game` WHERE ( `game_id` = 1 ) LIMIT 1   [ RunTime:0.001000s ]
SQL: SELECT `game_name` FROM `game` WHERE ( `game_id` = 1 ) LIMIT 1   [ RunTime:0.000000s ]
SQL: SELECT `game_name` FROM `game` WHERE ( `game_id` = 1 ) LIMIT 1   [ RunTime:0.000000s ]
INFO: [ view_parse ] --START--
INFO: [ template_filter ] --START--
INFO: Run Behavior\ContentReplaceBehavior [ RunTime:0.000000s ]
INFO: [ template_filter ] --END-- [ RunTime:0.000000s ]
NOTIC: [8] Undefined index: keyword F:\wamp64\www\tp\Cache\Cache\Admin\cd680b5adc62e94253d75caef37030b3.php 第 45 行.
NOTIC: [8] Undefined variable: searchtype F:\wamp64\www\tp\Cache\Cache\Admin\cd680b5adc62e94253d75caef37030b3.php 第 47 行.
INFO: Run Behavior\ParseTemplateBehavior [ RunTime:0.028001s ]
INFO: [ view_parse ] --END-- [ RunTime:0.030001s ]
INFO: [ view_filter ] --START--
INFO: Run Behavior\WriteHtmlCacheBehavior [ RunTime:0.000000s ]
INFO: [ view_filter ] --END-- [ RunTime:0.000000s ]
INFO: [ app_end ] --START--
INFO: Run Behavior\ShowPageTraceBehavior [ RunTime:0.000000s ]
INFO: [ app_end ] --END-- [ RunTime:0.000000s ]

[ 2017-07-27T09:46:17+08:00 ] 127.0.0.1 http://admin.leishenhuyu.com/index.php?m=&c=Land&a=edit&id=16&menuid=38
INFO: [ app_init ] --START--
INFO: Run Behavior\BuildLiteBehavior [ RunTime:0.000000s ]
INFO: [ app_init ] --END-- [ RunTime:0.001000s ]
INFO: [ app_begin ] --START--
INFO: Run Behavior\ReadHtmlCacheBehavior [ RunTime:0.001001s ]
INFO: Run Behavior\CheckLangBehavior [ RunTime:0.002000s ]
INFO: [ app_begin ] --END-- [ RunTime:0.003001s ]
NOTIC: [2048] Declaration of Admin\Controller\LandController::index() should be compatible with Admin\Controller\BaseController::index($model = '') F:\wamp64\www\tp\App\Admin\Controller\LandController.class.php 第 10 行.
INFO: [ action_begin ] --START--
NOTIC: [8192] mysql_connect(): The mysql extension is deprecated and will be removed in the future: use mysqli or PDO instead F:\wamp64\www\tp\Core\Library\Think\Db\Driver\Mysql.class.php 第 52 行.
SQL: SHOW COLUMNS FROM `admin_access_log` [ RunTime:0.001000s ]
SQL: INSERT INTO `admin_access_log` (`username`,`module`,`controller`,`action`,`act_time`,`ip`,`params`) VALUES ('admin','Admin','Land','edit',1501119977,'127.0.0.1','{\"id\":\"16\",\"menuid\":\"38\"}') [ RunTime:0.000000s ]
INFO: Run Common\Behavior\AccessBehavior [ RunTime:0.021001s ]
INFO: [ action_begin ] --END-- [ RunTime:0.021001s ]
SQL: SHOW COLUMNS FROM `menu` [ RunTime:0.001000s ]
SQL: SHOW COLUMNS FROM `menu` [ RunTime:0.001000s ]
SQL: SELECT * FROM `menu` WHERE ( `iframe` <> 1 ) AND (  ( `pid` = 38 ) ) AND ( `display` = 1 ) ORDER BY ordid  [ RunTime:0.000000s ]
SQL: SHOW COLUMNS FROM `admin_auth` [ RunTime:0.001000s ]
SQL: SELECT * FROM `admin_auth` WHERE ( role_id=1 )  [ RunTime:0.000000s ]
SQL: SELECT * FROM `menu` WHERE ( `iframe` = 1 ) AND (  ( `pid` = 38 ) ) AND ( `display` = 1 ) ORDER BY ordid  [ RunTime:0.000000s ]
SQL: SELECT * FROM `admin_auth` WHERE ( role_id=1 )  [ RunTime:0.000000s ]
SQL: SHOW COLUMNS FROM `game` [ RunTime:0.000000s ]
SQL: SELECT * FROM `game`  [ RunTime:0.000000s ]
SQL: SHOW COLUMNS FROM `theme` [ RunTime:0.001000s ]
SQL: SELECT * FROM `theme`  [ RunTime:0.000000s ]
NOTIC: [8] Undefined index: db_dsn F:\wamp64\www\tp\Core\Library\Think\Db.class.php 第 129 行.
NOTIC: [8] Undefined index: db_params F:\wamp64\www\tp\Core\Library\Think\Db.class.php 第 130 行.
NOTIC: [8192] mysql_connect(): The mysql extension is deprecated and will be removed in the future: use mysqli or PDO instead F:\wamp64\www\tp\Core\Library\Think\Db\Driver\Mysql.class.php 第 52 行.
SQL: SHOW COLUMNS FROM `land_info` [ RunTime:0.001000s ]
SQL: SELECT * FROM `land_info` WHERE ( `id` = 16 ) LIMIT 1   [ RunTime:0.000000s ]
INFO: [ view_parse ] --START--
INFO: [ template_filter ] --START--
INFO: Run Behavior\ContentReplaceBehavior [ RunTime:0.000000s ]
INFO: [ template_filter ] --END-- [ RunTime:0.000000s ]
INFO: Run Behavior\ParseTemplateBehavior [ RunTime:0.027002s ]
INFO: [ view_parse ] --END-- [ RunTime:0.027002s ]
INFO: [ view_filter ] --START--
INFO: Run Behavior\WriteHtmlCacheBehavior [ RunTime:0.001000s ]
INFO: [ view_filter ] --END-- [ RunTime:0.001000s ]
INFO: [ app_end ] --START--
INFO: Run Behavior\ShowPageTraceBehavior [ RunTime:0.001000s ]
INFO: [ app_end ] --END-- [ RunTime:0.001000s ]

[ 2017-07-27T09:46:17+08:00 ] 127.0.0.1 http://admin.leishenhuyu.com/index.php?m=&c=Theme&a=getTheme
INFO: [ app_init ] --START--
INFO: Run Behavior\BuildLiteBehavior [ RunTime:0.000000s ]
INFO: [ app_init ] --END-- [ RunTime:0.000000s ]
INFO: [ app_begin ] --START--
INFO: Run Behavior\ReadHtmlCacheBehavior [ RunTime:0.000000s ]
INFO: Run Behavior\CheckLangBehavior [ RunTime:0.018001s ]
INFO: [ app_begin ] --END-- [ RunTime:0.018001s ]
NOTIC: [2048] Declaration of Admin\Controller\ThemeController::index() should be compatible with Admin\Controller\BaseController::index($model = '') F:\wamp64\www\tp\App\Admin\Controller\ThemeController.class.php 第 10 行.
INFO: [ action_begin ] --START--
NOTIC: [8192] mysql_connect(): The mysql extension is deprecated and will be removed in the future: use mysqli or PDO instead F:\wamp64\www\tp\Core\Library\Think\Db\Driver\Mysql.class.php 第 52 行.
SQL: SHOW COLUMNS FROM `admin_access_log` [ RunTime:0.000000s ]
SQL: INSERT INTO `admin_access_log` (`username`,`module`,`controller`,`action`,`act_time`,`ip`,`params`) VALUES ('admin','Admin','Theme','getTheme',1501119977,'127.0.0.1','{\"theme_id\":\"4\",\"land_id\":\"16\"}') [ RunTime:0.001000s ]
INFO: Run Common\Behavior\AccessBehavior [ RunTime:0.008000s ]
INFO: [ action_begin ] --END-- [ RunTime:0.009000s ]
SQL: SHOW COLUMNS FROM `theme` [ RunTime:0.001000s ]
SQL: SELECT * FROM `theme` WHERE ( `theme_id` = 4 ) LIMIT 1   [ RunTime:0.000000s ]
SQL: SHOW COLUMNS FROM `land_info` [ RunTime:0.001000s ]
SQL: SELECT * FROM `land_info` WHERE ( `id` = 16 ) LIMIT 1   [ RunTime:0.001000s ]
SQL: SHOW COLUMNS FROM `material` [ RunTime:0.009001s ]
SQL: SELECT * FROM `material` WHERE ( material_id in (5,6,7,8,9) ) ORDER BY field(material_id,5,6,7,8,9)  [ RunTime:0.012001s ]

[ 2017-07-27T09:46:17+08:00 ] 127.0.0.1 http://admin.leishenhuyu.com/index.php?m=&c=Theme&a=getTheme
INFO: [ app_init ] --START--
INFO: Run Behavior\BuildLiteBehavior [ RunTime:0.000000s ]
INFO: [ app_init ] --END-- [ RunTime:0.000000s ]
INFO: [ app_begin ] --START--
INFO: Run Behavior\ReadHtmlCacheBehavior [ RunTime:0.001000s ]
INFO: Run Behavior\CheckLangBehavior [ RunTime:0.001000s ]
INFO: [ app_begin ] --END-- [ RunTime:0.002000s ]
NOTIC: [2048] Declaration of Admin\Controller\ThemeController::index() should be compatible with Admin\Controller\BaseController::index($model = '') F:\wamp64\www\tp\App\Admin\Controller\ThemeController.class.php 第 10 行.
INFO: [ action_begin ] --START--
NOTIC: [8192] mysql_connect(): The mysql extension is deprecated and will be removed in the future: use mysqli or PDO instead F:\wamp64\www\tp\Core\Library\Think\Db\Driver\Mysql.class.php 第 52 行.
SQL: SHOW COLUMNS FROM `admin_access_log` [ RunTime:0.001001s ]
SQL: INSERT INTO `admin_access_log` (`username`,`module`,`controller`,`action`,`act_time`,`ip`,`params`) VALUES ('admin','Admin','Theme','getTheme',1501119977,'127.0.0.1','{\"material_num\":\"5\",\"land_id\":\"16\"}') [ RunTime:0.001000s ]
INFO: Run Common\Behavior\AccessBehavior [ RunTime:0.017001s ]
INFO: [ action_begin ] --END-- [ RunTime:0.017001s ]
SQL: SHOW COLUMNS FROM `theme` [ RunTime:0.001000s ]
SQL: SELECT * FROM `theme` WHERE ( `theme_id` = 0 ) LIMIT 1   [ RunTime:0.001000s ]
SQL: SHOW COLUMNS FROM `land_info` [ RunTime:0.001000s ]
SQL: SELECT * FROM `land_info` WHERE ( `id` = 16 ) LIMIT 1   [ RunTime:0.000000s ]
SQL: SHOW COLUMNS FROM `material` [ RunTime:0.001000s ]
SQL: SELECT * FROM `material` WHERE ( material_id in (5,6,7,8,9) ) ORDER BY field(material_id,5,6,7,8,9)  [ RunTime:0.001000s ]

[ 2017-07-27T09:53:36+08:00 ] 127.0.0.1 http://admin.leishenhuyu.com/index.php?m=&c=Land&a=index&menuid=38
INFO: [ app_init ] --START--
INFO: Run Behavior\BuildLiteBehavior [ RunTime:0.000000s ]
INFO: [ app_init ] --END-- [ RunTime:0.000000s ]
INFO: [ app_begin ] --START--
INFO: Run Behavior\ReadHtmlCacheBehavior [ RunTime:0.001000s ]
INFO: Run Behavior\CheckLangBehavior [ RunTime:0.002000s ]
INFO: [ app_begin ] --END-- [ RunTime:0.003000s ]
NOTIC: [2048] Declaration of Admin\Controller\LandController::index() should be compatible with Admin\Controller\BaseController::index($model = '') F:\wamp64\www\tp\App\Admin\Controller\LandController.class.php 第 10 行.
INFO: [ action_begin ] --START--
NOTIC: [8192] mysql_connect(): The mysql extension is deprecated and will be removed in the future: use mysqli or PDO instead F:\wamp64\www\tp\Core\Library\Think\Db\Driver\Mysql.class.php 第 52 行.
SQL: SHOW COLUMNS FROM `admin_access_log` [ RunTime:0.001001s ]
SQL: INSERT INTO `admin_access_log` (`username`,`module`,`controller`,`action`,`act_time`,`ip`,`params`) VALUES ('admin','Admin','Land','index',1501120416,'127.0.0.1','{\"menuid\":\"38\"}') [ RunTime:0.001000s ]
INFO: Run Common\Behavior\AccessBehavior [ RunTime:0.012001s ]
INFO: [ action_begin ] --END-- [ RunTime:0.012001s ]
SQL: SHOW COLUMNS FROM `menu` [ RunTime:0.001000s ]
SQL: SHOW COLUMNS FROM `menu` [ RunTime:0.000000s ]
SQL: SELECT * FROM `menu` WHERE ( `iframe` <> 1 ) AND (  ( `pid` = 38 ) ) AND ( `display` = 1 ) ORDER BY ordid  [ RunTime:0.000000s ]
SQL: SHOW COLUMNS FROM `admin_auth` [ RunTime:0.001000s ]
SQL: SELECT * FROM `admin_auth` WHERE ( role_id=1 )  [ RunTime:0.000000s ]
SQL: SELECT * FROM `menu` WHERE ( `iframe` = 1 ) AND (  ( `pid` = 38 ) ) AND ( `display` = 1 ) ORDER BY ordid  [ RunTime:0.000000s ]
SQL: SELECT * FROM `admin_auth` WHERE ( role_id=1 )  [ RunTime:0.000000s ]
SQL: SHOW COLUMNS FROM `game` [ RunTime:0.000000s ]
SQL: SELECT * FROM `game`  [ RunTime:0.000000s ]
SQL: SHOW COLUMNS FROM `theme` [ RunTime:0.001000s ]
SQL: SELECT * FROM `theme`  [ RunTime:0.000000s ]
NOTIC: [8] Undefined index: db_dsn F:\wamp64\www\tp\Core\Library\Think\Db.class.php 第 129 行.
NOTIC: [8] Undefined index: db_params F:\wamp64\www\tp\Core\Library\Think\Db.class.php 第 130 行.
NOTIC: [8192] mysql_connect(): The mysql extension is deprecated and will be removed in the future: use mysqli or PDO instead F:\wamp64\www\tp\Core\Library\Think\Db\Driver\Mysql.class.php 第 52 行.
SQL: SHOW COLUMNS FROM `land_info` [ RunTime:0.001000s ]
NOTIC: [8] Undefined index: sort F:\wamp64\www\tp\App\Admin\Controller\BaseController.class.php 第 327 行.
NOTIC: [8] Undefined index: order F:\wamp64\www\tp\App\Admin\Controller\BaseController.class.php 第 328 行.
NOTIC: [8] Undefined index: listRows F:\wamp64\www\tp\App\Admin\Controller\BaseController.class.php 第 329 行.
SQL: SELECT COUNT(id) AS tp_count FROM `land_info` LIMIT 1   [ RunTime:0.000000s ]
SQL: SELECT * FROM `land_info` ORDER BY id desc LIMIT 0,20   [ RunTime:0.001000s ]
SQL: SELECT `game_name` FROM `game` WHERE ( `game_id` = 1 ) LIMIT 1   [ RunTime:0.001000s ]
SQL: SELECT `game_name` FROM `game` WHERE ( `game_id` = 1 ) LIMIT 1   [ RunTime:0.001000s ]
SQL: SELECT `game_name` FROM `game` WHERE ( `game_id` = 1 ) LIMIT 1   [ RunTime:0.000000s ]
SQL: SELECT `game_name` FROM `game` WHERE ( `game_id` = 1 ) LIMIT 1   [ RunTime:0.001000s ]
SQL: SELECT `game_name` FROM `game` WHERE ( `game_id` = 1 ) LIMIT 1   [ RunTime:0.001000s ]
SQL: SELECT `game_name` FROM `game` WHERE ( `game_id` = 1 ) LIMIT 1   [ RunTime:0.001000s ]
SQL: SELECT `game_name` FROM `game` WHERE ( `game_id` = 1 ) LIMIT 1   [ RunTime:0.001000s ]
SQL: SELECT `game_name` FROM `game` WHERE ( `game_id` = 1 ) LIMIT 1   [ RunTime:0.001000s ]
SQL: SELECT `game_name` FROM `game` WHERE ( `game_id` = 1 ) LIMIT 1   [ RunTime:0.000000s ]
SQL: SELECT `game_name` FROM `game` WHERE ( `game_id` = 1 ) LIMIT 1   [ RunTime:0.000000s ]
INFO: [ view_parse ] --START--
INFO: [ template_filter ] --START--
INFO: Run Behavior\ContentReplaceBehavior [ RunTime:0.000000s ]
INFO: [ template_filter ] --END-- [ RunTime:0.000000s ]
NOTIC: [8] Undefined index: keyword F:\wamp64\www\tp\Cache\Cache\Admin\cd680b5adc62e94253d75caef37030b3.php 第 45 行.
NOTIC: [8] Undefined variable: searchtype F:\wamp64\www\tp\Cache\Cache\Admin\cd680b5adc62e94253d75caef37030b3.php 第 47 行.
INFO: Run Behavior\ParseTemplateBehavior [ RunTime:0.042002s ]
INFO: [ view_parse ] --END-- [ RunTime:0.042002s ]
INFO: [ view_filter ] --START--
INFO: Run Behavior\WriteHtmlCacheBehavior [ RunTime:0.001000s ]
INFO: [ view_filter ] --END-- [ RunTime:0.001000s ]
INFO: [ app_end ] --START--
INFO: Run Behavior\ShowPageTraceBehavior [ RunTime:0.001000s ]
INFO: [ app_end ] --END-- [ RunTime:0.001000s ]

[ 2017-07-27T09:53:37+08:00 ] 127.0.0.1 http://admin.leishenhuyu.com/index.php?m=&c=Land&a=add&menuid=38
INFO: [ app_init ] --START--
INFO: Run Behavior\BuildLiteBehavior [ RunTime:0.000000s ]
INFO: [ app_init ] --END-- [ RunTime:0.001000s ]
INFO: [ app_begin ] --START--
INFO: Run Behavior\ReadHtmlCacheBehavior [ RunTime:0.000000s ]
INFO: Run Behavior\CheckLangBehavior [ RunTime:0.003000s ]
INFO: [ app_begin ] --END-- [ RunTime:0.004000s ]
NOTIC: [2048] Declaration of Admin\Controller\LandController::index() should be compatible with Admin\Controller\BaseController::index($model = '') F:\wamp64\www\tp\App\Admin\Controller\LandController.class.php 第 10 行.
INFO: [ action_begin ] --START--
NOTIC: [8192] mysql_connect(): The mysql extension is deprecated and will be removed in the future: use mysqli or PDO instead F:\wamp64\www\tp\Core\Library\Think\Db\Driver\Mysql.class.php 第 52 行.
SQL: SHOW COLUMNS FROM `admin_access_log` [ RunTime:0.000000s ]
SQL: INSERT INTO `admin_access_log` (`username`,`module`,`controller`,`action`,`act_time`,`ip`,`params`) VALUES ('admin','Admin','Land','add',1501120417,'127.0.0.1','{\"menuid\":\"38\"}') [ RunTime:0.000000s ]
INFO: Run Common\Behavior\AccessBehavior [ RunTime:0.022002s ]
INFO: [ action_begin ] --END-- [ RunTime:0.022002s ]
SQL: SHOW COLUMNS FROM `menu` [ RunTime:0.001000s ]
SQL: SHOW COLUMNS FROM `menu` [ RunTime:0.001000s ]
SQL: SELECT * FROM `menu` WHERE ( `iframe` <> 1 ) AND (  ( `pid` = 38 ) ) AND ( `display` = 1 ) ORDER BY ordid  [ RunTime:0.000000s ]
SQL: SHOW COLUMNS FROM `admin_auth` [ RunTime:0.000000s ]
SQL: SELECT * FROM `admin_auth` WHERE ( role_id=1 )  [ RunTime:0.000000s ]
NOTIC: [2] strpos(): Empty needle F:\wamp64\www\tp\App\Admin\Controller\BaseController.class.php 第 21 行.
SQL: SELECT * FROM `menu` WHERE ( `iframe` = 1 ) AND (  ( `pid` = 38 ) ) AND ( `display` = 1 ) ORDER BY ordid  [ RunTime:0.000000s ]
SQL: SELECT * FROM `admin_auth` WHERE ( role_id=1 )  [ RunTime:0.000000s ]
SQL: SHOW COLUMNS FROM `game` [ RunTime:0.001000s ]
SQL: SELECT * FROM `game`  [ RunTime:0.001000s ]
SQL: SHOW COLUMNS FROM `theme` [ RunTime:0.001000s ]
SQL: SELECT * FROM `theme`  [ RunTime:0.001001s ]
NOTIC: [8] Undefined index: db_dsn F:\wamp64\www\tp\Core\Library\Think\Db.class.php 第 129 行.
NOTIC: [8] Undefined index: db_params F:\wamp64\www\tp\Core\Library\Think\Db.class.php 第 130 行.
NOTIC: [8192] mysql_connect(): The mysql extension is deprecated and will be removed in the future: use mysqli or PDO instead F:\wamp64\www\tp\Core\Library\Think\Db\Driver\Mysql.class.php 第 52 行.
SQL: SHOW COLUMNS FROM `land_info` [ RunTime:0.001000s ]
INFO: [ view_parse ] --START--
INFO: [ template_filter ] --START--
INFO: Run Behavior\ContentReplaceBehavior [ RunTime:0.001000s ]
INFO: [ template_filter ] --END-- [ RunTime:0.001000s ]
NOTIC: [8] Undefined variable: info F:\wamp64\www\tp\Cache\Cache\Admin\0e86eeab7a3605e790d3ae5335ece803.php 第 42 行.
NOTIC: [8] Undefined variable: info F:\wamp64\www\tp\Cache\Cache\Admin\0e86eeab7a3605e790d3ae5335ece803.php 第 44 行.
NOTIC: [8] Undefined variable: info F:\wamp64\www\tp\Cache\Cache\Admin\0e86eeab7a3605e790d3ae5335ece803.php 第 50 行.
NOTIC: [8] Undefined variable: info F:\wamp64\www\tp\Cache\Cache\Admin\0e86eeab7a3605e790d3ae5335ece803.php 第 50 行.
NOTIC: [8] Undefined variable: info F:\wamp64\www\tp\Cache\Cache\Admin\0e86eeab7a3605e790d3ae5335ece803.php 第 57 行.
NOTIC: [8] Undefined variable: info F:\wamp64\www\tp\Cache\Cache\Admin\0e86eeab7a3605e790d3ae5335ece803.php 第 57 行.
NOTIC: [8] Undefined variable: info F:\wamp64\www\tp\Cache\Cache\Admin\0e86eeab7a3605e790d3ae5335ece803.php 第 57 行.
NOTIC: [8] Undefined variable: info F:\wamp64\www\tp\Cache\Cache\Admin\0e86eeab7a3605e790d3ae5335ece803.php 第 70 行.
NOTIC: [8] Undefined variable: info F:\wamp64\www\tp\Cache\Cache\Admin\0e86eeab7a3605e790d3ae5335ece803.php 第 74 行.
NOTIC: [8] Undefined variable: info F:\wamp64\www\tp\Cache\Cache\Admin\0e86eeab7a3605e790d3ae5335ece803.php 第 78 行.
NOTIC: [8] Undefined variable: info F:\wamp64\www\tp\Cache\Cache\Admin\0e86eeab7a3605e790d3ae5335ece803.php 第 84 行.
NOTIC: [8] Undefined variable: info F:\wamp64\www\tp\Cache\Cache\Admin\0e86eeab7a3605e790d3ae5335ece803.php 第 85 行.
NOTIC: [8] Undefined variable: info F:\wamp64\www\tp\Cache\Cache\Admin\0e86eeab7a3605e790d3ae5335ece803.php 第 93 行.
NOTIC: [8] Undefined variable: info F:\wamp64\www\tp\Cache\Cache\Admin\0e86eeab7a3605e790d3ae5335ece803.php 第 94 行.
NOTIC: [8] Undefined variable: info F:\wamp64\www\tp\Cache\Cache\Admin\0e86eeab7a3605e790d3ae5335ece803.php 第 95 行.
NOTIC: [8] Undefined variable: info F:\wamp64\www\tp\Cache\Cache\Admin\0e86eeab7a3605e790d3ae5335ece803.php 第 96 行.
NOTIC: [8] Undefined variable: info F:\wamp64\www\tp\Cache\Cache\Admin\0e86eeab7a3605e790d3ae5335ece803.php 第 102 行.
NOTIC: [8] Undefined variable: info F:\wamp64\www\tp\Cache\Cache\Admin\0e86eeab7a3605e790d3ae5335ece803.php 第 107 行.
NOTIC: [8] Undefined variable: info F:\wamp64\www\tp\Cache\Cache\Admin\0e86eeab7a3605e790d3ae5335ece803.php 第 108 行.
NOTIC: [8] Undefined variable: info F:\wamp64\www\tp\Cache\Cache\Admin\0e86eeab7a3605e790d3ae5335ece803.php 第 109 行.
NOTIC: [8] Undefined variable: info F:\wamp64\www\tp\Cache\Cache\Admin\0e86eeab7a3605e790d3ae5335ece803.php 第 110 行.
NOTIC: [8] Undefined variable: info F:\wamp64\www\tp\Cache\Cache\Admin\0e86eeab7a3605e790d3ae5335ece803.php 第 111 行.
NOTIC: [8] Undefined variable: info F:\wamp64\www\tp\Cache\Cache\Admin\0e86eeab7a3605e790d3ae5335ece803.php 第 119 行.
NOTIC: [8] Undefined variable: info F:\wamp64\www\tp\Cache\Cache\Admin\0e86eeab7a3605e790d3ae5335ece803.php 第 120 行.
NOTIC: [8] Undefined variable: info F:\wamp64\www\tp\Cache\Cache\Admin\0e86eeab7a3605e790d3ae5335ece803.php 第 131 行.
NOTIC: [8] Undefined variable: info F:\wamp64\www\tp\Cache\Cache\Admin\0e86eeab7a3605e790d3ae5335ece803.php 第 144 行.
NOTIC: [8] Undefined variable: info F:\wamp64\www\tp\Cache\Cache\Admin\0e86eeab7a3605e790d3ae5335ece803.php 第 145 行.
NOTIC: [8] Undefined variable: info F:\wamp64\www\tp\Cache\Cache\Admin\0e86eeab7a3605e790d3ae5335ece803.php 第 162 行.
INFO: Run Behavior\ParseTemplateBehavior [ RunTime:0.051003s ]
INFO: [ view_parse ] --END-- [ RunTime:0.051003s ]
INFO: [ view_filter ] --START--
INFO: Run Behavior\WriteHtmlCacheBehavior [ RunTime:0.000000s ]
INFO: [ view_filter ] --END-- [ RunTime:0.001000s ]
INFO: [ app_end ] --START--
INFO: Run Behavior\ShowPageTraceBehavior [ RunTime:0.001000s ]
INFO: [ app_end ] --END-- [ RunTime:0.001000s ]

[ 2017-07-27T09:53:39+08:00 ] 127.0.0.1 http://admin.leishenhuyu.com/index.php?m=&c=Theme&a=getTheme
INFO: [ app_init ] --START--
INFO: Run Behavior\BuildLiteBehavior [ RunTime:0.000000s ]
INFO: [ app_init ] --END-- [ RunTime:0.001001s ]
INFO: [ app_begin ] --START--
INFO: Run Behavior\ReadHtmlCacheBehavior [ RunTime:0.001000s ]
INFO: Run Behavior\CheckLangBehavior [ RunTime:0.003000s ]
INFO: [ app_begin ] --END-- [ RunTime:0.004000s ]
NOTIC: [2048] Declaration of Admin\Controller\ThemeController::index() should be compatible with Admin\Controller\BaseController::index($model = '') F:\wamp64\www\tp\App\Admin\Controller\ThemeController.class.php 第 10 行.
INFO: [ action_begin ] --START--
NOTIC: [8192] mysql_connect(): The mysql extension is deprecated and will be removed in the future: use mysqli or PDO instead F:\wamp64\www\tp\Core\Library\Think\Db\Driver\Mysql.class.php 第 52 行.
SQL: SHOW COLUMNS FROM `admin_access_log` [ RunTime:0.001000s ]
SQL: INSERT INTO `admin_access_log` (`username`,`module`,`controller`,`action`,`act_time`,`ip`,`params`) VALUES ('admin','Admin','Theme','getTheme',1501120419,'127.0.0.1','{\"theme_id\":\"2\",\"land_id\":\"0\"}') [ RunTime:0.000000s ]
INFO: Run Common\Behavior\AccessBehavior [ RunTime:0.010001s ]
INFO: [ action_begin ] --END-- [ RunTime:0.010001s ]
SQL: SHOW COLUMNS FROM `theme` [ RunTime:0.000000s ]
SQL: SELECT * FROM `theme` WHERE ( `theme_id` = 2 ) LIMIT 1   [ RunTime:0.000000s ]
NOTIC: [8] Undefined variable: material F:\wamp64\www\tp\App\Admin\Controller\ThemeController.class.php 第 63 行.
NOTIC: [8] Undefined variable: link F:\wamp64\www\tp\App\Admin\Controller\ThemeController.class.php 第 64 行.
NOTIC: [2] in_array() expects parameter 2 to be array, null given F:\wamp64\www\tp\App\Admin\Controller\ThemeController.class.php 第 64 行.
NOTIC: [8] Undefined variable: material F:\wamp64\www\tp\App\Admin\Controller\ThemeController.class.php 第 69 行.
NOTIC: [8] Undefined variable: material F:\wamp64\www\tp\App\Admin\Controller\ThemeController.class.php 第 63 行.
NOTIC: [8] Undefined variable: link F:\wamp64\www\tp\App\Admin\Controller\ThemeController.class.php 第 64 行.
NOTIC: [2] in_array() expects parameter 2 to be array, null given F:\wamp64\www\tp\App\Admin\Controller\ThemeController.class.php 第 64 行.
NOTIC: [8] Undefined variable: material F:\wamp64\www\tp\App\Admin\Controller\ThemeController.class.php 第 69 行.

[ 2017-07-27T09:53:40+08:00 ] 127.0.0.1 http://admin.leishenhuyu.com/index.php?m=&c=Theme&a=getTheme
INFO: [ app_init ] --START--
INFO: Run Behavior\BuildLiteBehavior [ RunTime:0.000000s ]
INFO: [ app_init ] --END-- [ RunTime:0.001000s ]
INFO: [ app_begin ] --START--
INFO: Run Behavior\ReadHtmlCacheBehavior [ RunTime:0.001000s ]
INFO: Run Behavior\CheckLangBehavior [ RunTime:0.004001s ]
INFO: [ app_begin ] --END-- [ RunTime:0.006001s ]
NOTIC: [2048] Declaration of Admin\Controller\ThemeController::index() should be compatible with Admin\Controller\BaseController::index($model = '') F:\wamp64\www\tp\App\Admin\Controller\ThemeController.class.php 第 10 行.
INFO: [ action_begin ] --START--
NOTIC: [8192] mysql_connect(): The mysql extension is deprecated and will be removed in the future: use mysqli or PDO instead F:\wamp64\www\tp\Core\Library\Think\Db\Driver\Mysql.class.php 第 52 行.
SQL: SHOW COLUMNS FROM `admin_access_log` [ RunTime:0.001000s ]
SQL: INSERT INTO `admin_access_log` (`username`,`module`,`controller`,`action`,`act_time`,`ip`,`params`) VALUES ('admin','Admin','Theme','getTheme',1501120420,'127.0.0.1','{\"theme_id\":\"4\",\"land_id\":\"0\"}') [ RunTime:0.000000s ]
INFO: Run Common\Behavior\AccessBehavior [ RunTime:0.012001s ]
INFO: [ action_begin ] --END-- [ RunTime:0.012001s ]
SQL: SHOW COLUMNS FROM `theme` [ RunTime:0.000000s ]
SQL: SELECT * FROM `theme` WHERE ( `theme_id` = 4 ) LIMIT 1   [ RunTime:0.000000s ]

[ 2017-07-27T09:53:42+08:00 ] 127.0.0.1 http://admin.leishenhuyu.com/index.php?m=&c=Theme&a=getTheme
INFO: [ app_init ] --START--
INFO: Run Behavior\BuildLiteBehavior [ RunTime:0.001000s ]
INFO: [ app_init ] --END-- [ RunTime:0.002000s ]
INFO: [ app_begin ] --START--
INFO: Run Behavior\ReadHtmlCacheBehavior [ RunTime:0.001000s ]
INFO: Run Behavior\CheckLangBehavior [ RunTime:0.003000s ]
INFO: [ app_begin ] --END-- [ RunTime:0.005001s ]
NOTIC: [2048] Declaration of Admin\Controller\ThemeController::index() should be compatible with Admin\Controller\BaseController::index($model = '') F:\wamp64\www\tp\App\Admin\Controller\ThemeController.class.php 第 10 行.
INFO: [ action_begin ] --START--
NOTIC: [8192] mysql_connect(): The mysql extension is deprecated and will be removed in the future: use mysqli or PDO instead F:\wamp64\www\tp\Core\Library\Think\Db\Driver\Mysql.class.php 第 52 行.
SQL: SHOW COLUMNS FROM `admin_access_log` [ RunTime:0.001000s ]
SQL: INSERT INTO `admin_access_log` (`username`,`module`,`controller`,`action`,`act_time`,`ip`,`params`) VALUES ('admin','Admin','Theme','getTheme',1501120422,'127.0.0.1','{\"theme_id\":\"4\",\"land_id\":\"0\"}') [ RunTime:0.000000s ]
INFO: Run Common\Behavior\AccessBehavior [ RunTime:0.019001s ]
INFO: [ action_begin ] --END-- [ RunTime:0.019001s ]
SQL: SHOW COLUMNS FROM `theme` [ RunTime:0.000000s ]
SQL: SELECT * FROM `theme` WHERE ( `theme_id` = 4 ) LIMIT 1   [ RunTime:0.000000s ]

[ 2017-07-27T09:53:42+08:00 ] 127.0.0.1 http://admin.leishenhuyu.com/index.php?m=&c=Land&a=index&menuid=38
INFO: [ app_init ] --START--
INFO: Run Behavior\BuildLiteBehavior [ RunTime:0.000000s ]
INFO: [ app_init ] --END-- [ RunTime:0.001000s ]
INFO: [ app_begin ] --START--
INFO: Run Behavior\ReadHtmlCacheBehavior [ RunTime:0.000000s ]
INFO: Run Behavior\CheckLangBehavior [ RunTime:0.002000s ]
INFO: [ app_begin ] --END-- [ RunTime:0.003000s ]
NOTIC: [2048] Declaration of Admin\Controller\LandController::index() should be compatible with Admin\Controller\BaseController::index($model = '') F:\wamp64\www\tp\App\Admin\Controller\LandController.class.php 第 10 行.
INFO: [ action_begin ] --START--
NOTIC: [8192] mysql_connect(): The mysql extension is deprecated and will be removed in the future: use mysqli or PDO instead F:\wamp64\www\tp\Core\Library\Think\Db\Driver\Mysql.class.php 第 52 行.
SQL: SHOW COLUMNS FROM `admin_access_log` [ RunTime:0.000000s ]
SQL: INSERT INTO `admin_access_log` (`username`,`module`,`controller`,`action`,`act_time`,`ip`,`params`) VALUES ('admin','Admin','Land','index',1501120422,'127.0.0.1','{\"menuid\":\"38\"}') [ RunTime:0.000000s ]
INFO: Run Common\Behavior\AccessBehavior [ RunTime:0.007000s ]
INFO: [ action_begin ] --END-- [ RunTime:0.008000s ]
SQL: SHOW COLUMNS FROM `menu` [ RunTime:0.001000s ]
SQL: SHOW COLUMNS FROM `menu` [ RunTime:0.001000s ]
SQL: SELECT * FROM `menu` WHERE ( `iframe` <> 1 ) AND (  ( `pid` = 38 ) ) AND ( `display` = 1 ) ORDER BY ordid  [ RunTime:0.000000s ]
SQL: SHOW COLUMNS FROM `admin_auth` [ RunTime:0.000000s ]
SQL: SELECT * FROM `admin_auth` WHERE ( role_id=1 )  [ RunTime:0.000000s ]
SQL: SELECT * FROM `menu` WHERE ( `iframe` = 1 ) AND (  ( `pid` = 38 ) ) AND ( `display` = 1 ) ORDER BY ordid  [ RunTime:0.000000s ]
SQL: SELECT * FROM `admin_auth` WHERE ( role_id=1 )  [ RunTime:0.000000s ]
SQL: SHOW COLUMNS FROM `game` [ RunTime:0.000000s ]
SQL: SELECT * FROM `game`  [ RunTime:0.001000s ]
SQL: SHOW COLUMNS FROM `theme` [ RunTime:0.000000s ]
SQL: SELECT * FROM `theme`  [ RunTime:0.000000s ]
NOTIC: [8] Undefined index: db_dsn F:\wamp64\www\tp\Core\Library\Think\Db.class.php 第 129 行.
NOTIC: [8] Undefined index: db_params F:\wamp64\www\tp\Core\Library\Think\Db.class.php 第 130 行.
NOTIC: [8192] mysql_connect(): The mysql extension is deprecated and will be removed in the future: use mysqli or PDO instead F:\wamp64\www\tp\Core\Library\Think\Db\Driver\Mysql.class.php 第 52 行.
SQL: SHOW COLUMNS FROM `land_info` [ RunTime:0.001000s ]
NOTIC: [8] Undefined index: sort F:\wamp64\www\tp\App\Admin\Controller\BaseController.class.php 第 327 行.
NOTIC: [8] Undefined index: order F:\wamp64\www\tp\App\Admin\Controller\BaseController.class.php 第 328 行.
NOTIC: [8] Undefined index: listRows F:\wamp64\www\tp\App\Admin\Controller\BaseController.class.php 第 329 行.
SQL: SELECT COUNT(id) AS tp_count FROM `land_info` LIMIT 1   [ RunTime:0.000000s ]
SQL: SELECT * FROM `land_info` ORDER BY id desc LIMIT 0,20   [ RunTime:0.000000s ]
SQL: SELECT `game_name` FROM `game` WHERE ( `game_id` = 1 ) LIMIT 1   [ RunTime:0.000000s ]
SQL: SELECT `game_name` FROM `game` WHERE ( `game_id` = 1 ) LIMIT 1   [ RunTime:0.000000s ]
SQL: SELECT `game_name` FROM `game` WHERE ( `game_id` = 1 ) LIMIT 1   [ RunTime:0.000000s ]
SQL: SELECT `game_name` FROM `game` WHERE ( `game_id` = 1 ) LIMIT 1   [ RunTime:0.001000s ]
SQL: SELECT `game_name` FROM `game` WHERE ( `game_id` = 1 ) LIMIT 1   [ RunTime:0.000000s ]
SQL: SELECT `game_name` FROM `game` WHERE ( `game_id` = 1 ) LIMIT 1   [ RunTime:0.000000s ]
SQL: SELECT `game_name` FROM `game` WHERE ( `game_id` = 1 ) LIMIT 1   [ RunTime:0.000000s ]
SQL: SELECT `game_name` FROM `game` WHERE ( `game_id` = 1 ) LIMIT 1   [ RunTime:0.000000s ]
SQL: SELECT `game_name` FROM `game` WHERE ( `game_id` = 1 ) LIMIT 1   [ RunTime:0.000000s ]
SQL: SELECT `game_name` FROM `game` WHERE ( `game_id` = 1 ) LIMIT 1   [ RunTime:0.000000s ]
INFO: [ view_parse ] --START--
INFO: [ template_filter ] --START--
INFO: Run Behavior\ContentReplaceBehavior [ RunTime:0.001000s ]
INFO: [ template_filter ] --END-- [ RunTime:0.001000s ]
NOTIC: [8] Undefined index: keyword F:\wamp64\www\tp\Cache\Cache\Admin\cd680b5adc62e94253d75caef37030b3.php 第 45 行.
NOTIC: [8] Undefined variable: searchtype F:\wamp64\www\tp\Cache\Cache\Admin\cd680b5adc62e94253d75caef37030b3.php 第 47 行.
INFO: Run Behavior\ParseTemplateBehavior [ RunTime:0.027002s ]
INFO: [ view_parse ] --END-- [ RunTime:0.027002s ]
INFO: [ view_filter ] --START--
INFO: Run Behavior\WriteHtmlCacheBehavior [ RunTime:0.000000s ]
INFO: [ view_filter ] --END-- [ RunTime:0.000000s ]
INFO: [ app_end ] --START--
INFO: Run Behavior\ShowPageTraceBehavior [ RunTime:0.001000s ]
INFO: [ app_end ] --END-- [ RunTime:0.001000s ]

[ 2017-07-27T15:36:44+08:00 ] 127.0.0.1 http://admin.leishenhuyu.com/index.php?m=&c=Land&a=index&menuid=38
INFO: [ app_init ] --START--
INFO: Run Behavior\BuildLiteBehavior [ RunTime:0.000000s ]
INFO: [ app_init ] --END-- [ RunTime:0.000000s ]
INFO: [ app_begin ] --START--
INFO: Run Behavior\ReadHtmlCacheBehavior [ RunTime:0.001000s ]
INFO: Run Behavior\CheckLangBehavior [ RunTime:0.001000s ]
INFO: [ app_begin ] --END-- [ RunTime:0.002000s ]
NOTIC: [2048] Declaration of Admin\Controller\LandController::index() should be compatible with Admin\Controller\BaseController::index($model = '') F:\wamp64\www\tp\App\Admin\Controller\LandController.class.php 第 10 行.
INFO: [ action_begin ] --START--
NOTIC: [8192] mysql_connect(): The mysql extension is deprecated and will be removed in the future: use mysqli or PDO instead F:\wamp64\www\tp\Core\Library\Think\Db\Driver\Mysql.class.php 第 52 行.
SQL: SHOW COLUMNS FROM `admin_access_log` [ RunTime:0.001000s ]
SQL: INSERT INTO `admin_access_log` (`username`,`module`,`controller`,`action`,`act_time`,`ip`,`params`) VALUES ('admin','Admin','Land','index',1501141004,'127.0.0.1','{\"menuid\":\"38\"}') [ RunTime:0.000000s ]
INFO: Run Common\Behavior\AccessBehavior [ RunTime:0.008000s ]
INFO: [ action_begin ] --END-- [ RunTime:0.008000s ]
SQL: SHOW COLUMNS FROM `menu` [ RunTime:0.000000s ]
SQL: SHOW COLUMNS FROM `menu` [ RunTime:0.000000s ]
SQL: SELECT * FROM `menu` WHERE ( `iframe` <> 1 ) AND (  ( `pid` = 38 ) ) AND ( `display` = 1 ) ORDER BY ordid  [ RunTime:0.000000s ]
SQL: SHOW COLUMNS FROM `admin_auth` [ RunTime:0.001000s ]
SQL: SELECT * FROM `admin_auth` WHERE ( role_id=1 )  [ RunTime:0.000000s ]
SQL: SELECT * FROM `menu` WHERE ( `iframe` = 1 ) AND (  ( `pid` = 38 ) ) AND ( `display` = 1 ) ORDER BY ordid  [ RunTime:0.000000s ]
SQL: SELECT * FROM `admin_auth` WHERE ( role_id=1 )  [ RunTime:0.000000s ]
SQL: SHOW COLUMNS FROM `game` [ RunTime:0.001001s ]
SQL: SELECT * FROM `game`  [ RunTime:0.000000s ]
SQL: SHOW COLUMNS FROM `theme` [ RunTime:0.001000s ]
SQL: SELECT * FROM `theme`  [ RunTime:0.000000s ]
NOTIC: [8] Undefined index: db_dsn F:\wamp64\www\tp\Core\Library\Think\Db.class.php 第 129 行.
NOTIC: [8] Undefined index: db_params F:\wamp64\www\tp\Core\Library\Think\Db.class.php 第 130 行.
NOTIC: [8192] mysql_connect(): The mysql extension is deprecated and will be removed in the future: use mysqli or PDO instead F:\wamp64\www\tp\Core\Library\Think\Db\Driver\Mysql.class.php 第 52 行.
SQL: SHOW COLUMNS FROM `land_info` [ RunTime:0.000000s ]
NOTIC: [8] Undefined index: sort F:\wamp64\www\tp\App\Admin\Controller\BaseController.class.php 第 327 行.
NOTIC: [8] Undefined index: order F:\wamp64\www\tp\App\Admin\Controller\BaseController.class.php 第 328 行.
NOTIC: [8] Undefined index: listRows F:\wamp64\www\tp\App\Admin\Controller\BaseController.class.php 第 329 行.
SQL: SELECT COUNT(id) AS tp_count FROM `land_info` LIMIT 1   [ RunTime:0.000000s ]
SQL: SELECT * FROM `land_info` ORDER BY id desc LIMIT 0,20   [ RunTime:0.000000s ]
SQL: SELECT `game_name` FROM `game` WHERE ( `game_id` = 1 ) LIMIT 1   [ RunTime:0.001000s ]
SQL: SELECT `game_name` FROM `game` WHERE ( `game_id` = 1 ) LIMIT 1   [ RunTime:0.000000s ]
SQL: SELECT `game_name` FROM `game` WHERE ( `game_id` = 1 ) LIMIT 1   [ RunTime:0.001000s ]
SQL: SELECT `game_name` FROM `game` WHERE ( `game_id` = 1 ) LIMIT 1   [ RunTime:0.000000s ]
SQL: SELECT `game_name` FROM `game` WHERE ( `game_id` = 1 ) LIMIT 1   [ RunTime:0.001000s ]
SQL: SELECT `game_name` FROM `game` WHERE ( `game_id` = 1 ) LIMIT 1   [ RunTime:0.000000s ]
SQL: SELECT `game_name` FROM `game` WHERE ( `game_id` = 1 ) LIMIT 1   [ RunTime:0.000000s ]
SQL: SELECT `game_name` FROM `game` WHERE ( `game_id` = 1 ) LIMIT 1   [ RunTime:0.000000s ]
SQL: SELECT `game_name` FROM `game` WHERE ( `game_id` = 1 ) LIMIT 1   [ RunTime:0.000000s ]
SQL: SELECT `game_name` FROM `game` WHERE ( `game_id` = 1 ) LIMIT 1   [ RunTime:0.000000s ]
INFO: [ view_parse ] --START--
INFO: [ template_filter ] --START--
INFO: Run Behavior\ContentReplaceBehavior [ RunTime:0.000000s ]
INFO: [ template_filter ] --END-- [ RunTime:0.000000s ]
NOTIC: [8] Undefined index: keyword F:\wamp64\www\tp\Cache\Cache\Admin\cd680b5adc62e94253d75caef37030b3.php 第 45 行.
NOTIC: [8] Undefined variable: searchtype F:\wamp64\www\tp\Cache\Cache\Admin\cd680b5adc62e94253d75caef37030b3.php 第 47 行.
INFO: Run Behavior\ParseTemplateBehavior [ RunTime:0.026002s ]
INFO: [ view_parse ] --END-- [ RunTime:0.027002s ]
INFO: [ view_filter ] --START--
INFO: Run Behavior\WriteHtmlCacheBehavior [ RunTime:0.000000s ]
INFO: [ view_filter ] --END-- [ RunTime:0.000000s ]
INFO: [ app_end ] --START--
INFO: Run Behavior\ShowPageTraceBehavior [ RunTime:0.000000s ]
INFO: [ app_end ] --END-- [ RunTime:0.001000s ]

[ 2017-07-27T15:36:47+08:00 ] 127.0.0.1 http://admin.leishenhuyu.com/index.php?m=&c=Land&a=edit&id=16&menuid=38
INFO: [ app_init ] --START--
INFO: Run Behavior\BuildLiteBehavior [ RunTime:0.000000s ]
INFO: [ app_init ] --END-- [ RunTime:0.001000s ]
INFO: [ app_begin ] --START--
INFO: Run Behavior\ReadHtmlCacheBehavior [ RunTime:0.002000s ]
INFO: Run Behavior\CheckLangBehavior [ RunTime:0.004000s ]
INFO: [ app_begin ] --END-- [ RunTime:0.007000s ]
NOTIC: [2048] Declaration of Admin\Controller\LandController::index() should be compatible with Admin\Controller\BaseController::index($model = '') F:\wamp64\www\tp\App\Admin\Controller\LandController.class.php 第 10 行.
INFO: [ action_begin ] --START--
NOTIC: [8192] mysql_connect(): The mysql extension is deprecated and will be removed in the future: use mysqli or PDO instead F:\wamp64\www\tp\Core\Library\Think\Db\Driver\Mysql.class.php 第 52 行.
SQL: SHOW COLUMNS FROM `admin_access_log` [ RunTime:0.001000s ]
SQL: INSERT INTO `admin_access_log` (`username`,`module`,`controller`,`action`,`act_time`,`ip`,`params`) VALUES ('admin','Admin','Land','edit',1501141007,'127.0.0.1','{\"id\":\"16\",\"menuid\":\"38\"}') [ RunTime:0.000000s ]
INFO: Run Common\Behavior\AccessBehavior [ RunTime:0.008001s ]
INFO: [ action_begin ] --END-- [ RunTime:0.009001s ]
SQL: SHOW COLUMNS FROM `menu` [ RunTime:0.001000s ]
SQL: SHOW COLUMNS FROM `menu` [ RunTime:0.001000s ]
SQL: SELECT * FROM `menu` WHERE ( `iframe` <> 1 ) AND (  ( `pid` = 38 ) ) AND ( `display` = 1 ) ORDER BY ordid  [ RunTime:0.000000s ]
SQL: SHOW COLUMNS FROM `admin_auth` [ RunTime:0.001000s ]
SQL: SELECT * FROM `admin_auth` WHERE ( role_id=1 )  [ RunTime:0.000000s ]
SQL: SELECT * FROM `menu` WHERE ( `iframe` = 1 ) AND (  ( `pid` = 38 ) ) AND ( `display` = 1 ) ORDER BY ordid  [ RunTime:0.000000s ]
SQL: SELECT * FROM `admin_auth` WHERE ( role_id=1 )  [ RunTime:0.000000s ]
SQL: SHOW COLUMNS FROM `game` [ RunTime:0.001000s ]
SQL: SELECT * FROM `game`  [ RunTime:0.000000s ]
SQL: SHOW COLUMNS FROM `theme` [ RunTime:0.001000s ]
SQL: SELECT * FROM `theme`  [ RunTime:0.000000s ]
NOTIC: [8] Undefined index: db_dsn F:\wamp64\www\tp\Core\Library\Think\Db.class.php 第 129 行.
NOTIC: [8] Undefined index: db_params F:\wamp64\www\tp\Core\Library\Think\Db.class.php 第 130 行.
NOTIC: [8192] mysql_connect(): The mysql extension is deprecated and will be removed in the future: use mysqli or PDO instead F:\wamp64\www\tp\Core\Library\Think\Db\Driver\Mysql.class.php 第 52 行.
SQL: SHOW COLUMNS FROM `land_info` [ RunTime:0.001000s ]
SQL: SELECT * FROM `land_info` WHERE ( `id` = 16 ) LIMIT 1   [ RunTime:0.000000s ]
INFO: [ view_parse ] --START--
INFO: [ template_filter ] --START--
INFO: Run Behavior\ContentReplaceBehavior [ RunTime:0.000000s ]
INFO: [ template_filter ] --END-- [ RunTime:0.000000s ]
INFO: Run Behavior\ParseTemplateBehavior [ RunTime:0.030001s ]
INFO: [ view_parse ] --END-- [ RunTime:0.030001s ]
INFO: [ view_filter ] --START--
INFO: Run Behavior\WriteHtmlCacheBehavior [ RunTime:0.000000s ]
INFO: [ view_filter ] --END-- [ RunTime:0.000000s ]
INFO: [ app_end ] --START--
INFO: Run Behavior\ShowPageTraceBehavior [ RunTime:0.000000s ]
INFO: [ app_end ] --END-- [ RunTime:0.000000s ]

[ 2017-07-27T15:36:47+08:00 ] 127.0.0.1 http://admin.leishenhuyu.com/index.php?m=&c=Theme&a=getTheme
INFO: [ app_init ] --START--
INFO: Run Behavior\BuildLiteBehavior [ RunTime:0.000000s ]
INFO: [ app_init ] --END-- [ RunTime:0.001000s ]
INFO: [ app_begin ] --START--
INFO: Run Behavior\ReadHtmlCacheBehavior [ RunTime:0.000000s ]
INFO: Run Behavior\CheckLangBehavior [ RunTime:0.001000s ]
INFO: [ app_begin ] --END-- [ RunTime:0.001000s ]
NOTIC: [2048] Declaration of Admin\Controller\ThemeController::index() should be compatible with Admin\Controller\BaseController::index($model = '') F:\wamp64\www\tp\App\Admin\Controller\ThemeController.class.php 第 10 行.
INFO: [ action_begin ] --START--
NOTIC: [8192] mysql_connect(): The mysql extension is deprecated and will be removed in the future: use mysqli or PDO instead F:\wamp64\www\tp\Core\Library\Think\Db\Driver\Mysql.class.php 第 52 行.
SQL: SHOW COLUMNS FROM `admin_access_log` [ RunTime:0.000000s ]
SQL: INSERT INTO `admin_access_log` (`username`,`module`,`controller`,`action`,`act_time`,`ip`,`params`) VALUES ('admin','Admin','Theme','getTheme',1501141007,'127.0.0.1','{\"theme_id\":\"4\",\"land_id\":\"16\"}') [ RunTime:0.000000s ]
INFO: Run Common\Behavior\AccessBehavior [ RunTime:0.010001s ]
INFO: [ action_begin ] --END-- [ RunTime:0.010001s ]
SQL: SHOW COLUMNS FROM `theme` [ RunTime:0.000000s ]
SQL: SELECT * FROM `theme` WHERE ( `theme_id` = 4 ) LIMIT 1   [ RunTime:0.000000s ]
SQL: SHOW COLUMNS FROM `land_info` [ RunTime:0.001000s ]
SQL: SELECT * FROM `land_info` WHERE ( `id` = 16 ) LIMIT 1   [ RunTime:0.000000s ]
SQL: SHOW COLUMNS FROM `material` [ RunTime:0.000000s ]
SQL: SELECT * FROM `material` WHERE ( material_id in (5,6,7,8,9) ) ORDER BY field(material_id,5,6,7,8,9)  [ RunTime:0.001000s ]

[ 2017-07-27T15:36:47+08:00 ] 127.0.0.1 http://admin.leishenhuyu.com/index.php?m=&c=Theme&a=getTheme
INFO: [ app_init ] --START--
INFO: Run Behavior\BuildLiteBehavior [ RunTime:0.000000s ]
INFO: [ app_init ] --END-- [ RunTime:0.000000s ]
INFO: [ app_begin ] --START--
INFO: Run Behavior\ReadHtmlCacheBehavior [ RunTime:0.001000s ]
INFO: Run Behavior\CheckLangBehavior [ RunTime:0.001000s ]
INFO: [ app_begin ] --END-- [ RunTime:0.002000s ]
NOTIC: [2048] Declaration of Admin\Controller\ThemeController::index() should be compatible with Admin\Controller\BaseController::index($model = '') F:\wamp64\www\tp\App\Admin\Controller\ThemeController.class.php 第 10 行.
INFO: [ action_begin ] --START--
NOTIC: [8192] mysql_connect(): The mysql extension is deprecated and will be removed in the future: use mysqli or PDO instead F:\wamp64\www\tp\Core\Library\Think\Db\Driver\Mysql.class.php 第 52 行.
SQL: SHOW COLUMNS FROM `admin_access_log` [ RunTime:0.000000s ]
SQL: INSERT INTO `admin_access_log` (`username`,`module`,`controller`,`action`,`act_time`,`ip`,`params`) VALUES ('admin','Admin','Theme','getTheme',1501141007,'127.0.0.1','{\"material_num\":\"5\",\"land_id\":\"16\"}') [ RunTime:0.000000s ]
INFO: Run Common\Behavior\AccessBehavior [ RunTime:0.008000s ]
INFO: [ action_begin ] --END-- [ RunTime:0.008000s ]
SQL: SHOW COLUMNS FROM `theme` [ RunTime:0.000000s ]
SQL: SELECT * FROM `theme` WHERE ( `theme_id` = 0 ) LIMIT 1   [ RunTime:0.000000s ]
SQL: SHOW COLUMNS FROM `land_info` [ RunTime:0.000000s ]
SQL: SELECT * FROM `land_info` WHERE ( `id` = 16 ) LIMIT 1   [ RunTime:0.001000s ]
SQL: SHOW COLUMNS FROM `material` [ RunTime:0.001000s ]
SQL: SELECT * FROM `material` WHERE ( material_id in (5,6,7,8,9) ) ORDER BY field(material_id,5,6,7,8,9)  [ RunTime:0.000000s ]

[ 2017-07-27T15:41:57+08:00 ] 127.0.0.1 http://admin.leishenhuyu.com/index.php?m=&c=Theme&a=getTheme
INFO: [ app_init ] --START--
INFO: Run Behavior\BuildLiteBehavior [ RunTime:0.001000s ]
INFO: [ app_init ] --END-- [ RunTime:0.001000s ]
INFO: [ app_begin ] --START--
INFO: Run Behavior\ReadHtmlCacheBehavior [ RunTime:0.001000s ]
INFO: Run Behavior\CheckLangBehavior [ RunTime:0.003000s ]
INFO: [ app_begin ] --END-- [ RunTime:0.005001s ]
NOTIC: [2048] Declaration of Admin\Controller\ThemeController::index() should be compatible with Admin\Controller\BaseController::index($model = '') F:\wamp64\www\tp\App\Admin\Controller\ThemeController.class.php 第 10 行.
INFO: [ action_begin ] --START--
NOTIC: [8192] mysql_connect(): The mysql extension is deprecated and will be removed in the future: use mysqli or PDO instead F:\wamp64\www\tp\Core\Library\Think\Db\Driver\Mysql.class.php 第 52 行.
SQL: SHOW COLUMNS FROM `admin_access_log` [ RunTime:0.001000s ]
SQL: INSERT INTO `admin_access_log` (`username`,`module`,`controller`,`action`,`act_time`,`ip`,`params`) VALUES ('admin','Admin','Theme','getTheme',1501141317,'127.0.0.1','{\"theme_id\":\"4\",\"land_id\":\"0\"}') [ RunTime:0.000000s ]
INFO: Run Common\Behavior\AccessBehavior [ RunTime:0.019001s ]
INFO: [ action_begin ] --END-- [ RunTime:0.020001s ]
SQL: SHOW COLUMNS FROM `theme` [ RunTime:0.000000s ]
SQL: SELECT * FROM `theme` WHERE ( `theme_id` = 4 ) LIMIT 1   [ RunTime:0.000000s ]

[ 2017-07-27T15:46:01+08:00 ] 127.0.0.1 http://admin.leishenhuyu.com/index.php?m=&c=Land&a=index&menuid=38
INFO: [ app_init ] --START--
INFO: Run Behavior\BuildLiteBehavior [ RunTime:0.000000s ]
INFO: [ app_init ] --END-- [ RunTime:0.001000s ]
INFO: [ app_begin ] --START--
INFO: Run Behavior\ReadHtmlCacheBehavior [ RunTime:0.000000s ]
INFO: Run Behavior\CheckLangBehavior [ RunTime:0.002000s ]
INFO: [ app_begin ] --END-- [ RunTime:0.002000s ]
NOTIC: [2048] Declaration of Admin\Controller\LandController::index() should be compatible with Admin\Controller\BaseController::index($model = '') F:\wamp64\www\tp\App\Admin\Controller\LandController.class.php 第 10 行.
INFO: [ action_begin ] --START--
NOTIC: [8192] mysql_connect(): The mysql extension is deprecated and will be removed in the future: use mysqli or PDO instead F:\wamp64\www\tp\Core\Library\Think\Db\Driver\Mysql.class.php 第 52 行.
SQL: SHOW COLUMNS FROM `admin_access_log` [ RunTime:0.001000s ]
SQL: INSERT INTO `admin_access_log` (`username`,`module`,`controller`,`action`,`act_time`,`ip`,`params`) VALUES ('admin','Admin','Land','index',1501141561,'127.0.0.1','{\"menuid\":\"38\"}') [ RunTime:0.000000s ]
INFO: Run Common\Behavior\AccessBehavior [ RunTime:0.018001s ]
INFO: [ action_begin ] --END-- [ RunTime:0.018001s ]
SQL: SHOW COLUMNS FROM `menu` [ RunTime:0.001000s ]
SQL: SHOW COLUMNS FROM `menu` [ RunTime:0.001001s ]
SQL: SELECT * FROM `menu` WHERE ( `iframe` <> 1 ) AND (  ( `pid` = 38 ) ) AND ( `display` = 1 ) ORDER BY ordid  [ RunTime:0.001000s ]
SQL: SHOW COLUMNS FROM `admin_auth` [ RunTime:0.000000s ]
SQL: SELECT * FROM `admin_auth` WHERE ( role_id=1 )  [ RunTime:0.000000s ]
SQL: SELECT * FROM `menu` WHERE ( `iframe` = 1 ) AND (  ( `pid` = 38 ) ) AND ( `display` = 1 ) ORDER BY ordid  [ RunTime:0.001000s ]
SQL: SELECT * FROM `admin_auth` WHERE ( role_id=1 )  [ RunTime:0.000000s ]
SQL: SHOW COLUMNS FROM `game` [ RunTime:0.001000s ]
SQL: SELECT * FROM `game`  [ RunTime:0.000000s ]
SQL: SHOW COLUMNS FROM `theme` [ RunTime:0.000000s ]
SQL: SELECT * FROM `theme`  [ RunTime:0.000000s ]
NOTIC: [8] Undefined index: db_dsn F:\wamp64\www\tp\Core\Library\Think\Db.class.php 第 129 行.
NOTIC: [8] Undefined index: db_params F:\wamp64\www\tp\Core\Library\Think\Db.class.php 第 130 行.
NOTIC: [8192] mysql_connect(): The mysql extension is deprecated and will be removed in the future: use mysqli or PDO instead F:\wamp64\www\tp\Core\Library\Think\Db\Driver\Mysql.class.php 第 52 行.
SQL: SHOW COLUMNS FROM `land_info` [ RunTime:0.000000s ]
NOTIC: [8] Undefined index: sort F:\wamp64\www\tp\App\Admin\Controller\BaseController.class.php 第 327 行.
NOTIC: [8] Undefined index: order F:\wamp64\www\tp\App\Admin\Controller\BaseController.class.php 第 328 行.
NOTIC: [8] Undefined index: listRows F:\wamp64\www\tp\App\Admin\Controller\BaseController.class.php 第 329 行.
SQL: SELECT COUNT(id) AS tp_count FROM `land_info` LIMIT 1   [ RunTime:0.000000s ]
SQL: SELECT * FROM `land_info` ORDER BY id desc LIMIT 0,20   [ RunTime:0.000000s ]
SQL: SELECT `game_name` FROM `game` WHERE ( `game_id` = 1 ) LIMIT 1   [ RunTime:0.000000s ]
SQL: SELECT `game_name` FROM `game` WHERE ( `game_id` = 1 ) LIMIT 1   [ RunTime:0.000000s ]
SQL: SELECT `game_name` FROM `game` WHERE ( `game_id` = 1 ) LIMIT 1   [ RunTime:0.000000s ]
SQL: SELECT `game_name` FROM `game` WHERE ( `game_id` = 1 ) LIMIT 1   [ RunTime:0.000000s ]
SQL: SELECT `game_name` FROM `game` WHERE ( `game_id` = 1 ) LIMIT 1   [ RunTime:0.000000s ]
SQL: SELECT `game_name` FROM `game` WHERE ( `game_id` = 1 ) LIMIT 1   [ RunTime:0.001000s ]
SQL: SELECT `game_name` FROM `game` WHERE ( `game_id` = 1 ) LIMIT 1   [ RunTime:0.000000s ]
SQL: SELECT `game_name` FROM `game` WHERE ( `game_id` = 1 ) LIMIT 1   [ RunTime:0.001000s ]
SQL: SELECT `game_name` FROM `game` WHERE ( `game_id` = 1 ) LIMIT 1   [ RunTime:0.000000s ]
SQL: SELECT `game_name` FROM `game` WHERE ( `game_id` = 1 ) LIMIT 1   [ RunTime:0.000000s ]
INFO: [ view_parse ] --START--
INFO: [ template_filter ] --START--
INFO: Run Behavior\ContentReplaceBehavior [ RunTime:0.000000s ]
INFO: [ template_filter ] --END-- [ RunTime:0.000000s ]
NOTIC: [8] Undefined index: keyword F:\wamp64\www\tp\Cache\Cache\Admin\cd680b5adc62e94253d75caef37030b3.php 第 45 行.
NOTIC: [8] Undefined variable: searchtype F:\wamp64\www\tp\Cache\Cache\Admin\cd680b5adc62e94253d75caef37030b3.php 第 47 行.
INFO: Run Behavior\ParseTemplateBehavior [ RunTime:0.028002s ]
INFO: [ view_parse ] --END-- [ RunTime:0.028002s ]
INFO: [ view_filter ] --START--
INFO: Run Behavior\WriteHtmlCacheBehavior [ RunTime:0.000000s ]
INFO: [ view_filter ] --END-- [ RunTime:0.000000s ]
INFO: [ app_end ] --START--
INFO: Run Behavior\ShowPageTraceBehavior [ RunTime:0.000000s ]
INFO: [ app_end ] --END-- [ RunTime:0.000000s ]

