[ 2017-08-03T09:47:30+08:00 ] 127.0.0.1 http://admin.leishenhuyu.com/index.php?m=&c=Login&a=index
INFO: [ app_init ] --START--
INFO: Run Behavior\BuildLiteBehavior [ RunTime:0.000000s ]
INFO: [ app_init ] --END-- [ RunTime:0.002000s ]
INFO: [ app_begin ] --START--
INFO: Run Behavior\ReadHtmlCacheBehavior [ RunTime:0.001000s ]
INFO: Run Behavior\CheckLangBehavior [ RunTime:0.008000s ]
INFO: [ app_begin ] --END-- [ RunTime:0.010000s ]
INFO: [ action_begin ] --START--
NOTIC: [8192] mysql_connect(): The mysql extension is deprecated and will be removed in the future: use mysqli or PDO instead F:\wamp64\www\tp\Core\Library\Think\Db\Driver\Mysql.class.php 第 52 行.
SQL: SHOW COLUMNS FROM `admin_access_log` [ RunTime:0.020001s ]
SQL: INSERT INTO `admin_access_log` (`username`,`module`,`controller`,`action`,`act_time`,`ip`,`params`) VALUES ('admin','Admin','Login','index',1501724850,'127.0.0.1','[]') [ RunTime:0.051003s ]
INFO: Run Common\Behavior\AccessBehavior [ RunTime:0.098005s ]
INFO: [ action_begin ] --END-- [ RunTime:0.098005s ]
INFO: [ view_parse ] --START--
INFO: [ template_filter ] --START--
INFO: Run Behavior\ContentReplaceBehavior [ RunTime:0.000000s ]
INFO: [ template_filter ] --END-- [ RunTime:0.000000s ]
INFO: Run Behavior\ParseTemplateBehavior [ RunTime:0.029001s ]
INFO: [ view_parse ] --END-- [ RunTime:0.031001s ]
INFO: [ view_filter ] --START--
INFO: Run Behavior\WriteHtmlCacheBehavior [ RunTime:0.000000s ]
INFO: [ view_filter ] --END-- [ RunTime:0.001000s ]
INFO: [ app_end ] --START--
INFO: Run Behavior\ShowPageTraceBehavior [ RunTime:0.001000s ]
INFO: [ app_end ] --END-- [ RunTime:0.001000s ]

[ 2017-08-03T09:47:30+08:00 ] 127.0.0.1 http://admin.leishenhuyu.com/index.php?m=&c=Public&a=verify_code&t=1501724850
INFO: [ app_init ] --START--
INFO: Run Behavior\BuildLiteBehavior [ RunTime:0.000000s ]
INFO: [ app_init ] --END-- [ RunTime:0.001000s ]
INFO: [ app_begin ] --START--
INFO: Run Behavior\ReadHtmlCacheBehavior [ RunTime:0.002001s ]
INFO: Run Behavior\CheckLangBehavior [ RunTime:0.002000s ]
INFO: [ app_begin ] --END-- [ RunTime:0.004001s ]
INFO: [ action_begin ] --START--
NOTIC: [8192] mysql_connect(): The mysql extension is deprecated and will be removed in the future: use mysqli or PDO instead F:\wamp64\www\tp\Core\Library\Think\Db\Driver\Mysql.class.php 第 52 行.
SQL: SHOW COLUMNS FROM `admin_access_log` [ RunTime:0.001000s ]
SQL: INSERT INTO `admin_access_log` (`username`,`module`,`controller`,`action`,`act_time`,`ip`,`params`) VALUES ('admin','Admin','Public','verify_code',1501724850,'127.0.0.1','{\"t\":\"1501724850\"}') [ RunTime:0.001000s ]
INFO: Run Common\Behavior\AccessBehavior [ RunTime:0.020001s ]
INFO: [ action_begin ] --END-- [ RunTime:0.020001s ]
INFO: [ app_end ] --START--
INFO: Run Behavior\ShowPageTraceBehavior [ RunTime:0.001000s ]
INFO: [ app_end ] --END-- [ RunTime:0.001000s ]

[ 2017-08-03T09:47:33+08:00 ] 127.0.0.1 http://admin.leishenhuyu.com/index.php?m=&c=Login&a=dologin
INFO: [ app_init ] --START--
INFO: Run Behavior\BuildLiteBehavior [ RunTime:0.000000s ]
INFO: [ app_init ] --END-- [ RunTime:0.000000s ]
INFO: [ app_begin ] --START--
INFO: Run Behavior\ReadHtmlCacheBehavior [ RunTime:0.001000s ]
INFO: Run Behavior\CheckLangBehavior [ RunTime:0.001000s ]
INFO: [ app_begin ] --END-- [ RunTime:0.002000s ]
INFO: [ action_begin ] --START--
NOTIC: [8192] mysql_connect(): The mysql extension is deprecated and will be removed in the future: use mysqli or PDO instead F:\wamp64\www\tp\Core\Library\Think\Db\Driver\Mysql.class.php 第 52 行.
SQL: SHOW COLUMNS FROM `admin_access_log` [ RunTime:0.000000s ]
SQL: INSERT INTO `admin_access_log` (`username`,`module`,`controller`,`action`,`act_time`,`ip`,`params`) VALUES ('admin','Admin','Login','dologin',1501724853,'127.0.0.1','{\"username\":\"admin\",\"password\":\"admin123\",\"verify\":\"6548\"}') [ RunTime:0.001000s ]
INFO: Run Common\Behavior\AccessBehavior [ RunTime:0.009000s ]
INFO: [ action_begin ] --END-- [ RunTime:0.009000s ]
SQL: SHOW COLUMNS FROM `admin` [ RunTime:0.028002s ]
SQL: SELECT * FROM `admin` WHERE ( `username` = 'admin' ) AND ( `status` = 1 ) LIMIT 1   [ RunTime:0.001000s ]
SQL: UPDATE `admin` SET `last_time`=1501724853,`last_ip`='127.0.0.1',`login_count`=login_count+1 WHERE ( `id` = 1 ) [ RunTime:0.010001s ]

[ 2017-08-03T09:47:33+08:00 ] 127.0.0.1 http://admin.leishenhuyu.com/index.php?m=&c=Index&a=index
INFO: [ app_init ] --START--
INFO: Run Behavior\BuildLiteBehavior [ RunTime:0.000000s ]
INFO: [ app_init ] --END-- [ RunTime:0.001000s ]
INFO: [ app_begin ] --START--
INFO: Run Behavior\ReadHtmlCacheBehavior [ RunTime:0.000000s ]
INFO: Run Behavior\CheckLangBehavior [ RunTime:0.002000s ]
INFO: [ app_begin ] --END-- [ RunTime:0.002000s ]
NOTIC: [2048] Declaration of Admin\Controller\IndexController::index() should be compatible with Admin\Controller\BaseController::index($model = '') F:\wamp64\www\tp\App\Admin\Controller\IndexController.class.php 第 4 行.
INFO: [ action_begin ] --START--
NOTIC: [8192] mysql_connect(): The mysql extension is deprecated and will be removed in the future: use mysqli or PDO instead F:\wamp64\www\tp\Core\Library\Think\Db\Driver\Mysql.class.php 第 52 行.
SQL: SHOW COLUMNS FROM `admin_access_log` [ RunTime:0.002000s ]
SQL: INSERT INTO `admin_access_log` (`username`,`module`,`controller`,`action`,`act_time`,`ip`,`params`) VALUES ('admin','Admin','Index','index',1501724853,'127.0.0.1','[]') [ RunTime:0.000000s ]
INFO: Run Common\Behavior\AccessBehavior [ RunTime:0.021001s ]
INFO: [ action_begin ] --END-- [ RunTime:0.021001s ]
SQL: SHOW COLUMNS FROM `menu` [ RunTime:0.079005s ]
SQL: SHOW COLUMNS FROM `menu` [ RunTime:0.002000s ]
SQL: SELECT * FROM `menu` WHERE ( `iframe` <> 1 ) AND (  ( `pid` = 0 ) ) AND ( `display` = 1 ) ORDER BY ordid  [ RunTime:0.032002s ]
SQL: SHOW COLUMNS FROM `admin_auth` [ RunTime:0.017001s ]
SQL: SELECT * FROM `admin_auth` WHERE ( role_id=1 )  [ RunTime:0.001000s ]
SQL: SHOW COLUMNS FROM `admin_role` [ RunTime:0.011001s ]
SQL: SELECT `name` FROM `admin_role` WHERE ( `id` = 1 ) LIMIT 1   [ RunTime:0.001000s ]
INFO: [ view_parse ] --START--
INFO: [ template_filter ] --START--
INFO: Run Behavior\ContentReplaceBehavior [ RunTime:0.001000s ]
INFO: [ template_filter ] --END-- [ RunTime:0.001000s ]
INFO: Run Behavior\ParseTemplateBehavior [ RunTime:0.042002s ]
INFO: [ view_parse ] --END-- [ RunTime:0.042002s ]
INFO: [ view_filter ] --START--
INFO: Run Behavior\WriteHtmlCacheBehavior [ RunTime:0.001000s ]
INFO: [ view_filter ] --END-- [ RunTime:0.001000s ]
INFO: [ app_end ] --START--
INFO: Run Behavior\ShowPageTraceBehavior [ RunTime:0.000000s ]
INFO: [ app_end ] --END-- [ RunTime:0.001000s ]

[ 2017-08-03T09:47:33+08:00 ] 127.0.0.1 http://admin.leishenhuyu.com/index.php?m=&c=index&a=panel
INFO: [ app_init ] --START--
INFO: Run Behavior\BuildLiteBehavior [ RunTime:0.000000s ]
INFO: [ app_init ] --END-- [ RunTime:0.000000s ]
INFO: [ app_begin ] --START--
INFO: Run Behavior\ReadHtmlCacheBehavior [ RunTime:0.000000s ]
INFO: Run Behavior\CheckLangBehavior [ RunTime:0.002000s ]
INFO: [ app_begin ] --END-- [ RunTime:0.003000s ]
NOTIC: [2048] Declaration of Admin\Controller\IndexController::index() should be compatible with Admin\Controller\BaseController::index($model = '') F:\wamp64\www\tp\App\Admin\Controller\IndexController.class.php 第 4 行.
INFO: [ action_begin ] --START--
NOTIC: [8192] mysql_connect(): The mysql extension is deprecated and will be removed in the future: use mysqli or PDO instead F:\wamp64\www\tp\Core\Library\Think\Db\Driver\Mysql.class.php 第 52 行.
SQL: SHOW COLUMNS FROM `admin_access_log` [ RunTime:0.001000s ]
SQL: INSERT INTO `admin_access_log` (`username`,`module`,`controller`,`action`,`act_time`,`ip`,`params`) VALUES ('admin','Admin','Index','panel',1501724853,'127.0.0.1','[]') [ RunTime:0.001000s ]
INFO: Run Common\Behavior\AccessBehavior [ RunTime:0.020001s ]
INFO: [ action_begin ] --END-- [ RunTime:0.020001s ]
SQL: SHOW COLUMNS FROM `menu` [ RunTime:0.001000s ]
INFO: [ view_parse ] --START--
INFO: [ template_filter ] --START--
INFO: Run Behavior\ContentReplaceBehavior [ RunTime:0.000000s ]
INFO: [ template_filter ] --END-- [ RunTime:0.001000s ]
NOTIC: [8] Undefined variable: sub_menu F:\wamp64\www\tp\Cache\Cache\Admin\362c0c7a407ab260ee4d2bc810362462.php 第 25 行.
NOTIC: [8] Undefined variable: big_menu F:\wamp64\www\tp\Cache\Cache\Admin\362c0c7a407ab260ee4d2bc810362462.php 第 25 行.
INFO: Run Behavior\ParseTemplateBehavior [ RunTime:0.023001s ]
INFO: [ view_parse ] --END-- [ RunTime:0.023001s ]
INFO: [ view_filter ] --START--
INFO: Run Behavior\WriteHtmlCacheBehavior [ RunTime:0.000000s ]
INFO: [ view_filter ] --END-- [ RunTime:0.000000s ]
INFO: [ app_end ] --START--
INFO: Run Behavior\ShowPageTraceBehavior [ RunTime:0.001000s ]
INFO: [ app_end ] --END-- [ RunTime:0.001000s ]

[ 2017-08-03T09:47:33+08:00 ] 127.0.0.1 http://admin.leishenhuyu.com/index.php?m=&c=Index&a=left
INFO: [ app_init ] --START--
INFO: Run Behavior\BuildLiteBehavior [ RunTime:0.000000s ]
INFO: [ app_init ] --END-- [ RunTime:0.001001s ]
INFO: [ app_begin ] --START--
INFO: Run Behavior\ReadHtmlCacheBehavior [ RunTime:0.002000s ]
INFO: Run Behavior\CheckLangBehavior [ RunTime:0.003000s ]
INFO: [ app_begin ] --END-- [ RunTime:0.005000s ]
NOTIC: [2048] Declaration of Admin\Controller\IndexController::index() should be compatible with Admin\Controller\BaseController::index($model = '') F:\wamp64\www\tp\App\Admin\Controller\IndexController.class.php 第 4 行.
INFO: [ action_begin ] --START--
NOTIC: [8192] mysql_connect(): The mysql extension is deprecated and will be removed in the future: use mysqli or PDO instead F:\wamp64\www\tp\Core\Library\Think\Db\Driver\Mysql.class.php 第 52 行.
SQL: SHOW COLUMNS FROM `admin_access_log` [ RunTime:0.001000s ]
SQL: INSERT INTO `admin_access_log` (`username`,`module`,`controller`,`action`,`act_time`,`ip`,`params`) VALUES ('admin','Admin','Index','left',1501724853,'127.0.0.1','[]') [ RunTime:0.001001s ]
INFO: Run Common\Behavior\AccessBehavior [ RunTime:0.015001s ]
INFO: [ action_begin ] --END-- [ RunTime:0.015001s ]
SQL: SHOW COLUMNS FROM `menu` [ RunTime:0.001000s ]
SQL: SELECT * FROM `menu` WHERE ( `often` = 1 )  [ RunTime:0.001000s ]
INFO: [ view_parse ] --START--
INFO: [ template_filter ] --START--
INFO: Run Behavior\ContentReplaceBehavior [ RunTime:0.001000s ]
INFO: [ template_filter ] --END-- [ RunTime:0.001000s ]
NOTIC: [8] Undefined index: data F:\wamp64\www\tp\Cache\Cache\Admin\6a50c6d503dcfec33a87262cae7a0f6e.php 第 3 行.
INFO: Run Behavior\ParseTemplateBehavior [ RunTime:0.013001s ]
INFO: [ view_parse ] --END-- [ RunTime:0.013001s ]
INFO: [ view_filter ] --START--
INFO: Run Behavior\WriteHtmlCacheBehavior [ RunTime:0.001000s ]
INFO: [ view_filter ] --END-- [ RunTime:0.001000s ]
INFO: [ app_end ] --START--
INFO: Run Behavior\ShowPageTraceBehavior [ RunTime:0.001000s ]
INFO: [ app_end ] --END-- [ RunTime:0.001000s ]

[ 2017-08-03T09:47:35+08:00 ] 127.0.0.1 http://admin.leishenhuyu.com/index.php?m=&c=Index&a=left
INFO: [ app_init ] --START--
INFO: Run Behavior\BuildLiteBehavior [ RunTime:0.000000s ]
INFO: [ app_init ] --END-- [ RunTime:0.001001s ]
INFO: [ app_begin ] --START--
INFO: Run Behavior\ReadHtmlCacheBehavior [ RunTime:0.000000s ]
INFO: Run Behavior\CheckLangBehavior [ RunTime:0.001000s ]
INFO: [ app_begin ] --END-- [ RunTime:0.003000s ]
NOTIC: [2048] Declaration of Admin\Controller\IndexController::index() should be compatible with Admin\Controller\BaseController::index($model = '') F:\wamp64\www\tp\App\Admin\Controller\IndexController.class.php 第 4 行.
INFO: [ action_begin ] --START--
NOTIC: [8192] mysql_connect(): The mysql extension is deprecated and will be removed in the future: use mysqli or PDO instead F:\wamp64\www\tp\Core\Library\Think\Db\Driver\Mysql.class.php 第 52 行.
SQL: SHOW COLUMNS FROM `admin_access_log` [ RunTime:0.001000s ]
SQL: INSERT INTO `admin_access_log` (`username`,`module`,`controller`,`action`,`act_time`,`ip`,`params`) VALUES ('admin','Admin','Index','left',1501724855,'127.0.0.1','{\"menuid\":\"36\"}') [ RunTime:0.001000s ]
INFO: Run Common\Behavior\AccessBehavior [ RunTime:0.016001s ]
INFO: [ action_begin ] --END-- [ RunTime:0.016001s ]
SQL: SHOW COLUMNS FROM `menu` [ RunTime:0.001000s ]
SQL: SHOW COLUMNS FROM `menu` [ RunTime:0.001000s ]
SQL: SELECT * FROM `menu` WHERE ( `iframe` <> 1 ) AND (  ( `pid` = 36 ) ) AND ( `display` = 1 ) ORDER BY ordid  [ RunTime:0.001000s ]
SQL: SHOW COLUMNS FROM `admin_auth` [ RunTime:0.001000s ]
SQL: SELECT * FROM `admin_auth` WHERE ( role_id=1 )  [ RunTime:0.001000s ]
SQL: SELECT * FROM `menu` WHERE ( `iframe` = 1 ) AND (  ( `pid` = 36 ) ) AND ( `display` = 1 ) ORDER BY ordid  [ RunTime:0.001000s ]
SQL: SELECT * FROM `admin_auth` WHERE ( role_id=1 )  [ RunTime:0.001000s ]
SQL: SELECT * FROM `menu` WHERE ( `iframe` <> 1 ) AND (  ( `pid` = 36 ) ) AND ( `display` = 1 ) ORDER BY ordid  [ RunTime:0.000000s ]
SQL: SELECT * FROM `admin_auth` WHERE ( role_id=1 )  [ RunTime:0.001000s ]
SQL: SELECT * FROM `menu` WHERE ( `iframe` <> 1 ) AND (  ( `pid` = 56 ) ) AND ( `display` = 1 ) ORDER BY ordid  [ RunTime:0.001000s ]
SQL: SELECT * FROM `admin_auth` WHERE ( role_id=1 )  [ RunTime:0.000000s ]
SQL: SELECT * FROM `menu` WHERE ( `iframe` <> 1 ) AND (  ( `pid` = 37 ) ) AND ( `display` = 1 ) ORDER BY ordid  [ RunTime:0.000000s ]
SQL: SELECT * FROM `admin_auth` WHERE ( role_id=1 )  [ RunTime:0.000000s ]
SQL: SELECT * FROM `menu` WHERE ( `iframe` <> 1 ) AND (  ( `pid` = 69 ) ) AND ( `display` = 1 ) ORDER BY ordid  [ RunTime:0.000000s ]
SQL: SELECT * FROM `admin_auth` WHERE ( role_id=1 )  [ RunTime:0.001000s ]
INFO: [ view_parse ] --START--
INFO: [ template_filter ] --START--
INFO: Run Behavior\ContentReplaceBehavior [ RunTime:0.000000s ]
INFO: [ template_filter ] --END-- [ RunTime:0.000000s ]
INFO: Run Behavior\ParseTemplateBehavior [ RunTime:0.012000s ]
INFO: [ view_parse ] --END-- [ RunTime:0.012000s ]
INFO: [ view_filter ] --START--
INFO: Run Behavior\WriteHtmlCacheBehavior [ RunTime:0.000000s ]
INFO: [ view_filter ] --END-- [ RunTime:0.000000s ]
INFO: [ app_end ] --START--
INFO: Run Behavior\ShowPageTraceBehavior [ RunTime:0.001001s ]
INFO: [ app_end ] --END-- [ RunTime:0.001001s ]

[ 2017-08-03T09:47:36+08:00 ] 127.0.0.1 http://admin.leishenhuyu.com/index.php?m=&c=Land&a=index&menuid=38
INFO: [ app_init ] --START--
INFO: Run Behavior\BuildLiteBehavior [ RunTime:0.000000s ]
INFO: [ app_init ] --END-- [ RunTime:0.000000s ]
INFO: [ app_begin ] --START--
INFO: Run Behavior\ReadHtmlCacheBehavior [ RunTime:0.001000s ]
INFO: Run Behavior\CheckLangBehavior [ RunTime:0.017001s ]
INFO: [ app_begin ] --END-- [ RunTime:0.018001s ]
NOTIC: [2048] Declaration of Admin\Controller\LandController::index() should be compatible with Admin\Controller\BaseController::index($model = '') F:\wamp64\www\tp\App\Admin\Controller\LandController.class.php 第 10 行.
INFO: [ action_begin ] --START--
NOTIC: [8192] mysql_connect(): The mysql extension is deprecated and will be removed in the future: use mysqli or PDO instead F:\wamp64\www\tp\Core\Library\Think\Db\Driver\Mysql.class.php 第 52 行.
SQL: SHOW COLUMNS FROM `admin_access_log` [ RunTime:0.001000s ]
SQL: INSERT INTO `admin_access_log` (`username`,`module`,`controller`,`action`,`act_time`,`ip`,`params`) VALUES ('admin','Admin','Land','index',1501724856,'127.0.0.1','{\"menuid\":\"38\"}') [ RunTime:0.000000s ]
INFO: Run Common\Behavior\AccessBehavior [ RunTime:0.009000s ]
INFO: [ action_begin ] --END-- [ RunTime:0.009000s ]
SQL: SHOW COLUMNS FROM `menu` [ RunTime:0.001000s ]
SQL: SHOW COLUMNS FROM `menu` [ RunTime:0.001000s ]
SQL: SELECT * FROM `menu` WHERE ( `iframe` <> 1 ) AND (  ( `pid` = 38 ) ) AND ( `display` = 1 ) ORDER BY ordid  [ RunTime:0.000000s ]
SQL: SHOW COLUMNS FROM `admin_auth` [ RunTime:0.001000s ]
SQL: SELECT * FROM `admin_auth` WHERE ( role_id=1 )  [ RunTime:0.000000s ]
SQL: SELECT * FROM `menu` WHERE ( `iframe` = 1 ) AND (  ( `pid` = 38 ) ) AND ( `display` = 1 ) ORDER BY ordid  [ RunTime:0.000000s ]
SQL: SELECT * FROM `admin_auth` WHERE ( role_id=1 )  [ RunTime:0.001000s ]
SQL: SHOW COLUMNS FROM `game` [ RunTime:0.019002s ]
SQL: SELECT * FROM `game`  [ RunTime:0.001000s ]
SQL: SHOW COLUMNS FROM `theme` [ RunTime:0.003000s ]
SQL: SELECT * FROM `theme`  [ RunTime:0.000000s ]
NOTIC: [8] Undefined index: db_dsn F:\wamp64\www\tp\Core\Library\Think\Db.class.php 第 129 行.
NOTIC: [8] Undefined index: db_params F:\wamp64\www\tp\Core\Library\Think\Db.class.php 第 130 行.
NOTIC: [8192] mysql_connect(): The mysql extension is deprecated and will be removed in the future: use mysqli or PDO instead F:\wamp64\www\tp\Core\Library\Think\Db\Driver\Mysql.class.php 第 52 行.
SQL: SHOW COLUMNS FROM `land_info` [ RunTime:0.019001s ]
NOTIC: [8] Undefined index: sort F:\wamp64\www\tp\App\Admin\Controller\BaseController.class.php 第 327 行.
NOTIC: [8] Undefined index: order F:\wamp64\www\tp\App\Admin\Controller\BaseController.class.php 第 328 行.
NOTIC: [8] Undefined index: listRows F:\wamp64\www\tp\App\Admin\Controller\BaseController.class.php 第 329 行.
SQL: SELECT COUNT(id) AS tp_count FROM `land_info` LIMIT 1   [ RunTime:0.022001s ]
SQL: SELECT * FROM `land_info` ORDER BY id desc LIMIT 0,20   [ RunTime:0.013000s ]
SQL: SELECT `game_name` FROM `game` WHERE ( `game_id` = 1 ) LIMIT 1   [ RunTime:0.000000s ]
SQL: SELECT `game_name` FROM `game` WHERE ( `game_id` = 1 ) LIMIT 1   [ RunTime:0.001001s ]
SQL: SELECT `game_name` FROM `game` WHERE ( `game_id` = 1 ) LIMIT 1   [ RunTime:0.001000s ]
SQL: SELECT `game_name` FROM `game` WHERE ( `game_id` = 1 ) LIMIT 1   [ RunTime:0.000000s ]
SQL: SELECT `game_name` FROM `game` WHERE ( `game_id` = 1 ) LIMIT 1   [ RunTime:0.000000s ]
SQL: SELECT `game_name` FROM `game` WHERE ( `game_id` = 1 ) LIMIT 1   [ RunTime:0.000000s ]
SQL: SELECT `game_name` FROM `game` WHERE ( `game_id` = 1 ) LIMIT 1   [ RunTime:0.001000s ]
SQL: SELECT `game_name` FROM `game` WHERE ( `game_id` = 1 ) LIMIT 1   [ RunTime:0.001000s ]
SQL: SELECT `game_name` FROM `game` WHERE ( `game_id` = 1 ) LIMIT 1   [ RunTime:0.000000s ]
SQL: SELECT `game_name` FROM `game` WHERE ( `game_id` = 1 ) LIMIT 1   [ RunTime:0.001000s ]
SQL: SELECT `game_name` FROM `game` WHERE ( `game_id` = 1 ) LIMIT 1   [ RunTime:0.000000s ]
SQL: SELECT `game_name` FROM `game` WHERE ( `game_id` = 1 ) LIMIT 1   [ RunTime:0.000000s ]
SQL: SELECT `game_name` FROM `game` WHERE ( `game_id` = 1 ) LIMIT 1   [ RunTime:0.001000s ]
SQL: SELECT `game_name` FROM `game` WHERE ( `game_id` = 1 ) LIMIT 1   [ RunTime:0.000000s ]
INFO: [ view_parse ] --START--
INFO: [ template_filter ] --START--
INFO: Run Behavior\ContentReplaceBehavior [ RunTime:0.001000s ]
INFO: [ template_filter ] --END-- [ RunTime:0.001000s ]
NOTIC: [8] Undefined index: keyword F:\wamp64\www\tp\Cache\Cache\Admin\cd680b5adc62e94253d75caef37030b3.php 第 45 行.
NOTIC: [8] Undefined variable: searchtype F:\wamp64\www\tp\Cache\Cache\Admin\cd680b5adc62e94253d75caef37030b3.php 第 47 行.
INFO: Run Behavior\ParseTemplateBehavior [ RunTime:0.059003s ]
INFO: [ view_parse ] --END-- [ RunTime:0.059003s ]
INFO: [ view_filter ] --START--
INFO: Run Behavior\WriteHtmlCacheBehavior [ RunTime:0.000000s ]
INFO: [ view_filter ] --END-- [ RunTime:0.000000s ]
INFO: [ app_end ] --START--
INFO: Run Behavior\ShowPageTraceBehavior [ RunTime:0.000000s ]
INFO: [ app_end ] --END-- [ RunTime:0.000000s ]

[ 2017-08-03T09:47:36+08:00 ] 127.0.0.1 http://admin.leishenhuyu.com/index.php?m=&c=Land&a=index&menuid=38
INFO: [ app_init ] --START--
INFO: Run Behavior\BuildLiteBehavior [ RunTime:0.000000s ]
INFO: [ app_init ] --END-- [ RunTime:0.001000s ]
INFO: [ app_begin ] --START--
INFO: Run Behavior\ReadHtmlCacheBehavior [ RunTime:0.001000s ]
INFO: Run Behavior\CheckLangBehavior [ RunTime:0.002000s ]
INFO: [ app_begin ] --END-- [ RunTime:0.003000s ]
NOTIC: [2048] Declaration of Admin\Controller\LandController::index() should be compatible with Admin\Controller\BaseController::index($model = '') F:\wamp64\www\tp\App\Admin\Controller\LandController.class.php 第 10 行.
INFO: [ action_begin ] --START--
NOTIC: [8192] mysql_connect(): The mysql extension is deprecated and will be removed in the future: use mysqli or PDO instead F:\wamp64\www\tp\Core\Library\Think\Db\Driver\Mysql.class.php 第 52 行.
SQL: SHOW COLUMNS FROM `admin_access_log` [ RunTime:0.001000s ]
SQL: INSERT INTO `admin_access_log` (`username`,`module`,`controller`,`action`,`act_time`,`ip`,`params`) VALUES ('admin','Admin','Land','index',1501724856,'127.0.0.1','{\"menuid\":\"38\"}') [ RunTime:0.000000s ]
INFO: Run Common\Behavior\AccessBehavior [ RunTime:0.009001s ]
INFO: [ action_begin ] --END-- [ RunTime:0.009001s ]
SQL: SHOW COLUMNS FROM `menu` [ RunTime:0.000000s ]
SQL: SHOW COLUMNS FROM `menu` [ RunTime:0.000000s ]
SQL: SELECT * FROM `menu` WHERE ( `iframe` <> 1 ) AND (  ( `pid` = 38 ) ) AND ( `display` = 1 ) ORDER BY ordid  [ RunTime:0.001000s ]
SQL: SHOW COLUMNS FROM `admin_auth` [ RunTime:0.001000s ]
SQL: SELECT * FROM `admin_auth` WHERE ( role_id=1 )  [ RunTime:0.000000s ]
SQL: SELECT * FROM `menu` WHERE ( `iframe` = 1 ) AND (  ( `pid` = 38 ) ) AND ( `display` = 1 ) ORDER BY ordid  [ RunTime:0.000000s ]
SQL: SELECT * FROM `admin_auth` WHERE ( role_id=1 )  [ RunTime:0.000000s ]
SQL: SHOW COLUMNS FROM `game` [ RunTime:0.001000s ]
SQL: SELECT * FROM `game`  [ RunTime:0.000000s ]
SQL: SHOW COLUMNS FROM `theme` [ RunTime:0.001000s ]
SQL: SELECT * FROM `theme`  [ RunTime:0.001001s ]
NOTIC: [8] Undefined index: db_dsn F:\wamp64\www\tp\Core\Library\Think\Db.class.php 第 129 行.
NOTIC: [8] Undefined index: db_params F:\wamp64\www\tp\Core\Library\Think\Db.class.php 第 130 行.
NOTIC: [8192] mysql_connect(): The mysql extension is deprecated and will be removed in the future: use mysqli or PDO instead F:\wamp64\www\tp\Core\Library\Think\Db\Driver\Mysql.class.php 第 52 行.
SQL: SHOW COLUMNS FROM `land_info` [ RunTime:0.001000s ]
NOTIC: [8] Undefined index: sort F:\wamp64\www\tp\App\Admin\Controller\BaseController.class.php 第 327 行.
NOTIC: [8] Undefined index: order F:\wamp64\www\tp\App\Admin\Controller\BaseController.class.php 第 328 行.
NOTIC: [8] Undefined index: listRows F:\wamp64\www\tp\App\Admin\Controller\BaseController.class.php 第 329 行.
SQL: SELECT COUNT(id) AS tp_count FROM `land_info` LIMIT 1   [ RunTime:0.000000s ]
SQL: SELECT * FROM `land_info` ORDER BY id desc LIMIT 0,20   [ RunTime:0.000000s ]
SQL: SELECT `game_name` FROM `game` WHERE ( `game_id` = 1 ) LIMIT 1   [ RunTime:0.000000s ]
SQL: SELECT `game_name` FROM `game` WHERE ( `game_id` = 1 ) LIMIT 1   [ RunTime:0.000000s ]
SQL: SELECT `game_name` FROM `game` WHERE ( `game_id` = 1 ) LIMIT 1   [ RunTime:0.001001s ]
SQL: SELECT `game_name` FROM `game` WHERE ( `game_id` = 1 ) LIMIT 1   [ RunTime:0.000000s ]
SQL: SELECT `game_name` FROM `game` WHERE ( `game_id` = 1 ) LIMIT 1   [ RunTime:0.000000s ]
SQL: SELECT `game_name` FROM `game` WHERE ( `game_id` = 1 ) LIMIT 1   [ RunTime:0.000000s ]
SQL: SELECT `game_name` FROM `game` WHERE ( `game_id` = 1 ) LIMIT 1   [ RunTime:0.000000s ]
SQL: SELECT `game_name` FROM `game` WHERE ( `game_id` = 1 ) LIMIT 1   [ RunTime:0.001000s ]
SQL: SELECT `game_name` FROM `game` WHERE ( `game_id` = 1 ) LIMIT 1   [ RunTime:0.000000s ]
SQL: SELECT `game_name` FROM `game` WHERE ( `game_id` = 1 ) LIMIT 1   [ RunTime:0.000000s ]
SQL: SELECT `game_name` FROM `game` WHERE ( `game_id` = 1 ) LIMIT 1   [ RunTime:0.000000s ]
SQL: SELECT `game_name` FROM `game` WHERE ( `game_id` = 1 ) LIMIT 1   [ RunTime:0.000000s ]
SQL: SELECT `game_name` FROM `game` WHERE ( `game_id` = 1 ) LIMIT 1   [ RunTime:0.000000s ]
SQL: SELECT `game_name` FROM `game` WHERE ( `game_id` = 1 ) LIMIT 1   [ RunTime:0.000000s ]
INFO: [ view_parse ] --START--
INFO: [ template_filter ] --START--
INFO: Run Behavior\ContentReplaceBehavior [ RunTime:0.000000s ]
INFO: [ template_filter ] --END-- [ RunTime:0.000000s ]
NOTIC: [8] Undefined index: keyword F:\wamp64\www\tp\Cache\Cache\Admin\cd680b5adc62e94253d75caef37030b3.php 第 45 行.
NOTIC: [8] Undefined variable: searchtype F:\wamp64\www\tp\Cache\Cache\Admin\cd680b5adc62e94253d75caef37030b3.php 第 47 行.
INFO: Run Behavior\ParseTemplateBehavior [ RunTime:0.033002s ]
INFO: [ view_parse ] --END-- [ RunTime:0.033002s ]
INFO: [ view_filter ] --START--
INFO: Run Behavior\WriteHtmlCacheBehavior [ RunTime:0.001000s ]
INFO: [ view_filter ] --END-- [ RunTime:0.001000s ]
INFO: [ app_end ] --START--
INFO: Run Behavior\ShowPageTraceBehavior [ RunTime:0.001000s ]
INFO: [ app_end ] --END-- [ RunTime:0.001000s ]

