[ 2017-08-15T09:32:47+08:00 ] 127.0.0.1 http://admin.leishenhuyu.com/index.php?m=&c=Index&a=index
INFO: [ app_init ] --START--
INFO: Run Behavior\BuildLiteBehavior [ RunTime:0.000000s ]
INFO: [ app_init ] --END-- [ RunTime:0.002000s ]
INFO: [ app_begin ] --START--
INFO: Run Behavior\ReadHtmlCacheBehavior [ RunTime:0.001000s ]
INFO: Run Behavior\CheckLangBehavior [ RunTime:0.043003s ]
INFO: [ app_begin ] --END-- [ RunTime:0.044003s ]
NOTIC: [2048] Declaration of Admin\Controller\IndexController::index() should be compatible with Admin\Controller\BaseController::index($model = '') F:\wamp64\www\tp\App\Admin\Controller\IndexController.class.php 第 4 行.
INFO: [ action_begin ] --START--
NOTIC: [8192] mysql_connect(): The mysql extension is deprecated and will be removed in the future: use mysqli or PDO instead F:\wamp64\www\tp\Core\Library\Think\Db\Driver\Mysql.class.php 第 52 行.
SQL: SHOW COLUMNS FROM `admin_access_log` [ RunTime:0.065004s ]
SQL: INSERT INTO `admin_access_log` (`username`,`module`,`controller`,`action`,`act_time`,`ip`,`params`) VALUES ('admin','Admin','Index','index',1502760767,'127.0.0.1','[]') [ RunTime:0.020001s ]
INFO: Run Common\Behavior\AccessBehavior [ RunTime:0.157009s ]
INFO: [ action_begin ] --END-- [ RunTime:0.157009s ]
SQL: SHOW COLUMNS FROM `menu` [ RunTime:0.012001s ]
SQL: SHOW COLUMNS FROM `menu` [ RunTime:0.000000s ]
SQL: SELECT * FROM `menu` WHERE ( `iframe` <> 1 ) AND (  ( `pid` = 0 ) ) AND ( `display` = 1 ) ORDER BY ordid  [ RunTime:0.022001s ]
SQL: SHOW COLUMNS FROM `admin_auth` [ RunTime:0.002000s ]
SQL: SELECT * FROM `admin_auth` WHERE ( role_id=1 )  [ RunTime:0.000000s ]
SQL: SHOW COLUMNS FROM `admin_role` [ RunTime:0.002000s ]
SQL: SELECT `name` FROM `admin_role` WHERE ( `id` = 1 ) LIMIT 1   [ RunTime:0.000000s ]
INFO: [ view_parse ] --START--
INFO: [ template_filter ] --START--
INFO: Run Behavior\ContentReplaceBehavior [ RunTime:0.000000s ]
INFO: [ template_filter ] --END-- [ RunTime:0.001000s ]
INFO: Run Behavior\ParseTemplateBehavior [ RunTime:0.026001s ]
INFO: [ view_parse ] --END-- [ RunTime:0.026001s ]
INFO: [ view_filter ] --START--
INFO: Run Behavior\WriteHtmlCacheBehavior [ RunTime:0.001000s ]
INFO: [ view_filter ] --END-- [ RunTime:0.001000s ]
INFO: [ app_end ] --START--
INFO: Run Behavior\ShowPageTraceBehavior [ RunTime:0.001000s ]
INFO: [ app_end ] --END-- [ RunTime:0.001000s ]

[ 2017-08-15T09:32:47+08:00 ] 127.0.0.1 http://admin.leishenhuyu.com/index.php?m=&c=Index&a=left
INFO: [ app_init ] --START--
INFO: Run Behavior\BuildLiteBehavior [ RunTime:0.000000s ]
INFO: [ app_init ] --END-- [ RunTime:0.001000s ]
INFO: [ app_begin ] --START--
INFO: Run Behavior\ReadHtmlCacheBehavior [ RunTime:0.001000s ]
INFO: Run Behavior\CheckLangBehavior [ RunTime:0.001000s ]
INFO: [ app_begin ] --END-- [ RunTime:0.002000s ]
NOTIC: [2048] Declaration of Admin\Controller\IndexController::index() should be compatible with Admin\Controller\BaseController::index($model = '') F:\wamp64\www\tp\App\Admin\Controller\IndexController.class.php 第 4 行.
INFO: [ action_begin ] --START--
NOTIC: [8192] mysql_connect(): The mysql extension is deprecated and will be removed in the future: use mysqli or PDO instead F:\wamp64\www\tp\Core\Library\Think\Db\Driver\Mysql.class.php 第 52 行.
SQL: SHOW COLUMNS FROM `admin_access_log` [ RunTime:0.001001s ]
SQL: INSERT INTO `admin_access_log` (`username`,`module`,`controller`,`action`,`act_time`,`ip`,`params`) VALUES ('admin','Admin','Index','left',1502760767,'127.0.0.1','[]') [ RunTime:0.000000s ]
INFO: Run Common\Behavior\AccessBehavior [ RunTime:0.018001s ]
INFO: [ action_begin ] --END-- [ RunTime:0.018001s ]
SQL: SHOW COLUMNS FROM `menu` [ RunTime:0.001000s ]
SQL: SELECT * FROM `menu` WHERE ( `often` = 1 )  [ RunTime:0.001000s ]
INFO: [ view_parse ] --START--
INFO: [ template_filter ] --START--
INFO: Run Behavior\ContentReplaceBehavior [ RunTime:0.000000s ]
INFO: [ template_filter ] --END-- [ RunTime:0.000000s ]
NOTIC: [8] Undefined index: data F:\wamp64\www\tp\Cache\Cache\Admin\6a50c6d503dcfec33a87262cae7a0f6e.php 第 3 行.
INFO: Run Behavior\ParseTemplateBehavior [ RunTime:0.017001s ]
INFO: [ view_parse ] --END-- [ RunTime:0.017001s ]
INFO: [ view_filter ] --START--
INFO: Run Behavior\WriteHtmlCacheBehavior [ RunTime:0.001000s ]
INFO: [ view_filter ] --END-- [ RunTime:0.001000s ]
INFO: [ app_end ] --START--
INFO: Run Behavior\ShowPageTraceBehavior [ RunTime:0.000000s ]
INFO: [ app_end ] --END-- [ RunTime:0.000000s ]

[ 2017-08-15T10:23:46+08:00 ] 127.0.0.1 http://admin.leishenhuyu.com/index.php?m=&c=Index&a=left
INFO: [ app_init ] --START--
INFO: Run Behavior\BuildLiteBehavior [ RunTime:0.000000s ]
INFO: [ app_init ] --END-- [ RunTime:0.001000s ]
INFO: [ app_begin ] --START--
INFO: Run Behavior\ReadHtmlCacheBehavior [ RunTime:0.001000s ]
INFO: Run Behavior\CheckLangBehavior [ RunTime:0.002000s ]
INFO: [ app_begin ] --END-- [ RunTime:0.003000s ]
NOTIC: [2048] Declaration of Admin\Controller\IndexController::index() should be compatible with Admin\Controller\BaseController::index($model = '') F:\wamp64\www\tp\App\Admin\Controller\IndexController.class.php 第 4 行.
INFO: [ action_begin ] --START--
NOTIC: [8192] mysql_connect(): The mysql extension is deprecated and will be removed in the future: use mysqli or PDO instead F:\wamp64\www\tp\Core\Library\Think\Db\Driver\Mysql.class.php 第 52 行.
SQL: SHOW COLUMNS FROM `admin_access_log` [ RunTime:0.001000s ]
SQL: INSERT INTO `admin_access_log` (`username`,`module`,`controller`,`action`,`act_time`,`ip`,`params`) VALUES ('admin','Admin','Index','left',1502763826,'127.0.0.1','{\"menuid\":\"36\"}') [ RunTime:0.001000s ]
INFO: Run Common\Behavior\AccessBehavior [ RunTime:0.014001s ]
INFO: [ action_begin ] --END-- [ RunTime:0.014001s ]
SQL: SHOW COLUMNS FROM `menu` [ RunTime:0.001000s ]
SQL: SHOW COLUMNS FROM `menu` [ RunTime:0.001000s ]
SQL: SELECT * FROM `menu` WHERE ( `iframe` <> 1 ) AND (  ( `pid` = 36 ) ) AND ( `display` = 1 ) ORDER BY ordid  [ RunTime:0.001000s ]
SQL: SHOW COLUMNS FROM `admin_auth` [ RunTime:0.001000s ]
SQL: SELECT * FROM `admin_auth` WHERE ( role_id=1 )  [ RunTime:0.000000s ]
SQL: SELECT * FROM `menu` WHERE ( `iframe` = 1 ) AND (  ( `pid` = 36 ) ) AND ( `display` = 1 ) ORDER BY ordid  [ RunTime:0.000000s ]
SQL: SELECT * FROM `admin_auth` WHERE ( role_id=1 )  [ RunTime:0.000000s ]
SQL: SELECT * FROM `menu` WHERE ( `iframe` <> 1 ) AND (  ( `pid` = 36 ) ) AND ( `display` = 1 ) ORDER BY ordid  [ RunTime:0.001000s ]
SQL: SELECT * FROM `admin_auth` WHERE ( role_id=1 )  [ RunTime:0.000000s ]
SQL: SELECT * FROM `menu` WHERE ( `iframe` <> 1 ) AND (  ( `pid` = 56 ) ) AND ( `display` = 1 ) ORDER BY ordid  [ RunTime:0.000000s ]
SQL: SELECT * FROM `admin_auth` WHERE ( role_id=1 )  [ RunTime:0.001000s ]
SQL: SELECT * FROM `menu` WHERE ( `iframe` <> 1 ) AND (  ( `pid` = 37 ) ) AND ( `display` = 1 ) ORDER BY ordid  [ RunTime:0.000000s ]
SQL: SELECT * FROM `admin_auth` WHERE ( role_id=1 )  [ RunTime:0.000000s ]
SQL: SELECT * FROM `menu` WHERE ( `iframe` <> 1 ) AND (  ( `pid` = 69 ) ) AND ( `display` = 1 ) ORDER BY ordid  [ RunTime:0.000000s ]
SQL: SELECT * FROM `admin_auth` WHERE ( role_id=1 )  [ RunTime:0.000000s ]
INFO: [ view_parse ] --START--
INFO: [ template_filter ] --START--
INFO: Run Behavior\ContentReplaceBehavior [ RunTime:0.001001s ]
INFO: [ template_filter ] --END-- [ RunTime:0.001001s ]
INFO: Run Behavior\ParseTemplateBehavior [ RunTime:0.020001s ]
INFO: [ view_parse ] --END-- [ RunTime:0.020001s ]
INFO: [ view_filter ] --START--
INFO: Run Behavior\WriteHtmlCacheBehavior [ RunTime:0.000000s ]
INFO: [ view_filter ] --END-- [ RunTime:0.000000s ]
INFO: [ app_end ] --START--
INFO: Run Behavior\ShowPageTraceBehavior [ RunTime:0.000000s ]
INFO: [ app_end ] --END-- [ RunTime:0.000000s ]

[ 2017-08-15T10:23:48+08:00 ] 127.0.0.1 http://admin.leishenhuyu.com/index.php?m=&c=Land&a=index&menuid=38
INFO: [ app_init ] --START--
INFO: Run Behavior\BuildLiteBehavior [ RunTime:0.000000s ]
INFO: [ app_init ] --END-- [ RunTime:0.000000s ]
INFO: [ app_begin ] --START--
INFO: Run Behavior\ReadHtmlCacheBehavior [ RunTime:0.001000s ]
INFO: Run Behavior\CheckLangBehavior [ RunTime:0.002000s ]
INFO: [ app_begin ] --END-- [ RunTime:0.003000s ]
NOTIC: [2048] Declaration of Admin\Controller\LandController::index() should be compatible with Admin\Controller\BaseController::index($model = '') F:\wamp64\www\tp\App\Admin\Controller\LandController.class.php 第 10 行.
INFO: [ action_begin ] --START--
NOTIC: [8192] mysql_connect(): The mysql extension is deprecated and will be removed in the future: use mysqli or PDO instead F:\wamp64\www\tp\Core\Library\Think\Db\Driver\Mysql.class.php 第 52 行.
SQL: SHOW COLUMNS FROM `admin_access_log` [ RunTime:0.001000s ]
SQL: INSERT INTO `admin_access_log` (`username`,`module`,`controller`,`action`,`act_time`,`ip`,`params`) VALUES ('admin','Admin','Land','index',1502763828,'127.0.0.1','{\"menuid\":\"38\"}') [ RunTime:0.000000s ]
INFO: Run Common\Behavior\AccessBehavior [ RunTime:0.022001s ]
INFO: [ action_begin ] --END-- [ RunTime:0.022001s ]
SQL: SHOW COLUMNS FROM `menu` [ RunTime:0.001000s ]
SQL: SHOW COLUMNS FROM `menu` [ RunTime:0.000000s ]
SQL: SELECT * FROM `menu` WHERE ( `iframe` <> 1 ) AND (  ( `pid` = 38 ) ) AND ( `display` = 1 ) ORDER BY ordid  [ RunTime:0.001000s ]
SQL: SHOW COLUMNS FROM `admin_auth` [ RunTime:0.001000s ]
SQL: SELECT * FROM `admin_auth` WHERE ( role_id=1 )  [ RunTime:0.000000s ]
SQL: SELECT * FROM `menu` WHERE ( `iframe` = 1 ) AND (  ( `pid` = 38 ) ) AND ( `display` = 1 ) ORDER BY ordid  [ RunTime:0.000000s ]
SQL: SELECT * FROM `admin_auth` WHERE ( role_id=1 )  [ RunTime:0.001000s ]
SQL: SHOW COLUMNS FROM `game` [ RunTime:0.011000s ]
SQL: SELECT * FROM `game`  [ RunTime:0.001000s ]
SQL: SHOW COLUMNS FROM `theme` [ RunTime:0.010001s ]
SQL: SELECT * FROM `theme`  [ RunTime:0.000000s ]
SQL: SHOW COLUMNS FROM `channel` [ RunTime:0.016001s ]
SQL: SELECT * FROM `channel`  [ RunTime:0.001000s ]
NOTIC: [8] Undefined index: db_dsn F:\wamp64\www\tp\Core\Library\Think\Db.class.php 第 129 行.
NOTIC: [8] Undefined index: db_params F:\wamp64\www\tp\Core\Library\Think\Db.class.php 第 130 行.
NOTIC: [8192] mysql_connect(): The mysql extension is deprecated and will be removed in the future: use mysqli or PDO instead F:\wamp64\www\tp\Core\Library\Think\Db\Driver\Mysql.class.php 第 52 行.
SQL: SHOW COLUMNS FROM `land_info` [ RunTime:0.023001s ]
NOTIC: [8] Undefined index: sort F:\wamp64\www\tp\App\Admin\Controller\BaseController.class.php 第 327 行.
NOTIC: [8] Undefined index: order F:\wamp64\www\tp\App\Admin\Controller\BaseController.class.php 第 328 行.
NOTIC: [8] Undefined index: listRows F:\wamp64\www\tp\App\Admin\Controller\BaseController.class.php 第 329 行.
SQL: SELECT COUNT(id) AS tp_count FROM `land_info` LIMIT 1   [ RunTime:0.000000s ]
SQL: SELECT * FROM `land_info` ORDER BY id desc LIMIT 0,20   [ RunTime:0.000000s ]
SQL: SELECT `game_name` FROM `game` WHERE ( `game_id` = 1 ) LIMIT 1   [ RunTime:0.000000s ]
SQL: SELECT `game_name` FROM `game` WHERE ( `game_id` = 1 ) LIMIT 1   [ RunTime:0.000000s ]
SQL: SELECT `game_name` FROM `game` WHERE ( `game_id` = 1 ) LIMIT 1   [ RunTime:0.000000s ]
SQL: SELECT `game_name` FROM `game` WHERE ( `game_id` = 1 ) LIMIT 1   [ RunTime:0.000000s ]
SQL: SELECT `game_name` FROM `game` WHERE ( `game_id` = 1 ) LIMIT 1   [ RunTime:0.000000s ]
SQL: SELECT `game_name` FROM `game` WHERE ( `game_id` = 1 ) LIMIT 1   [ RunTime:0.000000s ]
SQL: SELECT `game_name` FROM `game` WHERE ( `game_id` = 1 ) LIMIT 1   [ RunTime:0.001000s ]
SQL: SELECT `game_name` FROM `game` WHERE ( `game_id` = 1 ) LIMIT 1   [ RunTime:0.000000s ]
SQL: SELECT `game_name` FROM `game` WHERE ( `game_id` = 1 ) LIMIT 1   [ RunTime:0.000000s ]
SQL: SELECT `game_name` FROM `game` WHERE ( `game_id` = 1 ) LIMIT 1   [ RunTime:0.000000s ]
SQL: SELECT `game_name` FROM `game` WHERE ( `game_id` = 1 ) LIMIT 1   [ RunTime:0.000000s ]
SQL: SELECT `game_name` FROM `game` WHERE ( `game_id` = 1 ) LIMIT 1   [ RunTime:0.001000s ]
SQL: SELECT `game_name` FROM `game` WHERE ( `game_id` = 1 ) LIMIT 1   [ RunTime:0.000000s ]
SQL: SELECT `game_name` FROM `game` WHERE ( `game_id` = 1 ) LIMIT 1   [ RunTime:0.000000s ]
SQL: SELECT `game_name` FROM `game` WHERE ( `game_id` = 1 ) LIMIT 1   [ RunTime:0.001000s ]
INFO: [ view_parse ] --START--
INFO: [ template_filter ] --START--
INFO: Run Behavior\ContentReplaceBehavior [ RunTime:0.000000s ]
INFO: [ template_filter ] --END-- [ RunTime:0.001000s ]
NOTIC: [8] Undefined index: keyword F:\wamp64\www\tp\Cache\Cache\Admin\cd680b5adc62e94253d75caef37030b3.php 第 45 行.
NOTIC: [8] Undefined variable: searchtype F:\wamp64\www\tp\Cache\Cache\Admin\cd680b5adc62e94253d75caef37030b3.php 第 47 行.
INFO: Run Behavior\ParseTemplateBehavior [ RunTime:0.057003s ]
INFO: [ view_parse ] --END-- [ RunTime:0.057003s ]
INFO: [ view_filter ] --START--
INFO: Run Behavior\WriteHtmlCacheBehavior [ RunTime:0.000000s ]
INFO: [ view_filter ] --END-- [ RunTime:0.000000s ]
INFO: [ app_end ] --START--
INFO: Run Behavior\ShowPageTraceBehavior [ RunTime:0.000000s ]
INFO: [ app_end ] --END-- [ RunTime:0.001000s ]

[ 2017-08-15T10:23:48+08:00 ] 127.0.0.1 http://admin.leishenhuyu.com/index.php?m=&c=Land&a=index&menuid=38
INFO: [ app_init ] --START--
INFO: Run Behavior\BuildLiteBehavior [ RunTime:0.000000s ]
INFO: [ app_init ] --END-- [ RunTime:0.000000s ]
INFO: [ app_begin ] --START--
INFO: Run Behavior\ReadHtmlCacheBehavior [ RunTime:0.001000s ]
INFO: Run Behavior\CheckLangBehavior [ RunTime:0.003000s ]
INFO: [ app_begin ] --END-- [ RunTime:0.004000s ]
NOTIC: [2048] Declaration of Admin\Controller\LandController::index() should be compatible with Admin\Controller\BaseController::index($model = '') F:\wamp64\www\tp\App\Admin\Controller\LandController.class.php 第 10 行.
INFO: [ action_begin ] --START--
NOTIC: [8192] mysql_connect(): The mysql extension is deprecated and will be removed in the future: use mysqli or PDO instead F:\wamp64\www\tp\Core\Library\Think\Db\Driver\Mysql.class.php 第 52 行.
SQL: SHOW COLUMNS FROM `admin_access_log` [ RunTime:0.001000s ]
SQL: INSERT INTO `admin_access_log` (`username`,`module`,`controller`,`action`,`act_time`,`ip`,`params`) VALUES ('admin','Admin','Land','index',1502763828,'127.0.0.1','{\"menuid\":\"38\"}') [ RunTime:0.000000s ]
INFO: Run Common\Behavior\AccessBehavior [ RunTime:0.018001s ]
INFO: [ action_begin ] --END-- [ RunTime:0.018001s ]
SQL: SHOW COLUMNS FROM `menu` [ RunTime:0.001000s ]
SQL: SHOW COLUMNS FROM `menu` [ RunTime:0.001000s ]
SQL: SELECT * FROM `menu` WHERE ( `iframe` <> 1 ) AND (  ( `pid` = 38 ) ) AND ( `display` = 1 ) ORDER BY ordid  [ RunTime:0.001000s ]
SQL: SHOW COLUMNS FROM `admin_auth` [ RunTime:0.001000s ]
SQL: SELECT * FROM `admin_auth` WHERE ( role_id=1 )  [ RunTime:0.000000s ]
SQL: SELECT * FROM `menu` WHERE ( `iframe` = 1 ) AND (  ( `pid` = 38 ) ) AND ( `display` = 1 ) ORDER BY ordid  [ RunTime:0.000000s ]
SQL: SELECT * FROM `admin_auth` WHERE ( role_id=1 )  [ RunTime:0.001000s ]
SQL: SHOW COLUMNS FROM `game` [ RunTime:0.000000s ]
SQL: SELECT * FROM `game`  [ RunTime:0.000000s ]
SQL: SHOW COLUMNS FROM `theme` [ RunTime:0.001000s ]
SQL: SELECT * FROM `theme`  [ RunTime:0.000000s ]
SQL: SHOW COLUMNS FROM `channel` [ RunTime:0.000000s ]
SQL: SELECT * FROM `channel`  [ RunTime:0.001000s ]
NOTIC: [8] Undefined index: db_dsn F:\wamp64\www\tp\Core\Library\Think\Db.class.php 第 129 行.
NOTIC: [8] Undefined index: db_params F:\wamp64\www\tp\Core\Library\Think\Db.class.php 第 130 行.
NOTIC: [8192] mysql_connect(): The mysql extension is deprecated and will be removed in the future: use mysqli or PDO instead F:\wamp64\www\tp\Core\Library\Think\Db\Driver\Mysql.class.php 第 52 行.
SQL: SHOW COLUMNS FROM `land_info` [ RunTime:0.001001s ]
NOTIC: [8] Undefined index: sort F:\wamp64\www\tp\App\Admin\Controller\BaseController.class.php 第 327 行.
NOTIC: [8] Undefined index: order F:\wamp64\www\tp\App\Admin\Controller\BaseController.class.php 第 328 行.
NOTIC: [8] Undefined index: listRows F:\wamp64\www\tp\App\Admin\Controller\BaseController.class.php 第 329 行.
SQL: SELECT COUNT(id) AS tp_count FROM `land_info` LIMIT 1   [ RunTime:0.000000s ]
SQL: SELECT * FROM `land_info` ORDER BY id desc LIMIT 0,20   [ RunTime:0.000000s ]
SQL: SELECT `game_name` FROM `game` WHERE ( `game_id` = 1 ) LIMIT 1   [ RunTime:0.000000s ]
SQL: SELECT `game_name` FROM `game` WHERE ( `game_id` = 1 ) LIMIT 1   [ RunTime:0.000000s ]
SQL: SELECT `game_name` FROM `game` WHERE ( `game_id` = 1 ) LIMIT 1   [ RunTime:0.000000s ]
SQL: SELECT `game_name` FROM `game` WHERE ( `game_id` = 1 ) LIMIT 1   [ RunTime:0.000000s ]
SQL: SELECT `game_name` FROM `game` WHERE ( `game_id` = 1 ) LIMIT 1   [ RunTime:0.000000s ]
SQL: SELECT `game_name` FROM `game` WHERE ( `game_id` = 1 ) LIMIT 1   [ RunTime:0.000000s ]
SQL: SELECT `game_name` FROM `game` WHERE ( `game_id` = 1 ) LIMIT 1   [ RunTime:0.000000s ]
SQL: SELECT `game_name` FROM `game` WHERE ( `game_id` = 1 ) LIMIT 1   [ RunTime:0.000000s ]
SQL: SELECT `game_name` FROM `game` WHERE ( `game_id` = 1 ) LIMIT 1   [ RunTime:0.001000s ]
SQL: SELECT `game_name` FROM `game` WHERE ( `game_id` = 1 ) LIMIT 1   [ RunTime:0.000000s ]
SQL: SELECT `game_name` FROM `game` WHERE ( `game_id` = 1 ) LIMIT 1   [ RunTime:0.000000s ]
SQL: SELECT `game_name` FROM `game` WHERE ( `game_id` = 1 ) LIMIT 1   [ RunTime:0.000000s ]
SQL: SELECT `game_name` FROM `game` WHERE ( `game_id` = 1 ) LIMIT 1   [ RunTime:0.000000s ]
SQL: SELECT `game_name` FROM `game` WHERE ( `game_id` = 1 ) LIMIT 1   [ RunTime:0.001000s ]
SQL: SELECT `game_name` FROM `game` WHERE ( `game_id` = 1 ) LIMIT 1   [ RunTime:0.000000s ]
INFO: [ view_parse ] --START--
INFO: [ template_filter ] --START--
INFO: Run Behavior\ContentReplaceBehavior [ RunTime:0.000000s ]
INFO: [ template_filter ] --END-- [ RunTime:0.000000s ]
NOTIC: [8] Undefined index: keyword F:\wamp64\www\tp\Cache\Cache\Admin\cd680b5adc62e94253d75caef37030b3.php 第 45 行.
NOTIC: [8] Undefined variable: searchtype F:\wamp64\www\tp\Cache\Cache\Admin\cd680b5adc62e94253d75caef37030b3.php 第 47 行.
INFO: Run Behavior\ParseTemplateBehavior [ RunTime:0.034002s ]
INFO: [ view_parse ] --END-- [ RunTime:0.035002s ]
INFO: [ view_filter ] --START--
INFO: Run Behavior\WriteHtmlCacheBehavior [ RunTime:0.001000s ]
INFO: [ view_filter ] --END-- [ RunTime:0.001000s ]
INFO: [ app_end ] --START--
INFO: Run Behavior\ShowPageTraceBehavior [ RunTime:0.001000s ]
INFO: [ app_end ] --END-- [ RunTime:0.001000s ]

[ 2017-08-15T16:05:15+08:00 ] 127.0.0.1 http://admin.leishenhuyu.com/index.php?m=&c=Land&a=add&menuid=38
INFO: [ app_init ] --START--
INFO: Run Behavior\BuildLiteBehavior [ RunTime:0.001000s ]
INFO: [ app_init ] --END-- [ RunTime:0.001000s ]
INFO: [ app_begin ] --START--
INFO: Run Behavior\ReadHtmlCacheBehavior [ RunTime:0.000000s ]
INFO: Run Behavior\CheckLangBehavior [ RunTime:0.003000s ]
INFO: [ app_begin ] --END-- [ RunTime:0.004000s ]
NOTIC: [2048] Declaration of Admin\Controller\LandController::index() should be compatible with Admin\Controller\BaseController::index($model = '') F:\wamp64\www\tp\App\Admin\Controller\LandController.class.php 第 10 行.
INFO: [ action_begin ] --START--
NOTIC: [8192] mysql_connect(): The mysql extension is deprecated and will be removed in the future: use mysqli or PDO instead F:\wamp64\www\tp\Core\Library\Think\Db\Driver\Mysql.class.php 第 52 行.
SQL: SHOW COLUMNS FROM `admin_access_log` [ RunTime:0.000000s ]
SQL: INSERT INTO `admin_access_log` (`username`,`module`,`controller`,`action`,`act_time`,`ip`,`params`) VALUES ('admin','Admin','Land','add',1502784315,'127.0.0.1','{\"menuid\":\"38\"}') [ RunTime:0.000000s ]
INFO: Run Common\Behavior\AccessBehavior [ RunTime:0.011001s ]
INFO: [ action_begin ] --END-- [ RunTime:0.012001s ]
SQL: SHOW COLUMNS FROM `menu` [ RunTime:0.001000s ]
SQL: SHOW COLUMNS FROM `menu` [ RunTime:0.001000s ]
SQL: SELECT * FROM `menu` WHERE ( `iframe` <> 1 ) AND (  ( `pid` = 38 ) ) AND ( `display` = 1 ) ORDER BY ordid  [ RunTime:0.000000s ]
SQL: SHOW COLUMNS FROM `admin_auth` [ RunTime:0.000000s ]
SQL: SELECT * FROM `admin_auth` WHERE ( role_id=1 )  [ RunTime:0.000000s ]
NOTIC: [2] strpos(): Empty needle F:\wamp64\www\tp\App\Admin\Controller\BaseController.class.php 第 21 行.
SQL: SELECT * FROM `menu` WHERE ( `iframe` = 1 ) AND (  ( `pid` = 38 ) ) AND ( `display` = 1 ) ORDER BY ordid  [ RunTime:0.000000s ]
SQL: SELECT * FROM `admin_auth` WHERE ( role_id=1 )  [ RunTime:0.000000s ]
SQL: SHOW COLUMNS FROM `game` [ RunTime:0.001000s ]
SQL: SELECT * FROM `game`  [ RunTime:0.000000s ]
SQL: SHOW COLUMNS FROM `theme` [ RunTime:0.000000s ]
SQL: SELECT * FROM `theme`  [ RunTime:0.000000s ]
SQL: SHOW COLUMNS FROM `channel` [ RunTime:0.000000s ]
SQL: SELECT * FROM `channel`  [ RunTime:0.000000s ]
NOTIC: [8] Undefined index: db_dsn F:\wamp64\www\tp\Core\Library\Think\Db.class.php 第 129 行.
NOTIC: [8] Undefined index: db_params F:\wamp64\www\tp\Core\Library\Think\Db.class.php 第 130 行.
NOTIC: [8192] mysql_connect(): The mysql extension is deprecated and will be removed in the future: use mysqli or PDO instead F:\wamp64\www\tp\Core\Library\Think\Db\Driver\Mysql.class.php 第 52 行.
SQL: SHOW COLUMNS FROM `land_info` [ RunTime:0.001000s ]
INFO: [ view_parse ] --START--
INFO: [ template_filter ] --START--
INFO: Run Behavior\ContentReplaceBehavior [ RunTime:0.000000s ]
INFO: [ template_filter ] --END-- [ RunTime:0.000000s ]
NOTIC: [8] Undefined variable: info F:\wamp64\www\tp\Cache\Cache\Admin\0e86eeab7a3605e790d3ae5335ece803.php 第 42 行.
NOTIC: [8] Undefined variable: info F:\wamp64\www\tp\Cache\Cache\Admin\0e86eeab7a3605e790d3ae5335ece803.php 第 44 行.
NOTIC: [8] Undefined variable: info F:\wamp64\www\tp\Cache\Cache\Admin\0e86eeab7a3605e790d3ae5335ece803.php 第 44 行.
NOTIC: [8] Undefined variable: info F:\wamp64\www\tp\Cache\Cache\Admin\0e86eeab7a3605e790d3ae5335ece803.php 第 53 行.
NOTIC: [8] Undefined variable: info F:\wamp64\www\tp\Cache\Cache\Admin\0e86eeab7a3605e790d3ae5335ece803.php 第 53 行.
NOTIC: [8] Undefined variable: info F:\wamp64\www\tp\Cache\Cache\Admin\0e86eeab7a3605e790d3ae5335ece803.php 第 59 行.
NOTIC: [8] Undefined variable: info F:\wamp64\www\tp\Cache\Cache\Admin\0e86eeab7a3605e790d3ae5335ece803.php 第 63 行.
NOTIC: [8] Undefined variable: info F:\wamp64\www\tp\Cache\Cache\Admin\0e86eeab7a3605e790d3ae5335ece803.php 第 69 行.
NOTIC: [8] Undefined variable: info F:\wamp64\www\tp\Cache\Cache\Admin\0e86eeab7a3605e790d3ae5335ece803.php 第 70 行.
NOTIC: [8] Undefined variable: info F:\wamp64\www\tp\Cache\Cache\Admin\0e86eeab7a3605e790d3ae5335ece803.php 第 79 行.
NOTIC: [8] Undefined variable: info F:\wamp64\www\tp\Cache\Cache\Admin\0e86eeab7a3605e790d3ae5335ece803.php 第 79 行.
NOTIC: [8] Undefined variable: info F:\wamp64\www\tp\Cache\Cache\Admin\0e86eeab7a3605e790d3ae5335ece803.php 第 79 行.
NOTIC: [8] Undefined variable: info F:\wamp64\www\tp\Cache\Cache\Admin\0e86eeab7a3605e790d3ae5335ece803.php 第 79 行.
NOTIC: [8] Undefined variable: info F:\wamp64\www\tp\Cache\Cache\Admin\0e86eeab7a3605e790d3ae5335ece803.php 第 79 行.
NOTIC: [8] Undefined variable: info F:\wamp64\www\tp\Cache\Cache\Admin\0e86eeab7a3605e790d3ae5335ece803.php 第 92 行.
NOTIC: [8] Undefined variable: info F:\wamp64\www\tp\Cache\Cache\Admin\0e86eeab7a3605e790d3ae5335ece803.php 第 96 行.
NOTIC: [8] Undefined variable: info F:\wamp64\www\tp\Cache\Cache\Admin\0e86eeab7a3605e790d3ae5335ece803.php 第 100 行.
NOTIC: [8] Undefined variable: info F:\wamp64\www\tp\Cache\Cache\Admin\0e86eeab7a3605e790d3ae5335ece803.php 第 106 行.
NOTIC: [8] Undefined variable: info F:\wamp64\www\tp\Cache\Cache\Admin\0e86eeab7a3605e790d3ae5335ece803.php 第 107 行.
NOTIC: [8] Undefined variable: info F:\wamp64\www\tp\Cache\Cache\Admin\0e86eeab7a3605e790d3ae5335ece803.php 第 115 行.
NOTIC: [8] Undefined variable: info F:\wamp64\www\tp\Cache\Cache\Admin\0e86eeab7a3605e790d3ae5335ece803.php 第 116 行.
NOTIC: [8] Undefined variable: info F:\wamp64\www\tp\Cache\Cache\Admin\0e86eeab7a3605e790d3ae5335ece803.php 第 117 行.
NOTIC: [8] Undefined variable: info F:\wamp64\www\tp\Cache\Cache\Admin\0e86eeab7a3605e790d3ae5335ece803.php 第 118 行.
NOTIC: [8] Undefined variable: info F:\wamp64\www\tp\Cache\Cache\Admin\0e86eeab7a3605e790d3ae5335ece803.php 第 124 行.
NOTIC: [8] Undefined variable: info F:\wamp64\www\tp\Cache\Cache\Admin\0e86eeab7a3605e790d3ae5335ece803.php 第 129 行.
NOTIC: [8] Undefined variable: info F:\wamp64\www\tp\Cache\Cache\Admin\0e86eeab7a3605e790d3ae5335ece803.php 第 129 行.
NOTIC: [8] Undefined variable: info F:\wamp64\www\tp\Cache\Cache\Admin\0e86eeab7a3605e790d3ae5335ece803.php 第 136 行.
NOTIC: [8] Undefined variable: info F:\wamp64\www\tp\Cache\Cache\Admin\0e86eeab7a3605e790d3ae5335ece803.php 第 137 行.
NOTIC: [8] Undefined variable: info F:\wamp64\www\tp\Cache\Cache\Admin\0e86eeab7a3605e790d3ae5335ece803.php 第 148 行.
NOTIC: [8] Undefined variable: info F:\wamp64\www\tp\Cache\Cache\Admin\0e86eeab7a3605e790d3ae5335ece803.php 第 162 行.
NOTIC: [8] Undefined variable: info F:\wamp64\www\tp\Cache\Cache\Admin\0e86eeab7a3605e790d3ae5335ece803.php 第 163 行.
NOTIC: [8] Undefined variable: info F:\wamp64\www\tp\Cache\Cache\Admin\0e86eeab7a3605e790d3ae5335ece803.php 第 180 行.
INFO: Run Behavior\ParseTemplateBehavior [ RunTime:0.052003s ]
INFO: [ view_parse ] --END-- [ RunTime:0.053003s ]
INFO: [ view_filter ] --START--
INFO: Run Behavior\WriteHtmlCacheBehavior [ RunTime:0.000000s ]
INFO: [ view_filter ] --END-- [ RunTime:0.000000s ]
INFO: [ app_end ] --START--
INFO: Run Behavior\ShowPageTraceBehavior [ RunTime:0.001000s ]
INFO: [ app_end ] --END-- [ RunTime:0.001000s ]

[ 2017-08-15T16:10:14+08:00 ] 127.0.0.1 http://admin.leishenhuyu.com/index.php?m=&c=Land&a=add&menuid=38
INFO: [ app_init ] --START--
INFO: Run Behavior\BuildLiteBehavior [ RunTime:0.000000s ]
INFO: [ app_init ] --END-- [ RunTime:0.001000s ]
INFO: [ app_begin ] --START--
INFO: Run Behavior\ReadHtmlCacheBehavior [ RunTime:0.001000s ]
INFO: Run Behavior\CheckLangBehavior [ RunTime:0.003000s ]
INFO: [ app_begin ] --END-- [ RunTime:0.004000s ]
NOTIC: [2048] Declaration of Admin\Controller\LandController::index() should be compatible with Admin\Controller\BaseController::index($model = '') F:\wamp64\www\tp\App\Admin\Controller\LandController.class.php 第 10 行.
INFO: [ action_begin ] --START--
NOTIC: [8192] mysql_connect(): The mysql extension is deprecated and will be removed in the future: use mysqli or PDO instead F:\wamp64\www\tp\Core\Library\Think\Db\Driver\Mysql.class.php 第 52 行.
SQL: SHOW COLUMNS FROM `admin_access_log` [ RunTime:0.000000s ]
SQL: INSERT INTO `admin_access_log` (`username`,`module`,`controller`,`action`,`act_time`,`ip`,`params`) VALUES ('admin','Admin','Land','add',1502784614,'127.0.0.1','{\"menuid\":\"38\"}') [ RunTime:0.001000s ]
INFO: Run Common\Behavior\AccessBehavior [ RunTime:0.021001s ]
INFO: [ action_begin ] --END-- [ RunTime:0.021001s ]
SQL: SHOW COLUMNS FROM `menu` [ RunTime:0.001000s ]
SQL: SHOW COLUMNS FROM `menu` [ RunTime:0.000000s ]
SQL: SELECT * FROM `menu` WHERE ( `iframe` <> 1 ) AND (  ( `pid` = 38 ) ) AND ( `display` = 1 ) ORDER BY ordid  [ RunTime:0.000000s ]
SQL: SHOW COLUMNS FROM `admin_auth` [ RunTime:0.000000s ]
SQL: SELECT * FROM `admin_auth` WHERE ( role_id=1 )  [ RunTime:0.000000s ]
NOTIC: [2] strpos(): Empty needle F:\wamp64\www\tp\App\Admin\Controller\BaseController.class.php 第 21 行.
SQL: SELECT * FROM `menu` WHERE ( `iframe` = 1 ) AND (  ( `pid` = 38 ) ) AND ( `display` = 1 ) ORDER BY ordid  [ RunTime:0.001000s ]
SQL: SELECT * FROM `admin_auth` WHERE ( role_id=1 )  [ RunTime:0.000000s ]
SQL: SHOW COLUMNS FROM `game` [ RunTime:0.000000s ]
SQL: SELECT * FROM `game`  [ RunTime:0.000000s ]
SQL: SHOW COLUMNS FROM `theme` [ RunTime:0.001000s ]
SQL: SELECT * FROM `theme`  [ RunTime:0.001000s ]
SQL: SHOW COLUMNS FROM `channel` [ RunTime:0.001000s ]
SQL: SELECT * FROM `channel`  [ RunTime:0.000000s ]
NOTIC: [8] Undefined index: db_dsn F:\wamp64\www\tp\Core\Library\Think\Db.class.php 第 129 行.
NOTIC: [8] Undefined index: db_params F:\wamp64\www\tp\Core\Library\Think\Db.class.php 第 130 行.
NOTIC: [8192] mysql_connect(): The mysql extension is deprecated and will be removed in the future: use mysqli or PDO instead F:\wamp64\www\tp\Core\Library\Think\Db\Driver\Mysql.class.php 第 52 行.
SQL: SHOW COLUMNS FROM `land_info` [ RunTime:0.001000s ]
INFO: [ view_parse ] --START--
INFO: [ template_filter ] --START--
INFO: Run Behavior\ContentReplaceBehavior [ RunTime:0.000000s ]
INFO: [ template_filter ] --END-- [ RunTime:0.000000s ]
NOTIC: [8] Undefined variable: info F:\wamp64\www\tp\Cache\Cache\Admin\0e86eeab7a3605e790d3ae5335ece803.php 第 42 行.
NOTIC: [8] Undefined variable: info F:\wamp64\www\tp\Cache\Cache\Admin\0e86eeab7a3605e790d3ae5335ece803.php 第 44 行.
NOTIC: [8] Undefined variable: info F:\wamp64\www\tp\Cache\Cache\Admin\0e86eeab7a3605e790d3ae5335ece803.php 第 44 行.
NOTIC: [8] Undefined variable: info F:\wamp64\www\tp\Cache\Cache\Admin\0e86eeab7a3605e790d3ae5335ece803.php 第 53 行.
NOTIC: [8] Undefined variable: info F:\wamp64\www\tp\Cache\Cache\Admin\0e86eeab7a3605e790d3ae5335ece803.php 第 53 行.
NOTIC: [8] Undefined variable: info F:\wamp64\www\tp\Cache\Cache\Admin\0e86eeab7a3605e790d3ae5335ece803.php 第 59 行.
NOTIC: [8] Undefined variable: info F:\wamp64\www\tp\Cache\Cache\Admin\0e86eeab7a3605e790d3ae5335ece803.php 第 63 行.
NOTIC: [8] Undefined variable: info F:\wamp64\www\tp\Cache\Cache\Admin\0e86eeab7a3605e790d3ae5335ece803.php 第 69 行.
NOTIC: [8] Undefined variable: info F:\wamp64\www\tp\Cache\Cache\Admin\0e86eeab7a3605e790d3ae5335ece803.php 第 70 行.
NOTIC: [8] Undefined variable: info F:\wamp64\www\tp\Cache\Cache\Admin\0e86eeab7a3605e790d3ae5335ece803.php 第 79 行.
NOTIC: [8] Undefined variable: info F:\wamp64\www\tp\Cache\Cache\Admin\0e86eeab7a3605e790d3ae5335ece803.php 第 79 行.
NOTIC: [8] Undefined variable: info F:\wamp64\www\tp\Cache\Cache\Admin\0e86eeab7a3605e790d3ae5335ece803.php 第 79 行.
NOTIC: [8] Undefined variable: info F:\wamp64\www\tp\Cache\Cache\Admin\0e86eeab7a3605e790d3ae5335ece803.php 第 79 行.
NOTIC: [8] Undefined variable: info F:\wamp64\www\tp\Cache\Cache\Admin\0e86eeab7a3605e790d3ae5335ece803.php 第 79 行.
NOTIC: [8] Undefined variable: info F:\wamp64\www\tp\Cache\Cache\Admin\0e86eeab7a3605e790d3ae5335ece803.php 第 92 行.
NOTIC: [8] Undefined variable: info F:\wamp64\www\tp\Cache\Cache\Admin\0e86eeab7a3605e790d3ae5335ece803.php 第 96 行.
NOTIC: [8] Undefined variable: info F:\wamp64\www\tp\Cache\Cache\Admin\0e86eeab7a3605e790d3ae5335ece803.php 第 100 行.
NOTIC: [8] Undefined variable: info F:\wamp64\www\tp\Cache\Cache\Admin\0e86eeab7a3605e790d3ae5335ece803.php 第 106 行.
NOTIC: [8] Undefined variable: info F:\wamp64\www\tp\Cache\Cache\Admin\0e86eeab7a3605e790d3ae5335ece803.php 第 107 行.
NOTIC: [8] Undefined variable: info F:\wamp64\www\tp\Cache\Cache\Admin\0e86eeab7a3605e790d3ae5335ece803.php 第 115 行.
NOTIC: [8] Undefined variable: info F:\wamp64\www\tp\Cache\Cache\Admin\0e86eeab7a3605e790d3ae5335ece803.php 第 116 行.
NOTIC: [8] Undefined variable: info F:\wamp64\www\tp\Cache\Cache\Admin\0e86eeab7a3605e790d3ae5335ece803.php 第 117 行.
NOTIC: [8] Undefined variable: info F:\wamp64\www\tp\Cache\Cache\Admin\0e86eeab7a3605e790d3ae5335ece803.php 第 118 行.
NOTIC: [8] Undefined variable: info F:\wamp64\www\tp\Cache\Cache\Admin\0e86eeab7a3605e790d3ae5335ece803.php 第 124 行.
NOTIC: [8] Undefined variable: info F:\wamp64\www\tp\Cache\Cache\Admin\0e86eeab7a3605e790d3ae5335ece803.php 第 129 行.
NOTIC: [8] Undefined variable: info F:\wamp64\www\tp\Cache\Cache\Admin\0e86eeab7a3605e790d3ae5335ece803.php 第 129 行.
NOTIC: [8] Undefined variable: info F:\wamp64\www\tp\Cache\Cache\Admin\0e86eeab7a3605e790d3ae5335ece803.php 第 136 行.
NOTIC: [8] Undefined variable: info F:\wamp64\www\tp\Cache\Cache\Admin\0e86eeab7a3605e790d3ae5335ece803.php 第 137 行.
NOTIC: [8] Undefined variable: info F:\wamp64\www\tp\Cache\Cache\Admin\0e86eeab7a3605e790d3ae5335ece803.php 第 138 行.
NOTIC: [8] Undefined variable: info F:\wamp64\www\tp\Cache\Cache\Admin\0e86eeab7a3605e790d3ae5335ece803.php 第 149 行.
NOTIC: [8] Undefined variable: info F:\wamp64\www\tp\Cache\Cache\Admin\0e86eeab7a3605e790d3ae5335ece803.php 第 163 行.
NOTIC: [8] Undefined variable: info F:\wamp64\www\tp\Cache\Cache\Admin\0e86eeab7a3605e790d3ae5335ece803.php 第 164 行.
NOTIC: [8] Undefined variable: info F:\wamp64\www\tp\Cache\Cache\Admin\0e86eeab7a3605e790d3ae5335ece803.php 第 181 行.
INFO: Run Behavior\ParseTemplateBehavior [ RunTime:0.040002s ]
INFO: [ view_parse ] --END-- [ RunTime:0.040002s ]
INFO: [ view_filter ] --START--
INFO: Run Behavior\WriteHtmlCacheBehavior [ RunTime:0.000000s ]
INFO: [ view_filter ] --END-- [ RunTime:0.001000s ]
INFO: [ app_end ] --START--
INFO: Run Behavior\ShowPageTraceBehavior [ RunTime:0.001000s ]
INFO: [ app_end ] --END-- [ RunTime:0.001000s ]

[ 2017-08-15T16:10:19+08:00 ] 127.0.0.1 http://admin.leishenhuyu.com/index.php?m=&c=Land&a=index&menuid=38
INFO: [ app_init ] --START--
INFO: Run Behavior\BuildLiteBehavior [ RunTime:0.000000s ]
INFO: [ app_init ] --END-- [ RunTime:0.001000s ]
INFO: [ app_begin ] --START--
INFO: Run Behavior\ReadHtmlCacheBehavior [ RunTime:0.001000s ]
INFO: Run Behavior\CheckLangBehavior [ RunTime:0.001000s ]
INFO: [ app_begin ] --END-- [ RunTime:0.002000s ]
NOTIC: [2048] Declaration of Admin\Controller\LandController::index() should be compatible with Admin\Controller\BaseController::index($model = '') F:\wamp64\www\tp\App\Admin\Controller\LandController.class.php 第 10 行.
INFO: [ action_begin ] --START--
NOTIC: [8192] mysql_connect(): The mysql extension is deprecated and will be removed in the future: use mysqli or PDO instead F:\wamp64\www\tp\Core\Library\Think\Db\Driver\Mysql.class.php 第 52 行.
SQL: SHOW COLUMNS FROM `admin_access_log` [ RunTime:0.001000s ]
SQL: INSERT INTO `admin_access_log` (`username`,`module`,`controller`,`action`,`act_time`,`ip`,`params`) VALUES ('admin','Admin','Land','index',1502784618,'127.0.0.1','{\"menuid\":\"38\"}') [ RunTime:0.001000s ]
INFO: Run Common\Behavior\AccessBehavior [ RunTime:0.020001s ]
INFO: [ action_begin ] --END-- [ RunTime:0.020001s ]
SQL: SHOW COLUMNS FROM `menu` [ RunTime:0.001000s ]
SQL: SHOW COLUMNS FROM `menu` [ RunTime:0.001000s ]
SQL: SELECT * FROM `menu` WHERE ( `iframe` <> 1 ) AND (  ( `pid` = 38 ) ) AND ( `display` = 1 ) ORDER BY ordid  [ RunTime:0.000000s ]
SQL: SHOW COLUMNS FROM `admin_auth` [ RunTime:0.000000s ]
SQL: SELECT * FROM `admin_auth` WHERE ( role_id=1 )  [ RunTime:0.000000s ]
SQL: SELECT * FROM `menu` WHERE ( `iframe` = 1 ) AND (  ( `pid` = 38 ) ) AND ( `display` = 1 ) ORDER BY ordid  [ RunTime:0.000000s ]
SQL: SELECT * FROM `admin_auth` WHERE ( role_id=1 )  [ RunTime:0.000000s ]
SQL: SHOW COLUMNS FROM `game` [ RunTime:0.001000s ]
SQL: SELECT * FROM `game`  [ RunTime:0.000000s ]
SQL: SHOW COLUMNS FROM `theme` [ RunTime:0.001000s ]
SQL: SELECT * FROM `theme`  [ RunTime:0.001000s ]
SQL: SHOW COLUMNS FROM `channel` [ RunTime:0.001000s ]
SQL: SELECT * FROM `channel`  [ RunTime:0.000000s ]
NOTIC: [8] Undefined index: db_dsn F:\wamp64\www\tp\Core\Library\Think\Db.class.php 第 129 行.
NOTIC: [8] Undefined index: db_params F:\wamp64\www\tp\Core\Library\Think\Db.class.php 第 130 行.
NOTIC: [8192] mysql_connect(): The mysql extension is deprecated and will be removed in the future: use mysqli or PDO instead F:\wamp64\www\tp\Core\Library\Think\Db\Driver\Mysql.class.php 第 52 行.
SQL: SHOW COLUMNS FROM `land_info` [ RunTime:0.001000s ]
NOTIC: [8] Undefined index: sort F:\wamp64\www\tp\App\Admin\Controller\BaseController.class.php 第 327 行.
NOTIC: [8] Undefined index: order F:\wamp64\www\tp\App\Admin\Controller\BaseController.class.php 第 328 行.
NOTIC: [8] Undefined index: listRows F:\wamp64\www\tp\App\Admin\Controller\BaseController.class.php 第 329 行.
SQL: SELECT COUNT(id) AS tp_count FROM `land_info` LIMIT 1   [ RunTime:0.000000s ]
SQL: SELECT * FROM `land_info` ORDER BY id desc LIMIT 0,20   [ RunTime:0.001000s ]
SQL: SELECT `game_name` FROM `game` WHERE ( `game_id` = 1 ) LIMIT 1   [ RunTime:0.001000s ]
SQL: SELECT `game_name` FROM `game` WHERE ( `game_id` = 1 ) LIMIT 1   [ RunTime:0.000000s ]
SQL: SELECT `game_name` FROM `game` WHERE ( `game_id` = 1 ) LIMIT 1   [ RunTime:0.000000s ]
SQL: SELECT `game_name` FROM `game` WHERE ( `game_id` = 1 ) LIMIT 1   [ RunTime:0.000000s ]
SQL: SELECT `game_name` FROM `game` WHERE ( `game_id` = 1 ) LIMIT 1   [ RunTime:0.001001s ]
SQL: SELECT `game_name` FROM `game` WHERE ( `game_id` = 1 ) LIMIT 1   [ RunTime:0.001000s ]
SQL: SELECT `game_name` FROM `game` WHERE ( `game_id` = 1 ) LIMIT 1   [ RunTime:0.000000s ]
SQL: SELECT `game_name` FROM `game` WHERE ( `game_id` = 1 ) LIMIT 1   [ RunTime:0.000000s ]
SQL: SELECT `game_name` FROM `game` WHERE ( `game_id` = 1 ) LIMIT 1   [ RunTime:0.000000s ]
SQL: SELECT `game_name` FROM `game` WHERE ( `game_id` = 1 ) LIMIT 1   [ RunTime:0.000000s ]
SQL: SELECT `game_name` FROM `game` WHERE ( `game_id` = 1 ) LIMIT 1   [ RunTime:0.000000s ]
SQL: SELECT `game_name` FROM `game` WHERE ( `game_id` = 1 ) LIMIT 1   [ RunTime:0.001000s ]
SQL: SELECT `game_name` FROM `game` WHERE ( `game_id` = 1 ) LIMIT 1   [ RunTime:0.000000s ]
SQL: SELECT `game_name` FROM `game` WHERE ( `game_id` = 1 ) LIMIT 1   [ RunTime:0.000000s ]
SQL: SELECT `game_name` FROM `game` WHERE ( `game_id` = 1 ) LIMIT 1   [ RunTime:0.000000s ]
INFO: [ view_parse ] --START--
INFO: [ template_filter ] --START--
INFO: Run Behavior\ContentReplaceBehavior [ RunTime:0.000000s ]
INFO: [ template_filter ] --END-- [ RunTime:0.000000s ]
NOTIC: [8] Undefined index: keyword F:\wamp64\www\tp\Cache\Cache\Admin\cd680b5adc62e94253d75caef37030b3.php 第 45 行.
NOTIC: [8] Undefined variable: searchtype F:\wamp64\www\tp\Cache\Cache\Admin\cd680b5adc62e94253d75caef37030b3.php 第 47 行.
INFO: Run Behavior\ParseTemplateBehavior [ RunTime:0.033002s ]
INFO: [ view_parse ] --END-- [ RunTime:0.033002s ]
INFO: [ view_filter ] --START--
INFO: Run Behavior\WriteHtmlCacheBehavior [ RunTime:0.000000s ]
INFO: [ view_filter ] --END-- [ RunTime:0.001000s ]
INFO: [ app_end ] --START--
INFO: Run Behavior\ShowPageTraceBehavior [ RunTime:0.000000s ]
INFO: [ app_end ] --END-- [ RunTime:0.001000s ]

