[ 2017-07-24T09:39:18+08:00 ] ::1 /tp/index.php?m=&c=Login&a=index
INFO: [ app_init ] --START--
INFO: Run Behavior\BuildLiteBehavior [ RunTime:0.000000s ]
INFO: [ app_init ] --END-- [ RunTime:0.001000s ]
INFO: [ app_begin ] --START--
INFO: Run Behavior\ReadHtmlCacheBehavior [ RunTime:0.000000s ]
INFO: Run Behavior\CheckLangBehavior [ RunTime:0.013001s ]
INFO: [ app_begin ] --END-- [ RunTime:0.013001s ]
INFO: [ action_begin ] --START--
NOTIC: [8] Undefined index: admin F:\wamp64\www\tp\App\Common\Behavior\AccessBehavior.class.php 第 13 行.
NOTIC: [8192] mysql_connect(): The mysql extension is deprecated and will be removed in the future: use mysqli or PDO instead F:\wamp64\www\tp\Core\Library\Think\Db\Driver\Mysql.class.php 第 52 行.
SQL: SHOW COLUMNS FROM `admin_access_log` [ RunTime:0.027001s ]
SQL: INSERT INTO `admin_access_log` (`username`,`module`,`controller`,`action`,`act_time`,`ip`,`params`) VALUES (null,'Admin','Login','index',1500860358,'0.0.0.0','[]') [ RunTime:0.001000s ]
ERR: 1048:Column 'username' cannot be null
 [ SQL语句 ] : INSERT INTO `admin_access_log` (`username`,`module`,`controller`,`action`,`act_time`,`ip`,`params`) VALUES (null,'Admin','Login','index',1500860358,'0.0.0.0','[]')
INFO: Run Common\Behavior\AccessBehavior [ RunTime:0.060004s ]
INFO: [ action_begin ] --END-- [ RunTime:0.061004s ]
INFO: [ view_parse ] --START--
INFO: [ template_filter ] --START--
INFO: Run Behavior\ContentReplaceBehavior [ RunTime:0.001000s ]
INFO: [ template_filter ] --END-- [ RunTime:0.001000s ]
INFO: Run Behavior\ParseTemplateBehavior [ RunTime:0.043002s ]
INFO: [ view_parse ] --END-- [ RunTime:0.043002s ]
INFO: [ view_filter ] --START--
INFO: Run Behavior\WriteHtmlCacheBehavior [ RunTime:0.001000s ]
INFO: [ view_filter ] --END-- [ RunTime:0.001000s ]
INFO: [ app_end ] --START--
INFO: Run Behavior\ShowPageTraceBehavior [ RunTime:0.001000s ]
INFO: [ app_end ] --END-- [ RunTime:0.001000s ]

[ 2017-07-24T09:39:19+08:00 ] ::1 /tp/index.php?m=&c=Public&a=verify_code&t=1500860358
INFO: [ app_init ] --START--
INFO: Run Behavior\BuildLiteBehavior [ RunTime:0.000000s ]
INFO: [ app_init ] --END-- [ RunTime:0.001000s ]
INFO: [ app_begin ] --START--
INFO: Run Behavior\ReadHtmlCacheBehavior [ RunTime:0.000000s ]
INFO: Run Behavior\CheckLangBehavior [ RunTime:0.001000s ]
INFO: [ app_begin ] --END-- [ RunTime:0.002000s ]
INFO: [ action_begin ] --START--
NOTIC: [8] Undefined index: admin F:\wamp64\www\tp\App\Common\Behavior\AccessBehavior.class.php 第 13 行.
NOTIC: [8192] mysql_connect(): The mysql extension is deprecated and will be removed in the future: use mysqli or PDO instead F:\wamp64\www\tp\Core\Library\Think\Db\Driver\Mysql.class.php 第 52 行.
SQL: SHOW COLUMNS FROM `admin_access_log` [ RunTime:0.001000s ]
SQL: INSERT INTO `admin_access_log` (`username`,`module`,`controller`,`action`,`act_time`,`ip`,`params`) VALUES (null,'Admin','Public','verify_code',1500860359,'0.0.0.0','{\"t\":\"1500860358\"}') [ RunTime:0.001000s ]
ERR: 1048:Column 'username' cannot be null
 [ SQL语句 ] : INSERT INTO `admin_access_log` (`username`,`module`,`controller`,`action`,`act_time`,`ip`,`params`) VALUES (null,'Admin','Public','verify_code',1500860359,'0.0.0.0','{\"t\":\"1500860358\"}')
INFO: Run Common\Behavior\AccessBehavior [ RunTime:0.021001s ]
INFO: [ action_begin ] --END-- [ RunTime:0.021001s ]
INFO: [ app_end ] --START--
INFO: Run Behavior\ShowPageTraceBehavior [ RunTime:0.000000s ]
INFO: [ app_end ] --END-- [ RunTime:0.001000s ]

