[ 2017-08-04T09:31:08+08:00 ] 127.0.0.1 http://admin.leishenhuyu.com/index.php?m=&c=Index&a=index
INFO: [ app_init ] --START--
INFO: Run Behavior\BuildLiteBehavior [ RunTime:0.000000s ]
INFO: [ app_init ] --END-- [ RunTime:0.016001s ]
INFO: [ app_begin ] --START--
INFO: Run Behavior\ReadHtmlCacheBehavior [ RunTime:0.002000s ]
INFO: Run Behavior\CheckLangBehavior [ RunTime:0.017001s ]
INFO: [ app_begin ] --END-- [ RunTime:0.019001s ]
NOTIC: [2048] Declaration of Admin\Controller\IndexController::index() should be compatible with Admin\Controller\BaseController::index($model = '') F:\wamp64\www\tp\App\Admin\Controller\IndexController.class.php 第 4 行.
INFO: [ action_begin ] --START--
NOTIC: [8192] mysql_connect(): The mysql extension is deprecated and will be removed in the future: use mysqli or PDO instead F:\wamp64\www\tp\Core\Library\Think\Db\Driver\Mysql.class.php 第 52 行.
SQL: SHOW COLUMNS FROM `admin_access_log` [ RunTime:0.056003s ]
SQL: INSERT INTO `admin_access_log` (`username`,`module`,`controller`,`action`,`act_time`,`ip`,`params`) VALUES ('admin','Admin','Index','index',1501810268,'127.0.0.1','[]') [ RunTime:0.024001s ]
INFO: Run Common\Behavior\AccessBehavior [ RunTime:0.159009s ]
INFO: [ action_begin ] --END-- [ RunTime:0.159009s ]
SQL: SHOW COLUMNS FROM `menu` [ RunTime:0.008001s ]
SQL: SHOW COLUMNS FROM `menu` [ RunTime:0.001000s ]
SQL: SELECT * FROM `menu` WHERE ( `iframe` <> 1 ) AND (  ( `pid` = 0 ) ) AND ( `display` = 1 ) ORDER BY ordid  [ RunTime:0.013000s ]
SQL: SHOW COLUMNS FROM `admin_auth` [ RunTime:0.001000s ]
SQL: SELECT * FROM `admin_auth` WHERE ( role_id=1 )  [ RunTime:0.001000s ]
SQL: SHOW COLUMNS FROM `admin_role` [ RunTime:0.001000s ]
SQL: SELECT `name` FROM `admin_role` WHERE ( `id` = 1 ) LIMIT 1   [ RunTime:0.001000s ]
INFO: [ view_parse ] --START--
INFO: [ template_filter ] --START--
INFO: Run Behavior\ContentReplaceBehavior [ RunTime:0.000000s ]
INFO: [ template_filter ] --END-- [ RunTime:0.000000s ]
INFO: Run Behavior\ParseTemplateBehavior [ RunTime:0.027001s ]
INFO: [ view_parse ] --END-- [ RunTime:0.027001s ]
INFO: [ view_filter ] --START--
INFO: Run Behavior\WriteHtmlCacheBehavior [ RunTime:0.000000s ]
INFO: [ view_filter ] --END-- [ RunTime:0.001000s ]
INFO: [ app_end ] --START--
INFO: Run Behavior\ShowPageTraceBehavior [ RunTime:0.001000s ]
INFO: [ app_end ] --END-- [ RunTime:0.001000s ]

[ 2017-08-04T09:31:09+08:00 ] 127.0.0.1 http://admin.leishenhuyu.com/index.php?m=&c=Index&a=left
INFO: [ app_init ] --START--
INFO: Run Behavior\BuildLiteBehavior [ RunTime:0.000000s ]
INFO: [ app_init ] --END-- [ RunTime:0.000000s ]
INFO: [ app_begin ] --START--
INFO: Run Behavior\ReadHtmlCacheBehavior [ RunTime:0.000000s ]
INFO: Run Behavior\CheckLangBehavior [ RunTime:0.001000s ]
INFO: [ app_begin ] --END-- [ RunTime:0.002000s ]
NOTIC: [2048] Declaration of Admin\Controller\IndexController::index() should be compatible with Admin\Controller\BaseController::index($model = '') F:\wamp64\www\tp\App\Admin\Controller\IndexController.class.php 第 4 行.
INFO: [ action_begin ] --START--
NOTIC: [8192] mysql_connect(): The mysql extension is deprecated and will be removed in the future: use mysqli or PDO instead F:\wamp64\www\tp\Core\Library\Think\Db\Driver\Mysql.class.php 第 52 行.
SQL: SHOW COLUMNS FROM `admin_access_log` [ RunTime:0.001000s ]
SQL: INSERT INTO `admin_access_log` (`username`,`module`,`controller`,`action`,`act_time`,`ip`,`params`) VALUES ('admin','Admin','Index','left',1501810269,'127.0.0.1','[]') [ RunTime:0.001000s ]
INFO: Run Common\Behavior\AccessBehavior [ RunTime:0.016001s ]
INFO: [ action_begin ] --END-- [ RunTime:0.016001s ]
SQL: SHOW COLUMNS FROM `menu` [ RunTime:0.001000s ]
SQL: SELECT * FROM `menu` WHERE ( `often` = 1 )  [ RunTime:0.000000s ]
INFO: [ view_parse ] --START--
INFO: [ template_filter ] --START--
INFO: Run Behavior\ContentReplaceBehavior [ RunTime:0.000000s ]
INFO: [ template_filter ] --END-- [ RunTime:0.000000s ]
NOTIC: [8] Undefined index: data F:\wamp64\www\tp\Cache\Cache\Admin\6a50c6d503dcfec33a87262cae7a0f6e.php 第 3 行.
INFO: Run Behavior\ParseTemplateBehavior [ RunTime:0.011001s ]
INFO: [ view_parse ] --END-- [ RunTime:0.012001s ]
INFO: [ view_filter ] --START--
INFO: Run Behavior\WriteHtmlCacheBehavior [ RunTime:0.001000s ]
INFO: [ view_filter ] --END-- [ RunTime:0.001000s ]
INFO: [ app_end ] --START--
INFO: Run Behavior\ShowPageTraceBehavior [ RunTime:0.001000s ]
INFO: [ app_end ] --END-- [ RunTime:0.001000s ]

[ 2017-08-04T15:24:51+08:00 ] 127.0.0.1 http://admin.leishenhuyu.com/index.php?m=&c=Index&a=left
INFO: [ app_init ] --START--
INFO: Run Behavior\BuildLiteBehavior [ RunTime:0.000000s ]
INFO: [ app_init ] --END-- [ RunTime:0.001000s ]
INFO: [ app_begin ] --START--
INFO: Run Behavior\ReadHtmlCacheBehavior [ RunTime:0.001000s ]
INFO: Run Behavior\CheckLangBehavior [ RunTime:0.003000s ]
INFO: [ app_begin ] --END-- [ RunTime:0.004000s ]
NOTIC: [2048] Declaration of Admin\Controller\IndexController::index() should be compatible with Admin\Controller\BaseController::index($model = '') F:\wamp64\www\tp\App\Admin\Controller\IndexController.class.php 第 4 行.
INFO: [ action_begin ] --START--
NOTIC: [8192] mysql_connect(): The mysql extension is deprecated and will be removed in the future: use mysqli or PDO instead F:\wamp64\www\tp\Core\Library\Think\Db\Driver\Mysql.class.php 第 52 行.
SQL: SHOW COLUMNS FROM `admin_access_log` [ RunTime:0.001000s ]
SQL: INSERT INTO `admin_access_log` (`username`,`module`,`controller`,`action`,`act_time`,`ip`,`params`) VALUES ('admin','Admin','Index','left',1501831491,'127.0.0.1','{\"menuid\":\"36\"}') [ RunTime:0.001000s ]
INFO: Run Common\Behavior\AccessBehavior [ RunTime:0.012001s ]
INFO: [ action_begin ] --END-- [ RunTime:0.012001s ]
SQL: SHOW COLUMNS FROM `menu` [ RunTime:0.001000s ]
SQL: SHOW COLUMNS FROM `menu` [ RunTime:0.001000s ]
SQL: SELECT * FROM `menu` WHERE ( `iframe` <> 1 ) AND (  ( `pid` = 36 ) ) AND ( `display` = 1 ) ORDER BY ordid  [ RunTime:0.000000s ]
SQL: SHOW COLUMNS FROM `admin_auth` [ RunTime:0.001000s ]
SQL: SELECT * FROM `admin_auth` WHERE ( role_id=1 )  [ RunTime:0.000000s ]
SQL: SELECT * FROM `menu` WHERE ( `iframe` = 1 ) AND (  ( `pid` = 36 ) ) AND ( `display` = 1 ) ORDER BY ordid  [ RunTime:0.001000s ]
SQL: SELECT * FROM `admin_auth` WHERE ( role_id=1 )  [ RunTime:0.001000s ]
SQL: SELECT * FROM `menu` WHERE ( `iframe` <> 1 ) AND (  ( `pid` = 36 ) ) AND ( `display` = 1 ) ORDER BY ordid  [ RunTime:0.000000s ]
SQL: SELECT * FROM `admin_auth` WHERE ( role_id=1 )  [ RunTime:0.000000s ]
SQL: SELECT * FROM `menu` WHERE ( `iframe` <> 1 ) AND (  ( `pid` = 56 ) ) AND ( `display` = 1 ) ORDER BY ordid  [ RunTime:0.000000s ]
SQL: SELECT * FROM `admin_auth` WHERE ( role_id=1 )  [ RunTime:0.000000s ]
SQL: SELECT * FROM `menu` WHERE ( `iframe` <> 1 ) AND (  ( `pid` = 37 ) ) AND ( `display` = 1 ) ORDER BY ordid  [ RunTime:0.000000s ]
SQL: SELECT * FROM `admin_auth` WHERE ( role_id=1 )  [ RunTime:0.000000s ]
SQL: SELECT * FROM `menu` WHERE ( `iframe` <> 1 ) AND (  ( `pid` = 69 ) ) AND ( `display` = 1 ) ORDER BY ordid  [ RunTime:0.000000s ]
SQL: SELECT * FROM `admin_auth` WHERE ( role_id=1 )  [ RunTime:0.000000s ]
INFO: [ view_parse ] --START--
INFO: [ template_filter ] --START--
INFO: Run Behavior\ContentReplaceBehavior [ RunTime:0.000000s ]
INFO: [ template_filter ] --END-- [ RunTime:0.000000s ]
INFO: Run Behavior\ParseTemplateBehavior [ RunTime:0.011000s ]
INFO: [ view_parse ] --END-- [ RunTime:0.012000s ]
INFO: [ view_filter ] --START--
INFO: Run Behavior\WriteHtmlCacheBehavior [ RunTime:0.000000s ]
INFO: [ view_filter ] --END-- [ RunTime:0.000000s ]
INFO: [ app_end ] --START--
INFO: Run Behavior\ShowPageTraceBehavior [ RunTime:0.001001s ]
INFO: [ app_end ] --END-- [ RunTime:0.001001s ]

[ 2017-08-04T15:24:54+08:00 ] 127.0.0.1 http://admin.leishenhuyu.com/index.php?m=&c=Material&a=index&menuid=57
INFO: [ app_init ] --START--
INFO: Run Behavior\BuildLiteBehavior [ RunTime:0.000000s ]
INFO: [ app_init ] --END-- [ RunTime:0.000000s ]
INFO: [ app_begin ] --START--
INFO: Run Behavior\ReadHtmlCacheBehavior [ RunTime:0.001000s ]
INFO: Run Behavior\CheckLangBehavior [ RunTime:0.004000s ]
INFO: [ app_begin ] --END-- [ RunTime:0.005000s ]
NOTIC: [2048] Declaration of Admin\Controller\MaterialController::index() should be compatible with Admin\Controller\BaseController::index($model = '') F:\wamp64\www\tp\App\Admin\Controller\MaterialController.class.php 第 10 行.
INFO: [ action_begin ] --START--
NOTIC: [8192] mysql_connect(): The mysql extension is deprecated and will be removed in the future: use mysqli or PDO instead F:\wamp64\www\tp\Core\Library\Think\Db\Driver\Mysql.class.php 第 52 行.
SQL: SHOW COLUMNS FROM `admin_access_log` [ RunTime:0.002001s ]
SQL: INSERT INTO `admin_access_log` (`username`,`module`,`controller`,`action`,`act_time`,`ip`,`params`) VALUES ('admin','Admin','Material','index',1501831494,'127.0.0.1','{\"menuid\":\"57\"}') [ RunTime:0.001000s ]
INFO: Run Common\Behavior\AccessBehavior [ RunTime:0.020002s ]
INFO: [ action_begin ] --END-- [ RunTime:0.020002s ]
SQL: SHOW COLUMNS FROM `menu` [ RunTime:0.001000s ]
SQL: SHOW COLUMNS FROM `menu` [ RunTime:0.001000s ]
SQL: SELECT * FROM `menu` WHERE ( `iframe` <> 1 ) AND (  ( `pid` = 57 ) ) AND ( `display` = 1 ) ORDER BY ordid  [ RunTime:0.000000s ]
SQL: SHOW COLUMNS FROM `admin_auth` [ RunTime:0.001000s ]
SQL: SELECT * FROM `admin_auth` WHERE ( role_id=1 )  [ RunTime:0.000000s ]
SQL: SELECT * FROM `menu` WHERE ( `iframe` = 1 ) AND (  ( `pid` = 57 ) ) AND ( `display` = 1 ) ORDER BY ordid  [ RunTime:0.000000s ]
SQL: SELECT * FROM `admin_auth` WHERE ( role_id=1 )  [ RunTime:0.000000s ]
SQL: SHOW COLUMNS FROM `game` [ RunTime:0.014001s ]
SQL: SELECT * FROM `game`  [ RunTime:0.000000s ]
SQL: SHOW COLUMNS FROM `material_type` [ RunTime:0.011000s ]
SQL: SELECT * FROM `material_type`  [ RunTime:0.000000s ]
NOTIC: [8] Undefined index: db_dsn F:\wamp64\www\tp\Core\Library\Think\Db.class.php 第 129 行.
NOTIC: [8] Undefined index: db_params F:\wamp64\www\tp\Core\Library\Think\Db.class.php 第 130 行.
NOTIC: [8192] mysql_connect(): The mysql extension is deprecated and will be removed in the future: use mysqli or PDO instead F:\wamp64\www\tp\Core\Library\Think\Db\Driver\Mysql.class.php 第 52 行.
SQL: SHOW COLUMNS FROM `material` [ RunTime:0.006001s ]
NOTIC: [8] Undefined index: sort F:\wamp64\www\tp\App\Admin\Controller\BaseController.class.php 第 327 行.
NOTIC: [8] Undefined index: order F:\wamp64\www\tp\App\Admin\Controller\BaseController.class.php 第 328 行.
NOTIC: [8] Undefined index: listRows F:\wamp64\www\tp\App\Admin\Controller\BaseController.class.php 第 329 行.
SQL: SELECT COUNT(material_id) AS tp_count FROM `material` LIMIT 1   [ RunTime:0.015000s ]
SQL: SELECT * FROM `material` ORDER BY material_id desc LIMIT 0,20   [ RunTime:0.009000s ]
SQL: SELECT `game_name` FROM `game` WHERE ( `game_id` = 1 ) LIMIT 1   [ RunTime:0.000000s ]
SQL: SELECT `type_name` FROM `material_type` WHERE ( `type_id` = 1 ) LIMIT 1   [ RunTime:0.000000s ]
SQL: SELECT `game_name` FROM `game` WHERE ( `game_id` = 1 ) LIMIT 1   [ RunTime:0.000000s ]
SQL: SELECT `type_name` FROM `material_type` WHERE ( `type_id` = 1 ) LIMIT 1   [ RunTime:0.001000s ]
SQL: SELECT `game_name` FROM `game` WHERE ( `game_id` = 1 ) LIMIT 1   [ RunTime:0.000000s ]
SQL: SELECT `type_name` FROM `material_type` WHERE ( `type_id` = 1 ) LIMIT 1   [ RunTime:0.000000s ]
SQL: SELECT `game_name` FROM `game` WHERE ( `game_id` = 1 ) LIMIT 1   [ RunTime:0.000000s ]
SQL: SELECT `type_name` FROM `material_type` WHERE ( `type_id` = 1 ) LIMIT 1   [ RunTime:0.000000s ]
SQL: SELECT `game_name` FROM `game` WHERE ( `game_id` = 1 ) LIMIT 1   [ RunTime:0.000000s ]
SQL: SELECT `type_name` FROM `material_type` WHERE ( `type_id` = 1 ) LIMIT 1   [ RunTime:0.001000s ]
SQL: SELECT `game_name` FROM `game` WHERE ( `game_id` = 1 ) LIMIT 1   [ RunTime:0.000000s ]
SQL: SELECT `type_name` FROM `material_type` WHERE ( `type_id` = 0 ) LIMIT 1   [ RunTime:0.000000s ]
SQL: SELECT `game_name` FROM `game` WHERE ( `game_id` = 1 ) LIMIT 1   [ RunTime:0.001000s ]
SQL: SELECT `type_name` FROM `material_type` WHERE ( `type_id` = 3 ) LIMIT 1   [ RunTime:0.001000s ]
SQL: SELECT `game_name` FROM `game` WHERE ( `game_id` = 1 ) LIMIT 1   [ RunTime:0.001000s ]
SQL: SELECT `type_name` FROM `material_type` WHERE ( `type_id` = 0 ) LIMIT 1   [ RunTime:0.001000s ]
SQL: SELECT `game_name` FROM `game` WHERE ( `game_id` = 1 ) LIMIT 1   [ RunTime:0.000000s ]
SQL: SELECT `type_name` FROM `material_type` WHERE ( `type_id` = 0 ) LIMIT 1   [ RunTime:0.001000s ]
SQL: SELECT `game_name` FROM `game` WHERE ( `game_id` = 1 ) LIMIT 1   [ RunTime:0.001000s ]
SQL: SELECT `type_name` FROM `material_type` WHERE ( `type_id` = 0 ) LIMIT 1   [ RunTime:0.000000s ]
SQL: SELECT `game_name` FROM `game` WHERE ( `game_id` = 1 ) LIMIT 1   [ RunTime:0.000000s ]
SQL: SELECT `type_name` FROM `material_type` WHERE ( `type_id` = 1 ) LIMIT 1   [ RunTime:0.001000s ]
SQL: SELECT `game_name` FROM `game` WHERE ( `game_id` = 1 ) LIMIT 1   [ RunTime:0.001000s ]
SQL: SELECT `type_name` FROM `material_type` WHERE ( `type_id` = 0 ) LIMIT 1   [ RunTime:0.001000s ]
SQL: SELECT `game_name` FROM `game` WHERE ( `game_id` = 1 ) LIMIT 1   [ RunTime:0.000000s ]
SQL: SELECT `type_name` FROM `material_type` WHERE ( `type_id` = 1 ) LIMIT 1   [ RunTime:0.000000s ]
SQL: SELECT `game_name` FROM `game` WHERE ( `game_id` = 1 ) LIMIT 1   [ RunTime:0.000000s ]
SQL: SELECT `type_name` FROM `material_type` WHERE ( `type_id` = 1 ) LIMIT 1   [ RunTime:0.001000s ]
INFO: [ view_parse ] --START--
INFO: [ template_filter ] --START--
INFO: Run Behavior\ContentReplaceBehavior [ RunTime:0.000000s ]
INFO: [ template_filter ] --END-- [ RunTime:0.000000s ]
NOTIC: [8] Undefined index: keyword F:\wamp64\www\tp\Cache\Cache\Admin\c49d0c1db5aa79b9e5a81eae578df58f.php 第 45 行.
NOTIC: [8] Undefined variable: searchtype F:\wamp64\www\tp\Cache\Cache\Admin\c49d0c1db5aa79b9e5a81eae578df58f.php 第 47 行.
INFO: Run Behavior\ParseTemplateBehavior [ RunTime:0.045002s ]
INFO: [ view_parse ] --END-- [ RunTime:0.045002s ]
INFO: [ view_filter ] --START--
INFO: Run Behavior\WriteHtmlCacheBehavior [ RunTime:0.001000s ]
INFO: [ view_filter ] --END-- [ RunTime:0.001000s ]
INFO: [ app_end ] --START--
INFO: Run Behavior\ShowPageTraceBehavior [ RunTime:0.001000s ]
INFO: [ app_end ] --END-- [ RunTime:0.001000s ]

[ 2017-08-04T15:24:57+08:00 ] 127.0.0.1 http://admin.leishenhuyu.com/index.php?m=&c=Land&a=index&menuid=38
INFO: [ app_init ] --START--
INFO: Run Behavior\BuildLiteBehavior [ RunTime:0.000000s ]
INFO: [ app_init ] --END-- [ RunTime:0.000000s ]
INFO: [ app_begin ] --START--
INFO: Run Behavior\ReadHtmlCacheBehavior [ RunTime:0.002000s ]
INFO: Run Behavior\CheckLangBehavior [ RunTime:0.010001s ]
INFO: [ app_begin ] --END-- [ RunTime:0.012001s ]
NOTIC: [2048] Declaration of Admin\Controller\LandController::index() should be compatible with Admin\Controller\BaseController::index($model = '') F:\wamp64\www\tp\App\Admin\Controller\LandController.class.php 第 10 行.
INFO: [ action_begin ] --START--
NOTIC: [8192] mysql_connect(): The mysql extension is deprecated and will be removed in the future: use mysqli or PDO instead F:\wamp64\www\tp\Core\Library\Think\Db\Driver\Mysql.class.php 第 52 行.
SQL: SHOW COLUMNS FROM `admin_access_log` [ RunTime:0.001000s ]
SQL: INSERT INTO `admin_access_log` (`username`,`module`,`controller`,`action`,`act_time`,`ip`,`params`) VALUES ('admin','Admin','Land','index',1501831497,'127.0.0.1','{\"menuid\":\"38\"}') [ RunTime:0.000000s ]
INFO: Run Common\Behavior\AccessBehavior [ RunTime:0.009001s ]
INFO: [ action_begin ] --END-- [ RunTime:0.009001s ]
SQL: SHOW COLUMNS FROM `menu` [ RunTime:0.001000s ]
SQL: SHOW COLUMNS FROM `menu` [ RunTime:0.000000s ]
SQL: SELECT * FROM `menu` WHERE ( `iframe` <> 1 ) AND (  ( `pid` = 38 ) ) AND ( `display` = 1 ) ORDER BY ordid  [ RunTime:0.000000s ]
SQL: SHOW COLUMNS FROM `admin_auth` [ RunTime:0.001000s ]
SQL: SELECT * FROM `admin_auth` WHERE ( role_id=1 )  [ RunTime:0.001000s ]
SQL: SELECT * FROM `menu` WHERE ( `iframe` = 1 ) AND (  ( `pid` = 38 ) ) AND ( `display` = 1 ) ORDER BY ordid  [ RunTime:0.000000s ]
SQL: SELECT * FROM `admin_auth` WHERE ( role_id=1 )  [ RunTime:0.000000s ]
SQL: SHOW COLUMNS FROM `game` [ RunTime:0.001000s ]
SQL: SELECT * FROM `game`  [ RunTime:0.000000s ]
SQL: SHOW COLUMNS FROM `theme` [ RunTime:0.003000s ]
SQL: SELECT * FROM `theme`  [ RunTime:0.001000s ]
NOTIC: [8] Undefined index: db_dsn F:\wamp64\www\tp\Core\Library\Think\Db.class.php 第 129 行.
NOTIC: [8] Undefined index: db_params F:\wamp64\www\tp\Core\Library\Think\Db.class.php 第 130 行.
NOTIC: [8192] mysql_connect(): The mysql extension is deprecated and will be removed in the future: use mysqli or PDO instead F:\wamp64\www\tp\Core\Library\Think\Db\Driver\Mysql.class.php 第 52 行.
SQL: SHOW COLUMNS FROM `land_info` [ RunTime:0.002000s ]
NOTIC: [8] Undefined index: sort F:\wamp64\www\tp\App\Admin\Controller\BaseController.class.php 第 327 行.
NOTIC: [8] Undefined index: order F:\wamp64\www\tp\App\Admin\Controller\BaseController.class.php 第 328 行.
NOTIC: [8] Undefined index: listRows F:\wamp64\www\tp\App\Admin\Controller\BaseController.class.php 第 329 行.
SQL: SELECT COUNT(id) AS tp_count FROM `land_info` LIMIT 1   [ RunTime:0.001000s ]
SQL: SELECT * FROM `land_info` ORDER BY id desc LIMIT 0,20   [ RunTime:0.000000s ]
SQL: SELECT `game_name` FROM `game` WHERE ( `game_id` = 1 ) LIMIT 1   [ RunTime:0.000000s ]
SQL: SELECT `game_name` FROM `game` WHERE ( `game_id` = 1 ) LIMIT 1   [ RunTime:0.001000s ]
SQL: SELECT `game_name` FROM `game` WHERE ( `game_id` = 1 ) LIMIT 1   [ RunTime:0.000000s ]
SQL: SELECT `game_name` FROM `game` WHERE ( `game_id` = 1 ) LIMIT 1   [ RunTime:0.000000s ]
SQL: SELECT `game_name` FROM `game` WHERE ( `game_id` = 1 ) LIMIT 1   [ RunTime:0.000000s ]
SQL: SELECT `game_name` FROM `game` WHERE ( `game_id` = 1 ) LIMIT 1   [ RunTime:0.000000s ]
SQL: SELECT `game_name` FROM `game` WHERE ( `game_id` = 1 ) LIMIT 1   [ RunTime:0.000000s ]
SQL: SELECT `game_name` FROM `game` WHERE ( `game_id` = 1 ) LIMIT 1   [ RunTime:0.000000s ]
SQL: SELECT `game_name` FROM `game` WHERE ( `game_id` = 1 ) LIMIT 1   [ RunTime:0.001001s ]
SQL: SELECT `game_name` FROM `game` WHERE ( `game_id` = 1 ) LIMIT 1   [ RunTime:0.000000s ]
SQL: SELECT `game_name` FROM `game` WHERE ( `game_id` = 1 ) LIMIT 1   [ RunTime:0.000000s ]
SQL: SELECT `game_name` FROM `game` WHERE ( `game_id` = 1 ) LIMIT 1   [ RunTime:0.000000s ]
SQL: SELECT `game_name` FROM `game` WHERE ( `game_id` = 1 ) LIMIT 1   [ RunTime:0.000000s ]
SQL: SELECT `game_name` FROM `game` WHERE ( `game_id` = 1 ) LIMIT 1   [ RunTime:0.000000s ]
INFO: [ view_parse ] --START--
INFO: [ template_filter ] --START--
INFO: Run Behavior\ContentReplaceBehavior [ RunTime:0.000000s ]
INFO: [ template_filter ] --END-- [ RunTime:0.000000s ]
NOTIC: [8] Undefined index: keyword F:\wamp64\www\tp\Cache\Cache\Admin\cd680b5adc62e94253d75caef37030b3.php 第 45 行.
NOTIC: [8] Undefined variable: searchtype F:\wamp64\www\tp\Cache\Cache\Admin\cd680b5adc62e94253d75caef37030b3.php 第 47 行.
INFO: Run Behavior\ParseTemplateBehavior [ RunTime:0.034002s ]
INFO: [ view_parse ] --END-- [ RunTime:0.034002s ]
INFO: [ view_filter ] --START--
INFO: Run Behavior\WriteHtmlCacheBehavior [ RunTime:0.000000s ]
INFO: [ view_filter ] --END-- [ RunTime:0.000000s ]
INFO: [ app_end ] --START--
INFO: Run Behavior\ShowPageTraceBehavior [ RunTime:0.000000s ]
INFO: [ app_end ] --END-- [ RunTime:0.000000s ]

[ 2017-08-04T15:24:57+08:00 ] 127.0.0.1 http://admin.leishenhuyu.com/index.php?m=&c=Land&a=index&menuid=38
INFO: [ app_init ] --START--
INFO: Run Behavior\BuildLiteBehavior [ RunTime:0.000000s ]
INFO: [ app_init ] --END-- [ RunTime:0.000000s ]
INFO: [ app_begin ] --START--
INFO: Run Behavior\ReadHtmlCacheBehavior [ RunTime:0.000000s ]
INFO: Run Behavior\CheckLangBehavior [ RunTime:0.001000s ]
INFO: [ app_begin ] --END-- [ RunTime:0.003000s ]
NOTIC: [2048] Declaration of Admin\Controller\LandController::index() should be compatible with Admin\Controller\BaseController::index($model = '') F:\wamp64\www\tp\App\Admin\Controller\LandController.class.php 第 10 行.
INFO: [ action_begin ] --START--
NOTIC: [8192] mysql_connect(): The mysql extension is deprecated and will be removed in the future: use mysqli or PDO instead F:\wamp64\www\tp\Core\Library\Think\Db\Driver\Mysql.class.php 第 52 行.
SQL: SHOW COLUMNS FROM `admin_access_log` [ RunTime:0.001000s ]
SQL: INSERT INTO `admin_access_log` (`username`,`module`,`controller`,`action`,`act_time`,`ip`,`params`) VALUES ('admin','Admin','Land','index',1501831497,'127.0.0.1','{\"menuid\":\"38\"}') [ RunTime:0.000000s ]
INFO: Run Common\Behavior\AccessBehavior [ RunTime:0.008001s ]
INFO: [ action_begin ] --END-- [ RunTime:0.009001s ]
SQL: SHOW COLUMNS FROM `menu` [ RunTime:0.001000s ]
SQL: SHOW COLUMNS FROM `menu` [ RunTime:0.001000s ]
SQL: SELECT * FROM `menu` WHERE ( `iframe` <> 1 ) AND (  ( `pid` = 38 ) ) AND ( `display` = 1 ) ORDER BY ordid  [ RunTime:0.001000s ]
SQL: SHOW COLUMNS FROM `admin_auth` [ RunTime:0.000000s ]
SQL: SELECT * FROM `admin_auth` WHERE ( role_id=1 )  [ RunTime:0.000000s ]
SQL: SELECT * FROM `menu` WHERE ( `iframe` = 1 ) AND (  ( `pid` = 38 ) ) AND ( `display` = 1 ) ORDER BY ordid  [ RunTime:0.000000s ]
SQL: SELECT * FROM `admin_auth` WHERE ( role_id=1 )  [ RunTime:0.000000s ]
SQL: SHOW COLUMNS FROM `game` [ RunTime:0.000000s ]
SQL: SELECT * FROM `game`  [ RunTime:0.000000s ]
SQL: SHOW COLUMNS FROM `theme` [ RunTime:0.001000s ]
SQL: SELECT * FROM `theme`  [ RunTime:0.000000s ]
NOTIC: [8] Undefined index: db_dsn F:\wamp64\www\tp\Core\Library\Think\Db.class.php 第 129 行.
NOTIC: [8] Undefined index: db_params F:\wamp64\www\tp\Core\Library\Think\Db.class.php 第 130 行.
NOTIC: [8192] mysql_connect(): The mysql extension is deprecated and will be removed in the future: use mysqli or PDO instead F:\wamp64\www\tp\Core\Library\Think\Db\Driver\Mysql.class.php 第 52 行.
SQL: SHOW COLUMNS FROM `land_info` [ RunTime:0.001000s ]
NOTIC: [8] Undefined index: sort F:\wamp64\www\tp\App\Admin\Controller\BaseController.class.php 第 327 行.
NOTIC: [8] Undefined index: order F:\wamp64\www\tp\App\Admin\Controller\BaseController.class.php 第 328 行.
NOTIC: [8] Undefined index: listRows F:\wamp64\www\tp\App\Admin\Controller\BaseController.class.php 第 329 行.
SQL: SELECT COUNT(id) AS tp_count FROM `land_info` LIMIT 1   [ RunTime:0.000000s ]
SQL: SELECT * FROM `land_info` ORDER BY id desc LIMIT 0,20   [ RunTime:0.000000s ]
SQL: SELECT `game_name` FROM `game` WHERE ( `game_id` = 1 ) LIMIT 1   [ RunTime:0.000000s ]
SQL: SELECT `game_name` FROM `game` WHERE ( `game_id` = 1 ) LIMIT 1   [ RunTime:0.000000s ]
SQL: SELECT `game_name` FROM `game` WHERE ( `game_id` = 1 ) LIMIT 1   [ RunTime:0.001000s ]
SQL: SELECT `game_name` FROM `game` WHERE ( `game_id` = 1 ) LIMIT 1   [ RunTime:0.000000s ]
SQL: SELECT `game_name` FROM `game` WHERE ( `game_id` = 1 ) LIMIT 1   [ RunTime:0.000000s ]
SQL: SELECT `game_name` FROM `game` WHERE ( `game_id` = 1 ) LIMIT 1   [ RunTime:0.000000s ]
SQL: SELECT `game_name` FROM `game` WHERE ( `game_id` = 1 ) LIMIT 1   [ RunTime:0.000000s ]
SQL: SELECT `game_name` FROM `game` WHERE ( `game_id` = 1 ) LIMIT 1   [ RunTime:0.001000s ]
SQL: SELECT `game_name` FROM `game` WHERE ( `game_id` = 1 ) LIMIT 1   [ RunTime:0.000000s ]
SQL: SELECT `game_name` FROM `game` WHERE ( `game_id` = 1 ) LIMIT 1   [ RunTime:0.000000s ]
SQL: SELECT `game_name` FROM `game` WHERE ( `game_id` = 1 ) LIMIT 1   [ RunTime:0.000000s ]
SQL: SELECT `game_name` FROM `game` WHERE ( `game_id` = 1 ) LIMIT 1   [ RunTime:0.000000s ]
SQL: SELECT `game_name` FROM `game` WHERE ( `game_id` = 1 ) LIMIT 1   [ RunTime:0.001000s ]
SQL: SELECT `game_name` FROM `game` WHERE ( `game_id` = 1 ) LIMIT 1   [ RunTime:0.000000s ]
INFO: [ view_parse ] --START--
INFO: [ template_filter ] --START--
INFO: Run Behavior\ContentReplaceBehavior [ RunTime:0.000000s ]
INFO: [ template_filter ] --END-- [ RunTime:0.000000s ]
NOTIC: [8] Undefined index: keyword F:\wamp64\www\tp\Cache\Cache\Admin\cd680b5adc62e94253d75caef37030b3.php 第 45 行.
NOTIC: [8] Undefined variable: searchtype F:\wamp64\www\tp\Cache\Cache\Admin\cd680b5adc62e94253d75caef37030b3.php 第 47 行.
INFO: Run Behavior\ParseTemplateBehavior [ RunTime:0.032002s ]
INFO: [ view_parse ] --END-- [ RunTime:0.032002s ]
INFO: [ view_filter ] --START--
INFO: Run Behavior\WriteHtmlCacheBehavior [ RunTime:0.000000s ]
INFO: [ view_filter ] --END-- [ RunTime:0.000000s ]
INFO: [ app_end ] --START--
INFO: Run Behavior\ShowPageTraceBehavior [ RunTime:0.000000s ]
INFO: [ app_end ] --END-- [ RunTime:0.000000s ]

[ 2017-08-04T15:25:00+08:00 ] 127.0.0.1 http://admin.leishenhuyu.com/index.php?m=&c=Land&a=edit&id=20&menuid=38
INFO: [ app_init ] --START--
INFO: Run Behavior\BuildLiteBehavior [ RunTime:0.000000s ]
INFO: [ app_init ] --END-- [ RunTime:0.001000s ]
INFO: [ app_begin ] --START--
INFO: Run Behavior\ReadHtmlCacheBehavior [ RunTime:0.001000s ]
INFO: Run Behavior\CheckLangBehavior [ RunTime:0.001000s ]
INFO: [ app_begin ] --END-- [ RunTime:0.002000s ]
NOTIC: [2048] Declaration of Admin\Controller\LandController::index() should be compatible with Admin\Controller\BaseController::index($model = '') F:\wamp64\www\tp\App\Admin\Controller\LandController.class.php 第 10 行.
INFO: [ action_begin ] --START--
NOTIC: [8192] mysql_connect(): The mysql extension is deprecated and will be removed in the future: use mysqli or PDO instead F:\wamp64\www\tp\Core\Library\Think\Db\Driver\Mysql.class.php 第 52 行.
SQL: SHOW COLUMNS FROM `admin_access_log` [ RunTime:0.001000s ]
SQL: INSERT INTO `admin_access_log` (`username`,`module`,`controller`,`action`,`act_time`,`ip`,`params`) VALUES ('admin','Admin','Land','edit',1501831500,'127.0.0.1','{\"id\":\"20\",\"menuid\":\"38\"}') [ RunTime:0.001000s ]
INFO: Run Common\Behavior\AccessBehavior [ RunTime:0.010001s ]
INFO: [ action_begin ] --END-- [ RunTime:0.010001s ]
SQL: SHOW COLUMNS FROM `menu` [ RunTime:0.000000s ]
SQL: SHOW COLUMNS FROM `menu` [ RunTime:0.000000s ]
SQL: SELECT * FROM `menu` WHERE ( `iframe` <> 1 ) AND (  ( `pid` = 38 ) ) AND ( `display` = 1 ) ORDER BY ordid  [ RunTime:0.001000s ]
SQL: SHOW COLUMNS FROM `admin_auth` [ RunTime:0.000000s ]
SQL: SELECT * FROM `admin_auth` WHERE ( role_id=1 )  [ RunTime:0.000000s ]
SQL: SELECT * FROM `menu` WHERE ( `iframe` = 1 ) AND (  ( `pid` = 38 ) ) AND ( `display` = 1 ) ORDER BY ordid  [ RunTime:0.001000s ]
SQL: SELECT * FROM `admin_auth` WHERE ( role_id=1 )  [ RunTime:0.000000s ]
SQL: SHOW COLUMNS FROM `game` [ RunTime:0.000000s ]
SQL: SELECT * FROM `game`  [ RunTime:0.000000s ]
SQL: SHOW COLUMNS FROM `theme` [ RunTime:0.001000s ]
SQL: SELECT * FROM `theme`  [ RunTime:0.000000s ]
NOTIC: [8] Undefined index: db_dsn F:\wamp64\www\tp\Core\Library\Think\Db.class.php 第 129 行.
NOTIC: [8] Undefined index: db_params F:\wamp64\www\tp\Core\Library\Think\Db.class.php 第 130 行.
NOTIC: [8192] mysql_connect(): The mysql extension is deprecated and will be removed in the future: use mysqli or PDO instead F:\wamp64\www\tp\Core\Library\Think\Db\Driver\Mysql.class.php 第 52 行.
SQL: SHOW COLUMNS FROM `land_info` [ RunTime:0.001001s ]
SQL: SELECT * FROM `land_info` WHERE ( `id` = 20 ) LIMIT 1   [ RunTime:0.000000s ]
INFO: [ view_parse ] --START--
INFO: [ template_filter ] --START--
INFO: Run Behavior\ContentReplaceBehavior [ RunTime:0.000000s ]
INFO: [ template_filter ] --END-- [ RunTime:0.000000s ]
INFO: Run Behavior\ParseTemplateBehavior [ RunTime:0.027001s ]
INFO: [ view_parse ] --END-- [ RunTime:0.027001s ]
INFO: [ view_filter ] --START--
INFO: Run Behavior\WriteHtmlCacheBehavior [ RunTime:0.001000s ]
INFO: [ view_filter ] --END-- [ RunTime:0.001000s ]
INFO: [ app_end ] --START--
INFO: Run Behavior\ShowPageTraceBehavior [ RunTime:0.000000s ]
INFO: [ app_end ] --END-- [ RunTime:0.002000s ]

[ 2017-08-04T15:25:00+08:00 ] 127.0.0.1 http://admin.leishenhuyu.com/index.php?m=&c=Theme&a=getTheme
INFO: [ app_init ] --START--
INFO: Run Behavior\BuildLiteBehavior [ RunTime:0.000000s ]
INFO: [ app_init ] --END-- [ RunTime:0.001000s ]
INFO: [ app_begin ] --START--
INFO: Run Behavior\ReadHtmlCacheBehavior [ RunTime:0.000000s ]
INFO: Run Behavior\CheckLangBehavior [ RunTime:0.009000s ]
INFO: [ app_begin ] --END-- [ RunTime:0.009000s ]
NOTIC: [2048] Declaration of Admin\Controller\ThemeController::index() should be compatible with Admin\Controller\BaseController::index($model = '') F:\wamp64\www\tp\App\Admin\Controller\ThemeController.class.php 第 10 行.
INFO: [ action_begin ] --START--
NOTIC: [8192] mysql_connect(): The mysql extension is deprecated and will be removed in the future: use mysqli or PDO instead F:\wamp64\www\tp\Core\Library\Think\Db\Driver\Mysql.class.php 第 52 行.
SQL: SHOW COLUMNS FROM `admin_access_log` [ RunTime:0.001000s ]
SQL: INSERT INTO `admin_access_log` (`username`,`module`,`controller`,`action`,`act_time`,`ip`,`params`) VALUES ('admin','Admin','Theme','getTheme',1501831500,'127.0.0.1','{\"theme_id\":\"5\",\"land_id\":\"20\"}') [ RunTime:0.000000s ]
INFO: Run Common\Behavior\AccessBehavior [ RunTime:0.011001s ]
INFO: [ action_begin ] --END-- [ RunTime:0.011001s ]
SQL: SHOW COLUMNS FROM `theme` [ RunTime:0.001000s ]
SQL: SELECT * FROM `theme` WHERE ( `theme_id` = 5 ) LIMIT 1   [ RunTime:0.000000s ]
SQL: SHOW COLUMNS FROM `land_info` [ RunTime:0.002000s ]
SQL: SELECT * FROM `land_info` WHERE ( `id` = 20 ) LIMIT 1   [ RunTime:0.001000s ]
SQL: SHOW COLUMNS FROM `material` [ RunTime:0.001000s ]
SQL: SELECT * FROM `material` WHERE ( material_id in (11,12,13,14,15) ) ORDER BY field(material_id,11,12,13,14,15)  [ RunTime:0.000000s ]

[ 2017-08-04T15:25:00+08:00 ] 127.0.0.1 http://admin.leishenhuyu.com/index.php?m=&c=Theme&a=getTheme
INFO: [ app_init ] --START--
INFO: Run Behavior\BuildLiteBehavior [ RunTime:0.000000s ]
INFO: [ app_init ] --END-- [ RunTime:0.001000s ]
INFO: [ app_begin ] --START--
INFO: Run Behavior\ReadHtmlCacheBehavior [ RunTime:0.000000s ]
INFO: Run Behavior\CheckLangBehavior [ RunTime:0.003000s ]
INFO: [ app_begin ] --END-- [ RunTime:0.004000s ]
NOTIC: [2048] Declaration of Admin\Controller\ThemeController::index() should be compatible with Admin\Controller\BaseController::index($model = '') F:\wamp64\www\tp\App\Admin\Controller\ThemeController.class.php 第 10 行.
INFO: [ action_begin ] --START--
NOTIC: [8192] mysql_connect(): The mysql extension is deprecated and will be removed in the future: use mysqli or PDO instead F:\wamp64\www\tp\Core\Library\Think\Db\Driver\Mysql.class.php 第 52 行.
SQL: SHOW COLUMNS FROM `admin_access_log` [ RunTime:0.001000s ]
SQL: INSERT INTO `admin_access_log` (`username`,`module`,`controller`,`action`,`act_time`,`ip`,`params`) VALUES ('admin','Admin','Theme','getTheme',1501831500,'127.0.0.1','{\"material_num\":\"5\",\"land_id\":\"20\"}') [ RunTime:0.001000s ]
INFO: Run Common\Behavior\AccessBehavior [ RunTime:0.020001s ]
INFO: [ action_begin ] --END-- [ RunTime:0.020001s ]
SQL: SHOW COLUMNS FROM `theme` [ RunTime:0.001000s ]
SQL: SELECT * FROM `theme` WHERE ( `theme_id` = 0 ) LIMIT 1   [ RunTime:0.000000s ]
SQL: SHOW COLUMNS FROM `land_info` [ RunTime:0.001000s ]
SQL: SELECT * FROM `land_info` WHERE ( `id` = 20 ) LIMIT 1   [ RunTime:0.000000s ]
SQL: SHOW COLUMNS FROM `material` [ RunTime:0.000000s ]
SQL: SELECT * FROM `material` WHERE ( material_id in (11,12,13,14,15) ) ORDER BY field(material_id,11,12,13,14,15)  [ RunTime:0.000000s ]

[ 2017-08-04T15:31:33+08:00 ] 127.0.0.1 http://admin.leishenhuyu.com/index.php?m=&c=Theme&a=getTheme
INFO: [ app_init ] --START--
INFO: Run Behavior\BuildLiteBehavior [ RunTime:0.000000s ]
INFO: [ app_init ] --END-- [ RunTime:0.001000s ]
INFO: [ app_begin ] --START--
INFO: Run Behavior\ReadHtmlCacheBehavior [ RunTime:0.001000s ]
INFO: Run Behavior\CheckLangBehavior [ RunTime:0.002000s ]
INFO: [ app_begin ] --END-- [ RunTime:0.003000s ]
NOTIC: [2048] Declaration of Admin\Controller\ThemeController::index() should be compatible with Admin\Controller\BaseController::index($model = '') F:\wamp64\www\tp\App\Admin\Controller\ThemeController.class.php 第 10 行.
INFO: [ action_begin ] --START--
NOTIC: [8192] mysql_connect(): The mysql extension is deprecated and will be removed in the future: use mysqli or PDO instead F:\wamp64\www\tp\Core\Library\Think\Db\Driver\Mysql.class.php 第 52 行.
SQL: SHOW COLUMNS FROM `admin_access_log` [ RunTime:0.000000s ]
SQL: INSERT INTO `admin_access_log` (`username`,`module`,`controller`,`action`,`act_time`,`ip`,`params`) VALUES ('admin','Admin','Theme','getTheme',1501831893,'127.0.0.1','{\"theme_id\":\"5\",\"land_id\":\"0\"}') [ RunTime:0.001000s ]
INFO: Run Common\Behavior\AccessBehavior [ RunTime:0.009001s ]
INFO: [ action_begin ] --END-- [ RunTime:0.009001s ]
SQL: SHOW COLUMNS FROM `theme` [ RunTime:0.001000s ]
SQL: SELECT * FROM `theme` WHERE ( `theme_id` = 5 ) LIMIT 1   [ RunTime:0.000000s ]

